<?xml version="1.0" encoding="ISO-8859-1"?>
			<!DOCTYPE content SYSTEM "http://feed.adultdropshipper.com/ecnfeed.dtd">
		<content>
			<add>
			
			
			</add>
			<modify>
				
			<item>
				<title><![CDATA[Moist Flavored Strawberry 1oz (disc)]]></title>
				<releaseDate>12/26/2007</releaseDate>				
				<itemSKU>PD9731-60</itemSKU>
				<itemID>849</itemID>		
				<standardPrice>1.5000</standardPrice>		
				<mapPrice>0</mapPrice>
				<msrpPrice>2.99</msrpPrice>			
				<stock>Available Now</stock>
				<multiplesOF>1</multiplesOF> 
									<imageLargeFront><![CDATA[https://s3.amazonaws.com/ecn-watermarks/effex/849_1.jpg]]></imageLargeFront>
								
								<imageLargeBack></imageLargeBack>
							
									<imageMediumFront><![CDATA[https://s3.amazonaws.com/ecn-watermarks/effex/849_5.jpg]]></imageMediumFront>
								
								<imageMediumBack></imageMediumBack>
							
									<imageThumbnailFront><![CDATA[https://s3.amazonaws.com/ecn-watermarks/effex/849_9.jpg]]></imageThumbnailFront>
								
								<imageThumbnailBack></imageThumbnailBack>
								
				<manufacturer><![CDATA[Pipedream Products,inc.]]></manufacturer>
				<categories>LUBES,</categories>
				<itemDescription>
Is your lover a treat, good enough to eat? Or do you just want lubrication that doesn`t taste like lubrication? These light ambrosial flavors make fellatio, cunnilingus and analingus into tasty adventures, while including aloe and no unnecessary additives.</itemDescription> <htmlitemdescriptioninbase64format>DQpJcyB5b3VyIGxvdmVyIGEgdHJlYXQsIGdvb2QgZW5vdWdoIHRvIGVhdD8gT3IgZG8geW91IGp1c3Qgd2FudCBsdWJyaWNhdGlvbiB0aGF0IGRvZXNuJ3QgdGFzdGUgbGlrZSBsdWJyaWNhdGlvbj8gVGhlc2UgbGlnaHQgYW1icm9zaWFsIGZsYXZvcnMgbWFrZSBmZWxsYXRpbywgY3VubmlsaW5ndXMgYW5kIGFuYWxpbmd1cyBpbnRvIHRhc3R5IGFkdmVudHVyZXMsIHdoaWxlIGluY2x1ZGluZyBhbG9lIGFuZCBubyB1bm5lY2Vzc2FyeSBhZGRpdGl2ZXMu</htmlitemdescriptioninbase64format>												
				<upc>603912140521</upc>			
				<dateUpdated>12/24/2020 12:01:18 PM</dateUpdated>	
				<itemweight><![CDATA[0.10]]></itemweight>		
				<dateCreated>11/15/2005 5:28:49 PM</dateCreated>			
				<deliveryallowed><![CDATA[1]]></deliveryallowed>	

					
						<categoriesV2>

											
							<categoritem>
								
									<mastercategories><![CDATA[Closeout/discontinued|Lubricants, Massage Oils, Gels & Creams]]></mastercategories>
								
									<subcategories><![CDATA[Flavored Lubricant|Water Based Lubricant]]></subcategories>
														
							</categoritem>					
												
						</categoriesV2>
						
					<alternatetitle><![CDATA[Moist Flavored Personal Water Based Lubricant Strawberry 1 Ounce]]></alternatetitle>
					<height><![CDATA[1.25]]></height>
					<width><![CDATA[1.25]]></width>
					<length><![CDATA[3]]></length>
					<marketplacerestrictions><![CDATA[0]]></marketplacerestrictions>
					<discontinued>Yes</discontinued>
					
						<regulations />
												
													
			</item>
				
			<item>
				<title><![CDATA[Ff Silk Rope Hog Tie]]></title>
				<releaseDate>12/26/2007</releaseDate>				
				<itemSKU>PD2138-00</itemSKU>
				<itemID>4864</itemID>		
				<standardPrice>5.5000</standardPrice>		
				<mapPrice>0</mapPrice>
				<msrpPrice>10.99</msrpPrice>			
				<stock>Available Now</stock>
				<multiplesOF>1</multiplesOF> 
									<imageLargeFront><![CDATA[https://s3.amazonaws.com/ecn-watermarks/effex/4864_1.jpg]]></imageLargeFront>
								
									<imageLargeBack><![CDATA[https://s3.amazonaws.com/ecn-watermarks/effex/4864_2.jpg]]></imageLargeBack>
								
									<imageMediumFront><![CDATA[https://s3.amazonaws.com/ecn-watermarks/effex/4864_5.jpg]]></imageMediumFront>
								
									<imageMediumBack><![CDATA[https://s3.amazonaws.com/ecn-watermarks/effex/4864_6.jpg]]></imageMediumBack>
								
									<imageThumbnailFront><![CDATA[https://s3.amazonaws.com/ecn-watermarks/effex/4864_9.jpg]]></imageThumbnailFront>
								
									<imageThumbnailBack><![CDATA[https://s3.amazonaws.com/ecn-watermarks/effex/4864_10.jpg]]></imageThumbnailBack>
									
				<manufacturer><![CDATA[Pipedream Products,inc.]]></manufacturer>
				<categories>BONDAGE,SEX TOYS FOR COUPLES,STRAPS AND TIES,</categories>
				<itemDescription>Secure your lover in a classic bondage position with this rope hogtie restraint. Perfect for beginners and strong enough for pros. The knots come tied and pre-assembled - just slide them over your partner`s wrists and ankles for that snug fit. FREE Love Mask included.</itemDescription> <htmlitemdescriptioninbase64format>U2VjdXJlIHlvdXIgbG92ZXIgaW4gYSBjbGFzc2ljIGJvbmRhZ2UgcG9zaXRpb24gd2l0aCB0aGlzIHJvcGUgaG9ndGllIHJlc3RyYWludC4gUGVyZmVjdCBmb3IgYmVnaW5uZXJzIGFuZCBzdHJvbmcgZW5vdWdoIGZvciBwcm9zLiBUaGUga25vdHMgY29tZSB0aWVkIGFuZCBwcmUtYXNzZW1ibGVkIC0ganVzdCBzbGlkZSB0aGVtIG92ZXIgeW91ciBwYXJ0bmVyJ3Mgd3Jpc3RzIGFuZCBhbmtsZXMgZm9yIHRoYXQgc251ZyBmaXQuIEZSRUUgTG92ZSBNYXNrIGluY2x1ZGVkLg==</htmlitemdescriptioninbase64format>												
				<upc>603912209563</upc>			
				<dateUpdated>12/24/2020 12:01:18 PM</dateUpdated>	
				<itemweight><![CDATA[0.22]]></itemweight>		
				<dateCreated>12/20/2005 11:36:04 AM</dateCreated>			
				<deliveryallowed><![CDATA[1]]></deliveryallowed>	

					
						<categoriesV2>

											
							<categoritem>
								
									<mastercategories><![CDATA[Bondage & Fetish]]></mastercategories>
								
									<subcategories><![CDATA[Ankle Restraints|Black|Couples|Rope/ties/restraints|Wrist Restraints]]></subcategories>
														
							</categoritem>					
												
						</categoriesV2>
						
					<alternatetitle><![CDATA[Fetish Fantasy Silk Rope Hog Tie - Black]]></alternatetitle>
					<height><![CDATA[2]]></height>
					<width><![CDATA[5]]></width>
					<length><![CDATA[8]]></length>
					<marketplacerestrictions><![CDATA[0]]></marketplacerestrictions>
					<discontinued>No</discontinued>
					
						<regulations />
												
													
			</item>
				
			<item>
				<title><![CDATA[Before and After Toy Cleaner 4oz]]></title>
				<releaseDate>12/26/2007</releaseDate>				
				<itemSKU>CE1650-04</itemSKU>
				<itemID>5253</itemID>		
				<standardPrice>5.7000</standardPrice>		
				<mapPrice>0</mapPrice>
				<msrpPrice>11</msrpPrice>			
				<stock>Available Now</stock>
				<multiplesOF>1</multiplesOF> 
									<imageLargeFront><![CDATA[https://s3.amazonaws.com/ecn-watermarks/effex/5253_1.jpg]]></imageLargeFront>
								
								<imageLargeBack></imageLargeBack>
							
									<imageMediumFront><![CDATA[https://s3.amazonaws.com/ecn-watermarks/effex/5253_5.jpg]]></imageMediumFront>
								
								<imageMediumBack></imageMediumBack>
							
									<imageThumbnailFront><![CDATA[https://s3.amazonaws.com/ecn-watermarks/effex/5253_9.jpg]]></imageThumbnailFront>
								
								<imageThumbnailBack></imageThumbnailBack>
								
				<manufacturer><![CDATA[Classic Erotica]]></manufacturer>
				<categories>UNISEX ITEMS,TOY CLEANERS,</categories>
				<itemDescription>
Toys should be cleaned before and after use and this is the perfect stuff for it. This toy cleaner has a light cleanser with antibacterial properties. Safe for use with all toys.</itemDescription> <htmlitemdescriptioninbase64format>DQpUb3lzIHNob3VsZCBiZSBjbGVhbmVkIGJlZm9yZSBhbmQgYWZ0ZXIgdXNlIGFuZCB0aGlzIGlzIHRoZSBwZXJmZWN0IHN0dWZmIGZvciBpdC4gVGhpcyB0b3kgY2xlYW5lciBoYXMgYSBsaWdodCBjbGVhbnNlciB3aXRoIGFudGliYWN0ZXJpYWwgcHJvcGVydGllcy4gU2FmZSBmb3IgdXNlIHdpdGggYWxsIHRveXMu</htmlitemdescriptioninbase64format>												
				<upc>638258000079</upc>			
				<dateUpdated>12/24/2020 12:01:18 PM</dateUpdated>	
				<itemweight><![CDATA[0.35]]></itemweight>		
				<dateCreated>06/21/2005 4:52:17 PM</dateCreated>			
				<deliveryallowed><![CDATA[1]]></deliveryallowed>	

					
						<categoriesV2>

											
							<categoritem>
								
									<mastercategories><![CDATA[Toy Cleaner]]></mastercategories>
								
									<subcategories><![CDATA[Hygiene|Spray]]></subcategories>
														
							</categoritem>					
												
						</categoriesV2>
						
					<alternatetitle><![CDATA[Before and After Anti-Bacterial Toy Cleaner Clean Fresh Fragrance 4oz]]></alternatetitle>
					<height><![CDATA[1.5]]></height>
					<width><![CDATA[1.5]]></width>
					<length><![CDATA[6.75]]></length>
					<marketplacerestrictions><![CDATA[0]]></marketplacerestrictions>
					<discontinued>No</discontinued>
					
						<regulations />
												
													
			</item>
				
			<item>
				<title><![CDATA[Cleopatra Clitoral Metallic]]></title>
				<releaseDate>12/26/2007</releaseDate>				
				<itemSKU>SE-2621-00-2</itemSKU>
				<itemID>6385</itemID>		
				<standardPrice>4.0000</standardPrice>		
				<mapPrice>0</mapPrice>
				<msrpPrice>8.99</msrpPrice>			
				<stock>Available Now</stock>
				<multiplesOF>1</multiplesOF> 
									<imageLargeFront><![CDATA[https://s3.amazonaws.com/ecn-watermarks/effex/6385_1.jpg]]></imageLargeFront>
								
									<imageLargeBack><![CDATA[https://s3.amazonaws.com/ecn-watermarks/effex/6385_2.jpg]]></imageLargeBack>
								
									<imageMediumFront><![CDATA[https://s3.amazonaws.com/ecn-watermarks/effex/6385_5.jpg]]></imageMediumFront>
								
									<imageMediumBack><![CDATA[https://s3.amazonaws.com/ecn-watermarks/effex/6385_6.jpg]]></imageMediumBack>
								
									<imageThumbnailFront><![CDATA[https://s3.amazonaws.com/ecn-watermarks/effex/6385_9.jpg]]></imageThumbnailFront>
								
									<imageThumbnailBack><![CDATA[https://s3.amazonaws.com/ecn-watermarks/effex/6385_10.jpg]]></imageThumbnailBack>
									
				<manufacturer><![CDATA[California Exotic Novelties, Llc]]></manufacturer>
				<categories>JEWELRY,JEWELRY,SEX TOYS FOR WOMEN,CLIT RINGS,</categories>
				<itemDescription>
This Cleopatra Clitoral Jewelry is non-piercing body jewelry. It features a loop that fits over the clitoris. It is a nickel-free, non-tarnishing silver clit clip with dangling metallic beads. Adorn your body with the jewelry that will ignite your passions and invite intrigue!</itemDescription> <htmlitemdescriptioninbase64format>DQpUaGlzIENsZW9wYXRyYSBDbGl0b3JhbCBKZXdlbHJ5IGlzIG5vbi1waWVyY2luZyBib2R5IGpld2VscnkuIEl0IGZlYXR1cmVzIGEgbG9vcCB0aGF0IGZpdHMgb3ZlciB0aGUgY2xpdG9yaXMuIEl0IGlzIGEgbmlja2VsLWZyZWUsIG5vbi10YXJuaXNoaW5nIHNpbHZlciBjbGl0IGNsaXAgd2l0aCBkYW5nbGluZyBtZXRhbGxpYyBiZWFkcy4gQWRvcm4geW91ciBib2R5IHdpdGggdGhlIGpld2VscnkgdGhhdCB3aWxsIGlnbml0ZSB5b3VyIHBhc3Npb25zIGFuZCBpbnZpdGUgaW50cmlndWUh</htmlitemdescriptioninbase64format>												
				<upc>716770009371</upc>			
				<dateUpdated>12/24/2020 12:01:18 PM</dateUpdated>	
				<itemweight><![CDATA[0.07]]></itemweight>		
				<dateCreated>03/13/2005 5:24:18 PM</dateCreated>			
				<deliveryallowed><![CDATA[1]]></deliveryallowed>	

					
						<categoriesV2>

											
							<categoritem>
								
									<mastercategories><![CDATA[Body Art & Jewelery|Clitoral Stimulation]]></mastercategories>
								
									<subcategories><![CDATA[Clitoral Clamp|Nipple & Clitoral Jewelery|Silver]]></subcategories>
														
							</categoritem>					
												
						</categoriesV2>
						
					<alternatetitle><![CDATA[Intimate Play Non Piercing Beaded Clitoral Jewelry - Silver]]></alternatetitle>
					<height><![CDATA[0.5]]></height>
					<width><![CDATA[4.75]]></width>
					<length><![CDATA[6.75]]></length>
					<marketplacerestrictions><![CDATA[0]]></marketplacerestrictions>
					<discontinued>No</discontinued>
					
						<regulations />
												
													
			</item>
				
			<item>
				<title><![CDATA[Crystal Jellies Classic Clear Jelly 10]]></title>
				<releaseDate>12/26/2007</releaseDate>				
				<itemSKU>DJ-0286-02-2</itemSKU>
				<itemID>9353</itemID>		
				<standardPrice>10.5700</standardPrice>		
				<mapPrice>0</mapPrice>
				<msrpPrice>21</msrpPrice>			
				<stock>Available Now</stock>
				<multiplesOF>1</multiplesOF> 
									<imageLargeFront><![CDATA[https://s3.amazonaws.com/ecn-watermarks/effex/9353_1.jpg]]></imageLargeFront>
								
									<imageLargeBack><![CDATA[https://s3.amazonaws.com/ecn-watermarks/effex/9353_2.jpg]]></imageLargeBack>
								
									<imageMediumFront><![CDATA[https://s3.amazonaws.com/ecn-watermarks/effex/9353_5.jpg]]></imageMediumFront>
								
									<imageMediumBack><![CDATA[https://s3.amazonaws.com/ecn-watermarks/effex/9353_6.jpg]]></imageMediumBack>
								
									<imageThumbnailFront><![CDATA[https://s3.amazonaws.com/ecn-watermarks/effex/9353_9.jpg]]></imageThumbnailFront>
								
									<imageThumbnailBack><![CDATA[https://s3.amazonaws.com/ecn-watermarks/effex/9353_10.jpg]]></imageThumbnailBack>
									
				<manufacturer><![CDATA[Doc Johnson Enterprises]]></manufacturer>
				<categories>JELLY,DILDOS and DONGS NON VIBRATING,SEX TOYS FOR WOMEN,DILDOS and DONGS,</categories>
				<itemDescription>Doc Johnson`s 10 Crystal Jellies Classic is a soft and flexible variation of the original dong that started it all. This cock has the traditional thickness and veiny texture we all know and love, plus a flexible shaft and glistening color options! Available in Pink, Clear and Purple. All of our Crystal Jellies are from phthalate-free body-safe material and are Proudly Made in America.</itemDescription> <htmlitemdescriptioninbase64format>RG9jIEpvaG5zb24ncyAxMCIgQ3J5c3RhbCBKZWxsaWVzIENsYXNzaWMgaXMgYSBzb2Z0IGFuZCBmbGV4aWJsZSB2YXJpYXRpb24gb2YgdGhlIG9yaWdpbmFsIGRvbmcgdGhhdCBzdGFydGVkIGl0IGFsbC4gVGhpcyBjb2NrIGhhcyB0aGUgdHJhZGl0aW9uYWwgdGhpY2tuZXNzIGFuZCB2ZWlueSB0ZXh0dXJlIHdlIGFsbCBrbm93IGFuZCBsb3ZlLCBwbHVzIGEgZmxleGlibGUgc2hhZnQgYW5kIGdsaXN0ZW5pbmcgY29sb3Igb3B0aW9ucyEgQXZhaWxhYmxlIGluIFBpbmssIENsZWFyIGFuZCBQdXJwbGUuIEFsbCBvZiBvdXIgQ3J5c3RhbCBKZWxsaWVzIGFyZSBmcm9tIHBodGhhbGF0ZS1mcmVlIGJvZHktc2FmZSBtYXRlcmlhbCBhbmQgYXJlIFByb3VkbHkgTWFkZSBpbiBBbWVyaWNhLg==</htmlitemdescriptioninbase64format>												
				<upc>782421123703</upc>			
				<dateUpdated>12/24/2020 12:01:18 PM</dateUpdated>	
				<itemweight><![CDATA[0.75]]></itemweight>		
				<dateCreated>03/13/2005 5:24:18 PM</dateCreated>			
				<deliveryallowed><![CDATA[0]]></deliveryallowed>	

					
						<categoriesV2>

											
							<categoritem>
								
									<mastercategories><![CDATA[Dildos & Dongs]]></mastercategories>
								
									<subcategories><![CDATA[Clear|Realistic Dongs]]></subcategories>
														
							</categoritem>					
												
						</categoriesV2>
						
					<alternatetitle><![CDATA[Crystal Jellies Classic Dildo 10in - Clear]]></alternatetitle>
					<height><![CDATA[2]]></height>
					<width><![CDATA[5]]></width>
					<length><![CDATA[16.5]]></length>
					<marketplacerestrictions><![CDATA[0]]></marketplacerestrictions>
					<discontinued>No</discontinued>
					
						<regulations />
												
													
			</item>
				
			<item>
				<title><![CDATA[Antibacterial Toy Cleaner 4 Oz]]></title>
				<releaseDate>12/26/2007</releaseDate>				
				<itemSKU>DJ-1399-02-1</itemSKU>
				<itemID>10576</itemID>		
				<standardPrice>3.6700</standardPrice>		
				<mapPrice>0</mapPrice>
				<msrpPrice>7</msrpPrice>			
				<stock>Available Now</stock>
				<multiplesOF>1</multiplesOF> 
									<imageLargeFront><![CDATA[https://s3.amazonaws.com/ecn-watermarks/effex/10576_1.jpg]]></imageLargeFront>
								
								<imageLargeBack></imageLargeBack>
							
									<imageMediumFront><![CDATA[https://s3.amazonaws.com/ecn-watermarks/effex/10576_5.jpg]]></imageMediumFront>
								
								<imageMediumBack></imageMediumBack>
							
									<imageThumbnailFront><![CDATA[https://s3.amazonaws.com/ecn-watermarks/effex/10576_9.jpg]]></imageThumbnailFront>
								
								<imageThumbnailBack></imageThumbnailBack>
								
				<manufacturer><![CDATA[Doc Johnson Enterprises]]></manufacturer>
				<categories>UNISEX ITEMS,TOY CLEANERS,</categories>
				<itemDescription>A perfectly blended formulation of body-safe ingredients designed to clean and sanitize pleasure products. Simple spray application.</itemDescription> <htmlitemdescriptioninbase64format>QSBwZXJmZWN0bHkgYmxlbmRlZCBmb3JtdWxhdGlvbiBvZiBib2R5LXNhZmUgaW5ncmVkaWVudHMgZGVzaWduZWQgdG8gY2xlYW4gYW5kIHNhbml0aXplIHBsZWFzdXJlIHByb2R1Y3RzLiBTaW1wbGUgc3ByYXkgYXBwbGljYXRpb24u</htmlitemdescriptioninbase64format>												
				<upc>782421591601</upc>			
				<dateUpdated>12/24/2020 12:01:18 PM</dateUpdated>	
				<itemweight><![CDATA[0.16]]></itemweight>		
				<dateCreated>03/13/2005 5:24:18 PM</dateCreated>			
				<deliveryallowed><![CDATA[1]]></deliveryallowed>	

					
						<categoriesV2>

											
							<categoritem>
								
									<mastercategories><![CDATA[Toy Cleaner]]></mastercategories>
								
									<subcategories><![CDATA[Hygiene|Spray]]></subcategories>
														
							</categoritem>					
												
						</categoriesV2>
						
					<alternatetitle><![CDATA[Doc Johnson Toy Cleaner Anti Bacterial Spray 4oz]]></alternatetitle>
					<height><![CDATA[1.5]]></height>
					<width><![CDATA[1.5]]></width>
					<length><![CDATA[6.75]]></length>
					<marketplacerestrictions><![CDATA[0]]></marketplacerestrictions>
					<discontinued>No</discontinued>
					
						<regulations />
												
													
			</item>
				
			<item>
				<title><![CDATA[Pjur Original 30ml]]></title>
				<releaseDate>12/26/2007</releaseDate>				
				<itemSKU>ZEROS11031</itemSKU>
				<itemID>12040</itemID>		
				<standardPrice>7.0000</standardPrice>		
				<mapPrice>11.19</mapPrice>
				<msrpPrice>13.99</msrpPrice>			
				<stock>Available Now</stock>
				<multiplesOF>1</multiplesOF> 
									<imageLargeFront><![CDATA[https://s3.amazonaws.com/ecn-watermarks/effex/12040_1.jpg]]></imageLargeFront>
								
								<imageLargeBack></imageLargeBack>
							
									<imageMediumFront><![CDATA[https://s3.amazonaws.com/ecn-watermarks/effex/12040_5.jpg]]></imageMediumFront>
								
									<imageMediumBack><![CDATA[https://s3.amazonaws.com/ecn-watermarks/effex/12040_6.jpg]]></imageMediumBack>
								
									<imageThumbnailFront><![CDATA[https://s3.amazonaws.com/ecn-watermarks/effex/12040_9.jpg]]></imageThumbnailFront>
								
								<imageThumbnailBack></imageThumbnailBack>
								
				<manufacturer><![CDATA[Pjur]]></manufacturer>
				<categories>LUBES,</categories>
				<itemDescription>
Pjur Original Bodyglide is super concentrated, longer lasting and much less expensive drop-per-drop than other brands. This formula never becomes sticky and is 100% latex safe. An excellent skin conditioner and moisturizer, Pjur Original does not block your pores and requires no clean-up after use. Used by massage therapist worldwide.</itemDescription> <htmlitemdescriptioninbase64format>DQpQanVyIE9yaWdpbmFsIEJvZHlnbGlkZSBpcyBzdXBlciBjb25jZW50cmF0ZWQsIGxvbmdlciBsYXN0aW5nIGFuZCBtdWNoIGxlc3MgZXhwZW5zaXZlIGRyb3AtcGVyLWRyb3AgdGhhbiBvdGhlciBicmFuZHMuIFRoaXMgZm9ybXVsYSBuZXZlciBiZWNvbWVzIHN0aWNreSBhbmQgaXMgMTAwJSBsYXRleCBzYWZlLiBBbiBleGNlbGxlbnQgc2tpbiBjb25kaXRpb25lciBhbmQgbW9pc3R1cml6ZXIsIFBqdXIgT3JpZ2luYWwgZG9lcyBub3QgYmxvY2sgeW91ciBwb3JlcyBhbmQgcmVxdWlyZXMgbm8gY2xlYW4tdXAgYWZ0ZXIgdXNlLiBVc2VkIGJ5IG1hc3NhZ2UgdGhlcmFwaXN0IHdvcmxkd2lkZS4=</htmlitemdescriptioninbase64format>												
				<upc>827160100759</upc>			
				<dateUpdated>12/24/2020 12:01:18 PM</dateUpdated>	
				<itemweight><![CDATA[0.10]]></itemweight>		
				<dateCreated>03/13/2005 5:24:18 PM</dateCreated>			
				<deliveryallowed><![CDATA[1]]></deliveryallowed>	

					
						<categoriesV2>

											
							<categoritem>
								
									<mastercategories><![CDATA[Lubricants, Massage Oils, Gels & Creams]]></mastercategories>
								
									<subcategories><![CDATA[Silicone Based Lubricant]]></subcategories>
														
							</categoritem>					
												
						</categoriesV2>
						
					<alternatetitle><![CDATA[Pjur Original Concentrated Silicone Lubricant 1.02oz]]></alternatetitle>
					<height><![CDATA[1]]></height>
					<width><![CDATA[1]]></width>
					<length><![CDATA[3.75]]></length>
					<marketplacerestrictions><![CDATA[1]]></marketplacerestrictions>
					<discontinued>No</discontinued>
					
						<regulations />
												
													
			</item>
				
			<item>
				<title><![CDATA[Orgasmix 1oz Tube (individual)]]></title>
				<releaseDate>12/26/2007</releaseDate>				
				<itemSKU>WT705</itemSKU>
				<itemID>12147</itemID>		
				<standardPrice>6.6500</standardPrice>		
				<mapPrice>0</mapPrice>
				<msrpPrice>13</msrpPrice>			
				<stock>Available Now</stock>
				<multiplesOF>1</multiplesOF> 
									<imageLargeFront><![CDATA[https://s3.amazonaws.com/ecn-watermarks/effex/12147_1.jpg]]></imageLargeFront>
								
								<imageLargeBack></imageLargeBack>
							
									<imageMediumFront><![CDATA[https://s3.amazonaws.com/ecn-watermarks/effex/12147_5.jpg]]></imageMediumFront>
								
								<imageMediumBack></imageMediumBack>
							
									<imageThumbnailFront><![CDATA[https://s3.amazonaws.com/ecn-watermarks/effex/12147_9.jpg]]></imageThumbnailFront>
								
								<imageThumbnailBack></imageThumbnailBack>
								
				<manufacturer><![CDATA[Hott Products]]></manufacturer>
				<categories>LUBES,UNISEX ITEMS,</categories>
				<itemDescription>
Orgasmix is an orgasm enhancing gel for women. Most of the ingredients are typically present in water-based lubricants while a few others are usually seen in dietary supplements to increase sex drive. This product also contains Menthol, which is something you would recognize as an ingredient in products like cough drops or mints. This will cause a tingling sensation which could be very pleasurable and may enhance orgasms.</itemDescription> <htmlitemdescriptioninbase64format>DQpPcmdhc21peCBpcyBhbiBvcmdhc20gZW5oYW5jaW5nIGdlbCBmb3Igd29tZW4uIE1vc3Qgb2YgdGhlIGluZ3JlZGllbnRzIGFyZSB0eXBpY2FsbHkgcHJlc2VudCBpbiB3YXRlci1iYXNlZCBsdWJyaWNhbnRzIHdoaWxlIGEgZmV3IG90aGVycyBhcmUgdXN1YWxseSBzZWVuIGluIGRpZXRhcnkgc3VwcGxlbWVudHMgdG8gaW5jcmVhc2Ugc2V4IGRyaXZlLiBUaGlzIHByb2R1Y3QgYWxzbyBjb250YWlucyBNZW50aG9sLCB3aGljaCBpcyBzb21ldGhpbmcgeW91IHdvdWxkIHJlY29nbml6ZSBhcyBhbiBpbmdyZWRpZW50IGluIHByb2R1Y3RzIGxpa2UgY291Z2ggZHJvcHMgb3IgbWludHMuIFRoaXMgd2lsbCBjYXVzZSBhIHRpbmdsaW5nIHNlbnNhdGlvbiB3aGljaCBjb3VsZCBiZSB2ZXJ5IHBsZWFzdXJhYmxlIGFuZCBtYXkgZW5oYW5jZSBvcmdhc21zLg==</htmlitemdescriptioninbase64format>												
				<upc>818631004010</upc>			
				<dateUpdated>12/24/2020 12:01:18 PM</dateUpdated>	
				<itemweight><![CDATA[0.10]]></itemweight>		
				<dateCreated>03/13/2005 5:24:18 PM</dateCreated>			
				<deliveryallowed><![CDATA[1]]></deliveryallowed>	

					
						<categoriesV2>

											
							<categoritem>
								
									<mastercategories><![CDATA[Clitoral Stimulation|Lubricants, Massage Oils, Gels & Creams]]></mastercategories>
								
									<subcategories><![CDATA[Clitoral Gel|Enhancing Gel|Warming, Cooling, Tingling|Water Based Lubricant]]></subcategories>
														
							</categoritem>					
												
						</categoriesV2>
						
					<alternatetitle><![CDATA[Orgasmix Orgasm Enhancement Gel Water Based 1 Ounce Tube]]></alternatetitle>
					<height><![CDATA[1]]></height>
					<width><![CDATA[1.75]]></width>
					<length><![CDATA[3.75]]></length>
					<marketplacerestrictions><![CDATA[0]]></marketplacerestrictions>
					<discontinued>No</discontinued>
					
						<regulations />
												
													
			</item>
				
			<item>
				<title><![CDATA[The Big O Ring-indv]]></title>
				<releaseDate>12/26/2007</releaseDate>				
				<itemSKU>XSO102</itemSKU>
				<itemID>12155</itemID>		
				<standardPrice>6.6500</standardPrice>		
				<mapPrice>0</mapPrice>
				<msrpPrice>0</msrpPrice>			
				<stock>Available Now</stock>
				<multiplesOF>1</multiplesOF> 
									<imageLargeFront><![CDATA[https://s3.amazonaws.com/ecn-watermarks/effex/12155_1.jpg]]></imageLargeFront>
								
									<imageLargeBack><![CDATA[https://s3.amazonaws.com/ecn-watermarks/effex/12155_2.jpg]]></imageLargeBack>
								
									<imageMediumFront><![CDATA[https://s3.amazonaws.com/ecn-watermarks/effex/12155_5.jpg]]></imageMediumFront>
								
									<imageMediumBack><![CDATA[https://s3.amazonaws.com/ecn-watermarks/effex/12155_6.jpg]]></imageMediumBack>
								
									<imageThumbnailFront><![CDATA[https://s3.amazonaws.com/ecn-watermarks/effex/12155_9.jpg]]></imageThumbnailFront>
								
									<imageThumbnailBack><![CDATA[https://s3.amazonaws.com/ecn-watermarks/effex/12155_10.jpg]]></imageThumbnailBack>
									
				<manufacturer><![CDATA[Screaming O]]></manufacturer>
				<categories> </categories>
				<itemDescription>
The Big O is the worlds only nine speed auto-changeable vibrating ring. It`s what everyone really wants, the big orgasm. The Big O is designed with a specially enhanced silicone gel ring. It stimulates the female clitoris with extended ticklers for reaching orgasm, and also effectively prolongs the length and firmness of the male erection. The Big O is the state-of-the-art in adult, toys increasing pleasure for both. Multiple use, replaceable batteries, waterproof. Duration of intense vibrations: 80 minutes.</itemDescription> <htmlitemdescriptioninbase64format>DQpUaGUgIkJpZyBPIiBpcyB0aGUgd29ybGRzIG9ubHkgbmluZSBzcGVlZCBhdXRvLWNoYW5nZWFibGUgdmlicmF0aW5nIHJpbmcuIEl0J3Mgd2hhdCBldmVyeW9uZSByZWFsbHkgd2FudHMsIHRoZSBiaWcgb3JnYXNtLiBUaGUgIkJpZyBPIiBpcyBkZXNpZ25lZCB3aXRoIGEgc3BlY2lhbGx5IGVuaGFuY2VkIHNpbGljb25lIGdlbCByaW5nLiBJdCBzdGltdWxhdGVzIHRoZSBmZW1hbGUgY2xpdG9yaXMgd2l0aCBleHRlbmRlZCB0aWNrbGVycyBmb3IgcmVhY2hpbmcgb3JnYXNtLCBhbmQgYWxzbyBlZmZlY3RpdmVseSBwcm9sb25ncyB0aGUgbGVuZ3RoIGFuZCBmaXJtbmVzcyBvZiB0aGUgbWFsZSBlcmVjdGlvbi4gVGhlICJCaWcgTyIgaXMgdGhlIHN0YXRlLW9mLXRoZS1hcnQgaW4gYWR1bHQsIHRveXMgaW5jcmVhc2luZyBwbGVhc3VyZSBmb3IgYm90aC4gTXVsdGlwbGUgdXNlLCByZXBsYWNlYWJsZSBiYXR0ZXJpZXMsIHdhdGVycHJvb2YuIER1cmF0aW9uIG9mIGludGVuc2UgdmlicmF0aW9uczogODAgbWludXRlcy4=</htmlitemdescriptioninbase64format>												
				<upc>854885001061</upc>			
				<dateUpdated>12/24/2020 12:01:18 PM</dateUpdated>	
				<itemweight><![CDATA[0.35]]></itemweight>		
				<dateCreated>11/08/2005 4:46:40 PM</dateCreated>			
				<deliveryallowed><![CDATA[1]]></deliveryallowed>	

					
						<categoriesV2>

											
							<categoritem>
								
									<mastercategories><![CDATA[Clitoral Stimulation|Cockrings]]></mastercategories>
								
									<subcategories><![CDATA[Clit Stimulating Cock Rings|Couples|Multispeed|Vibrating|Waterproof]]></subcategories>
														
							</categoritem>					
												
						</categoriesV2>
						
					<alternatetitle><![CDATA[The Big O Vibrating Ring]]></alternatetitle>
					<height><![CDATA[0.5]]></height>
					<width><![CDATA[3.75]]></width>
					<length><![CDATA[5.5]]></length>
					<marketplacerestrictions><![CDATA[0]]></marketplacerestrictions>
					<discontinued>No</discontinued>
					
						<regulations />
												
													
			</item>
				
			<item>
				<title><![CDATA[Dj Alkaline Batteries Aa 4pk]]></title>
				<releaseDate>09/18/2006</releaseDate>				
				<itemSKU>DJ-0399-08-2</itemSKU>
				<itemID>12474</itemID>		
				<standardPrice>2.4000</standardPrice>		
				<mapPrice>0</mapPrice>
				<msrpPrice>4</msrpPrice>			
				<stock>Available Now</stock>
				<multiplesOF>1</multiplesOF> 
									<imageLargeFront><![CDATA[https://s3.amazonaws.com/ecn-watermarks/effex/12474_1.jpg]]></imageLargeFront>
								
								<imageLargeBack></imageLargeBack>
							
									<imageMediumFront><![CDATA[https://s3.amazonaws.com/ecn-watermarks/effex/12474_5.jpg]]></imageMediumFront>
								
								<imageMediumBack></imageMediumBack>
							
									<imageThumbnailFront><![CDATA[https://s3.amazonaws.com/ecn-watermarks/effex/12474_9.jpg]]></imageThumbnailFront>
								
								<imageThumbnailBack></imageThumbnailBack>
								
				<manufacturer><![CDATA[Doc Johnson Enterprises]]></manufacturer>
				<categories>UNISEX ITEMS,BATTERIES,</categories>
				<itemDescription>Experience no frustration when you load up your toy with Doc Johnsons long lasting Alkaline batteries. Extra power and extra life, these batteries pack a punch. Get the batteries that will go as long as you will, and be ready for round two, three or four. Let the good times roll and never be left hanging with dead batteries again!</itemDescription> <htmlitemdescriptioninbase64format>RXhwZXJpZW5jZSBubyBmcnVzdHJhdGlvbiB3aGVuIHlvdSBsb2FkIHVwIHlvdXIgdG95IHdpdGggRG9jIEpvaG5zb25zIGxvbmcgbGFzdGluZyBBbGthbGluZSBiYXR0ZXJpZXMuIEV4dHJhIHBvd2VyIGFuZCBleHRyYSBsaWZlLCB0aGVzZSBiYXR0ZXJpZXMgcGFjayBhIHB1bmNoLiBHZXQgdGhlIGJhdHRlcmllcyB0aGF0IHdpbGwgZ28gYXMgbG9uZyBhcyB5b3Ugd2lsbCwgYW5kIGJlIHJlYWR5IGZvciByb3VuZCB0d28sIHRocmVlIG9yIGZvdXIuIExldCB0aGUgZ29vZCB0aW1lcyByb2xsIGFuZCBuZXZlciBiZSBsZWZ0IGhhbmdpbmcgd2l0aCBkZWFkIGJhdHRlcmllcyBhZ2FpbiE=</htmlitemdescriptioninbase64format>												
				<upc>782421666712</upc>			
				<dateUpdated>12/24/2020 12:01:18 PM</dateUpdated>	
				<itemweight><![CDATA[0.22]]></itemweight>		
				<dateCreated>09/06/2006 12:17:45 PM</dateCreated>			
				<deliveryallowed><![CDATA[1]]></deliveryallowed>	

					
						<categoriesV2>

											
							<categoritem>
								
									<mastercategories><![CDATA[Batteries]]></mastercategories>
								
									<subcategories></subcategories>
														
							</categoritem>					
												
						</categoriesV2>
						
					<alternatetitle><![CDATA[Doc Johnson Alkaline Batteries AA (4 Pack)]]></alternatetitle>
					<height><![CDATA[0.25]]></height>
					<width><![CDATA[3.75]]></width>
					<length><![CDATA[4.5]]></length>
					<marketplacerestrictions><![CDATA[0]]></marketplacerestrictions>
					<discontinued>No</discontinued>
					
						<regulations />
												
													
			</item>
				
			<item>
				<title><![CDATA[Jelly Mini Rabbit Wand - Blue]]></title>
				<releaseDate>10/02/2006</releaseDate>				
				<itemSKU>N1903-1</itemSKU>
				<itemID>12603</itemID>		
				<standardPrice>15.3000</standardPrice>		
				<mapPrice>0</mapPrice>
				<msrpPrice>0</msrpPrice>			
				<stock>Available Now</stock>
				<multiplesOF>1</multiplesOF> 
									<imageLargeFront><![CDATA[https://s3.amazonaws.com/ecn-watermarks/effex/12603_1.jpg]]></imageLargeFront>
								
									<imageLargeBack><![CDATA[https://s3.amazonaws.com/ecn-watermarks/effex/12603_2.jpg]]></imageLargeBack>
								
									<imageMediumFront><![CDATA[https://s3.amazonaws.com/ecn-watermarks/effex/12603_5.jpg]]></imageMediumFront>
								
									<imageMediumBack><![CDATA[https://s3.amazonaws.com/ecn-watermarks/effex/12603_6.jpg]]></imageMediumBack>
								
									<imageThumbnailFront><![CDATA[https://s3.amazonaws.com/ecn-watermarks/effex/12603_9.jpg]]></imageThumbnailFront>
								
									<imageThumbnailBack><![CDATA[https://s3.amazonaws.com/ecn-watermarks/effex/12603_10.jpg]]></imageThumbnailBack>
									
				<manufacturer><![CDATA[Novelties By Nass-walk Inc]]></manufacturer>
				<categories>SEX TOYS FOR WOMEN,</categories>
				<itemDescription>
Blue Jelly Mini Rabbit Vibro Wand, the look of glass... the pleasure of jelly. Provides intense anal or vaginal stimulation. Features powerful dual motors and dual vibrations for amazing orgasms. The flexible and smooth as silk shaft, is ribbed and nubbed for added excitement. Hit that hot spot every time! Vibe stands 6 inches with an able length of 3.5 inches, and a circumference of 2.25 inches.
1 AAA battery, not included.</itemDescription> <htmlitemdescriptioninbase64format>DQpCbHVlIEplbGx5IE1pbmkgUmFiYml0IFZpYnJvIFdhbmQsIHRoZSBsb29rIG9mIGdsYXNzLi4uIHRoZSBwbGVhc3VyZSBvZiBqZWxseS4gUHJvdmlkZXMgaW50ZW5zZSBhbmFsIG9yIHZhZ2luYWwgc3RpbXVsYXRpb24uIEZlYXR1cmVzIHBvd2VyZnVsIGR1YWwgbW90b3JzIGFuZCBkdWFsIHZpYnJhdGlvbnMgZm9yIGFtYXppbmcgb3JnYXNtcy4gVGhlIGZsZXhpYmxlIGFuZCBzbW9vdGggYXMgc2lsayBzaGFmdCwgaXMgcmliYmVkIGFuZCBudWJiZWQgZm9yIGFkZGVkIGV4Y2l0ZW1lbnQuIEhpdCB0aGF0IGhvdCBzcG90IGV2ZXJ5IHRpbWUhIFZpYmUgc3RhbmRzIDYgaW5jaGVzIHdpdGggYW4gaW5zZXJ0YWJsZSBsZW5ndGggb2YgMy41IGluY2hlcywgYW5kIGEgY2lyY3VtZmVyZW5jZSBvZiAyLjI1IGluY2hlcy4NCjEgQUFBIGJhdHRlcnksIG5vdCBpbmNsdWRlZC4=</htmlitemdescriptioninbase64format>												
				<upc>782631190311</upc>			
				<dateUpdated>12/24/2020 12:01:18 PM</dateUpdated>	
				<itemweight><![CDATA[0.18]]></itemweight>		
				<dateCreated>09/26/2006 2:48:35 PM</dateCreated>			
				<deliveryallowed><![CDATA[0]]></deliveryallowed>	

					
						<categoriesV2>

											
							<categoritem>
								
									<mastercategories><![CDATA[Anal|Clitoral Stimulation|G-spot|Vibrators]]></mastercategories>
								
									<subcategories><![CDATA[Anal Stimulation|Blue|Dual Vibrating|Rabbits|Vibrating]]></subcategories>
														
							</categoritem>					
												
						</categoriesV2>
						
					<alternatetitle><![CDATA[Jelly Mini Rabbit Vibro Vibrator - Blue]]></alternatetitle>
					<height><![CDATA[0.75]]></height>
					<width><![CDATA[5.25]]></width>
					<length><![CDATA[9.25]]></length>
					<marketplacerestrictions><![CDATA[0]]></marketplacerestrictions>
					<discontinued>No</discontinued>
					
						<regulations>
                			<regulation>
                                <regulationname><![CDATA[Prop 65]]></regulationname>
                                <regulationdata>
                                                <regulationtype><![CDATA[6]]></regulationtype>
                                                <locallink><![CDATA[http://www.adultdropshipper.com/clients/index.cfm?act=Regulations]]></locallink>
                                                <externallink><![CDATA[https://www.p65warnings.ca.gov/]]></externallink>
                                </regulationdata>
                			</regulation>
						</regulations>
												
													
			</item>
				
			<item>
				<title><![CDATA[Screaming O Touch Plus-indv]]></title>
				<releaseDate>05/09/2007</releaseDate>				
				<itemSKU>XSOTP110</itemSKU>
				<itemID>13143</itemID>		
				<standardPrice>4.5300</standardPrice>		
				<mapPrice>0</mapPrice>
				<msrpPrice>0</msrpPrice>			
				<stock>Available Now</stock>
				<multiplesOF>1</multiplesOF> 
									<imageLargeFront><![CDATA[https://s3.amazonaws.com/ecn-watermarks/effex/13143_1.jpg]]></imageLargeFront>
								
									<imageLargeBack><![CDATA[https://s3.amazonaws.com/ecn-watermarks/effex/13143_2.jpg]]></imageLargeBack>
								
									<imageMediumFront><![CDATA[https://s3.amazonaws.com/ecn-watermarks/effex/13143_5.jpg]]></imageMediumFront>
								
									<imageMediumBack><![CDATA[https://s3.amazonaws.com/ecn-watermarks/effex/13143_6.jpg]]></imageMediumBack>
								
									<imageThumbnailFront><![CDATA[https://s3.amazonaws.com/ecn-watermarks/effex/13143_9.jpg]]></imageThumbnailFront>
								
									<imageThumbnailBack><![CDATA[https://s3.amazonaws.com/ecn-watermarks/effex/13143_10.jpg]]></imageThumbnailBack>
									
				<manufacturer><![CDATA[Screaming O]]></manufacturer>
				<categories>COCKRINGS W/CLIT STIMULATION,VIBRATING COCK RINGS,</categories>
				<itemDescription>
The Screaming O Touch-Plus features soft vibrating pleasure bumps to transfer the stimulating erotic vibrations to the clitoris during sexual intercourse. The Screaming O Touch-Plus has a strong, comfortable, stretchy gel band for a snug fit for longer, thicker, fuller erections on demand. The Touch-Plus is a comfortable fit for any size penis.</itemDescription> <htmlitemdescriptioninbase64format>DQpUaGUgU2NyZWFtaW5nIE8gVG91Y2gtUGx1cyBmZWF0dXJlcyBzb2Z0IHZpYnJhdGluZyBwbGVhc3VyZSBidW1wcyB0byB0cmFuc2ZlciB0aGUgc3RpbXVsYXRpbmcgZXJvdGljIHZpYnJhdGlvbnMgdG8gdGhlIGNsaXRvcmlzIGR1cmluZyBzZXh1YWwgaW50ZXJjb3Vyc2UuIFRoZSBTY3JlYW1pbmcgTyBUb3VjaC1QbHVzIGhhcyBhIHN0cm9uZywgY29tZm9ydGFibGUsIHN0cmV0Y2h5IGdlbCBiYW5kIGZvciBhIHNudWcgZml0IGZvciBsb25nZXIsIHRoaWNrZXIsIGZ1bGxlciBlcmVjdGlvbnMgb24gZGVtYW5kLiBUaGUgVG91Y2gtUGx1cyBpcyBhIGNvbWZvcnRhYmxlIGZpdCBmb3IgYW55IHNpemUgcGVuaXMu</htmlitemdescriptioninbase64format>												
				<upc>854885001238</upc>			
				<dateUpdated>12/24/2020 12:01:18 PM</dateUpdated>	
				<itemweight><![CDATA[0.05]]></itemweight>		
				<dateCreated>01/17/2007 2:27:38 PM</dateCreated>			
				<deliveryallowed><![CDATA[1]]></deliveryallowed>	

					
						<categoriesV2>

											
							<categoritem>
								
									<mastercategories><![CDATA[Clitoral Stimulation|Cockrings]]></mastercategories>
								
									<subcategories><![CDATA[Clit Stimulating Cock Rings|Disposable|Flesh|Foil Packs|Vibrating|Waterproof|Wireless]]></subcategories>
														
							</categoritem>					
												
						</categoriesV2>
						
					<alternatetitle><![CDATA[Screaming O Touch Plus Cock Ring Waterproof Flesh]]></alternatetitle>
					<height><![CDATA[0.25]]></height>
					<width><![CDATA[35]]></width>
					<length><![CDATA[5]]></length>
					<marketplacerestrictions><![CDATA[0]]></marketplacerestrictions>
					<discontinued>No</discontinued>
					
						<regulations />
												
													
			</item>
				
			<item>
				<title><![CDATA[Screaming O Plus-indv]]></title>
				<releaseDate>05/16/2007</releaseDate>				
				<itemSKU>XSOP101</itemSKU>
				<itemID>13990</itemID>		
				<standardPrice>3.3800</standardPrice>		
				<mapPrice>0</mapPrice>
				<msrpPrice>7.95</msrpPrice>			
				<stock>Available Now</stock>
				<multiplesOF>1</multiplesOF> 
									<imageLargeFront><![CDATA[https://s3.amazonaws.com/ecn-watermarks/effex/13990_1.jpg]]></imageLargeFront>
								
									<imageLargeBack><![CDATA[https://s3.amazonaws.com/ecn-watermarks/effex/13990_2.jpg]]></imageLargeBack>
								
									<imageMediumFront><![CDATA[https://s3.amazonaws.com/ecn-watermarks/effex/13990_5.jpg]]></imageMediumFront>
								
									<imageMediumBack><![CDATA[https://s3.amazonaws.com/ecn-watermarks/effex/13990_6.jpg]]></imageMediumBack>
								
									<imageThumbnailFront><![CDATA[https://s3.amazonaws.com/ecn-watermarks/effex/13990_9.jpg]]></imageThumbnailFront>
								
									<imageThumbnailBack><![CDATA[https://s3.amazonaws.com/ecn-watermarks/effex/13990_10.jpg]]></imageThumbnailBack>
									
				<manufacturer><![CDATA[Screaming O]]></manufacturer>
				<categories>SILICONE,COCKRINGS W/CLIT STIMULATION,SEX TOYS FOR COUPLES,VIBRATING COCK RINGS,</categories>
				<itemDescription>
The Screaming O Plus vibrating cock ring is designed with a specially enhanced silicone gel ring effectively prolonging the duration and firmness of the male erection increasing pleasure for both. The Screaming O Plus also stimulates the female clitoris with extended ticklers to deliver greater sensations and orgasms. One time use only. Duration of intense vibrations: 25 minutes.</itemDescription> <htmlitemdescriptioninbase64format>DQpUaGUgU2NyZWFtaW5nIE8gUGx1cyB2aWJyYXRpbmcgY29jayByaW5nIGlzIGRlc2lnbmVkIHdpdGggYSBzcGVjaWFsbHkgZW5oYW5jZWQgc2lsaWNvbmUgZ2VsIHJpbmcgZWZmZWN0aXZlbHkgcHJvbG9uZ2luZyB0aGUgZHVyYXRpb24gYW5kIGZpcm1uZXNzIG9mIHRoZSBtYWxlIGVyZWN0aW9uIGluY3JlYXNpbmcgcGxlYXN1cmUgZm9yIGJvdGguIFRoZSBTY3JlYW1pbmcgTyBQbHVzIGFsc28gc3RpbXVsYXRlcyB0aGUgZmVtYWxlIGNsaXRvcmlzIHdpdGggZXh0ZW5kZWQgdGlja2xlcnMgdG8gZGVsaXZlciBncmVhdGVyIHNlbnNhdGlvbnMgYW5kIG9yZ2FzbXMuIE9uZSB0aW1lIHVzZSBvbmx5LiBEdXJhdGlvbiBvZiBpbnRlbnNlIHZpYnJhdGlvbnM6IDI1IG1pbnV0ZXMu</htmlitemdescriptioninbase64format>												
				<upc>854885001054</upc>			
				<dateUpdated>12/24/2020 12:01:18 PM</dateUpdated>	
				<itemweight><![CDATA[0.05]]></itemweight>		
				<dateCreated>05/08/2007 2:37:59 PM</dateCreated>			
				<deliveryallowed><![CDATA[1]]></deliveryallowed>	

					
						<categoriesV2>

											
							<categoritem>
								
									<mastercategories><![CDATA[Clitoral Stimulation|Cockrings]]></mastercategories>
								
									<subcategories><![CDATA[Clit Stimulating Cock Rings|Disposable|Flesh|Non Latex|Silicone|Vibrating|Waterproof|Wireless]]></subcategories>
														
							</categoritem>					
												
						</categoriesV2>
						
					<alternatetitle><![CDATA[Screaming O Plus Silicone Cock Ring Waterproof Flesh]]></alternatetitle>
					<height><![CDATA[0.25]]></height>
					<width><![CDATA[35]]></width>
					<length><![CDATA[5]]></length>
					<marketplacerestrictions><![CDATA[0]]></marketplacerestrictions>
					<discontinued>No</discontinued>
					
						<regulations />
												
													
			</item>
				
			<item>
				<title><![CDATA[Two O-indv]]></title>
				<releaseDate>07/10/2008</releaseDate>				
				<itemSKU>XSOTWOO101</itemSKU>
				<itemID>20194</itemID>		
				<standardPrice>5.1700</standardPrice>		
				<mapPrice>0</mapPrice>
				<msrpPrice>0</msrpPrice>			
				<stock>Available Now</stock>
				<multiplesOF>1</multiplesOF> 
									<imageLargeFront><![CDATA[https://s3.amazonaws.com/ecn-watermarks/effex/20194_1.jpg]]></imageLargeFront>
								
									<imageLargeBack><![CDATA[https://s3.amazonaws.com/ecn-watermarks/effex/20194_2.jpg]]></imageLargeBack>
								
									<imageMediumFront><![CDATA[https://s3.amazonaws.com/ecn-watermarks/effex/20194_5.jpg]]></imageMediumFront>
								
									<imageMediumBack><![CDATA[https://s3.amazonaws.com/ecn-watermarks/effex/20194_6.jpg]]></imageMediumBack>
								
									<imageThumbnailFront><![CDATA[https://s3.amazonaws.com/ecn-watermarks/effex/20194_9.jpg]]></imageThumbnailFront>
								
									<imageThumbnailBack><![CDATA[https://s3.amazonaws.com/ecn-watermarks/effex/20194_10.jpg]]></imageThumbnailBack>
									
				<manufacturer><![CDATA[Screaming O]]></manufacturer>
				<categories>COCKRINGS W/CLIT STIMULATION,SEX TOYS FOR COUPLES,VIBRATING MULTI-SPEED,</categories>
				<itemDescription>
The new Two-O is just like the award winning, top-selling Screaming O vibrating ring, but with an extra enhanced motor designed to double the pleasure for mutual enjoyment. The popular traditional Screaming O ring has one vibrator to be worn on the top for her but the Two-O improves mutual pleasure by adding another vibrator for him. What really makes this ring amazing is the Screaming O`s trademark pleasure knobs that are designed to transfer the vibrations through the length of the penis which are now powered by dual motors to really turn him into a human vibrator!</itemDescription> <htmlitemdescriptioninbase64format>DQpUaGUgbmV3IFR3by1PIGlzIGp1c3QgbGlrZSB0aGUgYXdhcmQgd2lubmluZywgdG9wLXNlbGxpbmcgU2NyZWFtaW5nIE8gdmlicmF0aW5nIHJpbmcsIGJ1dCB3aXRoIGFuIGV4dHJhIGVuaGFuY2VkIG1vdG9yIGRlc2lnbmVkIHRvIGRvdWJsZSB0aGUgcGxlYXN1cmUgZm9yIG11dHVhbCBlbmpveW1lbnQuIFRoZSBwb3B1bGFyIHRyYWRpdGlvbmFsIFNjcmVhbWluZyBPIHJpbmcgaGFzIG9uZSB2aWJyYXRvciB0byBiZSB3b3JuIG9uIHRoZSB0b3AgZm9yIGhlciBidXQgdGhlIFR3by1PIGltcHJvdmVzIG11dHVhbCBwbGVhc3VyZSBieSBhZGRpbmcgYW5vdGhlciB2aWJyYXRvciBmb3IgaGltLiBXaGF0IHJlYWxseSBtYWtlcyB0aGlzIHJpbmcgYW1hemluZyBpcyB0aGUgU2NyZWFtaW5nIE8/cyB0cmFkZW1hcmsgcGxlYXN1cmUga25vYnMgdGhhdCBhcmUgZGVzaWduZWQgdG8gdHJhbnNmZXIgdGhlIHZpYnJhdGlvbnMgdGhyb3VnaCB0aGUgbGVuZ3RoIG9mIHRoZSBwZW5pcyB3aGljaCBhcmUgbm93IHBvd2VyZWQgYnkgZHVhbCBtb3RvcnMgdG8gcmVhbGx5IHR1cm4gaGltIGludG8gYSBodW1hbiB2aWJyYXRvciE=</htmlitemdescriptioninbase64format>												
				<upc>854885001184</upc>			
				<dateUpdated>12/24/2020 12:01:18 PM</dateUpdated>	
				<itemweight><![CDATA[0.85]]></itemweight>		
				<dateCreated>06/09/2008 11:23:52 AM</dateCreated>			
				<deliveryallowed><![CDATA[1]]></deliveryallowed>	

					
						<categoriesV2>

											
							<categoritem>
								
									<mastercategories><![CDATA[Clitoral Stimulation|Cockrings]]></mastercategories>
								
									<subcategories><![CDATA[Clit Stimulating Cock Rings|Disposable|Dual Vibrating|Non Latex|Silicone|Vibrating|Waterproof|Wireless]]></subcategories>
														
							</categoritem>					
												
						</categoriesV2>
						
					<alternatetitle><![CDATA[Two O Double Pleasure Ring Silicone Cock Ring Flesh]]></alternatetitle>
					<height><![CDATA[1]]></height>
					<width><![CDATA[3.75]]></width>
					<length><![CDATA[5.75]]></length>
					<marketplacerestrictions><![CDATA[0]]></marketplacerestrictions>
					<discontinued>No</discontinued>
					
						<regulations />
												
													
			</item>
				
			<item>
				<title><![CDATA[Berman Athena - Clam]]></title>
				<releaseDate>08/13/2008</releaseDate>				
				<itemSKU>SE-9730-14-2</itemSKU>
				<itemID>20279</itemID>		
				<standardPrice>4.9500</standardPrice>		
				<mapPrice>0</mapPrice>
				<msrpPrice>9.99</msrpPrice>			
				<stock>Available Now</stock>
				<multiplesOF>1</multiplesOF> 
									<imageLargeFront><![CDATA[https://s3.amazonaws.com/ecn-watermarks/effex/20279_1.jpg]]></imageLargeFront>
								
									<imageLargeBack><![CDATA[https://s3.amazonaws.com/ecn-watermarks/effex/20279_2.jpg]]></imageLargeBack>
								
									<imageMediumFront><![CDATA[https://s3.amazonaws.com/ecn-watermarks/effex/20279_5.jpg]]></imageMediumFront>
								
									<imageMediumBack><![CDATA[https://s3.amazonaws.com/ecn-watermarks/effex/20279_6.jpg]]></imageMediumBack>
								
									<imageThumbnailFront><![CDATA[https://s3.amazonaws.com/ecn-watermarks/effex/20279_9.jpg]]></imageThumbnailFront>
								
									<imageThumbnailBack><![CDATA[https://s3.amazonaws.com/ecn-watermarks/effex/20279_10.jpg]]></imageThumbnailBack>
									
				<manufacturer><![CDATA[California Exotic Novelties, Llc]]></manufacturer>
				<categories>WATERPROOF MULTISPEED VIB,SEX TOYS FOR WOMEN,BULLETS and EGGS,</categories>
				<itemDescription>Discreet, powerful, waterproof massager with 4 interchangeable soft TPR tips. 1 AA battery. 4/10 cm.</itemDescription> <htmlitemdescriptioninbase64format>RGlzY3JlZXQsIHBvd2VyZnVsLCB3YXRlcnByb29mIG1hc3NhZ2VyIHdpdGggNCBpbnRlcmNoYW5nZWFibGUgc29mdCBUUFIgdGlwcy4gMSBBQSBiYXR0ZXJ5LiA0LzEwIGNtLg==</htmlitemdescriptioninbase64format>												
				<upc>716770048950</upc>			
				<dateUpdated>12/24/2020 12:01:18 PM</dateUpdated>	
				<itemweight><![CDATA[0.19]]></itemweight>		
				<dateCreated>06/20/2008 1:34:35 PM</dateCreated>			
				<deliveryallowed><![CDATA[1]]></deliveryallowed>	

					
						<categoriesV2>

											
							<categoritem>
								
									<mastercategories><![CDATA[Clitoral Stimulation|Massagers]]></mastercategories>
								
									<subcategories><![CDATA[Pocket Rocket|Purple|Vibrating|Waterproof]]></subcategories>
														
							</categoritem>					
												
						</categoriesV2>
						
					<alternatetitle><![CDATA[Dr Laura Berman Intimate Basics Athena Mini Massager - Purple]]></alternatetitle>
					<height><![CDATA[1.75]]></height>
					<width><![CDATA[5]]></width>
					<length><![CDATA[11.5]]></length>
					<marketplacerestrictions><![CDATA[0]]></marketplacerestrictions>
					<discontinued>No</discontinued>
					
						<regulations />
												
													
			</item>
				
			<item>
				<title><![CDATA[Jo H2o Lube Original 8oz]]></title>
				<releaseDate>12/26/2007</releaseDate>				
				<itemSKU>VDL40036</itemSKU>
				<itemID>20565</itemID>		
				<standardPrice>11.0300</standardPrice>		
				<mapPrice>0</mapPrice>
				<msrpPrice>25.99</msrpPrice>			
				<stock>Available Now</stock>
				<multiplesOF>1</multiplesOF> 
									<imageLargeFront><![CDATA[https://s3.amazonaws.com/ecn-watermarks/effex/20565_1.jpg]]></imageLargeFront>
								
								<imageLargeBack></imageLargeBack>
							
									<imageMediumFront><![CDATA[https://s3.amazonaws.com/ecn-watermarks/effex/20565_5.jpg]]></imageMediumFront>
								
								<imageMediumBack></imageMediumBack>
							
									<imageThumbnailFront><![CDATA[https://s3.amazonaws.com/ecn-watermarks/effex/20565_9.jpg]]></imageThumbnailFront>
								
								<imageThumbnailBack></imageThumbnailBack>
								
				<manufacturer><![CDATA[System Jo]]></manufacturer>
				<categories>LUBES,UNISEX ITEMS,WATER BASED LUBES,</categories>
				<itemDescription>
This moisturizing, water-based lubricant feels just like a slick silicone lube and offers a similar long-lasting appeal. Latex safe, odor and fragrance free, System H2O offers a silky, smooth-feeling lubricant that never gets sticky or tacky and washes off easily in water. This is a great lube for people who love the silky feel of silicone but prefer a water-based lubricant.</itemDescription> <htmlitemdescriptioninbase64format>DQpUaGlzIG1vaXN0dXJpemluZywgd2F0ZXItYmFzZWQgbHVicmljYW50IGZlZWxzIGp1c3QgbGlrZSBhIHNsaWNrIHNpbGljb25lIGx1YmUgYW5kIG9mZmVycyBhIHNpbWlsYXIgbG9uZy1sYXN0aW5nIGFwcGVhbC4gTGF0ZXggc2FmZSwgb2RvciBhbmQgZnJhZ3JhbmNlIGZyZWUsIFN5c3RlbSBIMk8gb2ZmZXJzIGEgc2lsa3ksIHNtb290aC1mZWVsaW5nIGx1YnJpY2FudCB0aGF0IG5ldmVyIGdldHMgc3RpY2t5IG9yIHRhY2t5IGFuZCB3YXNoZXMgb2ZmIGVhc2lseSBpbiB3YXRlci4gVGhpcyBpcyBhIGdyZWF0IGx1YmUgZm9yIHBlb3BsZSB3aG8gbG92ZSB0aGUgc2lsa3kgZmVlbCBvZiBzaWxpY29uZSBidXQgcHJlZmVyIGEgd2F0ZXItYmFzZWQgbHVicmljYW50Lg==</htmlitemdescriptioninbase64format>												
				<upc>796494400364</upc>			
				<dateUpdated>12/24/2020 12:01:18 PM</dateUpdated>	
				<itemweight><![CDATA[0.72]]></itemweight>		
				<dateCreated>03/13/2005 5:24:18 PM</dateCreated>			
				<deliveryallowed><![CDATA[1]]></deliveryallowed>	

					
						<categoriesV2>

											
							<categoritem>
								
									<mastercategories><![CDATA[Lubricants, Massage Oils, Gels & Creams]]></mastercategories>
								
									<subcategories><![CDATA[Water Based Lubricant]]></subcategories>
														
							</categoritem>					
												
						</categoriesV2>
						
					<alternatetitle><![CDATA[JO H2O Original Water Based Lubricant 8oz]]></alternatetitle>
					<height><![CDATA[2.25]]></height>
					<width><![CDATA[2.25]]></width>
					<length><![CDATA[5.5]]></length>
					<marketplacerestrictions><![CDATA[0]]></marketplacerestrictions>
					<discontinued>No</discontinued>
					
						<regulations />
												
													
			</item>
				
			<item>
				<title><![CDATA[Jo H2o Lube Original 2oz]]></title>
				<releaseDate>12/26/2007</releaseDate>				
				<itemSKU>VDL40034</itemSKU>
				<itemID>20619</itemID>		
				<standardPrice>4.9100</standardPrice>		
				<mapPrice>0</mapPrice>
				<msrpPrice>11.49</msrpPrice>			
				<stock>Available Now</stock>
				<multiplesOF>1</multiplesOF> 
									<imageLargeFront><![CDATA[https://s3.amazonaws.com/ecn-watermarks/effex/20619_1.jpg]]></imageLargeFront>
								
								<imageLargeBack></imageLargeBack>
							
									<imageMediumFront><![CDATA[https://s3.amazonaws.com/ecn-watermarks/effex/20619_5.jpg]]></imageMediumFront>
								
								<imageMediumBack></imageMediumBack>
							
									<imageThumbnailFront><![CDATA[https://s3.amazonaws.com/ecn-watermarks/effex/20619_9.jpg]]></imageThumbnailFront>
								
								<imageThumbnailBack></imageThumbnailBack>
								
				<manufacturer><![CDATA[System Jo]]></manufacturer>
				<categories>UNISEX ITEMS,LUBES - NON DISCOUNTABLE,WATER BASED LUBES,</categories>
				<itemDescription>This moisturizing, water-based lubricant feels just like a slick silicone lube and offers a similar long-lasting appeal. Latex safe, odor and fragrance free, System H2O offers a silky, smooth-feeling lubricant that never gets sticky or tacky and washes off easily in water. This is a great lube for people who love the silky feel of silicone but prefer a water-based lubricant.</itemDescription> <htmlitemdescriptioninbase64format>VGhpcyBtb2lzdHVyaXppbmcsIHdhdGVyLWJhc2VkIGx1YnJpY2FudCBmZWVscyBqdXN0IGxpa2UgYSBzbGljayBzaWxpY29uZSBsdWJlIGFuZCBvZmZlcnMgYSBzaW1pbGFyIGxvbmctbGFzdGluZyBhcHBlYWwuIExhdGV4IHNhZmUsIG9kb3IgYW5kIGZyYWdyYW5jZSBmcmVlLCBTeXN0ZW0gSDJPIG9mZmVycyBhIHNpbGt5LCBzbW9vdGgtZmVlbGluZyBsdWJyaWNhbnQgdGhhdCBuZXZlciBnZXRzIHN0aWNreSBvciB0YWNreSBhbmQgd2FzaGVzIG9mZiBlYXNpbHkgaW4gd2F0ZXIuIFRoaXMgaXMgYSBncmVhdCBsdWJlIGZvciBwZW9wbGUgd2hvIGxvdmUgdGhlIHNpbGt5IGZlZWwgb2Ygc2lsaWNvbmUgYnV0IHByZWZlciBhIHdhdGVyLWJhc2VkIGx1YnJpY2FudC4=</htmlitemdescriptioninbase64format>												
				<upc>796494400340</upc>			
				<dateUpdated>12/24/2020 12:01:18 PM</dateUpdated>	
				<itemweight><![CDATA[0.20]]></itemweight>		
				<dateCreated>03/13/2005 5:24:18 PM</dateCreated>			
				<deliveryallowed><![CDATA[1]]></deliveryallowed>	

					
						<categoriesV2>

											
							<categoritem>
								
									<mastercategories><![CDATA[Lubricants, Massage Oils, Gels & Creams]]></mastercategories>
								
									<subcategories><![CDATA[Water Based Lubricant]]></subcategories>
														
							</categoritem>					
												
						</categoriesV2>
						
					<alternatetitle><![CDATA[JO H2O Original Water Based Lubricant 2oz]]></alternatetitle>
					<height><![CDATA[1.5]]></height>
					<width><![CDATA[1.5]]></width>
					<length><![CDATA[3.75]]></length>
					<marketplacerestrictions><![CDATA[0]]></marketplacerestrictions>
					<discontinued>No</discontinued>
					
						<regulations />
												
													
			</item>
				
			<item>
				<title><![CDATA[Jo H2o Lube Original 4oz]]></title>
				<releaseDate>12/26/2007</releaseDate>				
				<itemSKU>VDL40035</itemSKU>
				<itemID>20620</itemID>		
				<standardPrice>7.3500</standardPrice>		
				<mapPrice>0</mapPrice>
				<msrpPrice>17.49</msrpPrice>			
				<stock>Available Now</stock>
				<multiplesOF>1</multiplesOF> 
									<imageLargeFront><![CDATA[https://s3.amazonaws.com/ecn-watermarks/effex/20620_1.jpg]]></imageLargeFront>
								
								<imageLargeBack></imageLargeBack>
							
									<imageMediumFront><![CDATA[https://s3.amazonaws.com/ecn-watermarks/effex/20620_5.jpg]]></imageMediumFront>
								
								<imageMediumBack></imageMediumBack>
							
									<imageThumbnailFront><![CDATA[https://s3.amazonaws.com/ecn-watermarks/effex/20620_9.jpg]]></imageThumbnailFront>
								
								<imageThumbnailBack></imageThumbnailBack>
								
				<manufacturer><![CDATA[System Jo]]></manufacturer>
				<categories>UNISEX ITEMS,LUBES - NON DISCOUNTABLE,WATER BASED LUBES,</categories>
				<itemDescription>
This moisturizing, water-based lubricant feels just like a slick silicone lube and offers a similar long-lasting appeal. Latex safe, odor and fragrance free, System H2O offers a silky, smooth-feeling lubricant that never gets sticky or tacky and washes off easily in water. This is a great lube for people who love the silky feel of silicone but prefer a water-based lubricant.</itemDescription> <htmlitemdescriptioninbase64format>DQpUaGlzIG1vaXN0dXJpemluZywgd2F0ZXItYmFzZWQgbHVicmljYW50IGZlZWxzIGp1c3QgbGlrZSBhIHNsaWNrIHNpbGljb25lIGx1YmUgYW5kIG9mZmVycyBhIHNpbWlsYXIgbG9uZy1sYXN0aW5nIGFwcGVhbC4gTGF0ZXggc2FmZSwgb2RvciBhbmQgZnJhZ3JhbmNlIGZyZWUsIFN5c3RlbSBIMk8gb2ZmZXJzIGEgc2lsa3ksIHNtb290aC1mZWVsaW5nIGx1YnJpY2FudCB0aGF0IG5ldmVyIGdldHMgc3RpY2t5IG9yIHRhY2t5IGFuZCB3YXNoZXMgb2ZmIGVhc2lseSBpbiB3YXRlci4gVGhpcyBpcyBhIGdyZWF0IGx1YmUgZm9yIHBlb3BsZSB3aG8gbG92ZSB0aGUgc2lsa3kgZmVlbCBvZiBzaWxpY29uZSBidXQgcHJlZmVyIGEgd2F0ZXItYmFzZWQgbHVicmljYW50Lg==</htmlitemdescriptioninbase64format>												
				<upc>796494400357</upc>			
				<dateUpdated>12/24/2020 12:01:18 PM</dateUpdated>	
				<itemweight><![CDATA[0.40]]></itemweight>		
				<dateCreated>03/13/2005 5:24:18 PM</dateCreated>			
				<deliveryallowed><![CDATA[1]]></deliveryallowed>	

					
						<categoriesV2>

											
							<categoritem>
								
									<mastercategories><![CDATA[Lubricants, Massage Oils, Gels & Creams]]></mastercategories>
								
									<subcategories><![CDATA[Water Based Lubricant]]></subcategories>
														
							</categoritem>					
												
						</categoriesV2>
						
					<alternatetitle><![CDATA[JO H2O Original Water Based Lubricant 4oz]]></alternatetitle>
					<height><![CDATA[1.25]]></height>
					<width><![CDATA[1.75]]></width>
					<length><![CDATA[4.75]]></length>
					<marketplacerestrictions><![CDATA[0]]></marketplacerestrictions>
					<discontinued>No</discontinued>
					
						<regulations />
												
													
			</item>
				
			<item>
				<title><![CDATA[Lingo-indv]]></title>
				<releaseDate>10/02/2008</releaseDate>				
				<itemSKU>XSOLING110</itemSKU>
				<itemID>22576</itemID>		
				<standardPrice>3.8000</standardPrice>		
				<mapPrice>0</mapPrice>
				<msrpPrice>0</msrpPrice>			
				<stock>Available Now</stock>
				<multiplesOF>1</multiplesOF> 
									<imageLargeFront><![CDATA[https://s3.amazonaws.com/ecn-watermarks/effex/22576_1.jpg]]></imageLargeFront>
								
									<imageLargeBack><![CDATA[https://s3.amazonaws.com/ecn-watermarks/effex/22576_2.jpg]]></imageLargeBack>
								
									<imageMediumFront><![CDATA[https://s3.amazonaws.com/ecn-watermarks/effex/22576_5.jpg]]></imageMediumFront>
								
									<imageMediumBack><![CDATA[https://s3.amazonaws.com/ecn-watermarks/effex/22576_6.jpg]]></imageMediumBack>
								
									<imageThumbnailFront><![CDATA[https://s3.amazonaws.com/ecn-watermarks/effex/22576_9.jpg]]></imageThumbnailFront>
								
									<imageThumbnailBack><![CDATA[https://s3.amazonaws.com/ecn-watermarks/effex/22576_10.jpg]]></imageThumbnailBack>
									
				<manufacturer><![CDATA[Screaming O]]></manufacturer>
				<categories>VIBRATING MOUTH,SEX TOYS FOR WOMEN,</categories>
				<itemDescription>
The SCREAMING O LING-O has been designed to provide maximum stimulation with the use of the tongue. Fit the ring below at the base of the tongue, with bullet at the top of the tongue. Press button to turn on. The battery life is 40+ minutes. Disposable fun with under tongue snug knobs. 
 Easy On/Off button 
 Pleasure bumps for enhanced pleasure 
 Super-stretchy gel band to fit any sized-tongue 
 Contoured shape designed to stay in place 
 Super-soft, safe SEBS food-grade silicone 
 Long-lasting, super-powered 
 Waterproof</itemDescription> <htmlitemdescriptioninbase64format>DQpUaGUgU0NSRUFNSU5HIE8gTElORy1PIGhhcyBiZWVuIGRlc2lnbmVkIHRvIHByb3ZpZGUgbWF4aW11bSBzdGltdWxhdGlvbiB3aXRoIHRoZSB1c2Ugb2YgdGhlIHRvbmd1ZS4gRml0IHRoZSByaW5nIGJlbG93IGF0IHRoZSBiYXNlIG9mIHRoZSB0b25ndWUsIHdpdGggYnVsbGV0IGF0IHRoZSB0b3Agb2YgdGhlIHRvbmd1ZS4gUHJlc3MgYnV0dG9uIHRvIHR1cm4gb24uIFRoZSBiYXR0ZXJ5IGxpZmUgaXMgNDArIG1pbnV0ZXMuIERpc3Bvc2FibGUgZnVuIHdpdGggdW5kZXIgdG9uZ3VlIHNudWcga25vYnMuIDxicj48YnI+DQo/IEVhc3kgT24vT2ZmIGJ1dHRvbiA8YnI+DQo/IFBsZWFzdXJlIGJ1bXBzIGZvciBlbmhhbmNlZCBwbGVhc3VyZSA8YnI+DQo/IFN1cGVyLXN0cmV0Y2h5IGdlbCBiYW5kIHRvIGZpdCBhbnkgc2l6ZWQtdG9uZ3VlIDxicj4NCj8gQ29udG91cmVkIHNoYXBlIGRlc2lnbmVkIHRvIHN0YXkgaW4gcGxhY2UgPGJyPg0KPyBTdXBlci1zb2Z0LCBzYWZlIFNFQlMgZm9vZC1ncmFkZSBzaWxpY29uZSA8YnI+DQo/IExvbmctbGFzdGluZywgc3VwZXItcG93ZXJlZCA8YnI+DQo/IFdhdGVycHJvb2Y=</htmlitemdescriptioninbase64format>												
				<upc>854885001139</upc>			
				<dateUpdated>12/24/2020 12:01:18 PM</dateUpdated>	
				<itemweight><![CDATA[0.50]]></itemweight>		
				<dateCreated>09/26/2008 8:53:53 AM</dateCreated>			
				<deliveryallowed><![CDATA[1]]></deliveryallowed>	

					
						<categoriesV2>

											
							<categoritem>
								
									<mastercategories><![CDATA[Clitoral Stimulation|Vibrators]]></mastercategories>
								
									<subcategories><![CDATA[Couples|Disposable|Non Latex|Oral/tongue Vibrators|Purple|Silicone|Vibrating|Waterproof|Wireless]]></subcategories>
														
							</categoritem>					
												
						</categoriesV2>
						
					<alternatetitle><![CDATA[Ling O Vibrating Tongue Ring Silicone Waterproof Purple]]></alternatetitle>
					<height><![CDATA[1.25]]></height>
					<width><![CDATA[3.75]]></width>
					<length><![CDATA[5.75]]></length>
					<marketplacerestrictions><![CDATA[0]]></marketplacerestrictions>
					<discontinued>No</discontinued>
					
						<regulations />
												
													
			</item>
				
			<item>
				<title><![CDATA[O Yeah-indv]]></title>
				<releaseDate>01/21/2009</releaseDate>				
				<itemSKU>XSOYEAH110</itemSKU>
				<itemID>23239</itemID>		
				<standardPrice>9.6300</standardPrice>		
				<mapPrice>0</mapPrice>
				<msrpPrice>0</msrpPrice>			
				<stock>Available Now</stock>
				<multiplesOF>1</multiplesOF> 
									<imageLargeFront><![CDATA[https://s3.amazonaws.com/ecn-watermarks/effex/23239_1.jpg]]></imageLargeFront>
								
									<imageLargeBack><![CDATA[https://s3.amazonaws.com/ecn-watermarks/effex/23239_2.jpg]]></imageLargeBack>
								
									<imageMediumFront><![CDATA[https://s3.amazonaws.com/ecn-watermarks/effex/23239_5.jpg]]></imageMediumFront>
								
									<imageMediumBack><![CDATA[https://s3.amazonaws.com/ecn-watermarks/effex/23239_6.jpg]]></imageMediumBack>
								
									<imageThumbnailFront><![CDATA[https://s3.amazonaws.com/ecn-watermarks/effex/23239_9.jpg]]></imageThumbnailFront>
								
									<imageThumbnailBack><![CDATA[https://s3.amazonaws.com/ecn-watermarks/effex/23239_10.jpg]]></imageThumbnailBack>
									
				<manufacturer><![CDATA[Screaming O]]></manufacturer>
				<categories>WATERPROOF SINGLE SPEED VIB,SEX TOYS FOR MEN,VIBRATING COCKRINGS,</categories>
				<itemDescription>
The Screaming O Yeah! Vibrating Ring with Screaming O Bullet has been designed to provide maximum stimulation for both partners. Place ring at base of penis. Press button to turn on. The battery life is 80+ minutes and are replaced with common watch batteries (LR1130).</itemDescription> <htmlitemdescriptioninbase64format>DQpUaGUgU2NyZWFtaW5nIE8gWWVhaCEgVmlicmF0aW5nIFJpbmcgd2l0aCBTY3JlYW1pbmcgTyBCdWxsZXQgaGFzIGJlZW4gZGVzaWduZWQgdG8gcHJvdmlkZSBtYXhpbXVtIHN0aW11bGF0aW9uIGZvciBib3RoIHBhcnRuZXJzLiBQbGFjZSByaW5nIGF0IGJhc2Ugb2YgcGVuaXMuIFByZXNzIGJ1dHRvbiB0byB0dXJuIG9uLiBUaGUgYmF0dGVyeSBsaWZlIGlzIDgwKyBtaW51dGVzIGFuZCBhcmUgcmVwbGFjZWQgd2l0aCBjb21tb24gd2F0Y2ggYmF0dGVyaWVzIChMUjExMzApLg==</htmlitemdescriptioninbase64format>												
				<upc>854885001528</upc>			
				<dateUpdated>12/24/2020 12:01:18 PM</dateUpdated>	
				<itemweight><![CDATA[0.05]]></itemweight>		
				<dateCreated>01/09/2009 4:30:52 PM</dateCreated>			
				<deliveryallowed><![CDATA[1]]></deliveryallowed>	

					
						<categoriesV2>

											
							<categoritem>
								
									<mastercategories><![CDATA[Clitoral Stimulation|Cockrings|Eggs & Bullets]]></mastercategories>
								
									<subcategories><![CDATA[Blue|Clit Stimulating Cock Rings|Silicone|Vibrating|Waterproof|Wireless]]></subcategories>
														
							</categoritem>					
												
						</categoriesV2>
						
					<alternatetitle><![CDATA[O Yeah Silicone Cock Ring Waterproof Blue]]></alternatetitle>
					<height><![CDATA[1.5]]></height>
					<width><![CDATA[3.75]]></width>
					<length><![CDATA[6.5]]></length>
					<marketplacerestrictions><![CDATA[0]]></marketplacerestrictions>
					<discontinued>No</discontinued>
					
						<regulations />
												
													
			</item>
				
			<item>
				<title><![CDATA[Gentle Clitoral Gel 1oz]]></title>
				<releaseDate>02/25/2009</releaseDate>				
				<itemSKU>NE004</itemSKU>
				<itemID>23378</itemID>		
				<standardPrice>10.2500</standardPrice>		
				<mapPrice>14.35</mapPrice>
				<msrpPrice>20.5</msrpPrice>			
				<stock>Available Now</stock>
				<multiplesOF>1</multiplesOF> 
									<imageLargeFront><![CDATA[https://s3.amazonaws.com/ecn-watermarks/effex/23378_1.jpg]]></imageLargeFront>
								
								<imageLargeBack></imageLargeBack>
							
									<imageMediumFront><![CDATA[https://s3.amazonaws.com/ecn-watermarks/effex/23378_5.jpg]]></imageMediumFront>
								
								<imageMediumBack></imageMediumBack>
							
									<imageThumbnailFront><![CDATA[https://s3.amazonaws.com/ecn-watermarks/effex/23378_9.jpg]]></imageThumbnailFront>
								
								<imageThumbnailBack></imageThumbnailBack>
								
				<manufacturer><![CDATA[New Earth Trading]]></manufacturer>
				<categories>CLIT CREAMS and GELS,SEX TOYS FOR WOMEN,OILS, LOTIONS and CREAMS,</categories>
				<itemDescription> Intimate Earth Clitoral Stimulating Gel contains a blend of certified organic extracts, peppermint oil, natural damiana, L-Arginine and L-Ornithine to increase blood flow to the clitoris. This unique formula causes intense clitoral orgasms.</itemDescription> <htmlitemdescriptioninbase64format>PGk+IEludGltYXRlIEVhcnRoIDwvaT5DbGl0b3JhbCBTdGltdWxhdGluZyBHZWwgY29udGFpbnMgYSBibGVuZCBvZiBjZXJ0aWZpZWQgb3JnYW5pYyBleHRyYWN0cywgcGVwcGVybWludCBvaWwsIG5hdHVyYWwgZGFtaWFuYSwgTC1BcmdpbmluZSBhbmQgTC1Pcm5pdGhpbmUgdG8gaW5jcmVhc2UgYmxvb2QgZmxvdyB0byB0aGUgY2xpdG9yaXMuIFRoaXMgdW5pcXVlIGZvcm11bGEgY2F1c2VzIGludGVuc2UgY2xpdG9yYWwgb3JnYXNtcy4=</htmlitemdescriptioninbase64format>												
				<upc>854397006035</upc>			
				<dateUpdated>12/24/2020 12:01:18 PM</dateUpdated>	
				<itemweight><![CDATA[0.14]]></itemweight>		
				<dateCreated>01/30/2009 4:51:05 PM</dateCreated>			
				<deliveryallowed><![CDATA[1]]></deliveryallowed>	

					
						<categoriesV2>

											
							<categoritem>
								
									<mastercategories><![CDATA[Clitoral Stimulation|Lubricants, Massage Oils, Gels & Creams]]></mastercategories>
								
									<subcategories><![CDATA[Clitoral Gel|Enhancing Gel|Organic|Women]]></subcategories>
														
							</categoritem>					
												
						</categoriesV2>
						
					<alternatetitle><![CDATA[Intimate Earth Gentle Clitoral Stimulating Serum 1oz]]></alternatetitle>
					<height><![CDATA[1.5]]></height>
					<width><![CDATA[1.5]]></width>
					<length><![CDATA[3]]></length>
					<marketplacerestrictions><![CDATA[0]]></marketplacerestrictions>
					<discontinued>No</discontinued>
					
						<regulations />
												
													
			</item>
				
			<item>
				<title><![CDATA[Hydra Water Based Glide 2oz]]></title>
				<releaseDate>09/22/2016</releaseDate>				
				<itemSKU>NE007-60</itemSKU>
				<itemID>23408</itemID>		
				<standardPrice>5.6500</standardPrice>		
				<mapPrice>7.94</mapPrice>
				<msrpPrice>11.35</msrpPrice>			
				<stock>Available Now</stock>
				<multiplesOF>1</multiplesOF> 
									<imageLargeFront><![CDATA[https://s3.amazonaws.com/ecn-watermarks/effex/23408_1.jpg]]></imageLargeFront>
								
								<imageLargeBack></imageLargeBack>
							
									<imageMediumFront><![CDATA[https://s3.amazonaws.com/ecn-watermarks/effex/23408_5.jpg]]></imageMediumFront>
								
								<imageMediumBack></imageMediumBack>
							
									<imageThumbnailFront><![CDATA[https://s3.amazonaws.com/ecn-watermarks/effex/23408_9.jpg]]></imageThumbnailFront>
								
								<imageThumbnailBack></imageThumbnailBack>
								
				<manufacturer><![CDATA[New Earth Trading]]></manufacturer>
				<categories>LUBES,SEX TOYS FOR COUPLES,WATER BASED LUBES,</categories>
				<itemDescription>Intimate Organics Personal Lubricants are 100% natural derived, paraben free and DEA free. Uniquely formulated with a certified blend of organic extracts and aloe, they condition and nourish the skin. They are never sticky or tacky and have a long staying power. All Intimate Organics lubricants enhance the sense of pleasure, giving silky smoothness to all of your intimate experiences. Latex condom-friendly. Safe to ingest. Certified Organic Extracts. NO GLYCERINE!</itemDescription> <htmlitemdescriptioninbase64format>SW50aW1hdGUgT3JnYW5pY3MgUGVyc29uYWwgTHVicmljYW50cyBhcmUgMTAwJSBuYXR1cmFsIGRlcml2ZWQsIHBhcmFiZW4gZnJlZSBhbmQgREVBIGZyZWUuIFVuaXF1ZWx5IGZvcm11bGF0ZWQgd2l0aCBhIGNlcnRpZmllZCBibGVuZCBvZiBvcmdhbmljIGV4dHJhY3RzIGFuZCBhbG9lLCB0aGV5IGNvbmRpdGlvbiBhbmQgbm91cmlzaCB0aGUgc2tpbi4gVGhleSBhcmUgbmV2ZXIgc3RpY2t5IG9yIHRhY2t5IGFuZCBoYXZlIGEgbG9uZyBzdGF5aW5nIHBvd2VyLiBBbGwgSW50aW1hdGUgT3JnYW5pY3MgbHVicmljYW50cyBlbmhhbmNlIHRoZSBzZW5zZSBvZiBwbGVhc3VyZSwgZ2l2aW5nIHNpbGt5IHNtb290aG5lc3MgdG8gYWxsIG9mIHlvdXIgaW50aW1hdGUgZXhwZXJpZW5jZXMuIExhdGV4IGNvbmRvbS1mcmllbmRseS4gU2FmZSB0byBpbmdlc3QuIENlcnRpZmllZCBPcmdhbmljIEV4dHJhY3RzLiBOTyBHTFlDRVJJTkUh</htmlitemdescriptioninbase64format>												
				<upc>854397006066</upc>			
				<dateUpdated>12/24/2020 12:01:18 PM</dateUpdated>	
				<itemweight><![CDATA[0.18]]></itemweight>		
				<dateCreated>02/03/2009 3:19:53 PM</dateCreated>			
				<deliveryallowed><![CDATA[0]]></deliveryallowed>	

					
						<categoriesV2>

											
							<categoritem>
								
									<mastercategories><![CDATA[Lubricants, Massage Oils, Gels & Creams]]></mastercategories>
								
									<subcategories><![CDATA[Water Based Lubricant]]></subcategories>
														
							</categoritem>					
												
						</categoriesV2>
						
					<alternatetitle><![CDATA[Intimate Earth Hydra Organic Water Based Glide Lubricant - Natural Plant Cellulose 2oz]]></alternatetitle>
					<height><![CDATA[1]]></height>
					<width><![CDATA[1]]></width>
					<length><![CDATA[4.5]]></length>
					<marketplacerestrictions><![CDATA[0]]></marketplacerestrictions>
					<discontinued>No</discontinued>
					
						<regulations />
												
													
			</item>
				
			<item>
				<title><![CDATA[Round Massage Candle Skinny Dip]]></title>
				<releaseDate>11/11/2009</releaseDate>				
				<itemSKU>EB002</itemSKU>
				<itemID>25306</itemID>		
				<standardPrice>8.0000</standardPrice>		
				<mapPrice>15.99</mapPrice>
				<msrpPrice>15.99</msrpPrice>			
				<stock>Available Now</stock>
				<multiplesOF>1</multiplesOF> 
									<imageLargeFront><![CDATA[https://s3.amazonaws.com/ecn-watermarks/effex/25306_1.jpg]]></imageLargeFront>
								
								<imageLargeBack></imageLargeBack>
							
									<imageMediumFront><![CDATA[https://s3.amazonaws.com/ecn-watermarks/effex/25306_5.jpg]]></imageMediumFront>
								
								<imageMediumBack></imageMediumBack>
							
									<imageThumbnailFront><![CDATA[https://s3.amazonaws.com/ecn-watermarks/effex/25306_9.jpg]]></imageThumbnailFront>
								
								<imageThumbnailBack></imageThumbnailBack>
								
				<manufacturer><![CDATA[Earthly Body]]></manufacturer>
				<categories>CANDLES,UNISEX ITEMS,OILS, LOTIONS and CREAMS,</categories>
				<itemDescription>Sexy, fun, and serious natural skincare: these candles are body oil! Use as a clean-burning candle, for a warm silky massage, or for skin moisturizing. Each custom blend of of natural oils is cosmetic grade and include hemp seed, avocado, vitamin E, apricot, and jojoba. - Fragrant Natural Soy-Oil Massage Candle burns longer and cleaner - Melts into a warming, silky massage oil - Penetrates and moisurizes skin - 8 Natural Oils including Hemp Seed, Vitamin E, Jojoba, Avocado, and Apricot leave skin soft and smooth. - Use right out of the shower or bath - 100% Vegan, Non-Toxic - 6.8 oz.</itemDescription> <htmlitemdescriptioninbase64format>U2V4eSwgZnVuLCBhbmQgc2VyaW91cyBuYXR1cmFsIHNraW5jYXJlOiB0aGVzZSBjYW5kbGVzIGFyZSBib2R5IG9pbCEgVXNlIGFzIGEgY2xlYW4tYnVybmluZyBjYW5kbGUsIGZvciBhIHdhcm0gc2lsa3kgbWFzc2FnZSwgb3IgZm9yIHNraW4gbW9pc3R1cml6aW5nLiBFYWNoIGN1c3RvbSBibGVuZCBvZiBvZiBuYXR1cmFsIG9pbHMgaXMgY29zbWV0aWMgZ3JhZGUgYW5kIGluY2x1ZGUgaGVtcCBzZWVkLCBhdm9jYWRvLCB2aXRhbWluIEUsIGFwcmljb3QsIGFuZCBqb2pvYmEuIDxicj4tIEZyYWdyYW50IE5hdHVyYWwgU295LU9pbCBNYXNzYWdlIENhbmRsZSBidXJucyBsb25nZXIgJiBjbGVhbmVyIDxicj4tIE1lbHRzIGludG8gYSB3YXJtaW5nLCBzaWxreSBtYXNzYWdlIG9pbCA8YnI+LSBQZW5ldHJhdGVzIGFuZCBtb2lzdXJpemVzIHNraW4gPGJyPi0gOCBOYXR1cmFsIE9pbHMgaW5jbHVkaW5nIEhlbXAgU2VlZCwgVml0YW1pbiBFLCBKb2pvYmEsIEF2b2NhZG8sICYgQXByaWNvdCBsZWF2ZSBza2luIHNvZnQgYW5kIHNtb290aC4gPGJyPi0gVXNlIHJpZ2h0IG91dCBvZiB0aGUgc2hvd2VyIG9yIGJhdGggPGJyPi0gMTAwJSBWZWdhbiwgTm9uLVRveGljIDxicj4tIDYuOCBvei4=</htmlitemdescriptioninbase64format>												
				<upc>814487020471</upc>			
				<dateUpdated>12/24/2020 12:01:18 PM</dateUpdated>	
				<itemweight><![CDATA[0.52]]></itemweight>		
				<dateCreated>10/15/2009 3:31:43 PM</dateCreated>			
				<deliveryallowed><![CDATA[1]]></deliveryallowed>	

					
						<categoriesV2>

											
							<categoritem>
								
									<mastercategories><![CDATA[Bath & Body]]></mastercategories>
								
									<subcategories><![CDATA[Candles|Massage Lotions, Oils, Gels & Creams|Vegan]]></subcategories>
														
							</categoritem>					
												
						</categoriesV2>
						
					<alternatetitle><![CDATA[Earthly Body Hemp Seed 3 In 1 Massage Candle - Skinny Dip 6oz]]></alternatetitle>
					<height><![CDATA[2.25]]></height>
					<width><![CDATA[2.25]]></width>
					<length><![CDATA[3.25]]></length>
					<marketplacerestrictions><![CDATA[0]]></marketplacerestrictions>
					<discontinued>No</discontinued>
					
						<regulations />
												
													
			</item>
				
			<item>
				<title><![CDATA[Edible Heart Candle Cherry]]></title>
				<releaseDate>11/11/2009</releaseDate>				
				<itemSKU>EB005</itemSKU>
				<itemID>25309</itemID>		
				<standardPrice>8.0000</standardPrice>		
				<mapPrice>15.99</mapPrice>
				<msrpPrice>15.99</msrpPrice>			
				<stock>Available Now</stock>
				<multiplesOF>1</multiplesOF> 
									<imageLargeFront><![CDATA[https://s3.amazonaws.com/ecn-watermarks/effex/25309_1.jpg]]></imageLargeFront>
								
								<imageLargeBack></imageLargeBack>
							
									<imageMediumFront><![CDATA[https://s3.amazonaws.com/ecn-watermarks/effex/25309_5.jpg]]></imageMediumFront>
								
								<imageMediumBack></imageMediumBack>
							
									<imageThumbnailFront><![CDATA[https://s3.amazonaws.com/ecn-watermarks/effex/25309_9.jpg]]></imageThumbnailFront>
								
								<imageThumbnailBack></imageThumbnailBack>
								
				<manufacturer><![CDATA[Earthly Body]]></manufacturer>
				<categories>CANDLES,UNISEX ITEMS,OILS, LOTIONS and CREAMS,</categories>
				<itemDescription>A candle and warm massage oil all in one! This 4oz. cherry scented Suntouched Candle is a truly impressive product! Burn the candle until it is liquid. Pour or spoon into your hand and apply as massage oil or moisturizing oil. The candle contains all natural ingredients such as soybean oil, hemp seed oil, coconut oil, almond oil, and vitamin E. Fragrance derived from natural sources. It comes equipped with a handy spoon for dispensing. The sweetest smells can lead to the sweetest situations!</itemDescription> <htmlitemdescriptioninbase64format>QSBjYW5kbGUgYW5kIHdhcm0gbWFzc2FnZSBvaWwgYWxsIGluIG9uZSEgVGhpcyA0b3ouIGNoZXJyeSBzY2VudGVkIFN1bnRvdWNoZWQgQ2FuZGxlIGlzIGEgdHJ1bHkgaW1wcmVzc2l2ZSBwcm9kdWN0ISBCdXJuIHRoZSBjYW5kbGUgdW50aWwgaXQgaXMgbGlxdWlkLiBQb3VyIG9yIHNwb29uIGludG8geW91ciBoYW5kIGFuZCBhcHBseSBhcyBtYXNzYWdlIG9pbCBvciBtb2lzdHVyaXppbmcgb2lsLiBUaGUgY2FuZGxlIGNvbnRhaW5zIGFsbCBuYXR1cmFsIGluZ3JlZGllbnRzIHN1Y2ggYXMgc295YmVhbiBvaWwsIGhlbXAgc2VlZCBvaWwsIGNvY29udXQgb2lsLCBhbG1vbmQgb2lsLCBhbmQgdml0YW1pbiBFLiBGcmFncmFuY2UgZGVyaXZlZCBmcm9tIG5hdHVyYWwgc291cmNlcy4gSXQgY29tZXMgZXF1aXBwZWQgd2l0aCBhIGhhbmR5IHNwb29uIGZvciBkaXNwZW5zaW5nLiBUaGUgc3dlZXRlc3Qgc21lbGxzIGNhbiBsZWFkIHRvIHRoZSBzd2VldGVzdCBzaXR1YXRpb25zIQ==</htmlitemdescriptioninbase64format>												
				<upc>879959001921</upc>			
				<dateUpdated>12/24/2020 12:01:18 PM</dateUpdated>	
				<itemweight><![CDATA[0.37]]></itemweight>		
				<dateCreated>10/15/2009 3:40:27 PM</dateCreated>			
				<deliveryallowed><![CDATA[1]]></deliveryallowed>	

					
						<categoriesV2>

											
							<categoritem>
								
									<mastercategories><![CDATA[Bath & Body|Holiday]]></mastercategories>
								
									<subcategories><![CDATA[Candles|Edible Massage Lotions, Oils, Gels & Creams|Vegan|Valentines Day]]></subcategories>
														
							</categoritem>					
												
						</categoriesV2>
						
					<alternatetitle><![CDATA[Earthly Body Heart-Shaped Hemp Seed Edible Massage Candle Cherry 4oz]]></alternatetitle>
					<height><![CDATA[3.25]]></height>
					<width><![CDATA[1.75]]></width>
					<length><![CDATA[3.25]]></length>
					<marketplacerestrictions><![CDATA[0]]></marketplacerestrictions>
					<discontinued>No</discontinued>
					
						<regulations />
												
													
			</item>
				
			<item>
				<title><![CDATA[Edible Heart Candle Strawberry]]></title>
				<releaseDate>11/11/2009</releaseDate>				
				<itemSKU>EB006</itemSKU>
				<itemID>25310</itemID>		
				<standardPrice>8.0000</standardPrice>		
				<mapPrice>15.99</mapPrice>
				<msrpPrice>15.99</msrpPrice>			
				<stock>Available Now</stock>
				<multiplesOF>1</multiplesOF> 
									<imageLargeFront><![CDATA[https://s3.amazonaws.com/ecn-watermarks/effex/25310_1.jpg]]></imageLargeFront>
								
								<imageLargeBack></imageLargeBack>
							
									<imageMediumFront><![CDATA[https://s3.amazonaws.com/ecn-watermarks/effex/25310_5.jpg]]></imageMediumFront>
								
								<imageMediumBack></imageMediumBack>
							
									<imageThumbnailFront><![CDATA[https://s3.amazonaws.com/ecn-watermarks/effex/25310_9.jpg]]></imageThumbnailFront>
								
								<imageThumbnailBack></imageThumbnailBack>
								
				<manufacturer><![CDATA[Earthly Body]]></manufacturer>
				<categories>CANDLES,UNISEX ITEMS,OILS, LOTIONS and CREAMS,</categories>
				<itemDescription>A candle and warm massage oil all in one! This 4oz. strawberry scented Suntouched Candle is a truly impressive product! Burn the candle until it is liquid. Pour or spoon into your hand and apply as massage oil or moisturizing oil. The candle contains all natural ingredients such as soybean oil, hemp seed oil, coconut oil, almond oil, and vitamin E. Fragrance derived from natural sources. It comes equipped with a handy spoon for dispensing. The sweetest smells can lead to the sweetest situations!</itemDescription> <htmlitemdescriptioninbase64format>QSBjYW5kbGUgYW5kIHdhcm0gbWFzc2FnZSBvaWwgYWxsIGluIG9uZSEgVGhpcyA0b3ouIHN0cmF3YmVycnkgc2NlbnRlZCBTdW50b3VjaGVkIENhbmRsZSBpcyBhIHRydWx5IGltcHJlc3NpdmUgcHJvZHVjdCEgQnVybiB0aGUgY2FuZGxlIHVudGlsIGl0IGlzIGxpcXVpZC4gUG91ciBvciBzcG9vbiBpbnRvIHlvdXIgaGFuZCBhbmQgYXBwbHkgYXMgbWFzc2FnZSBvaWwgb3IgbW9pc3R1cml6aW5nIG9pbC4gVGhlIGNhbmRsZSBjb250YWlucyBhbGwgbmF0dXJhbCBpbmdyZWRpZW50cyBzdWNoIGFzIHNveWJlYW4gb2lsLCBoZW1wIHNlZWQgb2lsLCBjb2NvbnV0IG9pbCwgYWxtb25kIG9pbCwgYW5kIHZpdGFtaW4gRS4gRnJhZ3JhbmNlIGRlcml2ZWQgZnJvbSBuYXR1cmFsIHNvdXJjZXMuIEl0IGNvbWVzIGVxdWlwcGVkIHdpdGggYSBoYW5keSBzcG9vbiBmb3IgZGlzcGVuc2luZy4gVGhlIHN3ZWV0ZXN0IHNtZWxscyBjYW4gbGVhZCB0byB0aGUgc3dlZXRlc3Qgc2l0dWF0aW9ucyE=</htmlitemdescriptioninbase64format>												
				<upc>879959001914</upc>			
				<dateUpdated>12/24/2020 12:01:18 PM</dateUpdated>	
				<itemweight><![CDATA[0.38]]></itemweight>		
				<dateCreated>10/15/2009 3:44:03 PM</dateCreated>			
				<deliveryallowed><![CDATA[1]]></deliveryallowed>	

					
						<categoriesV2>

											
							<categoritem>
								
									<mastercategories><![CDATA[Bath & Body|Holiday]]></mastercategories>
								
									<subcategories><![CDATA[Candles|Edible Massage Lotions, Oils, Gels & Creams|Vegan|Valentines Day]]></subcategories>
														
							</categoritem>					
												
						</categoriesV2>
						
					<alternatetitle><![CDATA[Earthly Body Heart-Shaped Hemp Seed Edible Massage Candle Strawberry 4oz]]></alternatetitle>
					<height><![CDATA[3.25]]></height>
					<width><![CDATA[1.75]]></width>
					<length><![CDATA[3.25]]></length>
					<marketplacerestrictions><![CDATA[0]]></marketplacerestrictions>
					<discontinued>No</discontinued>
					
						<regulations />
												
													
			</item>
				
			<item>
				<title><![CDATA[Round Massage Candle Lavender]]></title>
				<releaseDate>06/15/2010</releaseDate>				
				<itemSKU>EB038</itemSKU>
				<itemID>26861</itemID>		
				<standardPrice>8.0000</standardPrice>		
				<mapPrice>15.99</mapPrice>
				<msrpPrice>15.99</msrpPrice>			
				<stock>Available Now</stock>
				<multiplesOF>1</multiplesOF> 
									<imageLargeFront><![CDATA[https://s3.amazonaws.com/ecn-watermarks/effex/26861_1.jpg]]></imageLargeFront>
								
								<imageLargeBack></imageLargeBack>
							
									<imageMediumFront><![CDATA[https://s3.amazonaws.com/ecn-watermarks/effex/26861_5.jpg]]></imageMediumFront>
								
								<imageMediumBack></imageMediumBack>
							
									<imageThumbnailFront><![CDATA[https://s3.amazonaws.com/ecn-watermarks/effex/26861_9.jpg]]></imageThumbnailFront>
								
								<imageThumbnailBack></imageThumbnailBack>
								
				<manufacturer><![CDATA[Earthly Body]]></manufacturer>
				<categories>CANDLES,UNISEX ITEMS,OILS, LOTIONS and CREAMS,</categories>
				<itemDescription>Sexy, fun, and serious natural skincare: these candles are body oil! Use as a clean-burning candle, for a warm silky massage, or for skin moisturizing. Each custom blend of of natural oils is cosmetic grade and include hemp seed, avocado, vitamin E, apricot, and jojoba. - Fragrant Natural Soy-Oil Massage Candle burns longer and cleaner - Melts into a warming, silky massage oil - Penetrates and moisurizes skin - 8 Natural Oils including Hemp Seed, Vitamin E, Jojoba, Avocado, and Apricot leave skin soft and smooth. - Use right out of the shower or bath - 100% Vegan, Non-Toxic - 6.8 oz.</itemDescription> <htmlitemdescriptioninbase64format>U2V4eSwgZnVuLCBhbmQgc2VyaW91cyBuYXR1cmFsIHNraW5jYXJlOiB0aGVzZSBjYW5kbGVzIGFyZSBib2R5IG9pbCEgVXNlIGFzIGEgY2xlYW4tYnVybmluZyBjYW5kbGUsIGZvciBhIHdhcm0gc2lsa3kgbWFzc2FnZSwgb3IgZm9yIHNraW4gbW9pc3R1cml6aW5nLiBFYWNoIGN1c3RvbSBibGVuZCBvZiBvZiBuYXR1cmFsIG9pbHMgaXMgY29zbWV0aWMgZ3JhZGUgYW5kIGluY2x1ZGUgaGVtcCBzZWVkLCBhdm9jYWRvLCB2aXRhbWluIEUsIGFwcmljb3QsIGFuZCBqb2pvYmEuIDxicj4tIEZyYWdyYW50IE5hdHVyYWwgU295LU9pbCBNYXNzYWdlIENhbmRsZSBidXJucyBsb25nZXIgJiBjbGVhbmVyIDxicj4tIE1lbHRzIGludG8gYSB3YXJtaW5nLCBzaWxreSBtYXNzYWdlIG9pbCA8YnI+LSBQZW5ldHJhdGVzIGFuZCBtb2lzdXJpemVzIHNraW4gPGJyPi0gOCBOYXR1cmFsIE9pbHMgaW5jbHVkaW5nIEhlbXAgU2VlZCwgVml0YW1pbiBFLCBKb2pvYmEsIEF2b2NhZG8sICYgQXByaWNvdCBsZWF2ZSBza2luIHNvZnQgYW5kIHNtb290aC4gPGJyPi0gVXNlIHJpZ2h0IG91dCBvZiB0aGUgc2hvd2VyIG9yIGJhdGggPGJyPi0gMTAwJSBWZWdhbiwgTm9uLVRveGljIDxicj4tIDYuOCBvei4=</htmlitemdescriptioninbase64format>												
				<upc>814487020457</upc>			
				<dateUpdated>12/24/2020 12:01:18 PM</dateUpdated>	
				<itemweight><![CDATA[0.54]]></itemweight>		
				<dateCreated>04/28/2010 2:28:54 PM</dateCreated>			
				<deliveryallowed><![CDATA[1]]></deliveryallowed>	

					
						<categoriesV2>

											
							<categoritem>
								
									<mastercategories><![CDATA[Bath & Body]]></mastercategories>
								
									<subcategories><![CDATA[Candles|Massage Lotions, Oils, Gels & Creams|Vegan]]></subcategories>
														
							</categoritem>					
												
						</categoriesV2>
						
					<alternatetitle><![CDATA[Earthly Body Hemp Seed 3 In 1 Massage Candle - Lavender 6oz]]></alternatetitle>
					<height><![CDATA[2.25]]></height>
					<width><![CDATA[2.25]]></width>
					<length><![CDATA[3.25]]></length>
					<marketplacerestrictions><![CDATA[0]]></marketplacerestrictions>
					<discontinued>No</discontinued>
					
						<regulations />
												
													
			</item>
				
			<item>
				<title><![CDATA[Vac U Lock Hung Ur3 Cock 12.5 Black]]></title>
				<releaseDate>12/03/2010</releaseDate>				
				<itemSKU>DJ-1015-28-3</itemSKU>
				<itemID>28538</itemID>		
				<standardPrice>35.0600</standardPrice>		
				<mapPrice>0</mapPrice>
				<msrpPrice>70</msrpPrice>			
				<stock>Available Now</stock>
				<multiplesOF>1</multiplesOF> 
									<imageLargeFront><![CDATA[https://s3.amazonaws.com/ecn-watermarks/effex/28538_1.jpg]]></imageLargeFront>
								
									<imageLargeBack><![CDATA[https://s3.amazonaws.com/ecn-watermarks/effex/28538_2.jpg]]></imageLargeBack>
								
									<imageMediumFront><![CDATA[https://s3.amazonaws.com/ecn-watermarks/effex/28538_5.jpg]]></imageMediumFront>
								
									<imageMediumBack><![CDATA[https://s3.amazonaws.com/ecn-watermarks/effex/28538_6.jpg]]></imageMediumBack>
								
									<imageThumbnailFront><![CDATA[https://s3.amazonaws.com/ecn-watermarks/effex/28538_9.jpg]]></imageThumbnailFront>
								
									<imageThumbnailBack><![CDATA[https://s3.amazonaws.com/ecn-watermarks/effex/28538_10.jpg]]></imageThumbnailBack>
									
				<manufacturer><![CDATA[Doc Johnson Enterprises]]></manufacturer>
				<categories>DILDOS and DONGS NON VIBRATING,SEX TOYS FOR WOMEN,DILDOS and DONGS,</categories>
				<itemDescription>Appropriately named, the Realistic Hung is 12 inches of plump head, juicy balls, and bulging veins. With 3 inches of thick girth ready to fill you up, this big daddy is sure to satisfy the greatest of appetites. Made of phthalate-free, body-safe PVC material. Proudly Made in America.</itemDescription> <htmlitemdescriptioninbase64format>QXBwcm9wcmlhdGVseSBuYW1lZCwgdGhlIFJlYWxpc3RpYyBIdW5nIGlzIDEyIGluY2hlcyBvZiBwbHVtcCBoZWFkLCBqdWljeSBiYWxscywgYW5kIGJ1bGdpbmcgdmVpbnMuIFdpdGggMyBpbmNoZXMgb2YgdGhpY2sgZ2lydGggcmVhZHkgdG8gZmlsbCB5b3UgdXAsIHRoaXMgYmlnIGRhZGR5IGlzIHN1cmUgdG8gc2F0aXNmeSB0aGUgZ3JlYXRlc3Qgb2YgYXBwZXRpdGVzLiBNYWRlIG9mIHBodGhhbGF0ZS1mcmVlLCBib2R5LXNhZmUgUFZDIG1hdGVyaWFsLiBQcm91ZGx5IE1hZGUgaW4gQW1lcmljYS4=</htmlitemdescriptioninbase64format>												
				<upc>782421000356</upc>			
				<dateUpdated>12/24/2020 12:01:18 PM</dateUpdated>	
				<itemweight><![CDATA[3.24]]></itemweight>		
				<dateCreated>11/15/2010 2:57:36 PM</dateCreated>			
				<deliveryallowed><![CDATA[0]]></deliveryallowed>	

					
						<categoriesV2>

											
							<categoritem>
								
									<mastercategories><![CDATA[Dildos & Dongs]]></mastercategories>
								
									<subcategories><![CDATA[Brown|Realistic Dongs|With Balls|Harness Accessories]]></subcategories>
														
							</categoritem>					
												
						</categoriesV2>
						
					<alternatetitle><![CDATA[Vac-U-Lock Realistic Hung Dildo 12in - Chocolate]]></alternatetitle>
					<height><![CDATA[3.75]]></height>
					<width><![CDATA[4.75]]></width>
					<length><![CDATA[15.25]]></length>
					<marketplacerestrictions><![CDATA[0]]></marketplacerestrictions>
					<discontinued>No</discontinued>
					
						<regulations />
												
													
			</item>
				
			<item>
				<title><![CDATA[Flow Powerbullet 5 Black(disc)]]></title>
				<releaseDate>02/18/2011</releaseDate>				
				<itemSKU>BMS5521-8</itemSKU>
				<itemID>28626</itemID>		
				<standardPrice>7.7500</standardPrice>		
				<mapPrice>19.76</mapPrice>
				<msrpPrice>21.95</msrpPrice>			
				<stock>Available Now</stock>
				<multiplesOF>1</multiplesOF> 
									<imageLargeFront><![CDATA[https://s3.amazonaws.com/ecn-watermarks/effex/28626_1.jpg]]></imageLargeFront>
								
									<imageLargeBack><![CDATA[https://s3.amazonaws.com/ecn-watermarks/effex/28626_2.jpg]]></imageLargeBack>
								
									<imageMediumFront><![CDATA[https://s3.amazonaws.com/ecn-watermarks/effex/28626_5.jpg]]></imageMediumFront>
								
									<imageMediumBack><![CDATA[https://s3.amazonaws.com/ecn-watermarks/effex/28626_6.jpg]]></imageMediumBack>
								
									<imageThumbnailFront><![CDATA[https://s3.amazonaws.com/ecn-watermarks/effex/28626_9.jpg]]></imageThumbnailFront>
								
									<imageThumbnailBack><![CDATA[https://s3.amazonaws.com/ecn-watermarks/effex/28626_10.jpg]]></imageThumbnailBack>
									
				<manufacturer><![CDATA[B.m.s. Enterprises]]></manufacturer>
				<categories>WATERPROOF MULTISPEED VIB,SEX TOYS FOR WOMEN,BULLETS and EGGS,</categories>
				<itemDescription>PowerBullet breeze flow 5 inch long lasting... Powerful and exquisite. Beautiful printed design.</itemDescription> <htmlitemdescriptioninbase64format>UG93ZXJCdWxsZXQgYnJlZXplIGZsb3cgNSBpbmNoIGxvbmcgbGFzdGluZy4uLiBQb3dlcmZ1bCBhbmQgZXhxdWlzaXRlLiBCZWF1dGlmdWwgcHJpbnRlZCBkZXNpZ24u</htmlitemdescriptioninbase64format>												
				<upc>677613552181</upc>			
				<dateUpdated>12/24/2020 12:01:18 PM</dateUpdated>	
				<itemweight><![CDATA[0.10]]></itemweight>		
				<dateCreated>11/24/2010 2:24:40 PM</dateCreated>			
				<deliveryallowed><![CDATA[1]]></deliveryallowed>	

					
						<categoriesV2>

											
							<categoritem>
								
									<mastercategories><![CDATA[Closeout/discontinued|Eggs & Bullets|Massagers|Vibrators]]></mastercategories>
								
									<subcategories><![CDATA[Black|Multispeed|Vibrating|Waterproof]]></subcategories>
														
							</categoritem>					
												
						</categoriesV2>
						
					<alternatetitle><![CDATA[Power Bullet Breeze Flow Vibrating Massager Bullet - Black]]></alternatetitle>
					<height><![CDATA[1]]></height>
					<width><![CDATA[3.25]]></width>
					<length><![CDATA[7.25]]></length>
					<marketplacerestrictions><![CDATA[0]]></marketplacerestrictions>
					<discontinued>Yes</discontinued>
					
						<regulations />
												
													
			</item>
				
			<item>
				<title><![CDATA[Flow Powerbullet 5 Purple]]></title>
				<releaseDate>02/18/2011</releaseDate>				
				<itemSKU>BMS5515-8</itemSKU>
				<itemID>28628</itemID>		
				<standardPrice>7.7500</standardPrice>		
				<mapPrice>19.76</mapPrice>
				<msrpPrice>21.95</msrpPrice>			
				<stock>Available Now</stock>
				<multiplesOF>1</multiplesOF> 
									<imageLargeFront><![CDATA[https://s3.amazonaws.com/ecn-watermarks/effex/28628_1.jpg]]></imageLargeFront>
								
									<imageLargeBack><![CDATA[https://s3.amazonaws.com/ecn-watermarks/effex/28628_2.jpg]]></imageLargeBack>
								
									<imageMediumFront><![CDATA[https://s3.amazonaws.com/ecn-watermarks/effex/28628_5.jpg]]></imageMediumFront>
								
									<imageMediumBack><![CDATA[https://s3.amazonaws.com/ecn-watermarks/effex/28628_6.jpg]]></imageMediumBack>
								
									<imageThumbnailFront><![CDATA[https://s3.amazonaws.com/ecn-watermarks/effex/28628_9.jpg]]></imageThumbnailFront>
								
									<imageThumbnailBack><![CDATA[https://s3.amazonaws.com/ecn-watermarks/effex/28628_10.jpg]]></imageThumbnailBack>
									
				<manufacturer><![CDATA[B.m.s. Enterprises]]></manufacturer>
				<categories>WATERPROOF MULTISPEED VIB,SEX TOYS FOR WOMEN,BULLETS and EGGS,</categories>
				<itemDescription>PowerBullet breeze flow 5 inch long lasting... Powerful and exquisite. Beautiful printed design.</itemDescription> <htmlitemdescriptioninbase64format>UG93ZXJCdWxsZXQgYnJlZXplIGZsb3cgNSBpbmNoIGxvbmcgbGFzdGluZy4uLiBQb3dlcmZ1bCBhbmQgZXhxdWlzaXRlLiBCZWF1dGlmdWwgcHJpbnRlZCBkZXNpZ24u</htmlitemdescriptioninbase64format>												
				<upc>677613551580</upc>			
				<dateUpdated>12/24/2020 12:01:18 PM</dateUpdated>	
				<itemweight><![CDATA[0.10]]></itemweight>		
				<dateCreated>11/24/2010 2:22:47 PM</dateCreated>			
				<deliveryallowed><![CDATA[1]]></deliveryallowed>	

					
						<categoriesV2>

											
							<categoritem>
								
									<mastercategories><![CDATA[Eggs & Bullets|Massagers|Vibrators]]></mastercategories>
								
									<subcategories><![CDATA[Multispeed|Purple|Vibrating|Waterproof]]></subcategories>
														
							</categoritem>					
												
						</categoriesV2>
						
					<alternatetitle><![CDATA[Power Bullet Breeze Flow Vibrating Massager Bullet - Lavender]]></alternatetitle>
					<height><![CDATA[1.25]]></height>
					<width><![CDATA[3.5]]></width>
					<length><![CDATA[7.25]]></length>
					<marketplacerestrictions><![CDATA[0]]></marketplacerestrictions>
					<discontinued>No</discontinued>
					
						<regulations />
												
													
			</item>
				
			<item>
				<title><![CDATA[Ff Extrm Spider Gag]]></title>
				<releaseDate>02/04/2011</releaseDate>				
				<itemSKU>PD3630-00</itemSKU>
				<itemID>28876</itemID>		
				<standardPrice>10.0000</standardPrice>		
				<mapPrice>0</mapPrice>
				<msrpPrice>19.99</msrpPrice>			
				<stock>Available Now</stock>
				<multiplesOF>1</multiplesOF> 
									<imageLargeFront><![CDATA[https://s3.amazonaws.com/ecn-watermarks/effex/28876_1.jpg]]></imageLargeFront>
								
									<imageLargeBack><![CDATA[https://s3.amazonaws.com/ecn-watermarks/effex/28876_2.jpg]]></imageLargeBack>
								
									<imageMediumFront><![CDATA[https://s3.amazonaws.com/ecn-watermarks/effex/28876_5.jpg]]></imageMediumFront>
								
									<imageMediumBack><![CDATA[https://s3.amazonaws.com/ecn-watermarks/effex/28876_6.jpg]]></imageMediumBack>
								
									<imageThumbnailFront><![CDATA[https://s3.amazonaws.com/ecn-watermarks/effex/28876_9.jpg]]></imageThumbnailFront>
								
									<imageThumbnailBack><![CDATA[https://s3.amazonaws.com/ecn-watermarks/effex/28876_10.jpg]]></imageThumbnailBack>
									
				<manufacturer><![CDATA[Pipedream Products,inc.]]></manufacturer>
				<categories>BONDAGE,BALL GAG,UNISEX ITEMS,</categories>
				<itemDescription>When wide-open isn`t wide enough, the Fetish Fantasy Extreme Spider Gag will get the job done! This extreme gag consists of a steel ring with four curved metal legs attached to the ring. The gag and legs prevent the mouth from closing, leaving your subject`s mouth wide open for whatever you wish to put in it. The diameter of the ring measures 1.5, and the gag connects to a leather strap that buckles in the back and keeps the gag firmly in place. One size fits most.Case Count:36Material:Steel</itemDescription> <htmlitemdescriptioninbase64format>V2hlbiB3aWRlLW9wZW4gaXNuJ3Qgd2lkZSBlbm91Z2gsIHRoZSBGZXRpc2ggRmFudGFzeSBFeHRyZW1lIFNwaWRlciBHYWcgd2lsbCBnZXQgdGhlIGpvYiBkb25lISBUaGlzIGV4dHJlbWUgZ2FnIGNvbnNpc3RzIG9mIGEgc3RlZWwgcmluZyB3aXRoIGZvdXIgY3VydmVkIG1ldGFsICJsZWdzIiBhdHRhY2hlZCB0byB0aGUgcmluZy4gVGhlIGdhZyBhbmQgbGVncyBwcmV2ZW50IHRoZSBtb3V0aCBmcm9tIGNsb3NpbmcsIGxlYXZpbmcgeW91ciBzdWJqZWN0J3MgbW91dGggd2lkZSBvcGVuIGZvciB3aGF0ZXZlciB5b3Ugd2lzaCB0byBwdXQgaW4gaXQuIFRoZSBkaWFtZXRlciBvZiB0aGUgcmluZyBtZWFzdXJlcyAxLjUiLCBhbmQgdGhlIGdhZyBjb25uZWN0cyB0byBhIGxlYXRoZXIgc3RyYXAgdGhhdCBidWNrbGVzIGluIHRoZSBiYWNrIGFuZCBrZWVwcyB0aGUgZ2FnIGZpcm1seSBpbiBwbGFjZS4gT25lIHNpemUgZml0cyBtb3N0LjxCUj48QlI+Q2FzZSBDb3VudDozNjxCUj5NYXRlcmlhbDpTdGVlbA==</htmlitemdescriptioninbase64format>												
				<upc>603912289299</upc>			
				<dateUpdated>12/24/2020 12:01:18 PM</dateUpdated>	
				<itemweight><![CDATA[0.26]]></itemweight>		
				<dateCreated>12/22/2010 4:50:13 PM</dateCreated>			
				<deliveryallowed><![CDATA[1]]></deliveryallowed>	

					
						<categoriesV2>

											
							<categoritem>
								
									<mastercategories><![CDATA[Bondage & Fetish]]></mastercategories>
								
									<subcategories><![CDATA[Ball Gags|Leather|Metal|One Size Fits Most|Silver]]></subcategories>
														
							</categoritem>					
												
						</categoriesV2>
						
					<alternatetitle><![CDATA[Fetish Fantasy Extreme Spider Gag - Silver]]></alternatetitle>
					<height><![CDATA[2.5]]></height>
					<width><![CDATA[4.5]]></width>
					<length><![CDATA[8]]></length>
					<marketplacerestrictions><![CDATA[0]]></marketplacerestrictions>
					<discontinued>No</discontinued>
					
						<regulations />
												
													
			</item>
				
			<item>
				<title><![CDATA[Basix 12 Dong W/suction Black]]></title>
				<releaseDate>05/13/2011</releaseDate>				
				<itemSKU>PD4231-23</itemSKU>
				<itemID>29278</itemID>		
				<standardPrice>22.0000</standardPrice>		
				<mapPrice>0</mapPrice>
				<msrpPrice>43.99</msrpPrice>			
				<stock>Available Now</stock>
				<multiplesOF>1</multiplesOF> 
									<imageLargeFront><![CDATA[https://s3.amazonaws.com/ecn-watermarks/effex/29278_1.jpg]]></imageLargeFront>
								
									<imageLargeBack><![CDATA[https://s3.amazonaws.com/ecn-watermarks/effex/29278_2.jpg]]></imageLargeBack>
								
									<imageMediumFront><![CDATA[https://s3.amazonaws.com/ecn-watermarks/effex/29278_5.jpg]]></imageMediumFront>
								
									<imageMediumBack><![CDATA[https://s3.amazonaws.com/ecn-watermarks/effex/29278_6.jpg]]></imageMediumBack>
								
									<imageThumbnailFront><![CDATA[https://s3.amazonaws.com/ecn-watermarks/effex/29278_9.jpg]]></imageThumbnailFront>
								
									<imageThumbnailBack><![CDATA[https://s3.amazonaws.com/ecn-watermarks/effex/29278_10.jpg]]></imageThumbnailBack>
									
				<manufacturer><![CDATA[Pipedream Products,inc.]]></manufacturer>
				<categories>SEX TOYS FOR WOMEN,DILDOS and DONGS,NON VIBRATING,</categories>
				<itemDescription>Pipedream has put a new twist on a classic product to bring you the best possible rubber made in the USA. Our American-made rubber is 100 percent phthalates and latex-free, environmentally safe and hypoallergenic.We hope you enjoy using this product as much as we like making it! Features: Phthalates Free Suction Cup Waterproof Harness Compatible Single Entry Material: Rubber Jelly</itemDescription> <htmlitemdescriptioninbase64format>UGlwZWRyZWFtIGhhcyBwdXQgYSBuZXcgdHdpc3Qgb24gYSBjbGFzc2ljIHByb2R1Y3QgdG8gYnJpbmcgeW91IHRoZSBiZXN0IHBvc3NpYmxlIHJ1YmJlciBtYWRlIGluIHRoZSBVU0EuIE91ciBBbWVyaWNhbi1tYWRlIHJ1YmJlciBpcyAxMDAgcGVyY2VudCBwaHRoYWxhdGVzIGFuZCBsYXRleC1mcmVlLCBlbnZpcm9ubWVudGFsbHkgc2FmZSBhbmQgaHlwb2FsbGVyZ2VuaWMuPGJyPjxicj5XZSBob3BlIHlvdSBlbmpveSB1c2luZyB0aGlzIHByb2R1Y3QgYXMgbXVjaCBhcyB3ZSBsaWtlIG1ha2luZyBpdCEgPGJyPjxicj48Yj5GZWF0dXJlczogPC9iPjxicj5QaHRoYWxhdGVzIEZyZWUgPGJyPlN1Y3Rpb24gQ3VwIDxicj5XYXRlcnByb29mIDxicj5IYXJuZXNzIENvbXBhdGlibGUgPGJyPlNpbmdsZSBFbnRyeSA8YnI+PGJyPjxiPk1hdGVyaWFsOiA8L2I+PGJyPlJ1YmJlciA8YnI+SmVsbHk=</htmlitemdescriptioninbase64format>												
				<upc>603912293692</upc>			
				<dateUpdated>12/24/2020 12:01:18 PM</dateUpdated>	
				<itemweight><![CDATA[2.48]]></itemweight>		
				<dateCreated>01/21/2011 5:04:34 PM</dateCreated>			
				<deliveryallowed><![CDATA[0]]></deliveryallowed>	

					
						<categoriesV2>

											
							<categoritem>
								
									<mastercategories><![CDATA[Dildos & Dongs]]></mastercategories>
								
									<subcategories><![CDATA[Black|Non Latex|Realistic Dongs|Suction Cup|With Balls|Harness Accessories]]></subcategories>
														
							</categoritem>					
												
						</categoriesV2>
						
					<alternatetitle><![CDATA[Basix Rubber Works 12 Inch Dong With Suction Cup Black]]></alternatetitle>
					<height><![CDATA[4]]></height>
					<width><![CDATA[7.75]]></width>
					<length><![CDATA[18]]></length>
					<marketplacerestrictions><![CDATA[0]]></marketplacerestrictions>
					<discontinued>No</discontinued>
					
						<regulations />
												
													
			</item>
				
			<item>
				<title><![CDATA[Thc]]></title>
				<releaseDate>06/12/2015</releaseDate>				
				<itemSKU>VBG024</itemSKU>
				<itemID>30234</itemID>		
				<standardPrice>6.5000</standardPrice>		
				<mapPrice>0</mapPrice>
				<msrpPrice>0</msrpPrice>			
				<stock>Available Now</stock>
				<multiplesOF>1</multiplesOF> 
									<imageLargeFront><![CDATA[https://s3.amazonaws.com/ecn-watermarks/effex/30234_1.jpg]]></imageLargeFront>
								
									<imageLargeBack><![CDATA[https://s3.amazonaws.com/ecn-watermarks/effex/30234_2.jpg]]></imageLargeBack>
								
									<imageMediumFront><![CDATA[https://s3.amazonaws.com/ecn-watermarks/effex/30234_5.jpg]]></imageMediumFront>
								
									<imageMediumBack><![CDATA[https://s3.amazonaws.com/ecn-watermarks/effex/30234_6.jpg]]></imageMediumBack>
								
									<imageThumbnailFront><![CDATA[https://s3.amazonaws.com/ecn-watermarks/effex/30234_9.jpg]]></imageThumbnailFront>
								
									<imageThumbnailBack><![CDATA[https://s3.amazonaws.com/ecn-watermarks/effex/30234_10.jpg]]></imageThumbnailBack>
									
				<manufacturer><![CDATA[Kheper Games, Inc.]]></manufacturer>
				<categories>GAMES,SEX TOYS FOR COUPLES,</categories>
				<itemDescription>The psychedelic game of pot-themed challenges and dares. The winner is the fi rst player to make it to the marijuana clinic. Game Includes: a 7 3/8 in. x 8 3/4 in. gameboard, 4 game markers, a joint-shaped spinner, and easy-to-follow game rules. Game Includes: a 7 3/8 in. x 8 3/4 in. game board, a joint-shaped spinner, 4 game markers, and easy-to-follow game rules.</itemDescription> <htmlitemdescriptioninbase64format>VGhlIHBzeWNoZWRlbGljIGdhbWUgb2YgcG90LXRoZW1lZCBjaGFsbGVuZ2VzIGFuZCBkYXJlcy4gVGhlIHdpbm5lciBpcyB0aGUgZmkgcnN0IHBsYXllciB0byBtYWtlIGl0IHRvIHRoZSBtYXJpanVhbmEgY2xpbmljLiBHYW1lIEluY2x1ZGVzOiBhIDcgMy84IGluLiB4IDggMy80IGluLiBnYW1lYm9hcmQsIDQgZ2FtZSBtYXJrZXJzLCBhIGpvaW50LXNoYXBlZCBzcGlubmVyLCBhbmQgZWFzeS10by1mb2xsb3cgZ2FtZSBydWxlcy4gR2FtZSBJbmNsdWRlczogYSA3IDMvOCBpbi4geCA4IDMvNCBpbi4gZ2FtZSBib2FyZCwgYSBqb2ludC1zaGFwZWQgc3Bpbm5lciwgNCBnYW1lIG1hcmtlcnMsIGFuZCBlYXN5LXRvLWZvbGxvdyBnYW1lIHJ1bGVzLg==</htmlitemdescriptioninbase64format>												
				<upc>825156102930</upc>			
				<dateUpdated>12/24/2020 12:01:18 PM</dateUpdated>	
				<itemweight><![CDATA[0.50]]></itemweight>		
				<dateCreated>07/21/2011 4:03:56 PM</dateCreated>			
				<deliveryallowed><![CDATA[0]]></deliveryallowed>	

					
						<categoriesV2>

											
							<categoritem>
								
									<mastercategories><![CDATA[Games]]></mastercategories>
								
									<subcategories><![CDATA[Board Games]]></subcategories>
														
							</categoritem>					
												
						</categoriesV2>
						
					<alternatetitle><![CDATA[THC Board Game]]></alternatetitle>
					<height><![CDATA[1.5]]></height>
					<width><![CDATA[6.25]]></width>
					<length><![CDATA[7.5]]></length>
					<marketplacerestrictions><![CDATA[0]]></marketplacerestrictions>
					<discontinued>No</discontinued>
					
						<regulations />
												
													
			</item>
				
			<item>
				<title><![CDATA[Round Massage Candle Guavalava]]></title>
				<releaseDate>10/21/2011</releaseDate>				
				<itemSKU>EB055</itemSKU>
				<itemID>30800</itemID>		
				<standardPrice>8.0000</standardPrice>		
				<mapPrice>15.99</mapPrice>
				<msrpPrice>15.99</msrpPrice>			
				<stock>Available Now</stock>
				<multiplesOF>1</multiplesOF> 
									<imageLargeFront><![CDATA[https://s3.amazonaws.com/ecn-watermarks/effex/30800_1.jpg]]></imageLargeFront>
								
								<imageLargeBack></imageLargeBack>
							
									<imageMediumFront><![CDATA[https://s3.amazonaws.com/ecn-watermarks/effex/30800_5.jpg]]></imageMediumFront>
								
								<imageMediumBack></imageMediumBack>
							
									<imageThumbnailFront><![CDATA[https://s3.amazonaws.com/ecn-watermarks/effex/30800_9.jpg]]></imageThumbnailFront>
								
								<imageThumbnailBack></imageThumbnailBack>
								
				<manufacturer><![CDATA[Earthly Body]]></manufacturer>
				<categories>CANDLES,SEX TOYS FOR COUPLES,</categories>
				<itemDescription>Hand Poured, Fragrant Natural Soy-Oil Massage Candle burns longer and cleaner.Melts into a warming, silky massage oil.Penetrates and moisturizes skin.8 Natural Oils including Hemp Seed, Vitamin E, Jojoba, Avocado, and Apricot leave skin soft and smooth.Use right out of the shower or bath.100% Vegan, Non-Toxic</itemDescription> <htmlitemdescriptioninbase64format>SGFuZCBQb3VyZWQsIEZyYWdyYW50IE5hdHVyYWwgU295LU9pbCBNYXNzYWdlIENhbmRsZSBidXJucyBsb25nZXIgJiBjbGVhbmVyLk1lbHRzIGludG8gYSB3YXJtaW5nLCBzaWxreSBtYXNzYWdlIG9pbC5QZW5ldHJhdGVzIGFuZCBtb2lzdHVyaXplcyBza2luLjggTmF0dXJhbCBPaWxzIGluY2x1ZGluZyBIZW1wIFNlZWQsIFZpdGFtaW4gRSwgSm9qb2JhLCBBdm9jYWRvLCAmIEFwcmljb3QgbGVhdmUgc2tpbiBzb2Z0IGFuZCBzbW9vdGguVXNlIHJpZ2h0IG91dCBvZiB0aGUgc2hvd2VyIG9yIGJhdGguMTAwJSBWZWdhbiwgTm9uLVRveGlj</htmlitemdescriptioninbase64format>												
				<upc>879959008463</upc>			
				<dateUpdated>12/24/2020 12:01:18 PM</dateUpdated>	
				<itemweight><![CDATA[0.44]]></itemweight>		
				<dateCreated>09/28/2011 2:40:53 PM</dateCreated>			
				<deliveryallowed><![CDATA[1]]></deliveryallowed>	

					
						<categoriesV2>

											
							<categoritem>
								
									<mastercategories><![CDATA[Bath & Body]]></mastercategories>
								
									<subcategories><![CDATA[Candles|Massage Lotions, Oils, Gels & Creams|Vegan]]></subcategories>
														
							</categoritem>					
												
						</categoriesV2>
						
					<alternatetitle><![CDATA[Earthly Body Hemp Seed 3 In 1 Massage Candle - Guavalava 6oz]]></alternatetitle>
					<height><![CDATA[3.25]]></height>
					<width><![CDATA[3.25]]></width>
					<length><![CDATA[2]]></length>
					<marketplacerestrictions><![CDATA[0]]></marketplacerestrictions>
					<discontinued>No</discontinued>
					
						<regulations />
												
													
			</item>
				
			<item>
				<title><![CDATA[Sandm Satin Blindfold - Hot Pink]]></title>
				<releaseDate>02/03/2012</releaseDate>				
				<itemSKU>ESS100-04</itemSKU>
				<itemID>31954</itemID>		
				<standardPrice>3.4700</standardPrice>		
				<mapPrice>0</mapPrice>
				<msrpPrice>0</msrpPrice>			
				<stock>Available Now</stock>
				<multiplesOF>1</multiplesOF> 
									<imageLargeFront><![CDATA[https://s3.amazonaws.com/ecn-watermarks/effex/31954_1.jpg]]></imageLargeFront>
								
									<imageLargeBack><![CDATA[https://s3.amazonaws.com/ecn-watermarks/effex/31954_2.jpg]]></imageLargeBack>
								
									<imageMediumFront><![CDATA[https://s3.amazonaws.com/ecn-watermarks/effex/31954_5.jpg]]></imageMediumFront>
								
									<imageMediumBack><![CDATA[https://s3.amazonaws.com/ecn-watermarks/effex/31954_6.jpg]]></imageMediumBack>
								
									<imageThumbnailFront><![CDATA[https://s3.amazonaws.com/ecn-watermarks/effex/31954_9.jpg]]></imageThumbnailFront>
								
									<imageThumbnailBack><![CDATA[https://s3.amazonaws.com/ecn-watermarks/effex/31954_10.jpg]]></imageThumbnailBack>
									
				<manufacturer><![CDATA[Sportsheets International,inc.]]></manufacturer>
				<categories>BONDAGE,SEX TOYS FOR COUPLES,BLINDFOLD,</categories>
				<itemDescription>Blindfold your lover with the Sex and Mischief Satin Blindfold. This silky, soft, eye covering is the perfect way to conceal sexy, exciting secrets and fantasies as you prepare and act out a night of teasing and pleasure. Your partner will have no idea what`s in store. The elastic band fits comfortably around his or her head, and the mask is cut for total coverage. No peeking.</itemDescription> <htmlitemdescriptioninbase64format>QmxpbmRmb2xkIHlvdXIgbG92ZXIgd2l0aCB0aGUgU2V4IGFuZCBNaXNjaGllZiBTYXRpbiBCbGluZGZvbGQuIFRoaXMgc2lsa3ksIHNvZnQsIGV5ZSBjb3ZlcmluZyBpcyB0aGUgcGVyZmVjdCB3YXkgdG8gY29uY2VhbCBzZXh5LCBleGNpdGluZyBzZWNyZXRzIGFuZCBmYW50YXNpZXMgYXMgeW91IHByZXBhcmUgYW5kIGFjdCBvdXQgYSBuaWdodCBvZiB0ZWFzaW5nIGFuZCBwbGVhc3VyZS4gWW91ciBwYXJ0bmVyIHdpbGwgaGF2ZSBubyBpZGVhIHdoYXQncyBpbiBzdG9yZS4gVGhlIGVsYXN0aWMgYmFuZCBmaXRzIGNvbWZvcnRhYmx5IGFyb3VuZCBoaXMgb3IgaGVyIGhlYWQsIGFuZCB0aGUgbWFzayBpcyBjdXQgZm9yIHRvdGFsIGNvdmVyYWdlLiBObyBwZWVraW5nLg==</htmlitemdescriptioninbase64format>												
				<upc>646709100049</upc>			
				<dateUpdated>12/24/2020 12:01:18 PM</dateUpdated>	
				<itemweight><![CDATA[0.06]]></itemweight>		
				<dateCreated>12/30/2011 10:45:02 AM</dateCreated>			
				<deliveryallowed><![CDATA[0]]></deliveryallowed>	

					
						<categoriesV2>

											
							<categoritem>
								
									<mastercategories><![CDATA[Bondage & Fetish|Holiday]]></mastercategories>
								
									<subcategories><![CDATA[Blindfolds|Pink|Valentines Day]]></subcategories>
														
							</categoritem>					
												
						</categoriesV2>
						
					<alternatetitle><![CDATA[Sex and Mischief Satin Blindfold - Hot Pink]]></alternatetitle>
					<height><![CDATA[0.25]]></height>
					<width><![CDATA[4]]></width>
					<length><![CDATA[10]]></length>
					<marketplacerestrictions><![CDATA[1]]></marketplacerestrictions>
					<discontinued>No</discontinued>
					
						<regulations />
												
													
			</item>
				
			<item>
				<title><![CDATA[Id Frutopia Natural 3.4 Oz Strawberry]]></title>
				<releaseDate>02/10/2012</releaseDate>				
				<itemSKU>ZIDTSE10</itemSKU>
				<itemID>32283</itemID>		
				<standardPrice>6.0900</standardPrice>		
				<mapPrice>0</mapPrice>
				<msrpPrice>0</msrpPrice>			
				<stock>Available Now</stock>
				<multiplesOF>1</multiplesOF> 
									<imageLargeFront><![CDATA[https://s3.amazonaws.com/ecn-watermarks/effex/32283_1.jpg]]></imageLargeFront>
								
								<imageLargeBack></imageLargeBack>
							
									<imageMediumFront><![CDATA[https://s3.amazonaws.com/ecn-watermarks/effex/32283_5.jpg]]></imageMediumFront>
								
								<imageMediumBack></imageMediumBack>
							
									<imageThumbnailFront><![CDATA[https://s3.amazonaws.com/ecn-watermarks/effex/32283_9.jpg]]></imageThumbnailFront>
								
								<imageThumbnailBack></imageThumbnailBack>
								
				<manufacturer><![CDATA[Id Lubes]]></manufacturer>
				<categories>LUBES,SEX TOYS FOR COUPLES,</categories>
				<itemDescription>100% Natural Fruit Flavor for 100% pure fun! Sweetened naturally it`s sugar free, water-based, vegan and latex friendly.Water/Aqua, Glycerin, Hydroxyethyl-cellulose, Sodium Benzoate, Citric Acid, Natural Flavor</itemDescription> <htmlitemdescriptioninbase64format>MTAwJSBOYXR1cmFsIEZydWl0IEZsYXZvciBmb3IgMTAwJSBwdXJlIGZ1biEgU3dlZXRlbmVkIG5hdHVyYWxseSBpdCdzIHN1Z2FyIGZyZWUsIHdhdGVyLWJhc2VkLCB2ZWdhbiBhbmQgbGF0ZXggZnJpZW5kbHkuPGJyPjxicj5XYXRlci9BcXVhLCBHbHljZXJpbiwgSHlkcm94eWV0aHlsLWNlbGx1bG9zZSwgU29kaXVtIEJlbnpvYXRlLCBDaXRyaWMgQWNpZCwgTmF0dXJhbCBGbGF2b3I=</htmlitemdescriptioninbase64format>												
				<upc>761236900341</upc>			
				<dateUpdated>12/24/2020 12:01:18 PM</dateUpdated>	
				<itemweight><![CDATA[0.32]]></itemweight>		
				<dateCreated>01/24/2012 4:45:01 PM</dateCreated>			
				<deliveryallowed><![CDATA[1]]></deliveryallowed>	

					
						<categoriesV2>

											
							<categoritem>
								
									<mastercategories><![CDATA[Lubricants, Massage Oils, Gels & Creams]]></mastercategories>
								
									<subcategories><![CDATA[Flavored Lubricant|Vegan|Water Based Lubricant]]></subcategories>
														
							</categoritem>					
												
						</categoriesV2>
						
					<alternatetitle><![CDATA[ID Frutopia Water Based Flavored Lubricant Strawberry 3.4oz]]></alternatetitle>
					<height><![CDATA[1.75]]></height>
					<width><![CDATA[1.75]]></width>
					<length><![CDATA[5.75]]></length>
					<marketplacerestrictions><![CDATA[0]]></marketplacerestrictions>
					<discontinued>No</discontinued>
					
						<regulations />
												
													
			</item>
				
			<item>
				<title><![CDATA[Id Frutopia Natural 3.4 Oz Cherry]]></title>
				<releaseDate>02/10/2012</releaseDate>				
				<itemSKU>ZIDTCE10</itemSKU>
				<itemID>32289</itemID>		
				<standardPrice>6.0900</standardPrice>		
				<mapPrice>0</mapPrice>
				<msrpPrice>0</msrpPrice>			
				<stock>Available Now</stock>
				<multiplesOF>1</multiplesOF> 
									<imageLargeFront><![CDATA[https://s3.amazonaws.com/ecn-watermarks/effex/32289_1.jpg]]></imageLargeFront>
								
								<imageLargeBack></imageLargeBack>
							
									<imageMediumFront><![CDATA[https://s3.amazonaws.com/ecn-watermarks/effex/32289_5.jpg]]></imageMediumFront>
								
								<imageMediumBack></imageMediumBack>
							
									<imageThumbnailFront><![CDATA[https://s3.amazonaws.com/ecn-watermarks/effex/32289_9.jpg]]></imageThumbnailFront>
								
								<imageThumbnailBack></imageThumbnailBack>
								
				<manufacturer><![CDATA[Id Lubes]]></manufacturer>
				<categories>LUBES,SEX TOYS FOR COUPLES,</categories>
				<itemDescription>100% Natural Fruit Flavor for 100% pure fun! Sweetened naturally it`s sugar free, water-based, vegan and latex friendly.Water/Aqua, Glycerin, Hydroxyethyl-cellulose, Sodium Benzoate, Citric Acid, Natural Flavor</itemDescription> <htmlitemdescriptioninbase64format>MTAwJSBOYXR1cmFsIEZydWl0IEZsYXZvciBmb3IgMTAwJSBwdXJlIGZ1biEgU3dlZXRlbmVkIG5hdHVyYWxseSBpdCdzIHN1Z2FyIGZyZWUsIHdhdGVyLWJhc2VkLCB2ZWdhbiBhbmQgbGF0ZXggZnJpZW5kbHkuPEJSPjxCUj5XYXRlci9BcXVhLCBHbHljZXJpbiwgSHlkcm94eWV0aHlsLWNlbGx1bG9zZSwgU29kaXVtIEJlbnpvYXRlLCBDaXRyaWMgQWNpZCwgTmF0dXJhbCBGbGF2b3I=</htmlitemdescriptioninbase64format>												
				<upc>761236900310</upc>			
				<dateUpdated>12/24/2020 12:01:18 PM</dateUpdated>	
				<itemweight><![CDATA[0.32]]></itemweight>		
				<dateCreated>01/24/2012 4:45:01 PM</dateCreated>			
				<deliveryallowed><![CDATA[1]]></deliveryallowed>	

					
						<categoriesV2>

											
							<categoritem>
								
									<mastercategories><![CDATA[Lubricants, Massage Oils, Gels & Creams]]></mastercategories>
								
									<subcategories><![CDATA[Flavored Lubricant|Vegan|Water Based Lubricant]]></subcategories>
														
							</categoritem>					
												
						</categoriesV2>
						
					<alternatetitle><![CDATA[ID Frutopia Water Based Flavored Lubricant Cherry 3.4oz]]></alternatetitle>
					<height><![CDATA[1.75]]></height>
					<width><![CDATA[1.75]]></width>
					<length><![CDATA[5.75]]></length>
					<marketplacerestrictions><![CDATA[0]]></marketplacerestrictions>
					<discontinued>No</discontinued>
					
						<regulations />
												
													
			</item>
				
			<item>
				<title><![CDATA[Id Frutopia Natural 3.4 Oz Raspberry]]></title>
				<releaseDate>02/10/2012</releaseDate>				
				<itemSKU>ZIDTRE10</itemSKU>
				<itemID>32292</itemID>		
				<standardPrice>6.0900</standardPrice>		
				<mapPrice>0</mapPrice>
				<msrpPrice>0</msrpPrice>			
				<stock>Available Now</stock>
				<multiplesOF>1</multiplesOF> 
									<imageLargeFront><![CDATA[https://s3.amazonaws.com/ecn-watermarks/effex/32292_1.jpg]]></imageLargeFront>
								
								<imageLargeBack></imageLargeBack>
							
									<imageMediumFront><![CDATA[https://s3.amazonaws.com/ecn-watermarks/effex/32292_5.jpg]]></imageMediumFront>
								
								<imageMediumBack></imageMediumBack>
							
									<imageThumbnailFront><![CDATA[https://s3.amazonaws.com/ecn-watermarks/effex/32292_9.jpg]]></imageThumbnailFront>
								
								<imageThumbnailBack></imageThumbnailBack>
								
				<manufacturer><![CDATA[Id Lubes]]></manufacturer>
				<categories>LUBES,SEX TOYS FOR COUPLES,</categories>
				<itemDescription>100% Natural Fruit Flavor for 100% pure fun! Sweetened naturally it`s sugar free, water-based, vegan and latex friendly.Water/Aqua, Glycerin, Hydroxyethyl-cellulose, Sodium Benzoate, Citric Acid, Natural Flavor</itemDescription> <htmlitemdescriptioninbase64format>MTAwJSBOYXR1cmFsIEZydWl0IEZsYXZvciBmb3IgMTAwJSBwdXJlIGZ1biEgU3dlZXRlbmVkIG5hdHVyYWxseSBpdCdzIHN1Z2FyIGZyZWUsIHdhdGVyLWJhc2VkLCB2ZWdhbiBhbmQgbGF0ZXggZnJpZW5kbHkuPEJSPjxCUj5XYXRlci9BcXVhLCBHbHljZXJpbiwgSHlkcm94eWV0aHlsLWNlbGx1bG9zZSwgU29kaXVtIEJlbnpvYXRlLCBDaXRyaWMgQWNpZCwgTmF0dXJhbCBGbGF2b3I=</htmlitemdescriptioninbase64format>												
				<upc>761236900334</upc>			
				<dateUpdated>12/24/2020 12:01:18 PM</dateUpdated>	
				<itemweight><![CDATA[0.32]]></itemweight>		
				<dateCreated>01/24/2012 4:45:01 PM</dateCreated>			
				<deliveryallowed><![CDATA[1]]></deliveryallowed>	

					
						<categoriesV2>

											
							<categoritem>
								
									<mastercategories><![CDATA[Lubricants, Massage Oils, Gels & Creams]]></mastercategories>
								
									<subcategories><![CDATA[Flavored Lubricant|Vegan|Water Based Lubricant]]></subcategories>
														
							</categoritem>					
												
						</categoriesV2>
						
					<alternatetitle><![CDATA[ID Frutopia Water Based Flavored Lubricant Raspberry 3.4oz]]></alternatetitle>
					<height><![CDATA[1.75]]></height>
					<width><![CDATA[1.75]]></width>
					<length><![CDATA[5.75]]></length>
					<marketplacerestrictions><![CDATA[0]]></marketplacerestrictions>
					<discontinued>No</discontinued>
					
						<regulations />
												
													
			</item>
				
			<item>
				<title><![CDATA[Bodywand Recharge Pulse Black]]></title>
				<releaseDate>07/06/2012</releaseDate>				
				<itemSKU>XGBW109</itemSKU>
				<itemID>33039</itemID>		
				<standardPrice>43.9500</standardPrice>		
				<mapPrice>89.95</mapPrice>
				<msrpPrice>0</msrpPrice>			
				<stock>Available Now</stock>
				<multiplesOF>1</multiplesOF> 
									<imageLargeFront><![CDATA[https://s3.amazonaws.com/ecn-watermarks/effex/33039_1.jpg]]></imageLargeFront>
								
									<imageLargeBack><![CDATA[https://s3.amazonaws.com/ecn-watermarks/effex/33039_2.jpg]]></imageLargeBack>
								
									<imageMediumFront><![CDATA[https://s3.amazonaws.com/ecn-watermarks/effex/33039_5.jpg]]></imageMediumFront>
								
									<imageMediumBack><![CDATA[https://s3.amazonaws.com/ecn-watermarks/effex/33039_6.jpg]]></imageMediumBack>
								
									<imageThumbnailFront><![CDATA[https://s3.amazonaws.com/ecn-watermarks/effex/33039_9.jpg]]></imageThumbnailFront>
								
									<imageThumbnailBack><![CDATA[https://s3.amazonaws.com/ecn-watermarks/effex/33039_10.jpg]]></imageThumbnailBack>
									
				<manufacturer><![CDATA[Bodywand]]></manufacturer>
				<categories>SEX TOYS FOR WOMEN,</categories>
				<itemDescription>Soft-touch. Engineered for strong and continuous stimulation. Designed with subdued sound levels. Simple one finger control. No running out of batteries for unlimited enjoyment.</itemDescription> <htmlitemdescriptioninbase64format>U29mdC10b3VjaC4gRW5naW5lZXJlZCBmb3Igc3Ryb25nIGFuZCBjb250aW51b3VzIHN0aW11bGF0aW9uLiBEZXNpZ25lZCB3aXRoIHN1YmR1ZWQgc291bmQgbGV2ZWxzLiBTaW1wbGUgb25lIGZpbmdlciBjb250cm9sLiBObyBydW5uaW5nIG91dCBvZiBiYXR0ZXJpZXMgZm9yIHVubGltaXRlZCBlbmpveW1lbnQu</htmlitemdescriptioninbase64format>												
				<upc>726633974661</upc>			
				<dateUpdated>12/24/2020 12:01:18 PM</dateUpdated>	
				<itemweight><![CDATA[0.94]]></itemweight>		
				<dateCreated>06/07/2012 9:45:06 AM</dateCreated>			
				<deliveryallowed><![CDATA[1]]></deliveryallowed>	

					
						<categoriesV2>

											
							<categoritem>
								
									<mastercategories><![CDATA[Clitoral Stimulation|Massagers|Vibrators]]></mastercategories>
								
									<subcategories><![CDATA[Black|Body Massager|Large|Multispeed|Rechargeable|Vibrating|Wireless]]></subcategories>
														
							</categoritem>					
												
						</categoriesV2>
						
					<alternatetitle><![CDATA[Bodywand Rechargeable Silicone Wand Massager Large - Black]]></alternatetitle>
					<height><![CDATA[3]]></height>
					<width><![CDATA[3.5]]></width>
					<length><![CDATA[12]]></length>
					<marketplacerestrictions><![CDATA[0]]></marketplacerestrictions>
					<discontinued>No</discontinued>
					
						<regulations />
												
													
			</item>
				
			<item>
				<title><![CDATA[Icicles No 37(disc)]]></title>
				<releaseDate>07/27/2012</releaseDate>				
				<itemSKU>PD2937-00</itemSKU>
				<itemID>33188</itemID>		
				<standardPrice>14.0000</standardPrice>		
				<mapPrice>0</mapPrice>
				<msrpPrice>27.99</msrpPrice>			
				<stock>Available Now</stock>
				<multiplesOF>1</multiplesOF> 
									<imageLargeFront><![CDATA[https://s3.amazonaws.com/ecn-watermarks/effex/33188_1.jpg]]></imageLargeFront>
								
									<imageLargeBack><![CDATA[https://s3.amazonaws.com/ecn-watermarks/effex/33188_2.jpg]]></imageLargeBack>
								
									<imageMediumFront><![CDATA[https://s3.amazonaws.com/ecn-watermarks/effex/33188_5.jpg]]></imageMediumFront>
								
									<imageMediumBack><![CDATA[https://s3.amazonaws.com/ecn-watermarks/effex/33188_6.jpg]]></imageMediumBack>
								
									<imageThumbnailFront><![CDATA[https://s3.amazonaws.com/ecn-watermarks/effex/33188_9.jpg]]></imageThumbnailFront>
								
									<imageThumbnailBack><![CDATA[https://s3.amazonaws.com/ecn-watermarks/effex/33188_10.jpg]]></imageThumbnailBack>
									
				<manufacturer><![CDATA[Pipedream Products,inc.]]></manufacturer>
				<categories>SEX TOYS FOR WOMEN,MASSAGERS,NON VIBRATING,</categories>
				<itemDescription>Elegant, upscale, and hand-crafted with amazing attention to detail, this luxurious line of borosilicate glass massagers will leave you breathless. Each hand-blown Icicle glass wand is sleek, unique, and made to play hard.The hypoallergenic glass is nonporous and body safe, and when cared for properly, is designed to last a lifetime. Run the wand under warm water or place it in the microwave to heat things up. Chill it under cold water or put it in the freezer for a cool sensation.Since glass is nonporous, cleanup is a snap. Use Pipedream Toy Cleaner and warm water, or throw it in the dishwasher for a worry-free wash after the fun.</itemDescription> <htmlitemdescriptioninbase64format>RWxlZ2FudCwgdXBzY2FsZSwgYW5kIGhhbmQtY3JhZnRlZCB3aXRoIGFtYXppbmcgYXR0ZW50aW9uIHRvIGRldGFpbCwgdGhpcyBsdXh1cmlvdXMgbGluZSBvZiBib3Jvc2lsaWNhdGUgZ2xhc3MgbWFzc2FnZXJzIHdpbGwgbGVhdmUgeW91IGJyZWF0aGxlc3MuIEVhY2ggaGFuZC1ibG93biBJY2ljbGUgZ2xhc3Mgd2FuZCBpcyBzbGVlaywgdW5pcXVlLCBhbmQgbWFkZSB0byBwbGF5IGhhcmQuPGJyPjxicj5UaGUgaHlwb2FsbGVyZ2VuaWMgZ2xhc3MgaXMgbm9ucG9yb3VzIGFuZCBib2R5IHNhZmUsIGFuZCB3aGVuIGNhcmVkIGZvciBwcm9wZXJseSwgaXMgZGVzaWduZWQgdG8gbGFzdCBhIGxpZmV0aW1lLiBSdW4gdGhlIHdhbmQgdW5kZXIgd2FybSB3YXRlciBvciBwbGFjZSBpdCBpbiB0aGUgbWljcm93YXZlIHRvIGhlYXQgdGhpbmdzIHVwLiBDaGlsbCBpdCB1bmRlciBjb2xkIHdhdGVyIG9yIHB1dCBpdCBpbiB0aGUgZnJlZXplciBmb3IgYSBjb29sIHNlbnNhdGlvbi48YnI+PGJyPlNpbmNlIGdsYXNzIGlzIG5vbnBvcm91cywgY2xlYW51cCBpcyBhIHNuYXAuIFVzZSBQaXBlZHJlYW0gVG95IENsZWFuZXIgYW5kIHdhcm0gd2F0ZXIsIG9yIHRocm93IGl0IGluIHRoZSBkaXNod2FzaGVyIGZvciBhIHdvcnJ5LWZyZWUgd2FzaCBhZnRlciB0aGUgZnVuLg==</htmlitemdescriptioninbase64format>												
				<upc>603912314649</upc>			
				<dateUpdated>12/24/2020 12:01:18 PM</dateUpdated>	
				<itemweight><![CDATA[0.66]]></itemweight>		
				<dateCreated>07/11/2012 5:45:06 PM</dateCreated>			
				<deliveryallowed><![CDATA[0]]></deliveryallowed>	

					
						<categoriesV2>

											
							<categoritem>
								
									<mastercategories><![CDATA[Closeout/discontinued|Glass|Massagers]]></mastercategories>
								
									<subcategories><![CDATA[Black|Non-vibrating|Waterproof]]></subcategories>
														
							</categoritem>					
												
						</categoriesV2>
						
					<alternatetitle><![CDATA[Icicles No 37 Textured Glass Massager - Black]]></alternatetitle>
					<height><![CDATA[2.75]]></height>
					<width><![CDATA[4.25]]></width>
					<length><![CDATA[8.25]]></length>
					<marketplacerestrictions><![CDATA[0]]></marketplacerestrictions>
					<discontinued>Yes</discontinued>
					
						<regulations />
												
													
			</item>
				
			<item>
				<title><![CDATA[Ffle Remote Control Vibe Panty Blk]]></title>
				<releaseDate>10/01/2012</releaseDate>				
				<itemSKU>PD4421-23</itemSKU>
				<itemID>33230</itemID>		
				<standardPrice>28.0000</standardPrice>		
				<mapPrice>0</mapPrice>
				<msrpPrice>55.99</msrpPrice>			
				<stock>Available Now</stock>
				<multiplesOF>1</multiplesOF> 
									<imageLargeFront><![CDATA[https://s3.amazonaws.com/ecn-watermarks/effex/33230_1.jpg]]></imageLargeFront>
								
									<imageLargeBack><![CDATA[https://s3.amazonaws.com/ecn-watermarks/effex/33230_2.jpg]]></imageLargeBack>
								
									<imageMediumFront><![CDATA[https://s3.amazonaws.com/ecn-watermarks/effex/33230_5.jpg]]></imageMediumFront>
								
									<imageMediumBack><![CDATA[https://s3.amazonaws.com/ecn-watermarks/effex/33230_6.jpg]]></imageMediumBack>
								
									<imageThumbnailFront><![CDATA[https://s3.amazonaws.com/ecn-watermarks/effex/33230_9.jpg]]></imageThumbnailFront>
								
									<imageThumbnailBack><![CDATA[https://s3.amazonaws.com/ecn-watermarks/effex/33230_10.jpg]]></imageThumbnailBack>
									
				<manufacturer><![CDATA[Pipedream Products,inc.]]></manufacturer>
				<categories> </categories>
				<itemDescription>Fetish Fantasy Series Limited Edition.  Can you keep a secret? Tucked away discreetly inside this sexy, low-rise thong is a hidden micro-bullet designed to rock your world! The soft, stretchy waistband is so comfortable, you`ll forget you`re even wearing panties until you turn on the secret micro stimulator. With the push of a button, the whisper-quiet motor comes to life and provides direct stimulation where you want it most. Choose from 20 pulsation patterns and go from a flutter to a throb instantly. The wireless remote control allows your partner to control the vibrations from the next room or across the dinner table, giving you a whole new element of surprise to your next rendezvous. Best of all, no one will ever know why you`re smiling so much! Requires 2 AAA batteries (not included) and 3 LR44/AG13 (1.5V) batteries (included).</itemDescription> <htmlitemdescriptioninbase64format>RmV0aXNoIEZhbnRhc3kgU2VyaWVzIDxpPkxpbWl0ZWQgRWRpdGlvbi4gPC9pPjxicj48YnI+IENhbiB5b3Uga2VlcCBhIHNlY3JldD8gVHVja2VkIGF3YXkgZGlzY3JlZXRseSBpbnNpZGUgdGhpcyBzZXh5LCBsb3ctcmlzZSB0aG9uZyBpcyBhIGhpZGRlbiBtaWNyby1idWxsZXQgZGVzaWduZWQgdG8gcm9jayB5b3VyIHdvcmxkISBUaGUgc29mdCwgc3RyZXRjaHkgd2Fpc3RiYW5kIGlzIHNvIGNvbWZvcnRhYmxlLCB5b3UnbGwgZm9yZ2V0IHlvdSdyZSBldmVuIHdlYXJpbmcgcGFudGllcyB1bnRpbCB5b3UgdHVybiBvbiB0aGUgc2VjcmV0IG1pY3JvIHN0aW11bGF0b3IuIFdpdGggdGhlIHB1c2ggb2YgYSBidXR0b24sIHRoZSB3aGlzcGVyLXF1aWV0IG1vdG9yIGNvbWVzIHRvIGxpZmUgYW5kIHByb3ZpZGVzIGRpcmVjdCBzdGltdWxhdGlvbiB3aGVyZSB5b3Ugd2FudCBpdCBtb3N0LiBDaG9vc2UgZnJvbSAyMCBwdWxzYXRpb24gcGF0dGVybnMgYW5kIGdvIGZyb20gYSBmbHV0dGVyIHRvIGEgdGhyb2IgaW5zdGFudGx5LiBUaGUgd2lyZWxlc3MgcmVtb3RlIGNvbnRyb2wgYWxsb3dzIHlvdXIgcGFydG5lciB0byBjb250cm9sIHRoZSB2aWJyYXRpb25zIGZyb20gdGhlIG5leHQgcm9vbSBvciBhY3Jvc3MgdGhlIGRpbm5lciB0YWJsZSwgZ2l2aW5nIHlvdSBhIHdob2xlIG5ldyBlbGVtZW50IG9mIHN1cnByaXNlIHRvIHlvdXIgbmV4dCByZW5kZXp2b3VzLiBCZXN0IG9mIGFsbCwgbm8gb25lIHdpbGwgZXZlciBrbm93IHdoeSB5b3UncmUgc21pbGluZyBzbyBtdWNoISA8YnI+PGJyPlJlcXVpcmVzIDIgQUFBIGJhdHRlcmllcyAobm90IGluY2x1ZGVkKSBhbmQgMyBMUjQ0L0FHMTMgKDEuNVYpIGJhdHRlcmllcyAoaW5jbHVkZWQpLg==</htmlitemdescriptioninbase64format>												
				<upc>603912320428</upc>			
				<dateUpdated>12/24/2020 12:01:18 PM</dateUpdated>	
				<itemweight><![CDATA[0.22]]></itemweight>		
				<dateCreated>07/17/2012 4:45:07 PM</dateCreated>			
				<deliveryallowed><![CDATA[0]]></deliveryallowed>	

					
						<categoriesV2>

											
							<categoritem>
								
									<mastercategories><![CDATA[Clitoral Stimulation|Eggs & Bullets|Lingerie, Clothing & Accessories]]></mastercategories>
								
									<subcategories><![CDATA[Black|Discreet Vibrators|Multifunction|Remote Control|Vibrating Panties & Thongs|Wireless]]></subcategories>
														
							</categoritem>					
												
						</categoriesV2>
						
					<alternatetitle><![CDATA[Fetish Fantasy Series Limited Edition Remote Control Vibrating Panties Black]]></alternatetitle>
					<height><![CDATA[1.25]]></height>
					<width><![CDATA[4.75]]></width>
					<length><![CDATA[7.75]]></length>
					<marketplacerestrictions><![CDATA[0]]></marketplacerestrictions>
					<discontinued>No</discontinued>
					
						<regulations />
												
													
			</item>
				
			<item>
				<title><![CDATA[Spreader Bar and Cuffs]]></title>
				<releaseDate>03/15/2013</releaseDate>				
				<itemSKU>ESS326-02</itemSKU>
				<itemID>34857</itemID>		
				<standardPrice>29.0000</standardPrice>		
				<mapPrice>0</mapPrice>
				<msrpPrice>0</msrpPrice>			
				<stock>Available Now</stock>
				<multiplesOF>1</multiplesOF> 
									<imageLargeFront><![CDATA[https://s3.amazonaws.com/ecn-watermarks/effex/34857_1.jpg]]></imageLargeFront>
								
									<imageLargeBack><![CDATA[https://s3.amazonaws.com/ecn-watermarks/effex/34857_2.jpg]]></imageLargeBack>
								
									<imageMediumFront><![CDATA[https://s3.amazonaws.com/ecn-watermarks/effex/34857_5.jpg]]></imageMediumFront>
								
									<imageMediumBack><![CDATA[https://s3.amazonaws.com/ecn-watermarks/effex/34857_6.jpg]]></imageMediumBack>
								
									<imageThumbnailFront><![CDATA[https://s3.amazonaws.com/ecn-watermarks/effex/34857_9.jpg]]></imageThumbnailFront>
								
									<imageThumbnailBack><![CDATA[https://s3.amazonaws.com/ecn-watermarks/effex/34857_10.jpg]]></imageThumbnailBack>
									
				<manufacturer><![CDATA[Sportsheets International,inc.]]></manufacturer>
				<categories>BONDAGE,SEX TOYS FOR COUPLES,</categories>
				<itemDescription>Expandable spreader bar and cuffs set.Bar expands from 29-37.</itemDescription> <htmlitemdescriptioninbase64format>RXhwYW5kYWJsZSBzcHJlYWRlciBiYXIgYW5kIGN1ZmZzIHNldC48YnI+QmFyIGV4cGFuZHMgZnJvbSAyOS0zNyIu</htmlitemdescriptioninbase64format>												
				<upc>646709326029</upc>			
				<dateUpdated>12/24/2020 12:01:18 PM</dateUpdated>	
				<itemweight><![CDATA[0.96]]></itemweight>		
				<dateCreated>01/22/2013 11:45:08 AM</dateCreated>			
				<deliveryallowed><![CDATA[1]]></deliveryallowed>	

					
						<categoriesV2>

											
							<categoritem>
								
									<mastercategories><![CDATA[Bondage & Fetish|Kit]]></mastercategories>
								
									<subcategories><![CDATA[Handcuffs]]></subcategories>
														
							</categoritem>					
												
						</categoriesV2>
						
					<alternatetitle><![CDATA[Sportsheets Expandable Spreader Bar And Cuffs Set - Silver/Black]]></alternatetitle>
					<height><![CDATA[2]]></height>
					<width><![CDATA[6]]></width>
					<length><![CDATA[18]]></length>
					<marketplacerestrictions><![CDATA[1]]></marketplacerestrictions>
					<discontinued>No</discontinued>
					
						<regulations />
												
													
			</item>
				
			<item>
				<title><![CDATA[Id Glide 2.2 Oz Flip Cap Bottle]]></title>
				<releaseDate>03/01/2013</releaseDate>				
				<itemSKU>ZID2GLD</itemSKU>
				<itemID>34958</itemID>		
				<standardPrice>5.6700</standardPrice>		
				<mapPrice>0</mapPrice>
				<msrpPrice>0</msrpPrice>			
				<stock>Available Now</stock>
				<multiplesOF>1</multiplesOF> 
									<imageLargeFront><![CDATA[https://s3.amazonaws.com/ecn-watermarks/effex/34958_1.jpg]]></imageLargeFront>
								
								<imageLargeBack></imageLargeBack>
							
									<imageMediumFront><![CDATA[https://s3.amazonaws.com/ecn-watermarks/effex/34958_5.jpg]]></imageMediumFront>
								
								<imageMediumBack></imageMediumBack>
							
									<imageThumbnailFront><![CDATA[https://s3.amazonaws.com/ecn-watermarks/effex/34958_9.jpg]]></imageThumbnailFront>
								
								<imageThumbnailBack></imageThumbnailBack>
								
				<manufacturer><![CDATA[Id Lubes]]></manufacturer>
				<categories>LUBES,</categories>
				<itemDescription>I-D Glide provides you with all the slip you could ask for in a water-based lubricant! Use it during couples` intimacy or masturbation to enhance the sensation and make all of your sexual encounters more enjoyable. I-D Glide is condom compatible, safe to use with your favorite adult toys and can easily be re-activated with a drop of water or saliva. I-D Glide is an FDA 510k approved medical device, so you know you`re getting a quality product. I-D Glide is here to slide you into place! Features Natural Feel Condom Compatible Water-Based Enhances Masturbation Non-Staining Adult Toy Safe</itemDescription> <htmlitemdescriptioninbase64format>SS1EIEdsaWRlIHByb3ZpZGVzIHlvdSB3aXRoIGFsbCB0aGUgc2xpcCB5b3UgY291bGQgYXNrIGZvciBpbiBhIHdhdGVyLWJhc2VkIGx1YnJpY2FudCEgVXNlIGl0IGR1cmluZyBjb3VwbGVzJyBpbnRpbWFjeSBvciBtYXN0dXJiYXRpb24gdG8gZW5oYW5jZSB0aGUgc2Vuc2F0aW9uIGFuZCBtYWtlIGFsbCBvZiB5b3VyIHNleHVhbCBlbmNvdW50ZXJzIG1vcmUgZW5qb3lhYmxlLiBJLUQgR2xpZGUgaXMgY29uZG9tIGNvbXBhdGlibGUsIHNhZmUgdG8gdXNlIHdpdGggeW91ciBmYXZvcml0ZSBhZHVsdCB0b3lzIGFuZCBjYW4gZWFzaWx5IGJlIHJlLWFjdGl2YXRlZCB3aXRoIGEgZHJvcCBvZiB3YXRlciBvciBzYWxpdmEuIEktRCBHbGlkZSBpcyBhbiBGREEgNTEwayBhcHByb3ZlZCBtZWRpY2FsIGRldmljZSwgc28geW91IGtub3cgeW91J3JlIGdldHRpbmcgYSBxdWFsaXR5IHByb2R1Y3QuIEktRCBHbGlkZSBpcyBoZXJlIHRvIHNsaWRlIHlvdSBpbnRvIHBsYWNlISA8YnI+PGJyPjxiPkZlYXR1cmVzIDwvYj48YnI+TmF0dXJhbCBGZWVsIDxicj5Db25kb20gQ29tcGF0aWJsZSA8YnI+V2F0ZXItQmFzZWQgPGJyPkVuaGFuY2VzIE1hc3R1cmJhdGlvbiA8YnI+Tm9uLVN0YWluaW5nIDxicj5BZHVsdCBUb3kgU2FmZQ==</htmlitemdescriptioninbase64format>												
				<upc>761236900532</upc>			
				<dateUpdated>12/24/2020 12:01:18 PM</dateUpdated>	
				<itemweight><![CDATA[0.20]]></itemweight>		
				<dateCreated>02/05/2013 3:45:07 PM</dateCreated>			
				<deliveryallowed><![CDATA[1]]></deliveryallowed>	

					
						<categoriesV2>

											
							<categoritem>
								
									<mastercategories><![CDATA[Lubricants, Massage Oils, Gels & Creams]]></mastercategories>
								
									<subcategories><![CDATA[Water Based Lubricant]]></subcategories>
														
							</categoritem>					
												
						</categoriesV2>
						
					<alternatetitle><![CDATA[ID Glide Water Based Lubricant 2.2oz]]></alternatetitle>
					<height><![CDATA[1.5]]></height>
					<width><![CDATA[1.5]]></width>
					<length><![CDATA[4.75]]></length>
					<marketplacerestrictions><![CDATA[0]]></marketplacerestrictions>
					<discontinued>No</discontinued>
					
						<regulations />
												
													
			</item>
				
			<item>
				<title><![CDATA[Id Glide 8.5 Oz Flip Cap Bottle]]></title>
				<releaseDate>03/01/2013</releaseDate>				
				<itemSKU>ZID8GLD</itemSKU>
				<itemID>34960</itemID>		
				<standardPrice>11.3600</standardPrice>		
				<mapPrice>0</mapPrice>
				<msrpPrice>0</msrpPrice>			
				<stock>Available Now</stock>
				<multiplesOF>1</multiplesOF> 
									<imageLargeFront><![CDATA[https://s3.amazonaws.com/ecn-watermarks/effex/34960_1.jpg]]></imageLargeFront>
								
								<imageLargeBack></imageLargeBack>
							
									<imageMediumFront><![CDATA[https://s3.amazonaws.com/ecn-watermarks/effex/34960_5.jpg]]></imageMediumFront>
								
								<imageMediumBack></imageMediumBack>
							
									<imageThumbnailFront><![CDATA[https://s3.amazonaws.com/ecn-watermarks/effex/34960_9.jpg]]></imageThumbnailFront>
								
								<imageThumbnailBack></imageThumbnailBack>
								
				<manufacturer><![CDATA[Id Lubes]]></manufacturer>
				<categories>LUBES,</categories>
				<itemDescription>I-D Glide provides you with all the slip you could ask for in a water-based lubricant! Use it during couples` intimacy or masturbation to enhance the sensation and make all of your sexual encounters more enjoyable. I-D Glide is condom compatible, safe to use with your favorite adult toys and can easily be re-activated with a drop of water or saliva. I-D Glide is an FDA 510k approved medical device, so you know you`re getting a quality product. I-D Glide is here to slide you into place! Features Natural Feel Condom Compatible Water-Based Enhances Masturbation Non-Staining Adult Toy Safe</itemDescription> <htmlitemdescriptioninbase64format>SS1EIEdsaWRlIHByb3ZpZGVzIHlvdSB3aXRoIGFsbCB0aGUgc2xpcCB5b3UgY291bGQgYXNrIGZvciBpbiBhIHdhdGVyLWJhc2VkIGx1YnJpY2FudCEgVXNlIGl0IGR1cmluZyBjb3VwbGVzJyBpbnRpbWFjeSBvciBtYXN0dXJiYXRpb24gdG8gZW5oYW5jZSB0aGUgc2Vuc2F0aW9uIGFuZCBtYWtlIGFsbCBvZiB5b3VyIHNleHVhbCBlbmNvdW50ZXJzIG1vcmUgZW5qb3lhYmxlLiBJLUQgR2xpZGUgaXMgY29uZG9tIGNvbXBhdGlibGUsIHNhZmUgdG8gdXNlIHdpdGggeW91ciBmYXZvcml0ZSBhZHVsdCB0b3lzIGFuZCBjYW4gZWFzaWx5IGJlIHJlLWFjdGl2YXRlZCB3aXRoIGEgZHJvcCBvZiB3YXRlciBvciBzYWxpdmEuIEktRCBHbGlkZSBpcyBhbiBGREEgNTEwayBhcHByb3ZlZCBtZWRpY2FsIGRldmljZSwgc28geW91IGtub3cgeW91J3JlIGdldHRpbmcgYSBxdWFsaXR5IHByb2R1Y3QuIEktRCBHbGlkZSBpcyBoZXJlIHRvIHNsaWRlIHlvdSBpbnRvIHBsYWNlISA8YnI+PGJyPjxiPkZlYXR1cmVzIDwvYj48YnI+TmF0dXJhbCBGZWVsIDxicj5Db25kb20gQ29tcGF0aWJsZSA8YnI+V2F0ZXItQmFzZWQgPGJyPkVuaGFuY2VzIE1hc3R1cmJhdGlvbiA8YnI+Tm9uLVN0YWluaW5nIDxicj5BZHVsdCBUb3kgU2FmZQ==</htmlitemdescriptioninbase64format>												
				<upc>761236900556</upc>			
				<dateUpdated>12/24/2020 12:01:18 PM</dateUpdated>	
				<itemweight><![CDATA[0.40]]></itemweight>		
				<dateCreated>02/05/2013 4:45:07 PM</dateCreated>			
				<deliveryallowed><![CDATA[1]]></deliveryallowed>	

					
						<categoriesV2>

											
							<categoritem>
								
									<mastercategories><![CDATA[Lubricants, Massage Oils, Gels & Creams]]></mastercategories>
								
									<subcategories><![CDATA[Water Based Lubricant]]></subcategories>
														
							</categoritem>					
												
						</categoriesV2>
						
					<alternatetitle><![CDATA[ID Glide Water Based Lubricant 8.5oz]]></alternatetitle>
					<height><![CDATA[2]]></height>
					<width><![CDATA[2]]></width>
					<length><![CDATA[7.75]]></length>
					<marketplacerestrictions><![CDATA[0]]></marketplacerestrictions>
					<discontinued>No</discontinued>
					
						<regulations />
												
													
			</item>
				
			<item>
				<title><![CDATA[Id Glide 17 Oz Overcap Container Pump]]></title>
				<releaseDate>03/01/2013</releaseDate>				
				<itemSKU>ZID17GLD</itemSKU>
				<itemID>34961</itemID>		
				<standardPrice>18.7900</standardPrice>		
				<mapPrice>0</mapPrice>
				<msrpPrice>0</msrpPrice>			
				<stock>Available Now</stock>
				<multiplesOF>1</multiplesOF> 
									<imageLargeFront><![CDATA[https://s3.amazonaws.com/ecn-watermarks/effex/34961_1.jpg]]></imageLargeFront>
								
								<imageLargeBack></imageLargeBack>
							
									<imageMediumFront><![CDATA[https://s3.amazonaws.com/ecn-watermarks/effex/34961_5.jpg]]></imageMediumFront>
								
								<imageMediumBack></imageMediumBack>
							
									<imageThumbnailFront><![CDATA[https://s3.amazonaws.com/ecn-watermarks/effex/34961_9.jpg]]></imageThumbnailFront>
								
								<imageThumbnailBack></imageThumbnailBack>
								
				<manufacturer><![CDATA[Id Lubes]]></manufacturer>
				<categories>LUBES,</categories>
				<itemDescription>I-D Glide provides you with all the slip you could ask for in a water-based lubricant! Use it during couples` intimacy or masturbation to enhance the sensation and make all of your sexual encounters more enjoyable. I-D Glide is condom compatible, safe to use with your favorite adult toys and can easily be re-activated with a drop of water or saliva. I-D Glide is an FDA 510k approved medical device, so you know you`re getting a quality product. I-D Glide is here to slide you into place! Features Natural Feel Condom Compatible Water-Based Enhances Masturbation Non-Staining Adult Toy Safe</itemDescription> <htmlitemdescriptioninbase64format>SS1EIEdsaWRlIHByb3ZpZGVzIHlvdSB3aXRoIGFsbCB0aGUgc2xpcCB5b3UgY291bGQgYXNrIGZvciBpbiBhIHdhdGVyLWJhc2VkIGx1YnJpY2FudCEgVXNlIGl0IGR1cmluZyBjb3VwbGVzJyBpbnRpbWFjeSBvciBtYXN0dXJiYXRpb24gdG8gZW5oYW5jZSB0aGUgc2Vuc2F0aW9uIGFuZCBtYWtlIGFsbCBvZiB5b3VyIHNleHVhbCBlbmNvdW50ZXJzIG1vcmUgZW5qb3lhYmxlLiBJLUQgR2xpZGUgaXMgY29uZG9tIGNvbXBhdGlibGUsIHNhZmUgdG8gdXNlIHdpdGggeW91ciBmYXZvcml0ZSBhZHVsdCB0b3lzIGFuZCBjYW4gZWFzaWx5IGJlIHJlLWFjdGl2YXRlZCB3aXRoIGEgZHJvcCBvZiB3YXRlciBvciBzYWxpdmEuIEktRCBHbGlkZSBpcyBhbiBGREEgNTEwayBhcHByb3ZlZCBtZWRpY2FsIGRldmljZSwgc28geW91IGtub3cgeW91J3JlIGdldHRpbmcgYSBxdWFsaXR5IHByb2R1Y3QuIEktRCBHbGlkZSBpcyBoZXJlIHRvIHNsaWRlIHlvdSBpbnRvIHBsYWNlISA8YnI+PGJyPjxiPkZlYXR1cmVzIDwvYj48YnI+TmF0dXJhbCBGZWVsIDxicj5Db25kb20gQ29tcGF0aWJsZSA8YnI+V2F0ZXItQmFzZWQgPGJyPkVuaGFuY2VzIE1hc3R1cmJhdGlvbiA8YnI+Tm9uLVN0YWluaW5nIDxicj5BZHVsdCBUb3kgU2FmZQ==</htmlitemdescriptioninbase64format>												
				<upc>761236900723</upc>			
				<dateUpdated>12/24/2020 12:01:18 PM</dateUpdated>	
				<itemweight><![CDATA[1.30]]></itemweight>		
				<dateCreated>02/05/2013 4:45:07 PM</dateCreated>			
				<deliveryallowed><![CDATA[1]]></deliveryallowed>	

					
						<categoriesV2>

											
							<categoritem>
								
									<mastercategories><![CDATA[Lubricants, Massage Oils, Gels & Creams]]></mastercategories>
								
									<subcategories><![CDATA[Water Based Lubricant]]></subcategories>
														
							</categoritem>					
												
						</categoriesV2>
						
					<alternatetitle><![CDATA[ID Glide Water Based Lubricant 17oz]]></alternatetitle>
					<height><![CDATA[1.25]]></height>
					<width><![CDATA[1.25]]></width>
					<length><![CDATA[10.25]]></length>
					<marketplacerestrictions><![CDATA[0]]></marketplacerestrictions>
					<discontinued>No</discontinued>
					
						<regulations />
												
													
			</item>
				
			<item>
				<title><![CDATA[Id Pleasure 8.5 Oz Flip Cap Bottle]]></title>
				<releaseDate>03/01/2013</releaseDate>				
				<itemSKU>ZID8PLS</itemSKU>
				<itemID>34967</itemID>		
				<standardPrice>11.8700</standardPrice>		
				<mapPrice>0</mapPrice>
				<msrpPrice>23.16</msrpPrice>			
				<stock>Available Now</stock>
				<multiplesOF>1</multiplesOF> 
									<imageLargeFront><![CDATA[https://s3.amazonaws.com/ecn-watermarks/effex/34967_1.jpg]]></imageLargeFront>
								
								<imageLargeBack></imageLargeBack>
							
									<imageMediumFront><![CDATA[https://s3.amazonaws.com/ecn-watermarks/effex/34967_5.jpg]]></imageMediumFront>
								
								<imageMediumBack></imageMediumBack>
							
									<imageThumbnailFront><![CDATA[https://s3.amazonaws.com/ecn-watermarks/effex/34967_9.jpg]]></imageThumbnailFront>
								
								<imageThumbnailBack></imageThumbnailBack>
								
				<manufacturer><![CDATA[Id Lubes]]></manufacturer>
				<categories>LUBES,</categories>
				<itemDescription>I-D Pleasure is here for those who love the quality of I-D Glide with added stimulation! I-D Pleasure uses the same formula as I-D Glide, but with the added natural botanical extracts of gingko biloba and red clover to increase local blood circulation and stimulation to the applied area. Keep I-D Pleasure around for those extra frisky moments!</itemDescription> <htmlitemdescriptioninbase64format>SS1EIFBsZWFzdXJlIGlzIGhlcmUgZm9yIHRob3NlIHdobyBsb3ZlIHRoZSBxdWFsaXR5IG9mIEktRCBHbGlkZSB3aXRoIGFkZGVkIHN0aW11bGF0aW9uISBJLUQgUGxlYXN1cmUgdXNlcyB0aGUgc2FtZSBmb3JtdWxhIGFzIEktRCBHbGlkZSwgYnV0IHdpdGggdGhlIGFkZGVkIG5hdHVyYWwgYm90YW5pY2FsIGV4dHJhY3RzIG9mIGdpbmdrbyBiaWxvYmEgYW5kIHJlZCBjbG92ZXIgdG8gaW5jcmVhc2UgbG9jYWwgYmxvb2QgY2lyY3VsYXRpb24gYW5kIHN0aW11bGF0aW9uIHRvIHRoZSBhcHBsaWVkIGFyZWEuIEtlZXAgSS1EIFBsZWFzdXJlIGFyb3VuZCBmb3IgdGhvc2UgZXh0cmEgZnJpc2t5IG1vbWVudHMh</htmlitemdescriptioninbase64format>												
				<upc>761236900594</upc>			
				<dateUpdated>12/24/2020 12:01:18 PM</dateUpdated>	
				<itemweight><![CDATA[0.70]]></itemweight>		
				<dateCreated>02/05/2013 4:45:07 PM</dateCreated>			
				<deliveryallowed><![CDATA[1]]></deliveryallowed>	

					
						<categoriesV2>

											
							<categoritem>
								
									<mastercategories><![CDATA[Lubricants, Massage Oils, Gels & Creams]]></mastercategories>
								
									<subcategories><![CDATA[Warming, Cooling & Tingling Lubricant|Water Based Lubricant]]></subcategories>
														
							</categoritem>					
												
						</categoriesV2>
						
					<alternatetitle><![CDATA[ID Pleasure Water Based Tingling Lubricant 8.5oz]]></alternatetitle>
					<height><![CDATA[2]]></height>
					<width><![CDATA[2]]></width>
					<length><![CDATA[7.75]]></length>
					<marketplacerestrictions><![CDATA[0]]></marketplacerestrictions>
					<discontinued>No</discontinued>
					
						<regulations />
												
													
			</item>
				
			<item>
				<title><![CDATA[Ringo X3 Cockrings Black 6/bx]]></title>
				<releaseDate>06/21/2013</releaseDate>				
				<itemSKU>XSORNGO3P110</itemSKU>
				<itemID>35776</itemID>		
				<standardPrice>19.8000</standardPrice>		
				<mapPrice>0</mapPrice>
				<msrpPrice>0</msrpPrice>			
				<stock>Available Now</stock>
				<multiplesOF>1</multiplesOF> 
									<imageLargeFront><![CDATA[https://s3.amazonaws.com/ecn-watermarks/effex/35776_1.jpg]]></imageLargeFront>
								
									<imageLargeBack><![CDATA[https://s3.amazonaws.com/ecn-watermarks/effex/35776_2.jpg]]></imageLargeBack>
								
									<imageMediumFront><![CDATA[https://s3.amazonaws.com/ecn-watermarks/effex/35776_5.jpg]]></imageMediumFront>
								
									<imageMediumBack><![CDATA[https://s3.amazonaws.com/ecn-watermarks/effex/35776_6.jpg]]></imageMediumBack>
								
									<imageThumbnailFront><![CDATA[https://s3.amazonaws.com/ecn-watermarks/effex/35776_9.jpg]]></imageThumbnailFront>
								
									<imageThumbnailBack><![CDATA[https://s3.amazonaws.com/ecn-watermarks/effex/35776_10.jpg]]></imageThumbnailBack>
									
				<manufacturer><![CDATA[Screaming O]]></manufacturer>
				<categories>COCKRINGS NON VIBRATING,SEX TOYS FOR MEN,COCKRINGS,</categories>
				<itemDescription>The Screaming O RingO 3 Pack Cock Rings. Choose from 3 super stretchy erection rings for the perfect fit. Stay harder longer with a fuller erection, mind blowing orgasms and premature ejaculation prevention. Features: 3 sizes for 3 sensations. Firmer and harder erections with more intense orgasms. Helps control premature ejaculation. Stretchy, comfortable erection rings. Additional Information: reusable fun. No batteries required. SEBS silicone. Latex and phthalate free. Waterproof non-vibrating cock rings.</itemDescription> <htmlitemdescriptioninbase64format>VGhlIFNjcmVhbWluZyBPIFJpbmdPIDMgUGFjayBDb2NrIFJpbmdzLiBDaG9vc2UgZnJvbSAzIHN1cGVyIHN0cmV0Y2h5IGVyZWN0aW9uIHJpbmdzIGZvciB0aGUgcGVyZmVjdCBmaXQuIFN0YXkgaGFyZGVyIGxvbmdlciB3aXRoIGEgZnVsbGVyIGVyZWN0aW9uLCBtaW5kIGJsb3dpbmcgb3JnYXNtcyBhbmQgcHJlbWF0dXJlIGVqYWN1bGF0aW9uIHByZXZlbnRpb24uIEZlYXR1cmVzOiAzIHNpemVzIGZvciAzIHNlbnNhdGlvbnMuIEZpcm1lciBhbmQgaGFyZGVyIGVyZWN0aW9ucyB3aXRoIG1vcmUgaW50ZW5zZSBvcmdhc21zLiBIZWxwcyBjb250cm9sIHByZW1hdHVyZSBlamFjdWxhdGlvbi4gU3RyZXRjaHksIGNvbWZvcnRhYmxlIGVyZWN0aW9uIHJpbmdzLiBBZGRpdGlvbmFsIEluZm9ybWF0aW9uOiByZXVzYWJsZSBmdW4uIE5vIGJhdHRlcmllcyByZXF1aXJlZC4gU0VCUyBzaWxpY29uZS4gTGF0ZXggYW5kIHBodGhhbGF0ZSBmcmVlLiBXYXRlcnByb29mIG5vbi12aWJyYXRpbmcgY29jayByaW5ncy4=</htmlitemdescriptioninbase64format>												
				<upc>10817483010450</upc>			
				<dateUpdated>12/24/2020 12:01:18 PM</dateUpdated>	
				<itemweight><![CDATA[0.62]]></itemweight>		
				<dateCreated>05/22/2013 11:45:08 AM</dateCreated>			
				<deliveryallowed><![CDATA[1]]></deliveryallowed>	

					
						<categoriesV2>

											
							<categoritem>
								
									<mastercategories><![CDATA[Cockrings]]></mastercategories>
								
									<subcategories><![CDATA[Black|Non Latex|Silicone|Waterproof]]></subcategories>
														
							</categoritem>					
												
						</categoriesV2>
						
					<alternatetitle><![CDATA[Ringo x3 3 Pack Cockrings 6 Packs Per Box Black]]></alternatetitle>
					<height><![CDATA[3.5]]></height>
					<width><![CDATA[4]]></width>
					<length><![CDATA[7]]></length>
					<marketplacerestrictions><![CDATA[0]]></marketplacerestrictions>
					<discontinued>No</discontinued>
					
						<regulations />
												
													
			</item>
				
			<item>
				<title><![CDATA[Afc Ass Gasm Cockring Plug]]></title>
				<releaseDate>11/15/2013</releaseDate>				
				<itemSKU>PD4623-23</itemSKU>
				<itemID>36973</itemID>		
				<standardPrice>11.0000</standardPrice>		
				<mapPrice>0</mapPrice>
				<msrpPrice>21.99</msrpPrice>			
				<stock>Available Now</stock>
				<multiplesOF>1</multiplesOF> 
									<imageLargeFront><![CDATA[https://s3.amazonaws.com/ecn-watermarks/effex/36973_1.jpg]]></imageLargeFront>
								
									<imageLargeBack><![CDATA[https://s3.amazonaws.com/ecn-watermarks/effex/36973_2.jpg]]></imageLargeBack>
								
									<imageMediumFront><![CDATA[https://s3.amazonaws.com/ecn-watermarks/effex/36973_5.jpg]]></imageMediumFront>
								
									<imageMediumBack><![CDATA[https://s3.amazonaws.com/ecn-watermarks/effex/36973_6.jpg]]></imageMediumBack>
								
									<imageThumbnailFront><![CDATA[https://s3.amazonaws.com/ecn-watermarks/effex/36973_9.jpg]]></imageThumbnailFront>
								
									<imageThumbnailBack><![CDATA[https://s3.amazonaws.com/ecn-watermarks/effex/36973_10.jpg]]></imageThumbnailBack>
									
				<manufacturer><![CDATA[Pipedream Products,inc.]]></manufacturer>
				<categories>SILICONE,COCKRINGS NON VIBRATING,PROSTATE MASSAGERS,SEX TOYS FOR GAYS,</categories>
				<itemDescription>Enjoy the most explosive ejaculations ever with the Ass-Gasm Cockring Plug. Made entirely from our silky-smooth Elite Silicone, this wearable plug doubles as a performance-enhancing cockring, allowing the wearer to prolong ejaculation and extend the fun while enjoying incredible prostate stimulation.With the Ass-Gasm in your ass and the ring wrapped snug around your cock, you`ll stay harder and stronger than ever before! The super-stretchy silicone ring puts the squeeze on performance letdowns, maintaining firm erections that last and last! The round, smooth head makes entry and retrieval a snap, while the thin, tapered shaft ensures the plug will stay in place between your cheeks when the action heats up. Place the ring around the base of your cock and balls and wear it all day for long-lasting fun and huge, powerful ejaculations!Our ultra-hygienic Elite Silicone is phthalate-free, hypoallergenic, and super flexible. Cleanup is a snap after the fun with the included Refresh Anti-Bacterial Toy Cleaner and warm water.Every Anal Fantasy box features a FREE 5-Piece Prep Kit to help you ease into comfort and clean up afterwards. The kit includes 2 finger sleeves, anal desensitizing cream, anal lube, and toy cleaner.- Insertable length: 4 in. (10 cm)- Width: 1.25 in. (3.25 cm)- Cockring diameter: 1.5 in. (3.75 cm)- Phthalate free- Waterproof- Silicone</itemDescription> <htmlitemdescriptioninbase64format>RW5qb3kgdGhlIG1vc3QgZXhwbG9zaXZlIGVqYWN1bGF0aW9ucyBldmVyIHdpdGggdGhlIEFzcy1HYXNtIENvY2tyaW5nIFBsdWcuIE1hZGUgZW50aXJlbHkgZnJvbSBvdXIgc2lsa3ktc21vb3RoIEVsaXRlIFNpbGljb25lLCB0aGlzIHdlYXJhYmxlIHBsdWcgZG91YmxlcyBhcyBhIHBlcmZvcm1hbmNlLWVuaGFuY2luZyBjb2NrcmluZywgYWxsb3dpbmcgdGhlIHdlYXJlciB0byBwcm9sb25nIGVqYWN1bGF0aW9uIGFuZCBleHRlbmQgdGhlIGZ1biB3aGlsZSBlbmpveWluZyBpbmNyZWRpYmxlIHByb3N0YXRlIHN0aW11bGF0aW9uLjxCUj48QlI+V2l0aCB0aGUgQXNzLUdhc20gaW4geW91ciBhc3MgYW5kIHRoZSByaW5nIHdyYXBwZWQgc251ZyBhcm91bmQgeW91ciBjb2NrLCB5b3UnbGwgc3RheSBoYXJkZXIgYW5kIHN0cm9uZ2VyIHRoYW4gZXZlciBiZWZvcmUhIFRoZSBzdXBlci1zdHJldGNoeSBzaWxpY29uZSByaW5nIHB1dHMgdGhlIHNxdWVlemUgb24gcGVyZm9ybWFuY2UgbGV0ZG93bnMsIG1haW50YWluaW5nIGZpcm0gZXJlY3Rpb25zIHRoYXQgbGFzdCBhbmQgbGFzdCEgVGhlIHJvdW5kLCBzbW9vdGggaGVhZCBtYWtlcyBlbnRyeSBhbmQgcmV0cmlldmFsIGEgc25hcCwgd2hpbGUgdGhlIHRoaW4sIHRhcGVyZWQgc2hhZnQgZW5zdXJlcyB0aGUgcGx1ZyB3aWxsIHN0YXkgaW4gcGxhY2UgYmV0d2VlbiB5b3VyIGNoZWVrcyB3aGVuIHRoZSBhY3Rpb24gaGVhdHMgdXAuIFBsYWNlIHRoZSByaW5nIGFyb3VuZCB0aGUgYmFzZSBvZiB5b3VyIGNvY2sgYW5kIGJhbGxzIGFuZCB3ZWFyIGl0IGFsbCBkYXkgZm9yIGxvbmctbGFzdGluZyBmdW4gYW5kIGh1Z2UsIHBvd2VyZnVsIGVqYWN1bGF0aW9ucyE8QlI+PEJSPk91ciB1bHRyYS1oeWdpZW5pYyBFbGl0ZSBTaWxpY29uZSBpcyBwaHRoYWxhdGUtZnJlZSwgaHlwb2FsbGVyZ2VuaWMsIGFuZCBzdXBlciBmbGV4aWJsZS4gQ2xlYW51cCBpcyBhIHNuYXAgYWZ0ZXIgdGhlIGZ1biB3aXRoIHRoZSBpbmNsdWRlZCBSZWZyZXNoIEFudGktQmFjdGVyaWFsIFRveSBDbGVhbmVyIGFuZCB3YXJtIHdhdGVyLjxCUj48QlI+RXZlcnkgQW5hbCBGYW50YXN5IGJveCBmZWF0dXJlcyBhIEZSRUUgNS1QaWVjZSBQcmVwIEtpdCB0byBoZWxwIHlvdSBlYXNlIGludG8gY29tZm9ydCBhbmQgY2xlYW4gdXAgYWZ0ZXJ3YXJkcy4gVGhlIGtpdCBpbmNsdWRlcyAyIGZpbmdlciBzbGVldmVzLCBhbmFsIGRlc2Vuc2l0aXppbmcgY3JlYW0sIGFuYWwgbHViZSwgYW5kIHRveSBjbGVhbmVyLjxCUj48QlI+LSBJbnNlcnRhYmxlIGxlbmd0aDogNCBpbi4gKDEwIGNtKTxCUj4tIFdpZHRoOiAxLjI1IGluLiAoMy4yNSBjbSk8QlI+LSBDb2NrcmluZyBkaWFtZXRlcjogMS41IGluLiAoMy43NSBjbSk8QlI+LSBQaHRoYWxhdGUgZnJlZTxCUj4tIFdhdGVycHJvb2Y8QlI+LSBTaWxpY29uZQ==</htmlitemdescriptioninbase64format>												
				<upc>603912332193</upc>			
				<dateUpdated>12/24/2020 12:01:18 PM</dateUpdated>	
				<itemweight><![CDATA[0.36]]></itemweight>		
				<dateCreated>10/23/2013 10:45:08 AM</dateCreated>			
				<deliveryallowed><![CDATA[0]]></deliveryallowed>	

					
						<categoriesV2>

											
							<categoritem>
								
									<mastercategories><![CDATA[Anal|Cockrings]]></mastercategories>
								
									<subcategories><![CDATA[Anal Plug|Non Latex|Non-vibrating|Prostate Stimulators|Silicone|Waterproof]]></subcategories>
														
							</categoritem>					
												
						</categoriesV2>
						
					<alternatetitle><![CDATA[Anal Fantasy Collection Ass-Gasm Cockring Plug Black 4 Inch]]></alternatetitle>
					<height><![CDATA[2]]></height>
					<width><![CDATA[4]]></width>
					<length><![CDATA[5.5]]></length>
					<marketplacerestrictions><![CDATA[0]]></marketplacerestrictions>
					<discontinued>No</discontinued>
					
						<regulations />
												
													
			</item>
				
			<item>
				<title><![CDATA[Afc Beginners Power Beads]]></title>
				<releaseDate>11/15/2013</releaseDate>				
				<itemSKU>PD4657-23</itemSKU>
				<itemID>37005</itemID>		
				<standardPrice>11.0000</standardPrice>		
				<mapPrice>0</mapPrice>
				<msrpPrice>21.99</msrpPrice>			
				<stock>Available Now</stock>
				<multiplesOF>1</multiplesOF> 
									<imageLargeFront><![CDATA[https://s3.amazonaws.com/ecn-watermarks/effex/37005_1.jpg]]></imageLargeFront>
								
									<imageLargeBack><![CDATA[https://s3.amazonaws.com/ecn-watermarks/effex/37005_2.jpg]]></imageLargeBack>
								
									<imageMediumFront><![CDATA[https://s3.amazonaws.com/ecn-watermarks/effex/37005_5.jpg]]></imageMediumFront>
								
									<imageMediumBack><![CDATA[https://s3.amazonaws.com/ecn-watermarks/effex/37005_6.jpg]]></imageMediumBack>
								
									<imageThumbnailFront><![CDATA[https://s3.amazonaws.com/ecn-watermarks/effex/37005_9.jpg]]></imageThumbnailFront>
								
									<imageThumbnailBack><![CDATA[https://s3.amazonaws.com/ecn-watermarks/effex/37005_10.jpg]]></imageThumbnailBack>
									
				<manufacturer><![CDATA[Pipedream Products,inc.]]></manufacturer>
				<categories>SILICONE,UNISEX ITEMS,ANAL PLAY,VIBRATING,</categories>
				<itemDescription>If you`ve never tried anal play, these Beginner`s Power Beads are just what you need to explore the amazing world of anal stimulation.Enjoy the thrilling sensations of anal pressure and pleasure by popping one bead in at a time, ing as many as you feel comfortable with before gently tugging the hand unit to release each bead for even more stimulation. Try tugging your Beginners Power Beads mid-orgasm for the most explosive climax you`ve ever imagined!Every Anal Fantasy box features a FREE 5-Piece Prep Kit to help you ease into comfort and clean up afterwards. The kit includes 2 finger sleeves, anal desensitizing cream, anal lube, and toy cleaner.- Insertable Length: 5 in. (12.7 cm)- Width: 1 in. (2.5 cm)- Phthalate free- Waterproof- Requires 1 N Battery (Included)</itemDescription> <htmlitemdescriptioninbase64format>SWYgeW91J3ZlIG5ldmVyIHRyaWVkIGFuYWwgcGxheSwgdGhlc2UgQmVnaW5uZXIncyBQb3dlciBCZWFkcyBhcmUganVzdCB3aGF0IHlvdSBuZWVkIHRvIGV4cGxvcmUgdGhlIGFtYXppbmcgd29ybGQgb2YgYW5hbCBzdGltdWxhdGlvbi48QlI+PEJSPkVuam95IHRoZSB0aHJpbGxpbmcgc2Vuc2F0aW9ucyBvZiBhbmFsIHByZXNzdXJlIGFuZCBwbGVhc3VyZSBieSBwb3BwaW5nIG9uZSBiZWFkIGluIGF0IGEgdGltZSwgaW5zZXJ0aW5nIGFzIG1hbnkgYXMgeW91IGZlZWwgY29tZm9ydGFibGUgd2l0aCBiZWZvcmUgZ2VudGx5IHR1Z2dpbmcgdGhlIGhhbmQgdW5pdCB0byByZWxlYXNlIGVhY2ggYmVhZCBmb3IgZXZlbiBtb3JlIHN0aW11bGF0aW9uLiBUcnkgdHVnZ2luZyB5b3VyIEJlZ2lubmVycyBQb3dlciBCZWFkcyBtaWQtb3JnYXNtIGZvciB0aGUgbW9zdCBleHBsb3NpdmUgY2xpbWF4IHlvdSd2ZSBldmVyIGltYWdpbmVkITxCUj48QlI+RXZlcnkgQW5hbCBGYW50YXN5IGJveCBmZWF0dXJlcyBhIEZSRUUgNS1QaWVjZSBQcmVwIEtpdCB0byBoZWxwIHlvdSBlYXNlIGludG8gY29tZm9ydCBhbmQgY2xlYW4gdXAgYWZ0ZXJ3YXJkcy4gVGhlIGtpdCBpbmNsdWRlcyAyIGZpbmdlciBzbGVldmVzLCBhbmFsIGRlc2Vuc2l0aXppbmcgY3JlYW0sIGFuYWwgbHViZSwgYW5kIHRveSBjbGVhbmVyLjxCUj48QlI+LSBJbnNlcnRhYmxlIExlbmd0aDogNSBpbi4gKDEyLjcgY20pPEJSPi0gV2lkdGg6IDEgaW4uICgyLjUgY20pPEJSPi0gUGh0aGFsYXRlIGZyZWU8QlI+LSBXYXRlcnByb29mPEJSPi0gUmVxdWlyZXMgMSBOIEJhdHRlcnkgKEluY2x1ZGVkKQ==</htmlitemdescriptioninbase64format>												
				<upc>603912332520</upc>			
				<dateUpdated>12/24/2020 12:01:18 PM</dateUpdated>	
				<itemweight><![CDATA[0.36]]></itemweight>		
				<dateCreated>10/23/2013 1:45:07 PM</dateCreated>			
				<deliveryallowed><![CDATA[0]]></deliveryallowed>	

					
						<categoriesV2>

											
							<categoritem>
								
									<mastercategories><![CDATA[Anal]]></mastercategories>
								
									<subcategories><![CDATA[Anal Beads|Anal Stimulation|Black|Non Latex|Silicone|Vibrating|Waterproof]]></subcategories>
														
							</categoritem>					
												
						</categoriesV2>
						
					<alternatetitle><![CDATA[Anal Fantasy Collection Beginner`s Power Beads Waterproof Black 5 Inch]]></alternatetitle>
					<height><![CDATA[2.25]]></height>
					<width><![CDATA[3]]></width>
					<length><![CDATA[8]]></length>
					<marketplacerestrictions><![CDATA[0]]></marketplacerestrictions>
					<discontinued>No</discontinued>
					
						<regulations />
												
													
			</item>
				
			<item>
				<title><![CDATA[Optimale C-ring Thick 35mm  slate]]></title>
				<releaseDate>01/17/2014</releaseDate>				
				<itemSKU>DJ-0690-11-3</itemSKU>
				<itemID>37244</itemID>		
				<standardPrice>7.1300</standardPrice>		
				<mapPrice>0</mapPrice>
				<msrpPrice>14</msrpPrice>			
				<stock>Available Now</stock>
				<multiplesOF>1</multiplesOF> 
									<imageLargeFront><![CDATA[https://s3.amazonaws.com/ecn-watermarks/effex/37244_1.jpg]]></imageLargeFront>
								
									<imageLargeBack><![CDATA[https://s3.amazonaws.com/ecn-watermarks/effex/37244_2.jpg]]></imageLargeBack>
								
									<imageMediumFront><![CDATA[https://s3.amazonaws.com/ecn-watermarks/effex/37244_5.jpg]]></imageMediumFront>
								
									<imageMediumBack><![CDATA[https://s3.amazonaws.com/ecn-watermarks/effex/37244_6.jpg]]></imageMediumBack>
								
									<imageThumbnailFront><![CDATA[https://s3.amazonaws.com/ecn-watermarks/effex/37244_9.jpg]]></imageThumbnailFront>
								
									<imageThumbnailBack><![CDATA[https://s3.amazonaws.com/ecn-watermarks/effex/37244_10.jpg]]></imageThumbnailBack>
									
				<manufacturer><![CDATA[Doc Johnson Enterprises]]></manufacturer>
				<categories>SILICONE,SEX TOYS FOR MEN,COCKRINGS,NON VIBRATING,</categories>
				<itemDescription>For Extra Thick results, look no further than the OptiMALE 35mm C-Ring! Made of soft, stretchable silicone for easy use around the shaft or testicles, these cock rings are perfectly suited for creating the most optimal of erections, and prolonging ejaculation. Offered in three individual sizes: 35mm, 40mm, and 45mm; collect them all! Available in Black and Slate; phthalate-free silicone.</itemDescription> <htmlitemdescriptioninbase64format>Rm9yIEV4dHJhIFRoaWNrIHJlc3VsdHMsIGxvb2sgbm8gZnVydGhlciB0aGFuIHRoZSBPcHRpTUFMRSAzNW1tIEMtUmluZyEgTWFkZSBvZiBzb2Z0LCBzdHJldGNoYWJsZSBzaWxpY29uZSBmb3IgZWFzeSB1c2UgYXJvdW5kIHRoZSBzaGFmdCBvciB0ZXN0aWNsZXMsIHRoZXNlIGNvY2sgcmluZ3MgYXJlIHBlcmZlY3RseSBzdWl0ZWQgZm9yIGNyZWF0aW5nIHRoZSBtb3N0IG9wdGltYWwgb2YgZXJlY3Rpb25zLCBhbmQgcHJvbG9uZ2luZyBlamFjdWxhdGlvbi4gT2ZmZXJlZCBpbiB0aHJlZSBpbmRpdmlkdWFsIHNpemVzOiAzNW1tLCA0MG1tLCBhbmQgNDVtbTsgY29sbGVjdCB0aGVtIGFsbCEgQXZhaWxhYmxlIGluIEJsYWNrIGFuZCBTbGF0ZTsgcGh0aGFsYXRlLWZyZWUgc2lsaWNvbmUu</htmlitemdescriptioninbase64format>												
				<upc>782421019266</upc>			
				<dateUpdated>12/24/2020 12:01:18 PM</dateUpdated>	
				<itemweight><![CDATA[0.14]]></itemweight>		
				<dateCreated>12/19/2013 2:45:07 PM</dateCreated>			
				<deliveryallowed><![CDATA[1]]></deliveryallowed>	

					
						<categoriesV2>

											
							<categoritem>
								
									<mastercategories><![CDATA[Cockrings]]></mastercategories>
								
									<subcategories><![CDATA[Grey|Non-vibrating|Silicone]]></subcategories>
														
							</categoritem>					
												
						</categoriesV2>
						
					<alternatetitle><![CDATA[OptiMALE Silicone Cock Ring 35mm - Slate]]></alternatetitle>
					<height><![CDATA[3.58]]></height>
					<width><![CDATA[1.5]]></width>
					<length><![CDATA[6.5]]></length>
					<marketplacerestrictions><![CDATA[0]]></marketplacerestrictions>
					<discontinued>No</discontinued>
					
						<regulations />
												
													
			</item>
				
			<item>
				<title><![CDATA[Colorpop Big O-indv]]></title>
				<releaseDate>03/21/2014</releaseDate>				
				<itemSKU>XSOCPBO-110</itemSKU>
				<itemID>37359</itemID>		
				<standardPrice>6.6500</standardPrice>		
				<mapPrice>0</mapPrice>
				<msrpPrice>16.5</msrpPrice>			
				<stock>Available Now</stock>
				<multiplesOF>1</multiplesOF> 
									<imageLargeFront><![CDATA[https://s3.amazonaws.com/ecn-watermarks/effex/37359_1.jpg]]></imageLargeFront>
								
									<imageLargeBack><![CDATA[https://s3.amazonaws.com/ecn-watermarks/effex/37359_2.jpg]]></imageLargeBack>
								
									<imageMediumFront><![CDATA[https://s3.amazonaws.com/ecn-watermarks/effex/37359_5.jpg]]></imageMediumFront>
								
									<imageMediumBack><![CDATA[https://s3.amazonaws.com/ecn-watermarks/effex/37359_6.jpg]]></imageMediumBack>
								
									<imageThumbnailFront><![CDATA[https://s3.amazonaws.com/ecn-watermarks/effex/37359_9.jpg]]></imageThumbnailFront>
								
									<imageThumbnailBack><![CDATA[https://s3.amazonaws.com/ecn-watermarks/effex/37359_10.jpg]]></imageThumbnailBack>
									
				<manufacturer><![CDATA[Screaming O]]></manufacturer>
				<categories>SILICONE,COCKRINGS W/CLIT STIMULATION,SEX TOYS FOR COUPLES,WATERPROOF MULTISPEED VIB,</categories>
				<itemDescription>The ColorPoP Big O is a super-stretchy erection ring featuring a 3-speed plus pulse motor for intense stimulation that couples enjoy together. Super-powered with super-bright colors, the ColorPop Big O leaves shoppers beaming with vivid sensations and vibrant vibration! Features: - 4x function motor: 3 speeds + pulse - Pleasure ticklers for enhanced sensations - Stretchy erection ring - Easy on/off button - Available in 2 colors: pink and green</itemDescription> <htmlitemdescriptioninbase64format>VGhlIENvbG9yUG9QIEJpZyBPIGlzIGEgc3VwZXItc3RyZXRjaHkgZXJlY3Rpb24gcmluZyBmZWF0dXJpbmcgYSAzLXNwZWVkIHBsdXMgcHVsc2UgbW90b3IgZm9yIGludGVuc2Ugc3RpbXVsYXRpb24gdGhhdCBjb3VwbGVzIGVuam95IHRvZ2V0aGVyLiBTdXBlci1wb3dlcmVkIHdpdGggc3VwZXItYnJpZ2h0IGNvbG9ycywgdGhlIENvbG9yUG9wIEJpZyBPIGxlYXZlcyBzaG9wcGVycyBiZWFtaW5nIHdpdGggdml2aWQgc2Vuc2F0aW9ucyBhbmQgdmlicmFudCB2aWJyYXRpb24hIDxicj48YnI+PGI+RmVhdHVyZXM6IDwvYj48YnI+LSA0eCBmdW5jdGlvbiBtb3RvcjogMyBzcGVlZHMgKyBwdWxzZSA8YnI+LSBQbGVhc3VyZSB0aWNrbGVycyBmb3IgZW5oYW5jZWQgc2Vuc2F0aW9ucyA8YnI+LSBTdHJldGNoeSBlcmVjdGlvbiByaW5nIDxicj4tIEVhc3kgb24vb2ZmIGJ1dHRvbiA8YnI+LSBBdmFpbGFibGUgaW4gMiBjb2xvcnM6IHBpbmsgYW5kIGdyZWVu</htmlitemdescriptioninbase64format>												
				<upc>817483010774</upc>			
				<dateUpdated>12/24/2020 12:01:18 PM</dateUpdated>	
				<itemweight><![CDATA[0.08]]></itemweight>		
				<dateCreated>01/16/2014 11:45:07 AM</dateCreated>			
				<deliveryallowed><![CDATA[1]]></deliveryallowed>	

					
						<categoriesV2>

											
							<categoritem>
								
									<mastercategories><![CDATA[Clitoral Stimulation|Cockrings]]></mastercategories>
								
									<subcategories><![CDATA[Assorted Colors|Clit Stimulating Cock Rings|Multispeed|Silicone|Vibrating|Waterproof]]></subcategories>
														
							</categoritem>					
												
						</categoriesV2>
						
					<alternatetitle><![CDATA[Color Pop Big O Silicone Vibrating Cockring Waterproof Assorted Colors]]></alternatetitle>
					<height><![CDATA[1]]></height>
					<width><![CDATA[3.75]]></width>
					<length><![CDATA[6.5]]></length>
					<marketplacerestrictions><![CDATA[0]]></marketplacerestrictions>
					<discontinued>No</discontinued>
					
						<regulations />
												
													
			</item>
				
			<item>
				<title><![CDATA[Colorpop Big O 2-indv]]></title>
				<releaseDate>02/24/2012</releaseDate>				
				<itemSKU>XSOCPBO2-110</itemSKU>
				<itemID>37360</itemID>		
				<standardPrice>10.9700</standardPrice>		
				<mapPrice>0</mapPrice>
				<msrpPrice>24.99</msrpPrice>			
				<stock>Available Now</stock>
				<multiplesOF>1</multiplesOF> 
									<imageLargeFront><![CDATA[https://s3.amazonaws.com/ecn-watermarks/effex/37360_1.jpg]]></imageLargeFront>
								
									<imageLargeBack><![CDATA[https://s3.amazonaws.com/ecn-watermarks/effex/37360_2.jpg]]></imageLargeBack>
								
									<imageMediumFront><![CDATA[https://s3.amazonaws.com/ecn-watermarks/effex/37360_5.jpg]]></imageMediumFront>
								
									<imageMediumBack><![CDATA[https://s3.amazonaws.com/ecn-watermarks/effex/37360_6.jpg]]></imageMediumBack>
								
									<imageThumbnailFront><![CDATA[https://s3.amazonaws.com/ecn-watermarks/effex/37360_9.jpg]]></imageThumbnailFront>
								
									<imageThumbnailBack><![CDATA[https://s3.amazonaws.com/ecn-watermarks/effex/37360_10.jpg]]></imageThumbnailBack>
									
				<manufacturer><![CDATA[Screaming O]]></manufacturer>
				<categories>SILICONE,COCKRINGS W/CLIT STIMULATION,SEX TOYS FOR COUPLES,WATERPROOF MULTISPEED VIB,</categories>
				<itemDescription>The ColorPoP Big O 2 double vibrating erection ring features two powerful motors for dual-action sensations. Couples enjoy 3 speed plus pulse options on top and strong-and-steady stimulation on bottom for maximum satisfaction in full Technicolor. Super-powered with super-bright colors, the ColorPOP Big O 2 is the ultimate in vibrant vibration! Features: - Bright neon colors for vibrant vibration! - 4x function upper motor: 3 speeds + pulse - Vertical head for increased stimulation - Bottom vibrating motor with steady on mode - Stretchy erection ring - Easy on/off button - Available in 2 colors: green and blue</itemDescription> <htmlitemdescriptioninbase64format>VGhlIENvbG9yUG9QIEJpZyBPIDIgZG91YmxlIHZpYnJhdGluZyBlcmVjdGlvbiByaW5nIGZlYXR1cmVzIHR3byBwb3dlcmZ1bCBtb3RvcnMgZm9yIGR1YWwtYWN0aW9uIHNlbnNhdGlvbnMuIENvdXBsZXMgZW5qb3kgMyBzcGVlZCBwbHVzIHB1bHNlIG9wdGlvbnMgb24gdG9wIGFuZCBzdHJvbmctYW5kLXN0ZWFkeSBzdGltdWxhdGlvbiBvbiBib3R0b20gZm9yIG1heGltdW0gc2F0aXNmYWN0aW9uIGluIGZ1bGwgVGVjaG5pY29sb3IuIFN1cGVyLXBvd2VyZWQgd2l0aCBzdXBlci1icmlnaHQgY29sb3JzLCB0aGUgQ29sb3JQT1AgQmlnIE8gMiBpcyB0aGUgdWx0aW1hdGUgaW4gdmlicmFudCB2aWJyYXRpb24hIDxicj48YnI+PGI+RmVhdHVyZXM6IDwvYj48YnI+LSBCcmlnaHQgbmVvbiBjb2xvcnMgZm9yIHZpYnJhbnQgdmlicmF0aW9uISA8YnI+LSA0eCBmdW5jdGlvbiB1cHBlciBtb3RvcjogMyBzcGVlZHMgKyBwdWxzZSA8YnI+LSBWZXJ0aWNhbCBoZWFkIGZvciBpbmNyZWFzZWQgc3RpbXVsYXRpb24gPGJyPi0gQm90dG9tIHZpYnJhdGluZyBtb3RvciB3aXRoIHN0ZWFkeSAib24iIG1vZGUgPGJyPi0gU3RyZXRjaHkgZXJlY3Rpb24gcmluZyA8YnI+LSBFYXN5IG9uL29mZiBidXR0b24gPGJyPi0gQXZhaWxhYmxlIGluIDIgY29sb3JzOiBncmVlbiBhbmQgYmx1ZQ==</htmlitemdescriptioninbase64format>												
				<upc>817483010781</upc>			
				<dateUpdated>12/24/2020 12:01:18 PM</dateUpdated>	
				<itemweight><![CDATA[0.12]]></itemweight>		
				<dateCreated>01/16/2014 12:45:09 PM</dateCreated>			
				<deliveryallowed><![CDATA[1]]></deliveryallowed>	

					
						<categoriesV2>

											
							<categoritem>
								
									<mastercategories><![CDATA[Clitoral Stimulation|Cockrings]]></mastercategories>
								
									<subcategories><![CDATA[Assorted Colors|Clit Stimulating Cock Rings|Dual Vibrating|Multispeed|Non Latex|Silicone|Vibrating|Waterproof]]></subcategories>
														
							</categoritem>					
												
						</categoriesV2>
						
					<alternatetitle><![CDATA[Color Pop Big O 2 Silicone Double Vibe Cockring Waterproof Assorted Colors]]></alternatetitle>
					<height><![CDATA[1.5]]></height>
					<width><![CDATA[3.75]]></width>
					<length><![CDATA[6.5]]></length>
					<marketplacerestrictions><![CDATA[0]]></marketplacerestrictions>
					<discontinued>No</discontinued>
					
						<regulations />
												
													
			</item>
				
			<item>
				<title><![CDATA[Icicles No 50 Blue]]></title>
				<releaseDate>01/31/2014</releaseDate>				
				<itemSKU>PD2950-00</itemSKU>
				<itemID>37398</itemID>		
				<standardPrice>12.0000</standardPrice>		
				<mapPrice>0</mapPrice>
				<msrpPrice>23.99</msrpPrice>			
				<stock>Available Now</stock>
				<multiplesOF>1</multiplesOF> 
									<imageLargeFront><![CDATA[https://s3.amazonaws.com/ecn-watermarks/effex/37398_1.jpg]]></imageLargeFront>
								
									<imageLargeBack><![CDATA[https://s3.amazonaws.com/ecn-watermarks/effex/37398_2.jpg]]></imageLargeBack>
								
									<imageMediumFront><![CDATA[https://s3.amazonaws.com/ecn-watermarks/effex/37398_5.jpg]]></imageMediumFront>
								
									<imageMediumBack><![CDATA[https://s3.amazonaws.com/ecn-watermarks/effex/37398_6.jpg]]></imageMediumBack>
								
									<imageThumbnailFront><![CDATA[https://s3.amazonaws.com/ecn-watermarks/effex/37398_9.jpg]]></imageThumbnailFront>
								
									<imageThumbnailBack><![CDATA[https://s3.amazonaws.com/ecn-watermarks/effex/37398_10.jpg]]></imageThumbnailBack>
									
				<manufacturer><![CDATA[Pipedream Products,inc.]]></manufacturer>
				<categories>SEX TOYS FOR WOMEN,NON VIBRATING,GLASS,</categories>
				<itemDescription>Elegant, upscale, and hand-crafted with amazing attention to detail, this luxurious line of glass massagers will leave you breathless. Each hand-blown Icicle glass wand is sleek, unique, and made to play hard.This elegant glass massager is perfect for beginners with a tapered tip to ease ion and a bulbous handle for safe and easy handling. The bumpy texture more effectively grips your Moist lubricant while offering endless stimulation. Enjoy this wand in more ways than one as it can also be used for an erotic external massage.The hypoallergenic glass is nonporous and body safe, and when cared for properly, is designed to last a lifetime. Run the wand under warm water or place it in the microwave to heat things up. Chill it under cold water or put it in the freezer for a cool sensation.Since glass is nonporous, cleanup is a snap. Use Pipedream Toy Cleaner and warm water, or put it in the dishwasher for a worry-free wash after the fun.- Insertable Length: 7 in. (18 cm)</itemDescription> <htmlitemdescriptioninbase64format>RWxlZ2FudCwgdXBzY2FsZSwgYW5kIGhhbmQtY3JhZnRlZCB3aXRoIGFtYXppbmcgYXR0ZW50aW9uIHRvIGRldGFpbCwgdGhpcyBsdXh1cmlvdXMgbGluZSBvZiBnbGFzcyBtYXNzYWdlcnMgd2lsbCBsZWF2ZSB5b3UgYnJlYXRobGVzcy4gRWFjaCBoYW5kLWJsb3duIEljaWNsZSBnbGFzcyB3YW5kIGlzIHNsZWVrLCB1bmlxdWUsIGFuZCBtYWRlIHRvIHBsYXkgaGFyZC48QlI+PEJSPlRoaXMgZWxlZ2FudCBnbGFzcyBtYXNzYWdlciBpcyBwZXJmZWN0IGZvciBiZWdpbm5lcnMgd2l0aCBhIHRhcGVyZWQgdGlwIHRvIGVhc2UgaW5zZXJ0aW9uIGFuZCBhIGJ1bGJvdXMgaGFuZGxlIGZvciBzYWZlIGFuZCBlYXN5IGhhbmRsaW5nLiBUaGUgYnVtcHkgdGV4dHVyZSBtb3JlIGVmZmVjdGl2ZWx5IGdyaXBzIHlvdXIgTW9pc3QgbHVicmljYW50IHdoaWxlIG9mZmVyaW5nIGVuZGxlc3Mgc3RpbXVsYXRpb24uIEVuam95IHRoaXMgd2FuZCBpbiBtb3JlIHdheXMgdGhhbiBvbmUgYXMgaXQgY2FuIGFsc28gYmUgdXNlZCBmb3IgYW4gZXJvdGljIGV4dGVybmFsIG1hc3NhZ2UuPEJSPjxCUj5UaGUgaHlwb2FsbGVyZ2VuaWMgZ2xhc3MgaXMgbm9ucG9yb3VzIGFuZCBib2R5IHNhZmUsIGFuZCB3aGVuIGNhcmVkIGZvciBwcm9wZXJseSwgaXMgZGVzaWduZWQgdG8gbGFzdCBhIGxpZmV0aW1lLiBSdW4gdGhlIHdhbmQgdW5kZXIgd2FybSB3YXRlciBvciBwbGFjZSBpdCBpbiB0aGUgbWljcm93YXZlIHRvIGhlYXQgdGhpbmdzIHVwLiBDaGlsbCBpdCB1bmRlciBjb2xkIHdhdGVyIG9yIHB1dCBpdCBpbiB0aGUgZnJlZXplciBmb3IgYSBjb29sIHNlbnNhdGlvbi48QlI+PEJSPlNpbmNlIGdsYXNzIGlzIG5vbnBvcm91cywgY2xlYW51cCBpcyBhIHNuYXAuIFVzZSBQaXBlZHJlYW0gVG95IENsZWFuZXIgYW5kIHdhcm0gd2F0ZXIsIG9yIHB1dCBpdCBpbiB0aGUgZGlzaHdhc2hlciBmb3IgYSB3b3JyeS1mcmVlIHdhc2ggYWZ0ZXIgdGhlIGZ1bi48QlI+PEJSPi0gSW5zZXJ0YWJsZSBMZW5ndGg6IDcgaW4uICgxOCBjbSk=</htmlitemdescriptioninbase64format>												
				<upc>603912337389</upc>			
				<dateUpdated>12/24/2020 12:01:18 PM</dateUpdated>	
				<itemweight><![CDATA[0.78]]></itemweight>		
				<dateCreated>01/17/2014 10:45:09 AM</dateCreated>			
				<deliveryallowed><![CDATA[1]]></deliveryallowed>	

					
						<categoriesV2>

											
							<categoritem>
								
									<mastercategories><![CDATA[Glass]]></mastercategories>
								
									<subcategories><![CDATA[Blue|Non-vibrating]]></subcategories>
														
							</categoritem>					
												
						</categoriesV2>
						
					<alternatetitle><![CDATA[Icicles No 50 Textured Glass Probe - Clear And Blue]]></alternatetitle>
					<height><![CDATA[2.75]]></height>
					<width><![CDATA[4]]></width>
					<length><![CDATA[10]]></length>
					<marketplacerestrictions><![CDATA[0]]></marketplacerestrictions>
					<discontinued>No</discontinued>
					
						<regulations />
												
													
			</item>
				
			<item>
				<title><![CDATA[Aande Anal Trainer Kit]]></title>
				<releaseDate>07/09/2014</releaseDate>				
				<itemSKU>EN-AE-8028</itemSKU>
				<itemID>38496</itemID>		
				<standardPrice>14.9900</standardPrice>		
				<mapPrice>0</mapPrice>
				<msrpPrice>0</msrpPrice>			
				<stock>Available Now</stock>
				<multiplesOF>1</multiplesOF> 
									<imageLargeFront><![CDATA[https://s3.amazonaws.com/ecn-watermarks/effex/38496_1.jpg]]></imageLargeFront>
								
									<imageLargeBack><![CDATA[https://s3.amazonaws.com/ecn-watermarks/effex/38496_2.jpg]]></imageLargeBack>
								
									<imageMediumFront><![CDATA[https://s3.amazonaws.com/ecn-watermarks/effex/38496_5.jpg]]></imageMediumFront>
								
									<imageMediumBack><![CDATA[https://s3.amazonaws.com/ecn-watermarks/effex/38496_6.jpg]]></imageMediumBack>
								
									<imageThumbnailFront><![CDATA[https://s3.amazonaws.com/ecn-watermarks/effex/38496_9.jpg]]></imageThumbnailFront>
								
									<imageThumbnailBack><![CDATA[https://s3.amazonaws.com/ecn-watermarks/effex/38496_10.jpg]]></imageThumbnailBack>
									
				<manufacturer><![CDATA[Adam and Eve]]></manufacturer>
				<categories>KITS,UNISEX ITEMS,ANAL PLAY,WATERPROOF,</categories>
				<itemDescription>This sexy set of 3 soft and pliable anal plugs allows you to train your backdoor to enjoy the exquisite pleasures of anal sex!Start with the small plug, graduate to the medium plug, and then ease further into your anal adventures with the large plug. 3 sizes for graduated increase from the Small at 2.25 inches, medium at 2.75 inches and the large at a healthy 3.25 inches.Each plug features a tapered tip for easy entry and a stretchy ring for sensual thrusting and quick removal.</itemDescription> <htmlitemdescriptioninbase64format>VGhpcyBzZXh5IHNldCBvZiAzIHNvZnQgYW5kIHBsaWFibGUgYW5hbCBwbHVncyBhbGxvd3MgeW91IHRvIHRyYWluIHlvdXIgYmFja2Rvb3IgdG8gZW5qb3kgdGhlIGV4cXVpc2l0ZSBwbGVhc3VyZXMgb2YgYW5hbCBzZXghPEJSPjxCUj5TdGFydCB3aXRoIHRoZSBzbWFsbCBwbHVnLCBncmFkdWF0ZSB0byB0aGUgbWVkaXVtIHBsdWcsIGFuZCB0aGVuIGVhc2UgZnVydGhlciBpbnRvIHlvdXIgYW5hbCBhZHZlbnR1cmVzIHdpdGggdGhlIGxhcmdlIHBsdWcuIDMgc2l6ZXMgZm9yIGdyYWR1YXRlZCBpbmNyZWFzZSBmcm9tIHRoZSBTbWFsbCBhdCAyLjI1IGluY2hlcywgbWVkaXVtIGF0IDIuNzUgaW5jaGVzIGFuZCB0aGUgbGFyZ2UgYXQgYSBoZWFsdGh5IDMuMjUgaW5jaGVzLkVhY2ggcGx1ZyBmZWF0dXJlcyBhIHRhcGVyZWQgdGlwIGZvciBlYXN5IGVudHJ5IGFuZCBhIHN0cmV0Y2h5IHJpbmcgZm9yIHNlbnN1YWwgdGhydXN0aW5nIGFuZCBxdWljayByZW1vdmFsLg==</htmlitemdescriptioninbase64format>												
				<upc>844477008028</upc>			
				<dateUpdated>12/24/2020 12:01:18 PM</dateUpdated>	
				<itemweight><![CDATA[0.40]]></itemweight>		
				<dateCreated>06/20/2014 10:45:09 AM</dateCreated>			
				<deliveryallowed><![CDATA[1]]></deliveryallowed>	

					
						<categoriesV2>

											
							<categoritem>
								
									<mastercategories><![CDATA[Anal|Kit]]></mastercategories>
								
									<subcategories><![CDATA[Anal Plug|Black|Non Latex|Waterproof]]></subcategories>
														
							</categoritem>					
												
						</categoriesV2>
						
					<alternatetitle><![CDATA[Adam and Eve Anal Training Kit With 3 Butt Plugs  - Black]]></alternatetitle>
					<height><![CDATA[2.25]]></height>
					<width><![CDATA[5]]></width>
					<length><![CDATA[8.5]]></length>
					<marketplacerestrictions><![CDATA[0]]></marketplacerestrictions>
					<discontinued>No</discontinued>
					
						<regulations />
												
													
			</item>
				
			<item>
				<title><![CDATA[Plus Size Beginners Strap On Black]]></title>
				<releaseDate>07/30/2014</releaseDate>				
				<itemSKU>ESS620-50</itemSKU>
				<itemID>38503</itemID>		
				<standardPrice>21.0100</standardPrice>		
				<mapPrice>0</mapPrice>
				<msrpPrice>39.99</msrpPrice>			
				<stock>Available Now</stock>
				<multiplesOF>1</multiplesOF> 
									<imageLargeFront><![CDATA[https://s3.amazonaws.com/ecn-watermarks/effex/38503_1.jpg]]></imageLargeFront>
								
									<imageLargeBack><![CDATA[https://s3.amazonaws.com/ecn-watermarks/effex/38503_2.jpg]]></imageLargeBack>
								
									<imageMediumFront><![CDATA[https://s3.amazonaws.com/ecn-watermarks/effex/38503_5.jpg]]></imageMediumFront>
								
									<imageMediumBack><![CDATA[https://s3.amazonaws.com/ecn-watermarks/effex/38503_6.jpg]]></imageMediumBack>
								
									<imageThumbnailFront><![CDATA[https://s3.amazonaws.com/ecn-watermarks/effex/38503_9.jpg]]></imageThumbnailFront>
								
									<imageThumbnailBack><![CDATA[https://s3.amazonaws.com/ecn-watermarks/effex/38503_10.jpg]]></imageThumbnailBack>
									
				<manufacturer><![CDATA[Sportsheets International,inc.]]></manufacturer>
				<categories>ADJUSTABLE,STRAP ONS,SEX TOYS FOR WOMEN,</categories>
				<itemDescription>- Plush black fabric- 4-way adjustable straps fits size 12 to 30 and adjusts to 72 hips- Accommodates dildos with a flared base (Dildo not included)- Includes interchangeable rubber O-rings: 1.5 (3.8cm), 1.75 (4.5cm), 2 (5cm)- Includes channel for bullet vibrator (Sold separately)- Handcrafted in the USA- Machine washable- Polypropylene Webbing, Polyester Fabric, Polyurethane Foam, ABS Plastic, Nickel Free Metal Hardware, Brass Hardware, Nitrile</itemDescription> <htmlitemdescriptioninbase64format>LSBQbHVzaCBibGFjayBmYWJyaWM8QlI+LSA0LXdheSBhZGp1c3RhYmxlIHN0cmFwcyBmaXRzIHNpemUgMTIgdG8gMzAgYW5kIGFkanVzdHMgdG8gNzIiIGhpcHM8QlI+LSBBY2NvbW1vZGF0ZXMgZGlsZG9zIHdpdGggYSBmbGFyZWQgYmFzZSAoRGlsZG8gbm90IGluY2x1ZGVkKTxCUj4tIEluY2x1ZGVzIGludGVyY2hhbmdlYWJsZSBydWJiZXIgTy1yaW5nczogMS41IiAoMy44Y20pLCAxLjc1IiAoNC41Y20pLCAyIiAoNWNtKTxCUj4tIEluY2x1ZGVzIGNoYW5uZWwgZm9yIGJ1bGxldCB2aWJyYXRvciAoU29sZCBzZXBhcmF0ZWx5KTxCUj4tIEhhbmRjcmFmdGVkIGluIHRoZSBVU0E8QlI+LSBNYWNoaW5lIHdhc2hhYmxlPEJSPi0gUG9seXByb3B5bGVuZSBXZWJiaW5nLCBQb2x5ZXN0ZXIgRmFicmljLCBQb2x5dXJldGhhbmUgRm9hbSwgQUJTIFBsYXN0aWMsIE5pY2tlbCBGcmVlIE1ldGFsIEhhcmR3YXJlLCBCcmFzcyBIYXJkd2FyZSwgTml0cmlsZQ==</htmlitemdescriptioninbase64format>												
				<upc>646709620509</upc>			
				<dateUpdated>12/24/2020 12:01:18 PM</dateUpdated>	
				<itemweight><![CDATA[1.06]]></itemweight>		
				<dateCreated>06/23/2014 5:45:08 PM</dateCreated>			
				<deliveryallowed><![CDATA[0]]></deliveryallowed>	

					
						<categoriesV2>

											
							<categoritem>
								
									<mastercategories><![CDATA[Harness & Strap On's]]></mastercategories>
								
									<subcategories><![CDATA[Adjustable|Black|Harness Only|Plus|Beginner]]></subcategories>
														
							</categoritem>					
												
						</categoriesV2>
						
					<alternatetitle><![CDATA[Sportsheets Curvy Colletion Noire Adjustable Strap-On - Plus Size - Black]]></alternatetitle>
					<height><![CDATA[1.5]]></height>
					<width><![CDATA[8]]></width>
					<length><![CDATA[10]]></length>
					<marketplacerestrictions><![CDATA[1]]></marketplacerestrictions>
					<discontinued>No</discontinued>
					
						<regulations />
												
													
			</item>
				
			<item>
				<title><![CDATA[Ffle Ribbed Double Trouble Black]]></title>
				<releaseDate>07/22/2014</releaseDate>				
				<itemSKU>PD4459-23</itemSKU>
				<itemID>38599</itemID>		
				<standardPrice>12.0000</standardPrice>		
				<mapPrice>0</mapPrice>
				<msrpPrice>23.99</msrpPrice>			
				<stock>Available Now</stock>
				<multiplesOF>1</multiplesOF> 
									<imageLargeFront><![CDATA[https://s3.amazonaws.com/ecn-watermarks/effex/38599_1.jpg]]></imageLargeFront>
								
									<imageLargeBack><![CDATA[https://s3.amazonaws.com/ecn-watermarks/effex/38599_2.jpg]]></imageLargeBack>
								
									<imageMediumFront><![CDATA[https://s3.amazonaws.com/ecn-watermarks/effex/38599_5.jpg]]></imageMediumFront>
								
									<imageMediumBack><![CDATA[https://s3.amazonaws.com/ecn-watermarks/effex/38599_6.jpg]]></imageMediumBack>
								
									<imageThumbnailFront><![CDATA[https://s3.amazonaws.com/ecn-watermarks/effex/38599_9.jpg]]></imageThumbnailFront>
								
									<imageThumbnailBack><![CDATA[https://s3.amazonaws.com/ecn-watermarks/effex/38599_10.jpg]]></imageThumbnailBack>
									
				<manufacturer><![CDATA[Pipedream Products,inc.]]></manufacturer>
				<categories>COCKRINGS NON VIBRATING,STRAP ONS,SEX TOYS FOR WOMEN,</categories>
				<itemDescription>The Ribbed Double Trouble harness-free strap-on allows you to experience the thrill of double penetration without involving another partner! The PVC ring at the top of the shaft acts as a performance-enhancing cock ring, while the larger ring loops around the balls for a super-tight squeeze. The dildo features a tapered tip for easy entry and a ribbed shaft for incredible stimulation.</itemDescription> <htmlitemdescriptioninbase64format>VGhlIFJpYmJlZCBEb3VibGUgVHJvdWJsZSBoYXJuZXNzLWZyZWUgc3RyYXAtb24gYWxsb3dzIHlvdSB0byBleHBlcmllbmNlIHRoZSB0aHJpbGwgb2YgZG91YmxlIHBlbmV0cmF0aW9uIHdpdGhvdXQgaW52b2x2aW5nIGFub3RoZXIgcGFydG5lciEgVGhlIFBWQyByaW5nIGF0IHRoZSB0b3Agb2YgdGhlIHNoYWZ0IGFjdHMgYXMgYSBwZXJmb3JtYW5jZS1lbmhhbmNpbmcgY29jayByaW5nLCB3aGlsZSB0aGUgbGFyZ2VyIHJpbmcgbG9vcHMgYXJvdW5kIHRoZSBiYWxscyBmb3IgYSBzdXBlci10aWdodCBzcXVlZXplLiBUaGUgZGlsZG8gZmVhdHVyZXMgYSB0YXBlcmVkIHRpcCBmb3IgZWFzeSBlbnRyeSBhbmQgYSByaWJiZWQgc2hhZnQgZm9yIGluY3JlZGlibGUgc3RpbXVsYXRpb24u</htmlitemdescriptioninbase64format>												
				<upc>603912343380</upc>			
				<dateUpdated>12/24/2020 12:01:18 PM</dateUpdated>	
				<itemweight><![CDATA[0.32]]></itemweight>		
				<dateCreated>07/17/2014 1:45:09 PM</dateCreated>			
				<deliveryallowed><![CDATA[0]]></deliveryallowed>	

					
						<categoriesV2>

											
							<categoritem>
								
									<mastercategories><![CDATA[Anal|Cockrings|Dildos & Dongs|Harness & Strap On's]]></mastercategories>
								
									<subcategories><![CDATA[Black|Dual Penetration|Non-vibrating]]></subcategories>
														
							</categoritem>					
												
						</categoriesV2>
						
					<alternatetitle><![CDATA[Fetish Fantasy Series Limited Edition Ribbed Double Trouble Cock Ring Strap-On Black]]></alternatetitle>
					<height><![CDATA[2.25]]></height>
					<width><![CDATA[4.5]]></width>
					<length><![CDATA[9.25]]></length>
					<marketplacerestrictions><![CDATA[0]]></marketplacerestrictions>
					<discontinued>No</discontinued>
					
						<regulations />
												
													
			</item>
				
			<item>
				<title><![CDATA[Mack Tuff Deep Pleasure Penis Extender]]></title>
				<releaseDate>07/23/2014</releaseDate>				
				<itemSKU>N2524</itemSKU>
				<itemID>38617</itemID>		
				<standardPrice>11.2000</standardPrice>		
				<mapPrice>0</mapPrice>
				<msrpPrice>0</msrpPrice>			
				<stock>Available Now</stock>
				<multiplesOF>1</multiplesOF> 
									<imageLargeFront><![CDATA[https://s3.amazonaws.com/ecn-watermarks/effex/38617_1.jpg]]></imageLargeFront>
								
									<imageLargeBack><![CDATA[https://s3.amazonaws.com/ecn-watermarks/effex/38617_2.jpg]]></imageLargeBack>
								
									<imageMediumFront><![CDATA[https://s3.amazonaws.com/ecn-watermarks/effex/38617_5.jpg]]></imageMediumFront>
								
									<imageMediumBack><![CDATA[https://s3.amazonaws.com/ecn-watermarks/effex/38617_6.jpg]]></imageMediumBack>
								
									<imageThumbnailFront><![CDATA[https://s3.amazonaws.com/ecn-watermarks/effex/38617_9.jpg]]></imageThumbnailFront>
								
									<imageThumbnailBack><![CDATA[https://s3.amazonaws.com/ecn-watermarks/effex/38617_10.jpg]]></imageThumbnailBack>
									
				<manufacturer><![CDATA[Novelties By Nass-walk Inc]]></manufacturer>
				<categories>SLEEVES,SEX TOYS FOR COUPLES,SLEEVES and EXTENDERS,WATERPROOF,</categories>
				<itemDescription>- Increase length and width - Fits any size - Super stretchy - Material: TPR Size: 6.5 (Stretches to fit)</itemDescription> <htmlitemdescriptioninbase64format>LSBJbmNyZWFzZSBsZW5ndGggYW5kIHdpZHRoIDxicj4tIEZpdHMgYW55IHNpemUgPGJyPi0gU3VwZXIgc3RyZXRjaHkgPGJyPi0gTWF0ZXJpYWw6IFRQUiA8YnI+PGJyPjxiPlNpemU6IDwvYj48YnI+Ni41IiAoU3RyZXRjaGVzIHRvIGZpdCk=</htmlitemdescriptioninbase64format>												
				<upc>782631252408</upc>			
				<dateUpdated>12/24/2020 12:01:18 PM</dateUpdated>	
				<itemweight><![CDATA[0.16]]></itemweight>		
				<dateCreated>07/17/2014 3:45:07 PM</dateCreated>			
				<deliveryallowed><![CDATA[0]]></deliveryallowed>	

					
						<categoriesV2>

											
							<categoritem>
								
									<mastercategories><![CDATA[Penis Extensions & Sleeves]]></mastercategories>
								
									<subcategories><![CDATA[Black|Non Latex|Waterproof]]></subcategories>
														
							</categoritem>					
												
						</categoriesV2>
						
					<alternatetitle><![CDATA[Mack Tuff Deep Pleasure Penis Extender - Black]]></alternatetitle>
					<height><![CDATA[2]]></height>
					<width><![CDATA[2.25]]></width>
					<length><![CDATA[8.25]]></length>
					<marketplacerestrictions><![CDATA[0]]></marketplacerestrictions>
					<discontinued>No</discontinued>
					
						<regulations />
												
													
			</item>
				
			<item>
				<title><![CDATA[My Secret Vibrating Lip Balm-indv]]></title>
				<releaseDate>11/06/2014</releaseDate>				
				<itemSKU>XSOBALM110</itemSKU>
				<itemID>38635</itemID>		
				<standardPrice>5.2000</standardPrice>		
				<mapPrice>0</mapPrice>
				<msrpPrice>11.95</msrpPrice>			
				<stock>Available Now</stock>
				<multiplesOF>1</multiplesOF> 
									<imageLargeFront><![CDATA[https://s3.amazonaws.com/ecn-watermarks/effex/38635_1.jpg]]></imageLargeFront>
								
									<imageLargeBack><![CDATA[https://s3.amazonaws.com/ecn-watermarks/effex/38635_2.jpg]]></imageLargeBack>
								
									<imageMediumFront><![CDATA[https://s3.amazonaws.com/ecn-watermarks/effex/38635_5.jpg]]></imageMediumFront>
								
									<imageMediumBack><![CDATA[https://s3.amazonaws.com/ecn-watermarks/effex/38635_6.jpg]]></imageMediumBack>
								
									<imageThumbnailFront><![CDATA[https://s3.amazonaws.com/ecn-watermarks/effex/38635_9.jpg]]></imageThumbnailFront>
								
									<imageThumbnailBack><![CDATA[https://s3.amazonaws.com/ecn-watermarks/effex/38635_10.jpg]]></imageThumbnailBack>
									
				<manufacturer><![CDATA[Screaming O]]></manufacturer>
				<categories>VIBRATORS,VIBRATING SINGLE SPEED,SEX TOYS FOR WOMEN,</categories>
				<itemDescription>My Secret Screaming O Vibrating Lip Balm is a super-powered, discreet mini vibe that looks just like ordinary lip balm! With an ultra-soft and squishy tip, this massager delivers intense targeted vibration with a whisper-quiet motor that buzzes at one incredibly strong speed. Travel-friendly, compact and portable, this Lip Balm Vibe will give you a fresh-faced look that could only come from The Screaming O. Keeping a secret never felt so good! Features: - Discreet mini vibe looks just like lip balm - Super-powered with a super-secret shape - Whisper-quiet single speed motor - Soft and squishy tip for incredible sensations - Travel-friendly design - Easy twist control  simply remove the cap and switch to ON Additional Information: - Reusable - Replaceable AG13 batteries last 60+ minutes - SEBS silicone tip - Latex- and phthalate-free - Wireless - Water resistant</itemDescription> <htmlitemdescriptioninbase64format>TXkgU2VjcmV0IFNjcmVhbWluZyBPIFZpYnJhdGluZyBMaXAgQmFsbSBpcyBhIHN1cGVyLXBvd2VyZWQsIGRpc2NyZWV0IG1pbmkgdmliZSB0aGF0IGxvb2tzIGp1c3QgbGlrZSBvcmRpbmFyeSBsaXAgYmFsbSEgV2l0aCBhbiB1bHRyYS1zb2Z0IGFuZCBzcXVpc2h5IHRpcCwgdGhpcyBtYXNzYWdlciBkZWxpdmVycyBpbnRlbnNlIHRhcmdldGVkIHZpYnJhdGlvbiB3aXRoIGEgd2hpc3Blci1xdWlldCBtb3RvciB0aGF0IGJ1enplcyBhdCBvbmUgaW5jcmVkaWJseSBzdHJvbmcgc3BlZWQuIFRyYXZlbC1mcmllbmRseSwgY29tcGFjdCBhbmQgcG9ydGFibGUsIHRoaXMgTGlwIEJhbG0gVmliZSB3aWxsIGdpdmUgeW91IGEgZnJlc2gtZmFjZWQgbG9vayB0aGF0IGNvdWxkIG9ubHkgY29tZSBmcm9tIFRoZSBTY3JlYW1pbmcgTy4gS2VlcGluZyBhIHNlY3JldCBuZXZlciBmZWx0IHNvIGdvb2QhIDxicj48YnI+PGI+RmVhdHVyZXM6IDwvYj48YnI+LSBEaXNjcmVldCBtaW5pIHZpYmUgbG9va3MganVzdCBsaWtlIGxpcCBiYWxtIDxicj4tIFN1cGVyLXBvd2VyZWQgd2l0aCBhIHN1cGVyLXNlY3JldCBzaGFwZSA8YnI+LSBXaGlzcGVyLXF1aWV0IHNpbmdsZSBzcGVlZCBtb3RvciA8YnI+LSBTb2Z0IGFuZCBzcXVpc2h5IHRpcCBmb3IgaW5jcmVkaWJsZSBzZW5zYXRpb25zIDxicj4tIFRyYXZlbC1mcmllbmRseSBkZXNpZ24gPGJyPi0gRWFzeSB0d2lzdCBjb250cm9sICBzaW1wbHkgcmVtb3ZlIHRoZSBjYXAgJiBzd2l0Y2ggdG8gT04gPGJyPjxicj48Yj5BZGRpdGlvbmFsIEluZm9ybWF0aW9uOiA8L2I+PGJyPi0gUmV1c2FibGUgPGJyPi0gUmVwbGFjZWFibGUgQUcxMyBiYXR0ZXJpZXMgbGFzdCA2MCsgbWludXRlcyA8YnI+LSBTRUJTIHNpbGljb25lIHRpcCA8YnI+LSBMYXRleC0gYW5kIHBodGhhbGF0ZS1mcmVlIDxicj4tIFdpcmVsZXNzIDxicj4tIFdhdGVyIHJlc2lzdGFudA==</htmlitemdescriptioninbase64format>												
				<upc>817483011122</upc>			
				<dateUpdated>12/24/2020 12:01:18 PM</dateUpdated>	
				<itemweight><![CDATA[0.06]]></itemweight>		
				<dateCreated>07/21/2014 9:45:07 AM</dateCreated>			
				<deliveryallowed><![CDATA[1]]></deliveryallowed>	

					
						<categoriesV2>

											
							<categoritem>
								
									<mastercategories><![CDATA[Clitoral Stimulation|Vibrators]]></mastercategories>
								
									<subcategories><![CDATA[Discreet Vibrators|Non Latex|Vibrating]]></subcategories>
														
							</categoritem>					
												
						</categoriesV2>
						
					<alternatetitle><![CDATA[My Secret Vibrating Lip Balm Mini Vibe]]></alternatetitle>
					<height><![CDATA[0.75]]></height>
					<width><![CDATA[3.25]]></width>
					<length><![CDATA[4]]></length>
					<marketplacerestrictions><![CDATA[0]]></marketplacerestrictions>
					<discontinued>No</discontinued>
					
						<regulations />
												
													
			</item>
				
			<item>
				<title><![CDATA[Colorpop Quickie Ling O Pink-indv]]></title>
				<releaseDate>08/12/2014</releaseDate>				
				<itemSKU>XSOCPLNGPK110</itemSKU>
				<itemID>38641</itemID>		
				<standardPrice>3.8000</standardPrice>		
				<mapPrice>0</mapPrice>
				<msrpPrice>8.5</msrpPrice>			
				<stock>Available Now</stock>
				<multiplesOF>1</multiplesOF> 
									<imageLargeFront><![CDATA[https://s3.amazonaws.com/ecn-watermarks/effex/38641_1.jpg]]></imageLargeFront>
								
									<imageLargeBack><![CDATA[https://s3.amazonaws.com/ecn-watermarks/effex/38641_2.jpg]]></imageLargeBack>
								
									<imageMediumFront><![CDATA[https://s3.amazonaws.com/ecn-watermarks/effex/38641_5.jpg]]></imageMediumFront>
								
									<imageMediumBack><![CDATA[https://s3.amazonaws.com/ecn-watermarks/effex/38641_6.jpg]]></imageMediumBack>
								
									<imageThumbnailFront><![CDATA[https://s3.amazonaws.com/ecn-watermarks/effex/38641_9.jpg]]></imageThumbnailFront>
								
									<imageThumbnailBack><![CDATA[https://s3.amazonaws.com/ecn-watermarks/effex/38641_10.jpg]]></imageThumbnailBack>
									
				<manufacturer><![CDATA[Screaming O]]></manufacturer>
				<categories>SEX TOYS FOR COUPLES,VIBRATING TONGUE,VIBRATING TONGUE,BULK ITEMS,</categories>
				<itemDescription>The Ling O turns your tongue into a vibrator and adds a tingly twist to oral sex! This safe and comfortable mini vibe features a super-bright and super-powered motor that stimulates with ease. Now available as a convenient ColorPoP Quickie, couples can enjoy vibrant vibration at home or on the go with a disposable design they can take anywhere! Features: - Micro motor turns your tongue into a vibrator for enhanced oral sex - Unique ergonomic shape fits the tongue comfortably - Easy on/off switch Additional Info: - Disposable - 30+ minutes battery life - One size fits most - SEBS silicone - Latex- and phthalate-free - Wireless - Water Resistant</itemDescription> <htmlitemdescriptioninbase64format>VGhlIExpbmcgTyB0dXJucyB5b3VyIHRvbmd1ZSBpbnRvIGEgdmlicmF0b3IgYW5kIGFkZHMgYSB0aW5nbHkgdHdpc3QgdG8gb3JhbCBzZXghIFRoaXMgc2FmZSBhbmQgY29tZm9ydGFibGUgbWluaSB2aWJlIGZlYXR1cmVzIGEgc3VwZXItYnJpZ2h0IGFuZCBzdXBlci1wb3dlcmVkIG1vdG9yIHRoYXQgc3RpbXVsYXRlcyB3aXRoIGVhc2UuIE5vdyBhdmFpbGFibGUgYXMgYSBjb252ZW5pZW50IENvbG9yUG9QIFF1aWNraWUsIGNvdXBsZXMgY2FuIGVuam95IHZpYnJhbnQgdmlicmF0aW9uIGF0IGhvbWUgb3Igb24gdGhlIGdvIHdpdGggYSBkaXNwb3NhYmxlIGRlc2lnbiB0aGV5IGNhbiB0YWtlIGFueXdoZXJlISA8YnI+PGJyPjxiPkZlYXR1cmVzOiA8L2I+PGJyPi0gTWljcm8gbW90b3IgdHVybnMgeW91ciB0b25ndWUgaW50byBhIHZpYnJhdG9yIGZvciBlbmhhbmNlZCBvcmFsIHNleCA8YnI+LSBVbmlxdWUgZXJnb25vbWljIHNoYXBlIGZpdHMgdGhlIHRvbmd1ZSBjb21mb3J0YWJseSA8YnI+LSBFYXN5IG9uL29mZiBzd2l0Y2ggPGJyPjxicj48Yj5BZGRpdGlvbmFsIEluZm86IDwvYj48YnI+LSBEaXNwb3NhYmxlIDxicj4tIDMwKyBtaW51dGVzIGJhdHRlcnkgbGlmZSA8YnI+LSBPbmUgc2l6ZSBmaXRzIG1vc3QgPGJyPi0gU0VCUyBzaWxpY29uZSA8YnI+LSBMYXRleC0gYW5kIHBodGhhbGF0ZS1mcmVlIDxicj4tIFdpcmVsZXNzIDxicj4tIFdhdGVyIFJlc2lzdGFudA==</htmlitemdescriptioninbase64format>												
				<upc>817483011078</upc>			
				<dateUpdated>12/24/2020 12:01:18 PM</dateUpdated>	
				<itemweight><![CDATA[0.04]]></itemweight>		
				<dateCreated>07/21/2014 9:45:07 AM</dateCreated>			
				<deliveryallowed><![CDATA[1]]></deliveryallowed>	

					
						<categoriesV2>

											
							<categoritem>
								
									<mastercategories><![CDATA[Clitoral Stimulation]]></mastercategories>
								
									<subcategories><![CDATA[Disposable|Oral/tongue Vibrators|Pink|Vibrating|Waterproof|Valentines Day]]></subcategories>
														
							</categoritem>					
												
						</categoriesV2>
						
					<alternatetitle><![CDATA[Color Pop Quickie Lingo Silicone Vibrating Tongue Ring Waterproof Pink]]></alternatetitle>
					<height><![CDATA[1]]></height>
					<width><![CDATA[3.75]]></width>
					<length><![CDATA[5.75]]></length>
					<marketplacerestrictions><![CDATA[0]]></marketplacerestrictions>
					<discontinued>No</discontinued>
					
						<regulations />
												
													
			</item>
				
			<item>
				<title><![CDATA[Colorpop Quickie Screaming O Blu-indv]]></title>
				<releaseDate>08/12/2014</releaseDate>				
				<itemSKU>XSOCPSOBU110</itemSKU>
				<itemID>38643</itemID>		
				<standardPrice>3.0600</standardPrice>		
				<mapPrice>0</mapPrice>
				<msrpPrice>6.95</msrpPrice>			
				<stock>Available Now</stock>
				<multiplesOF>1</multiplesOF> 
									<imageLargeFront><![CDATA[https://s3.amazonaws.com/ecn-watermarks/effex/38643_1.jpg]]></imageLargeFront>
								
									<imageLargeBack><![CDATA[https://s3.amazonaws.com/ecn-watermarks/effex/38643_2.jpg]]></imageLargeBack>
								
									<imageMediumFront><![CDATA[https://s3.amazonaws.com/ecn-watermarks/effex/38643_5.jpg]]></imageMediumFront>
								
									<imageMediumBack><![CDATA[https://s3.amazonaws.com/ecn-watermarks/effex/38643_6.jpg]]></imageMediumBack>
								
									<imageThumbnailFront><![CDATA[https://s3.amazonaws.com/ecn-watermarks/effex/38643_9.jpg]]></imageThumbnailFront>
								
									<imageThumbnailBack><![CDATA[https://s3.amazonaws.com/ecn-watermarks/effex/38643_10.jpg]]></imageThumbnailBack>
									
				<manufacturer><![CDATA[Screaming O]]></manufacturer>
				<categories>SEX TOYS FOR COUPLES,VIBRATING COCKRINGS,BULK ITEMS,</categories>
				<itemDescription>The Screaming O Vibrating Ring is the award-winning sex secret that helps couples have better, more satisfying sex! With pleasure knobs for him and ticklers for her, couples enjoy mutual stimulation with vibration that buzzes throughout the entire ring. Now available as a convenient ColorPoP Quickie, couples can enjoy vibrant vibration at home or on the go with a disposable design they can take anywhere! Features: - Long-lasting vibrating ring for his and her pleasure - Powerful vibrating motor with super-stretchy band - Pleasure ticklers for increased clitoral stimulation - Pleasure knobs around the ring boost his experience Additional Info: - Disposable - 30+ minutes battery life - One size fits most - SEBS silicone - Latex- and phthalate-free - Wireless</itemDescription> <htmlitemdescriptioninbase64format>VGhlIFNjcmVhbWluZyBPIFZpYnJhdGluZyBSaW5nIGlzIHRoZSBhd2FyZC13aW5uaW5nIHNleCBzZWNyZXQgdGhhdCBoZWxwcyBjb3VwbGVzIGhhdmUgYmV0dGVyLCBtb3JlIHNhdGlzZnlpbmcgc2V4ISBXaXRoIHBsZWFzdXJlIGtub2JzIGZvciBoaW0gYW5kIHRpY2tsZXJzIGZvciBoZXIsIGNvdXBsZXMgZW5qb3kgbXV0dWFsIHN0aW11bGF0aW9uIHdpdGggdmlicmF0aW9uIHRoYXQgYnV6emVzIHRocm91Z2hvdXQgdGhlIGVudGlyZSByaW5nLiBOb3cgYXZhaWxhYmxlIGFzIGEgY29udmVuaWVudCBDb2xvclBvUCBRdWlja2llLCBjb3VwbGVzIGNhbiBlbmpveSB2aWJyYW50IHZpYnJhdGlvbiBhdCBob21lIG9yIG9uIHRoZSBnbyB3aXRoIGEgZGlzcG9zYWJsZSBkZXNpZ24gdGhleSBjYW4gdGFrZSBhbnl3aGVyZSEgPGJyPjxicj48Yj5GZWF0dXJlczogPC9iPjxicj4tIExvbmctbGFzdGluZyB2aWJyYXRpbmcgcmluZyBmb3IgaGlzIGFuZCBoZXIgcGxlYXN1cmUgPGJyPi0gUG93ZXJmdWwgdmlicmF0aW5nIG1vdG9yIHdpdGggc3VwZXItc3RyZXRjaHkgYmFuZCA8YnI+LSBQbGVhc3VyZSB0aWNrbGVycyBmb3IgaW5jcmVhc2VkIGNsaXRvcmFsIHN0aW11bGF0aW9uIDxicj4tIFBsZWFzdXJlIGtub2JzIGFyb3VuZCB0aGUgcmluZyBib29zdCBoaXMgZXhwZXJpZW5jZSA8YnI+PGJyPjxiPkFkZGl0aW9uYWwgSW5mbzogPC9iPjxicj4tIERpc3Bvc2FibGUgPGJyPi0gMzArIG1pbnV0ZXMgYmF0dGVyeSBsaWZlIDxicj4tIE9uZSBzaXplIGZpdHMgbW9zdCA8YnI+LSBTRUJTIHNpbGljb25lIDxicj4tIExhdGV4LSBhbmQgcGh0aGFsYXRlLWZyZWUgPGJyPi0gV2lyZWxlc3M=</htmlitemdescriptioninbase64format>												
				<upc>817483011061</upc>			
				<dateUpdated>12/24/2020 12:01:18 PM</dateUpdated>	
				<itemweight><![CDATA[0.02]]></itemweight>		
				<dateCreated>07/21/2014 10:45:07 AM</dateCreated>			
				<deliveryallowed><![CDATA[1]]></deliveryallowed>	

					
						<categoriesV2>

											
							<categoritem>
								
									<mastercategories><![CDATA[Cockrings]]></mastercategories>
								
									<subcategories><![CDATA[Blue|Vibrating|Waterproof]]></subcategories>
														
							</categoritem>					
												
						</categoriesV2>
						
					<alternatetitle><![CDATA[Color Pop Quickie Screaming O Vibrating Ring Silicone Cockring Blue]]></alternatetitle>
					<height><![CDATA[0.5]]></height>
					<width><![CDATA[3]]></width>
					<length><![CDATA[3.25]]></length>
					<marketplacerestrictions><![CDATA[0]]></marketplacerestrictions>
					<discontinued>No</discontinued>
					
						<regulations />
												
													
			</item>
				
			<item>
				<title><![CDATA[Colorpop Quickie Screaming O Orn-indv]]></title>
				<releaseDate>08/12/2014</releaseDate>				
				<itemSKU>XSOCPSOOR110</itemSKU>
				<itemID>38645</itemID>		
				<standardPrice>3.0600</standardPrice>		
				<mapPrice>0</mapPrice>
				<msrpPrice>6.95</msrpPrice>			
				<stock>Available Now</stock>
				<multiplesOF>1</multiplesOF> 
									<imageLargeFront><![CDATA[https://s3.amazonaws.com/ecn-watermarks/effex/38645_1.jpg]]></imageLargeFront>
								
									<imageLargeBack><![CDATA[https://s3.amazonaws.com/ecn-watermarks/effex/38645_2.jpg]]></imageLargeBack>
								
									<imageMediumFront><![CDATA[https://s3.amazonaws.com/ecn-watermarks/effex/38645_5.jpg]]></imageMediumFront>
								
									<imageMediumBack><![CDATA[https://s3.amazonaws.com/ecn-watermarks/effex/38645_6.jpg]]></imageMediumBack>
								
									<imageThumbnailFront><![CDATA[https://s3.amazonaws.com/ecn-watermarks/effex/38645_9.jpg]]></imageThumbnailFront>
								
									<imageThumbnailBack><![CDATA[https://s3.amazonaws.com/ecn-watermarks/effex/38645_10.jpg]]></imageThumbnailBack>
									
				<manufacturer><![CDATA[Screaming O]]></manufacturer>
				<categories>SEX TOYS FOR COUPLES,VIBRATING COCKRINGS,BULK ITEMS,</categories>
				<itemDescription>The Screaming O Vibrating Ring is the award-winning sex secret that helps couples have better, more satisfying sex! With pleasure knobs for him and ticklers for her, couples enjoy mutual stimulation with vibration that buzzes throughout the entire ring. Now available as a convenient ColorPoP Quickie, couples can enjoy vibrant vibration at home or on the go with a disposable design they can take anywhere! Features: - Long-lasting vibrating ring for his and her pleasure - Powerful vibrating motor with super-stretchy band - Pleasure ticklers for increased clitoral stimulation - Pleasure knobs around the ring boost his experience Additional Info: - Disposable - 30+ minutes battery life - One size fits most - SEBS silicone - Latex- and phthalate-free - Wireless</itemDescription> <htmlitemdescriptioninbase64format>VGhlIFNjcmVhbWluZyBPIFZpYnJhdGluZyBSaW5nIGlzIHRoZSBhd2FyZC13aW5uaW5nIHNleCBzZWNyZXQgdGhhdCBoZWxwcyBjb3VwbGVzIGhhdmUgYmV0dGVyLCBtb3JlIHNhdGlzZnlpbmcgc2V4ISBXaXRoIHBsZWFzdXJlIGtub2JzIGZvciBoaW0gYW5kIHRpY2tsZXJzIGZvciBoZXIsIGNvdXBsZXMgZW5qb3kgbXV0dWFsIHN0aW11bGF0aW9uIHdpdGggdmlicmF0aW9uIHRoYXQgYnV6emVzIHRocm91Z2hvdXQgdGhlIGVudGlyZSByaW5nLiBOb3cgYXZhaWxhYmxlIGFzIGEgY29udmVuaWVudCBDb2xvclBvUCBRdWlja2llLCBjb3VwbGVzIGNhbiBlbmpveSB2aWJyYW50IHZpYnJhdGlvbiBhdCBob21lIG9yIG9uIHRoZSBnbyB3aXRoIGEgZGlzcG9zYWJsZSBkZXNpZ24gdGhleSBjYW4gdGFrZSBhbnl3aGVyZSEgPGJyPjxicj48Yj5GZWF0dXJlczogPC9iPjxicj4tIExvbmctbGFzdGluZyB2aWJyYXRpbmcgcmluZyBmb3IgaGlzIGFuZCBoZXIgcGxlYXN1cmUgPGJyPi0gUG93ZXJmdWwgdmlicmF0aW5nIG1vdG9yIHdpdGggc3VwZXItc3RyZXRjaHkgYmFuZCA8YnI+LSBQbGVhc3VyZSB0aWNrbGVycyBmb3IgaW5jcmVhc2VkIGNsaXRvcmFsIHN0aW11bGF0aW9uIDxicj4tIFBsZWFzdXJlIGtub2JzIGFyb3VuZCB0aGUgcmluZyBib29zdCBoaXMgZXhwZXJpZW5jZSA8YnI+PGJyPjxiPkFkZGl0aW9uYWwgSW5mbzogPC9iPjxicj4tIERpc3Bvc2FibGUgPGJyPi0gMzArIG1pbnV0ZXMgYmF0dGVyeSBsaWZlIDxicj4tIE9uZSBzaXplIGZpdHMgbW9zdCA8YnI+LSBTRUJTIHNpbGljb25lIDxicj4tIExhdGV4LSBhbmQgcGh0aGFsYXRlLWZyZWUgPGJyPi0gV2lyZWxlc3M=</htmlitemdescriptioninbase64format>												
				<upc>817483011047</upc>			
				<dateUpdated>12/24/2020 12:01:18 PM</dateUpdated>	
				<itemweight><![CDATA[0.02]]></itemweight>		
				<dateCreated>07/21/2014 10:45:07 AM</dateCreated>			
				<deliveryallowed><![CDATA[1]]></deliveryallowed>	

					
						<categoriesV2>

											
							<categoritem>
								
									<mastercategories><![CDATA[Cockrings]]></mastercategories>
								
									<subcategories><![CDATA[Orange|Vibrating|Waterproof]]></subcategories>
														
							</categoritem>					
												
						</categoriesV2>
						
					<alternatetitle><![CDATA[Color Pop Quickie Screaming O Vibrating Ring Silicone Cockring Orange]]></alternatetitle>
					<height><![CDATA[0.5]]></height>
					<width><![CDATA[3]]></width>
					<length><![CDATA[3.5]]></length>
					<marketplacerestrictions><![CDATA[0]]></marketplacerestrictions>
					<discontinued>No</discontinued>
					
						<regulations />
												
													
			</item>
				
			<item>
				<title><![CDATA[Colorpop Quick Screaming O Plus Pnk-indv]]></title>
				<releaseDate>08/12/2014</releaseDate>				
				<itemSKU>XSOCPSOPK110</itemSKU>
				<itemID>38646</itemID>		
				<standardPrice>3.0600</standardPrice>		
				<mapPrice>0</mapPrice>
				<msrpPrice>6.95</msrpPrice>			
				<stock>Available Now</stock>
				<multiplesOF>1</multiplesOF> 
									<imageLargeFront><![CDATA[https://s3.amazonaws.com/ecn-watermarks/effex/38646_1.jpg]]></imageLargeFront>
								
									<imageLargeBack><![CDATA[https://s3.amazonaws.com/ecn-watermarks/effex/38646_2.jpg]]></imageLargeBack>
								
									<imageMediumFront><![CDATA[https://s3.amazonaws.com/ecn-watermarks/effex/38646_5.jpg]]></imageMediumFront>
								
									<imageMediumBack><![CDATA[https://s3.amazonaws.com/ecn-watermarks/effex/38646_6.jpg]]></imageMediumBack>
								
									<imageThumbnailFront><![CDATA[https://s3.amazonaws.com/ecn-watermarks/effex/38646_9.jpg]]></imageThumbnailFront>
								
									<imageThumbnailBack><![CDATA[https://s3.amazonaws.com/ecn-watermarks/effex/38646_10.jpg]]></imageThumbnailBack>
									
				<manufacturer><![CDATA[Screaming O]]></manufacturer>
				<categories>SEX TOYS FOR COUPLES,VIBRATING COCKRINGS,BULK ITEMS,</categories>
				<itemDescription>The Screaming O Vibrating Ring is the award-winning sex secret that helps couples have better, more satisfying sex! With pleasure knobs for him and ticklers for her, couples enjoy mutual stimulation with vibration that buzzes throughout the entire ring. Now available as a convenient ColorPoP Quickie, couples can enjoy vibrant vibration at home or on the go with a disposable design they can take anywhere! Features: - Long-lasting vibrating ring for his and her pleasure - Powerful vibrating motor with super-stretchy band - Pleasure ticklers for increased clitoral stimulation - Pleasure knobs around the ring boost his experience Additional Info: - Disposable - 30+ minutes battery life - One size fits most - SEBS silicone - Latex- and phthalate-free - Wireless</itemDescription> <htmlitemdescriptioninbase64format>VGhlIFNjcmVhbWluZyBPIFZpYnJhdGluZyBSaW5nIGlzIHRoZSBhd2FyZC13aW5uaW5nIHNleCBzZWNyZXQgdGhhdCBoZWxwcyBjb3VwbGVzIGhhdmUgYmV0dGVyLCBtb3JlIHNhdGlzZnlpbmcgc2V4ISBXaXRoIHBsZWFzdXJlIGtub2JzIGZvciBoaW0gYW5kIHRpY2tsZXJzIGZvciBoZXIsIGNvdXBsZXMgZW5qb3kgbXV0dWFsIHN0aW11bGF0aW9uIHdpdGggdmlicmF0aW9uIHRoYXQgYnV6emVzIHRocm91Z2hvdXQgdGhlIGVudGlyZSByaW5nLiBOb3cgYXZhaWxhYmxlIGFzIGEgY29udmVuaWVudCBDb2xvclBvUCBRdWlja2llLCBjb3VwbGVzIGNhbiBlbmpveSB2aWJyYW50IHZpYnJhdGlvbiBhdCBob21lIG9yIG9uIHRoZSBnbyB3aXRoIGEgZGlzcG9zYWJsZSBkZXNpZ24gdGhleSBjYW4gdGFrZSBhbnl3aGVyZSEgPGJyPjxicj48Yj5GZWF0dXJlczogPC9iPjxicj4tIExvbmctbGFzdGluZyB2aWJyYXRpbmcgcmluZyBmb3IgaGlzIGFuZCBoZXIgcGxlYXN1cmUgPGJyPi0gUG93ZXJmdWwgdmlicmF0aW5nIG1vdG9yIHdpdGggc3VwZXItc3RyZXRjaHkgYmFuZCA8YnI+LSBQbGVhc3VyZSB0aWNrbGVycyBmb3IgaW5jcmVhc2VkIGNsaXRvcmFsIHN0aW11bGF0aW9uIDxicj4tIFBsZWFzdXJlIGtub2JzIGFyb3VuZCB0aGUgcmluZyBib29zdCBoaXMgZXhwZXJpZW5jZSA8YnI+PGJyPjxiPkFkZGl0aW9uYWwgSW5mbzogPC9iPjxicj4tIERpc3Bvc2FibGUgPGJyPi0gMzArIG1pbnV0ZXMgYmF0dGVyeSBsaWZlIDxicj4tIE9uZSBzaXplIGZpdHMgbW9zdCA8YnI+LSBTRUJTIHNpbGljb25lIDxicj4tIExhdGV4LSBhbmQgcGh0aGFsYXRlLWZyZWUgPGJyPi0gV2lyZWxlc3M=</htmlitemdescriptioninbase64format>												
				<upc>817483011030</upc>			
				<dateUpdated>12/24/2020 12:01:18 PM</dateUpdated>	
				<itemweight><![CDATA[0.02]]></itemweight>		
				<dateCreated>07/21/2014 10:45:07 AM</dateCreated>			
				<deliveryallowed><![CDATA[1]]></deliveryallowed>	

					
						<categoriesV2>

											
							<categoritem>
								
									<mastercategories><![CDATA[Cockrings]]></mastercategories>
								
									<subcategories><![CDATA[Pink|Vibrating|Waterproof|Valentines Day]]></subcategories>
														
							</categoritem>					
												
						</categoriesV2>
						
					<alternatetitle><![CDATA[Color Pop Quickie Screaming O Vibrating Ring Silicone Cockring Pink]]></alternatetitle>
					<height><![CDATA[0.5]]></height>
					<width><![CDATA[3]]></width>
					<length><![CDATA[3.25]]></length>
					<marketplacerestrictions><![CDATA[0]]></marketplacerestrictions>
					<discontinued>No</discontinued>
					
						<regulations />
												
													
			</item>
				
			<item>
				<title><![CDATA[Colorpop Quick Screaming O Plus Blu-indv]]></title>
				<releaseDate>08/12/2014</releaseDate>				
				<itemSKU>XSOCPSOPBU110</itemSKU>
				<itemID>38648</itemID>		
				<standardPrice>3.3800</standardPrice>		
				<mapPrice>0</mapPrice>
				<msrpPrice>7.95</msrpPrice>			
				<stock>Available Now</stock>
				<multiplesOF>1</multiplesOF> 
									<imageLargeFront><![CDATA[https://s3.amazonaws.com/ecn-watermarks/effex/38648_1.jpg]]></imageLargeFront>
								
									<imageLargeBack><![CDATA[https://s3.amazonaws.com/ecn-watermarks/effex/38648_2.jpg]]></imageLargeBack>
								
									<imageMediumFront><![CDATA[https://s3.amazonaws.com/ecn-watermarks/effex/38648_5.jpg]]></imageMediumFront>
								
									<imageMediumBack><![CDATA[https://s3.amazonaws.com/ecn-watermarks/effex/38648_6.jpg]]></imageMediumBack>
								
									<imageThumbnailFront><![CDATA[https://s3.amazonaws.com/ecn-watermarks/effex/38648_9.jpg]]></imageThumbnailFront>
								
									<imageThumbnailBack><![CDATA[https://s3.amazonaws.com/ecn-watermarks/effex/38648_10.jpg]]></imageThumbnailBack>
									
				<manufacturer><![CDATA[Screaming O]]></manufacturer>
				<categories>SEX TOYS FOR COUPLES,VIBRATING COCKRINGS,BULK ITEMS,</categories>
				<itemDescription>The Screaming O PLUS vibrating erection ring keeps him harder longer with powerful vibration for her pleasure for better, more satisfying sex. Now available as a convenient ColorPoP Quickie, couples can enjoy vibrant vibration at home or on the go with a disposable design they can take anywhere! Features: - Stretchy, snug vibrating erection ring - Powerful micro vibration for his and her pleasure - Pleasure ticklers for enhanced sensations Additional Info: - Disposable - 30+ minutes battery life - One size fits most - SEBS silicone - Latex- and phthalate-free - Wireless - Water Resistant</itemDescription> <htmlitemdescriptioninbase64format>VGhlIFNjcmVhbWluZyBPIFBMVVMgdmlicmF0aW5nIGVyZWN0aW9uIHJpbmcga2VlcHMgaGltIGhhcmRlciBsb25nZXIgd2l0aCBwb3dlcmZ1bCB2aWJyYXRpb24gZm9yIGhlciBwbGVhc3VyZSBmb3IgYmV0dGVyLCBtb3JlIHNhdGlzZnlpbmcgc2V4LiBOb3cgYXZhaWxhYmxlIGFzIGEgY29udmVuaWVudCBDb2xvclBvUCBRdWlja2llLCBjb3VwbGVzIGNhbiBlbmpveSB2aWJyYW50IHZpYnJhdGlvbiBhdCBob21lIG9yIG9uIHRoZSBnbyB3aXRoIGEgZGlzcG9zYWJsZSBkZXNpZ24gdGhleSBjYW4gdGFrZSBhbnl3aGVyZSEgPGJyPjxicj48Yj5GZWF0dXJlczogPC9iPjxicj4tIFN0cmV0Y2h5LCBzbnVnIHZpYnJhdGluZyBlcmVjdGlvbiByaW5nIDxicj4tIFBvd2VyZnVsIG1pY3JvIHZpYnJhdGlvbiBmb3IgaGlzIGFuZCBoZXIgcGxlYXN1cmUgPGJyPi0gUGxlYXN1cmUgdGlja2xlcnMgZm9yIGVuaGFuY2VkIHNlbnNhdGlvbnMgPGJyPjxicj48Yj5BZGRpdGlvbmFsIEluZm86IDwvYj48YnI+LSBEaXNwb3NhYmxlIDxicj4tIDMwKyBtaW51dGVzIGJhdHRlcnkgbGlmZSA8YnI+LSBPbmUgc2l6ZSBmaXRzIG1vc3QgPGJyPi0gU0VCUyBzaWxpY29uZSA8YnI+LSBMYXRleC0gYW5kIHBodGhhbGF0ZS1mcmVlIDxicj4tIFdpcmVsZXNzIDxicj4tIFdhdGVyIFJlc2lzdGFudA==</htmlitemdescriptioninbase64format>												
				<upc>817483011023</upc>			
				<dateUpdated>12/24/2020 12:01:18 PM</dateUpdated>	
				<itemweight><![CDATA[0.06]]></itemweight>		
				<dateCreated>07/21/2014 10:45:07 AM</dateCreated>			
				<deliveryallowed><![CDATA[1]]></deliveryallowed>	

					
						<categoriesV2>

											
							<categoritem>
								
									<mastercategories><![CDATA[Cockrings]]></mastercategories>
								
									<subcategories><![CDATA[Blue|Vibrating|Waterproof]]></subcategories>
														
							</categoritem>					
												
						</categoriesV2>
						
					<alternatetitle><![CDATA[Color Pop Quickie Screaming O Plus Vibrating Ring Silicone Cockring Blue]]></alternatetitle>
					<height><![CDATA[0.75]]></height>
					<width><![CDATA[3.75]]></width>
					<length><![CDATA[5.75]]></length>
					<marketplacerestrictions><![CDATA[0]]></marketplacerestrictions>
					<discontinued>No</discontinued>
					
						<regulations />
												
													
			</item>
				
			<item>
				<title><![CDATA[Colorpop Quickie Two O Blue-indv]]></title>
				<releaseDate>08/12/2014</releaseDate>				
				<itemSKU>XSOCPTWOBU110</itemSKU>
				<itemID>38651</itemID>		
				<standardPrice>5.1700</standardPrice>		
				<mapPrice>0</mapPrice>
				<msrpPrice>10.95</msrpPrice>			
				<stock>Available Now</stock>
				<multiplesOF>1</multiplesOF> 
									<imageLargeFront><![CDATA[https://s3.amazonaws.com/ecn-watermarks/effex/38651_1.jpg]]></imageLargeFront>
								
									<imageLargeBack><![CDATA[https://s3.amazonaws.com/ecn-watermarks/effex/38651_2.jpg]]></imageLargeBack>
								
									<imageMediumFront><![CDATA[https://s3.amazonaws.com/ecn-watermarks/effex/38651_5.jpg]]></imageMediumFront>
								
									<imageMediumBack><![CDATA[https://s3.amazonaws.com/ecn-watermarks/effex/38651_6.jpg]]></imageMediumBack>
								
									<imageThumbnailFront><![CDATA[https://s3.amazonaws.com/ecn-watermarks/effex/38651_9.jpg]]></imageThumbnailFront>
								
									<imageThumbnailBack><![CDATA[https://s3.amazonaws.com/ecn-watermarks/effex/38651_10.jpg]]></imageThumbnailBack>
									
				<manufacturer><![CDATA[Screaming O]]></manufacturer>
				<categories>SEX TOYS FOR COUPLES,VIBRATING COCKRINGS,</categories>
				<itemDescription>The Two-O Double Pleasure Ring features two super-powered, super-bright mini motors attached to a stretchy and comfortable pleasure ring for better, more satisfying sex. The top motor stimulates her clitoris while the bottom motor buzzes strong for mutual pleasure, giving couples something to scream about together! Now available as a convenient ColorPoP Quickie, couples can enjoy vibrant vibration at home or on the go with a disposable design they can take anywhere! Features: - Two long-lasting motors for his and her pleasure - Intense vibrating ring with super-stretchy band - Pleasure ticklers for increased clitoral stimulation - Pleasure knobs around the ring boost his experience - Two easy on/off switches Additional Info: - Disposable - 30+ minutes battery life - One size fits most - SEBS silicone - Latex- and phthalate-free - Wireless - Water Resistant</itemDescription> <htmlitemdescriptioninbase64format>VGhlIFR3by1PIERvdWJsZSBQbGVhc3VyZSBSaW5nIGZlYXR1cmVzIHR3byBzdXBlci1wb3dlcmVkLCBzdXBlci1icmlnaHQgbWluaSBtb3RvcnMgYXR0YWNoZWQgdG8gYSBzdHJldGNoeSBhbmQgY29tZm9ydGFibGUgcGxlYXN1cmUgcmluZyBmb3IgYmV0dGVyLCBtb3JlIHNhdGlzZnlpbmcgc2V4LiBUaGUgdG9wIG1vdG9yIHN0aW11bGF0ZXMgaGVyIGNsaXRvcmlzIHdoaWxlIHRoZSBib3R0b20gbW90b3IgYnV6emVzIHN0cm9uZyBmb3IgbXV0dWFsIHBsZWFzdXJlLCBnaXZpbmcgY291cGxlcyBzb21ldGhpbmcgdG8gc2NyZWFtIGFib3V0IHRvZ2V0aGVyISBOb3cgYXZhaWxhYmxlIGFzIGEgY29udmVuaWVudCBDb2xvclBvUCBRdWlja2llLCBjb3VwbGVzIGNhbiBlbmpveSB2aWJyYW50IHZpYnJhdGlvbiBhdCBob21lIG9yIG9uIHRoZSBnbyB3aXRoIGEgZGlzcG9zYWJsZSBkZXNpZ24gdGhleSBjYW4gdGFrZSBhbnl3aGVyZSEgPGJyPjxicj48Yj5GZWF0dXJlczogPC9iPjxicj4tIFR3byBsb25nLWxhc3RpbmcgbW90b3JzIGZvciBoaXMgYW5kIGhlciBwbGVhc3VyZSA8YnI+LSBJbnRlbnNlIHZpYnJhdGluZyByaW5nIHdpdGggc3VwZXItc3RyZXRjaHkgYmFuZCA8YnI+LSBQbGVhc3VyZSB0aWNrbGVycyBmb3IgaW5jcmVhc2VkIGNsaXRvcmFsIHN0aW11bGF0aW9uIDxicj4tIFBsZWFzdXJlIGtub2JzIGFyb3VuZCB0aGUgcmluZyBib29zdCBoaXMgZXhwZXJpZW5jZSA8YnI+LSBUd28gZWFzeSBvbi9vZmYgc3dpdGNoZXMgPGJyPjxicj48Yj5BZGRpdGlvbmFsIEluZm86IDwvYj48YnI+LSBEaXNwb3NhYmxlIDxicj4tIDMwKyBtaW51dGVzIGJhdHRlcnkgbGlmZSA8YnI+LSBPbmUgc2l6ZSBmaXRzIG1vc3QgPGJyPi0gU0VCUyBzaWxpY29uZSA8YnI+LSBMYXRleC0gYW5kIHBodGhhbGF0ZS1mcmVlIDxicj4tIFdpcmVsZXNzIDxicj4tIFdhdGVyIFJlc2lzdGFudA==</htmlitemdescriptioninbase64format>												
				<upc>817483011009</upc>			
				<dateUpdated>12/24/2020 12:01:18 PM</dateUpdated>	
				<itemweight><![CDATA[0.06]]></itemweight>		
				<dateCreated>07/21/2014 10:45:07 AM</dateCreated>			
				<deliveryallowed><![CDATA[1]]></deliveryallowed>	

					
						<categoriesV2>

											
							<categoritem>
								
									<mastercategories><![CDATA[Clitoral Stimulation|Cockrings]]></mastercategories>
								
									<subcategories><![CDATA[Blue|Dual Vibrating|Vibrating|Waterproof]]></subcategories>
														
							</categoritem>					
												
						</categoriesV2>
						
					<alternatetitle><![CDATA[Color Pop Quickie Two O Silicone Dual Vibrating Cockring Blue]]></alternatetitle>
					<height><![CDATA[1]]></height>
					<width><![CDATA[3.75]]></width>
					<length><![CDATA[5.75]]></length>
					<marketplacerestrictions><![CDATA[0]]></marketplacerestrictions>
					<discontinued>No</discontinued>
					
						<regulations />
												
													
			</item>
				
			<item>
				<title><![CDATA[Colorpop Quickie Two O Green-indv]]></title>
				<releaseDate>08/12/2014</releaseDate>				
				<itemSKU>XSOCPTWOGN110</itemSKU>
				<itemID>38652</itemID>		
				<standardPrice>5.1700</standardPrice>		
				<mapPrice>0</mapPrice>
				<msrpPrice>10.95</msrpPrice>			
				<stock>Available Now</stock>
				<multiplesOF>1</multiplesOF> 
									<imageLargeFront><![CDATA[https://s3.amazonaws.com/ecn-watermarks/effex/38652_1.jpg]]></imageLargeFront>
								
									<imageLargeBack><![CDATA[https://s3.amazonaws.com/ecn-watermarks/effex/38652_2.jpg]]></imageLargeBack>
								
									<imageMediumFront><![CDATA[https://s3.amazonaws.com/ecn-watermarks/effex/38652_5.jpg]]></imageMediumFront>
								
									<imageMediumBack><![CDATA[https://s3.amazonaws.com/ecn-watermarks/effex/38652_6.jpg]]></imageMediumBack>
								
									<imageThumbnailFront><![CDATA[https://s3.amazonaws.com/ecn-watermarks/effex/38652_9.jpg]]></imageThumbnailFront>
								
									<imageThumbnailBack><![CDATA[https://s3.amazonaws.com/ecn-watermarks/effex/38652_10.jpg]]></imageThumbnailBack>
									
				<manufacturer><![CDATA[Screaming O]]></manufacturer>
				<categories>SEX TOYS FOR COUPLES,VIBRATING COCKRINGS,</categories>
				<itemDescription>The Two-O Double Pleasure Ring features two super-powered, super-bright mini motors attached to a stretchy and comfortable pleasure ring for better, more satisfying sex. The top motor stimulates her clitoris while the bottom motor buzzes strong for mutual pleasure, giving couples something to scream about together! Now available as a convenient ColorPoP Quickie, couples can enjoy vibrant vibration at home or on the go with a disposable design they can take anywhere! Features: - Two long-lasting motors for his and her pleasure - Intense vibrating ring with super-stretchy band - Pleasure ticklers for increased clitoral stimulation - Pleasure knobs around the ring boost his experience - Two easy on/off switches Additional Info: - Disposable - 30+ minutes battery life - One size fits most - SEBS silicone - Latex- and phthalate-free - Wireless - Water Resistant</itemDescription> <htmlitemdescriptioninbase64format>VGhlIFR3by1PIERvdWJsZSBQbGVhc3VyZSBSaW5nIGZlYXR1cmVzIHR3byBzdXBlci1wb3dlcmVkLCBzdXBlci1icmlnaHQgbWluaSBtb3RvcnMgYXR0YWNoZWQgdG8gYSBzdHJldGNoeSBhbmQgY29tZm9ydGFibGUgcGxlYXN1cmUgcmluZyBmb3IgYmV0dGVyLCBtb3JlIHNhdGlzZnlpbmcgc2V4LiBUaGUgdG9wIG1vdG9yIHN0aW11bGF0ZXMgaGVyIGNsaXRvcmlzIHdoaWxlIHRoZSBib3R0b20gbW90b3IgYnV6emVzIHN0cm9uZyBmb3IgbXV0dWFsIHBsZWFzdXJlLCBnaXZpbmcgY291cGxlcyBzb21ldGhpbmcgdG8gc2NyZWFtIGFib3V0IHRvZ2V0aGVyISBOb3cgYXZhaWxhYmxlIGFzIGEgY29udmVuaWVudCBDb2xvclBvUCBRdWlja2llLCBjb3VwbGVzIGNhbiBlbmpveSB2aWJyYW50IHZpYnJhdGlvbiBhdCBob21lIG9yIG9uIHRoZSBnbyB3aXRoIGEgZGlzcG9zYWJsZSBkZXNpZ24gdGhleSBjYW4gdGFrZSBhbnl3aGVyZSEgPGJyPjxicj48Yj5GZWF0dXJlczogPC9iPjxicj4tIFR3byBsb25nLWxhc3RpbmcgbW90b3JzIGZvciBoaXMgYW5kIGhlciBwbGVhc3VyZSA8YnI+LSBJbnRlbnNlIHZpYnJhdGluZyByaW5nIHdpdGggc3VwZXItc3RyZXRjaHkgYmFuZCA8YnI+LSBQbGVhc3VyZSB0aWNrbGVycyBmb3IgaW5jcmVhc2VkIGNsaXRvcmFsIHN0aW11bGF0aW9uIDxicj4tIFBsZWFzdXJlIGtub2JzIGFyb3VuZCB0aGUgcmluZyBib29zdCBoaXMgZXhwZXJpZW5jZSA8YnI+LSBUd28gZWFzeSBvbi9vZmYgc3dpdGNoZXMgPGJyPjxicj48Yj5BZGRpdGlvbmFsIEluZm86IDwvYj48YnI+LSBEaXNwb3NhYmxlIDxicj4tIDMwKyBtaW51dGVzIGJhdHRlcnkgbGlmZSA8YnI+LSBPbmUgc2l6ZSBmaXRzIG1vc3QgPGJyPi0gU0VCUyBzaWxpY29uZSA8YnI+LSBMYXRleC0gYW5kIHBodGhhbGF0ZS1mcmVlIDxicj4tIFdpcmVsZXNzIDxicj4tIFdhdGVyIFJlc2lzdGFudA==</htmlitemdescriptioninbase64format>												
				<upc>817483010996</upc>			
				<dateUpdated>12/24/2020 12:01:18 PM</dateUpdated>	
				<itemweight><![CDATA[0.06]]></itemweight>		
				<dateCreated>07/21/2014 10:45:07 AM</dateCreated>			
				<deliveryallowed><![CDATA[1]]></deliveryallowed>	

					
						<categoriesV2>

											
							<categoritem>
								
									<mastercategories><![CDATA[Clitoral Stimulation|Cockrings]]></mastercategories>
								
									<subcategories><![CDATA[Dual Vibrating|Green|Vibrating|Waterproof]]></subcategories>
														
							</categoritem>					
												
						</categoriesV2>
						
					<alternatetitle><![CDATA[Color Pop Quickie Two O Silicone Dual Vibrating Cockring Green]]></alternatetitle>
					<height><![CDATA[1]]></height>
					<width><![CDATA[3.75]]></width>
					<length><![CDATA[5.75]]></length>
					<marketplacerestrictions><![CDATA[0]]></marketplacerestrictions>
					<discontinued>No</discontinued>
					
						<regulations />
												
													
			</item>
				
			<item>
				<title><![CDATA[My Secret Vibrating Mascara-indv]]></title>
				<releaseDate>10/27/2014</releaseDate>				
				<itemSKU>XSOMASC110</itemSKU>
				<itemID>38657</itemID>		
				<standardPrice>6.8600</standardPrice>		
				<mapPrice>0</mapPrice>
				<msrpPrice>14.97</msrpPrice>			
				<stock>Available Now</stock>
				<multiplesOF>1</multiplesOF> 
									<imageLargeFront><![CDATA[https://s3.amazonaws.com/ecn-watermarks/effex/38657_1.jpg]]></imageLargeFront>
								
									<imageLargeBack><![CDATA[https://s3.amazonaws.com/ecn-watermarks/effex/38657_2.jpg]]></imageLargeBack>
								
									<imageMediumFront><![CDATA[https://s3.amazonaws.com/ecn-watermarks/effex/38657_5.jpg]]></imageMediumFront>
								
									<imageMediumBack><![CDATA[https://s3.amazonaws.com/ecn-watermarks/effex/38657_6.jpg]]></imageMediumBack>
								
									<imageThumbnailFront><![CDATA[https://s3.amazonaws.com/ecn-watermarks/effex/38657_9.jpg]]></imageThumbnailFront>
								
									<imageThumbnailBack><![CDATA[https://s3.amazonaws.com/ecn-watermarks/effex/38657_10.jpg]]></imageThumbnailBack>
									
				<manufacturer><![CDATA[Screaming O]]></manufacturer>
				<categories>MULTI FUCTION,VIBRATORS,SEX TOYS FOR WOMEN,</categories>
				<itemDescription>My Secret Screaming O Vibrating Mascara is a super-powered, discreet mini vibe that looks just like mascara! With an ultra-soft Tingle Tip, this massager magnifies vibration for targeted stimulation with a whisper-quiet motor that buzzes at 3 strong speeds with a bonus pulsating tease mode. Travel-friendly, compact and portable, this Mascara Vibe will give you a fresh-faced look that could only come from The Screaming O. Keeping a secret never felt so good! Features: - Discreet mini vibe looks just like mascara - Super-powered with a super-secret shape - Multi-function motor: low, medium, high and pulsating tease mode - Soft Tingle Tip magnifies vibration for targeted stimulation - Travel-friendly design Additional Information: - Reusable - Replaceable AG13 batteries last 45+ minutes - TPR Tingle Tip - Latex- and phthalate-free - Wireless - Water resistant</itemDescription> <htmlitemdescriptioninbase64format>TXkgU2VjcmV0IFNjcmVhbWluZyBPIFZpYnJhdGluZyBNYXNjYXJhIGlzIGEgc3VwZXItcG93ZXJlZCwgZGlzY3JlZXQgbWluaSB2aWJlIHRoYXQgbG9va3MganVzdCBsaWtlIG1hc2NhcmEhIFdpdGggYW4gdWx0cmEtc29mdCBUaW5nbGUgVGlwLCB0aGlzIG1hc3NhZ2VyIG1hZ25pZmllcyB2aWJyYXRpb24gZm9yIHRhcmdldGVkIHN0aW11bGF0aW9uIHdpdGggYSB3aGlzcGVyLXF1aWV0IG1vdG9yIHRoYXQgYnV6emVzIGF0IDMgc3Ryb25nIHNwZWVkcyB3aXRoIGEgYm9udXMgcHVsc2F0aW5nICJ0ZWFzZSIgbW9kZS4gVHJhdmVsLWZyaWVuZGx5LCBjb21wYWN0IGFuZCBwb3J0YWJsZSwgdGhpcyBNYXNjYXJhIFZpYmUgd2lsbCBnaXZlIHlvdSBhIGZyZXNoLWZhY2VkIGxvb2sgdGhhdCBjb3VsZCBvbmx5IGNvbWUgZnJvbSBUaGUgU2NyZWFtaW5nIE8uIEtlZXBpbmcgYSBzZWNyZXQgbmV2ZXIgZmVsdCBzbyBnb29kISA8YnI+PGJyPjxiPkZlYXR1cmVzOiA8L2I+PGJyPi0gRGlzY3JlZXQgbWluaSB2aWJlIGxvb2tzIGp1c3QgbGlrZSBtYXNjYXJhIDxicj4tIFN1cGVyLXBvd2VyZWQgd2l0aCBhIHN1cGVyLXNlY3JldCBzaGFwZSA8YnI+LSBNdWx0aS1mdW5jdGlvbiBtb3RvcjogbG93LCBtZWRpdW0sIGhpZ2ggYW5kIHB1bHNhdGluZyAidGVhc2UiIG1vZGUgPGJyPi0gU29mdCBUaW5nbGUgVGlwIG1hZ25pZmllcyB2aWJyYXRpb24gZm9yIHRhcmdldGVkIHN0aW11bGF0aW9uIDxicj4tIFRyYXZlbC1mcmllbmRseSBkZXNpZ24gPGJyPjxicj48Yj5BZGRpdGlvbmFsIEluZm9ybWF0aW9uOiA8L2I+PGJyPi0gUmV1c2FibGUgPGJyPi0gUmVwbGFjZWFibGUgQUcxMyBiYXR0ZXJpZXMgbGFzdCA0NSsgbWludXRlcyA8YnI+LSBUUFIgVGluZ2xlIFRpcCA8YnI+LSBMYXRleC0gYW5kIHBodGhhbGF0ZS1mcmVlIDxicj4tIFdpcmVsZXNzIDxicj4tIFdhdGVyIHJlc2lzdGFudA==</htmlitemdescriptioninbase64format>												
				<upc>817483011115</upc>			
				<dateUpdated>12/24/2020 12:01:18 PM</dateUpdated>	
				<itemweight><![CDATA[0.14]]></itemweight>		
				<dateCreated>07/21/2014 11:45:07 AM</dateCreated>			
				<deliveryallowed><![CDATA[1]]></deliveryallowed>	

					
						<categoriesV2>

											
							<categoritem>
								
									<mastercategories><![CDATA[Clitoral Stimulation|Vibrators]]></mastercategories>
								
									<subcategories><![CDATA[Discreet Vibrators|Multifunction|Multispeed|Vibrating]]></subcategories>
														
							</categoritem>					
												
						</categoriesV2>
						
					<alternatetitle><![CDATA[My Secret Screaming O Vibrating Mascara]]></alternatetitle>
					<height><![CDATA[1]]></height>
					<width><![CDATA[3]]></width>
					<length><![CDATA[8.5]]></length>
					<marketplacerestrictions><![CDATA[0]]></marketplacerestrictions>
					<discontinued>No</discontinued>
					
						<regulations />
												
													
			</item>
				
			<item>
				<title><![CDATA[Vibroman Kit Blue-indv]]></title>
				<releaseDate>08/12/2014</releaseDate>				
				<itemSKU>XSOVIB110</itemSKU>
				<itemID>38666</itemID>		
				<standardPrice>9.7700</standardPrice>		
				<mapPrice>0</mapPrice>
				<msrpPrice>16.45</msrpPrice>			
				<stock>Available Now</stock>
				<multiplesOF>1</multiplesOF> 
									<imageLargeFront><![CDATA[https://s3.amazonaws.com/ecn-watermarks/effex/38666_1.jpg]]></imageLargeFront>
								
									<imageLargeBack><![CDATA[https://s3.amazonaws.com/ecn-watermarks/effex/38666_2.jpg]]></imageLargeBack>
								
									<imageMediumFront><![CDATA[https://s3.amazonaws.com/ecn-watermarks/effex/38666_5.jpg]]></imageMediumFront>
								
									<imageMediumBack><![CDATA[https://s3.amazonaws.com/ecn-watermarks/effex/38666_6.jpg]]></imageMediumBack>
								
									<imageThumbnailFront><![CDATA[https://s3.amazonaws.com/ecn-watermarks/effex/38666_9.jpg]]></imageThumbnailFront>
								
									<imageThumbnailBack><![CDATA[https://s3.amazonaws.com/ecn-watermarks/effex/38666_10.jpg]]></imageThumbnailBack>
									
				<manufacturer><![CDATA[Screaming O]]></manufacturer>
				<categories>KITS,SEX TOYS FOR COUPLES,VIBRATING COCKRINGS,</categories>
				<itemDescription>The VibrOman is the ultimate starter kit that gives your man a 3-point upgrade! Give his tongue, fingertip and full package a vibrating boost with easy-to-use and fun-to-try mini vibes, and with a stretchy one-size-fits-most shape and disposable design, you can take your VibrOman home or on vacation and leave the evidence behind! Features: - Upgrade your man with the ultimate sex toy starter kit- Turn his tongue into a sex toy!- Put pleasure at his fingertips!- Make his package vibrate!- Disposable, discreet and travel-friendly- Easy to use and fun to try! Additional Info: - Disposable - 30+ minutes battery life - SEBS silicone - Latex- and phthalate-free - Wireless - Water resistant</itemDescription> <htmlitemdescriptioninbase64format>VGhlIFZpYnJPbWFuIGlzIHRoZSB1bHRpbWF0ZSBzdGFydGVyIGtpdCB0aGF0IGdpdmVzIHlvdXIgbWFuIGEgMy1wb2ludCB1cGdyYWRlISBHaXZlIGhpcyB0b25ndWUsIGZpbmdlcnRpcCBhbmQgZnVsbCBwYWNrYWdlIGEgdmlicmF0aW5nIGJvb3N0IHdpdGggZWFzeS10by11c2UgYW5kIGZ1bi10by10cnkgbWluaSB2aWJlcywgYW5kIHdpdGggYSBzdHJldGNoeSBvbmUtc2l6ZS1maXRzLW1vc3Qgc2hhcGUgYW5kIGRpc3Bvc2FibGUgZGVzaWduLCB5b3UgY2FuIHRha2UgeW91ciBWaWJyT21hbiBob21lIG9yIG9uIHZhY2F0aW9uIGFuZCBsZWF2ZSB0aGUgZXZpZGVuY2UgYmVoaW5kISA8YnI+PGJyPjxiPkZlYXR1cmVzOiA8L2I+PGJyPi0gVXBncmFkZSB5b3VyIG1hbiB3aXRoIHRoZSB1bHRpbWF0ZSBzZXggdG95IHN0YXJ0ZXIga2l0LSBUdXJuIGhpcyB0b25ndWUgaW50byBhIHNleCB0b3khLSBQdXQgcGxlYXN1cmUgYXQgaGlzIGZpbmdlcnRpcHMhLSBNYWtlIGhpcyBwYWNrYWdlIHZpYnJhdGUhLSBEaXNwb3NhYmxlLCBkaXNjcmVldCBhbmQgdHJhdmVsLWZyaWVuZGx5LSBFYXN5IHRvIHVzZSAmIGZ1biB0byB0cnkhIDxicj48YnI+PGI+QWRkaXRpb25hbCBJbmZvOiA8L2I+PGJyPi0gRGlzcG9zYWJsZSA8YnI+LSAzMCsgbWludXRlcyBiYXR0ZXJ5IGxpZmUgPGJyPi0gU0VCUyBzaWxpY29uZSA8YnI+LSBMYXRleC0gYW5kIHBodGhhbGF0ZS1mcmVlIDxicj4tIFdpcmVsZXNzIDxicj4tIFdhdGVyIHJlc2lzdGFudA==</htmlitemdescriptioninbase64format>												
				<upc>817483010989</upc>			
				<dateUpdated>12/24/2020 12:01:18 PM</dateUpdated>	
				<itemweight><![CDATA[0.10]]></itemweight>		
				<dateCreated>07/21/2014 11:45:07 AM</dateCreated>			
				<deliveryallowed><![CDATA[1]]></deliveryallowed>	

					
						<categoriesV2>

											
							<categoritem>
								
									<mastercategories><![CDATA[Cockrings|Kit]]></mastercategories>
								
									<subcategories><![CDATA[Vibrating|Waterproof]]></subcategories>
														
							</categoritem>					
												
						</categoriesV2>
						
					<alternatetitle><![CDATA[Vibroman Vibrating Kit 3 Each Per Pack]]></alternatetitle>
					<height><![CDATA[1]]></height>
					<width><![CDATA[4]]></width>
					<length><![CDATA[6.25]]></length>
					<marketplacerestrictions><![CDATA[0]]></marketplacerestrictions>
					<discontinued>No</discontinued>
					
						<regulations />
												
													
			</item>
				
			<item>
				<title><![CDATA[Secrets Remote Lace Boyshort Black]]></title>
				<releaseDate>10/22/2014</releaseDate>				
				<itemSKU>XGSV-3-BK</itemSKU>
				<itemID>39695</itemID>		
				<standardPrice>30.0000</standardPrice>		
				<mapPrice>0</mapPrice>
				<msrpPrice>0</msrpPrice>			
				<stock>Available Now</stock>
				<multiplesOF>1</multiplesOF> 
									<imageLargeFront><![CDATA[https://s3.amazonaws.com/ecn-watermarks/effex/39695_1.jpg]]></imageLargeFront>
								
									<imageLargeBack><![CDATA[https://s3.amazonaws.com/ecn-watermarks/effex/39695_2.jpg]]></imageLargeBack>
								
									<imageMediumFront><![CDATA[https://s3.amazonaws.com/ecn-watermarks/effex/39695_5.jpg]]></imageMediumFront>
								
									<imageMediumBack><![CDATA[https://s3.amazonaws.com/ecn-watermarks/effex/39695_6.jpg]]></imageMediumBack>
								
									<imageThumbnailFront><![CDATA[https://s3.amazonaws.com/ecn-watermarks/effex/39695_9.jpg]]></imageThumbnailFront>
								
									<imageThumbnailBack><![CDATA[https://s3.amazonaws.com/ecn-watermarks/effex/39695_10.jpg]]></imageThumbnailBack>
									
				<manufacturer><![CDATA[Secrets]]></manufacturer>
				<categories>LINGERIE,VIBRATING PANTIES,SEX TOYS FOR WOMEN,REMOTE CONTROL,</categories>
				<itemDescription>Fun, Flirty, and seductive. See through floral lace on the front and back. Includes contoured multi-function lay-on bullet that is worn discreetly inside your boyshort. Requires 4 x LR44 and 1 x CR2032 batteries (included). Features: 1 touch control for hands free stimulation Discreetly worn inside a panty Silky smooth soft-touch finish Designed to fit a woman`s curves Powerful 5 vibration patterns Quiet nearly silent operation Wireless Splashproof Remote control</itemDescription> <htmlitemdescriptioninbase64format>RnVuLCBGbGlydHksIGFuZCBzZWR1Y3RpdmUuIFNlZSB0aHJvdWdoIGZsb3JhbCBsYWNlIG9uIHRoZSBmcm9udCBhbmQgYmFjay4gSW5jbHVkZXMgY29udG91cmVkIG11bHRpLWZ1bmN0aW9uIGxheS1vbiBidWxsZXQgdGhhdCBpcyB3b3JuIGRpc2NyZWV0bHkgaW5zaWRlIHlvdXIgYm95c2hvcnQuIFJlcXVpcmVzIDQgeCBMUjQ0IGFuZCAxIHggQ1IyMDMyIGJhdHRlcmllcyAoaW5jbHVkZWQpLiA8YnI+PGJyPjxiPkZlYXR1cmVzOiA8L2I+PGJyPjEgdG91Y2ggY29udHJvbCBmb3IgaGFuZHMgZnJlZSBzdGltdWxhdGlvbiA8YnI+RGlzY3JlZXRseSB3b3JuIGluc2lkZSBhIHBhbnR5IDxicj5TaWxreSBzbW9vdGggc29mdC10b3VjaCBmaW5pc2ggPGJyPkRlc2lnbmVkIHRvIGZpdCBhIHdvbWFuJ3MgY3VydmVzIDxicj5Qb3dlcmZ1bCA1IHZpYnJhdGlvbiBwYXR0ZXJucyA8YnI+UXVpZXQgbmVhcmx5IHNpbGVudCBvcGVyYXRpb24gPGJyPldpcmVsZXNzIDxicj5TcGxhc2hwcm9vZiA8YnI+UmVtb3RlIGNvbnRyb2w=</htmlitemdescriptioninbase64format>												
				<upc>726633976672</upc>			
				<dateUpdated>12/24/2020 12:01:18 PM</dateUpdated>	
				<itemweight><![CDATA[0.30]]></itemweight>		
				<dateCreated>10/20/2014 12:45:08 PM</dateCreated>			
				<deliveryallowed><![CDATA[1]]></deliveryallowed>	

					
						<categoriesV2>

											
							<categoritem>
								
									<mastercategories><![CDATA[Massagers]]></mastercategories>
								
									<subcategories><![CDATA[Black|Discreet Vibrators|Lingerie|Multifunction|Multispeed|One Size Fits Most|Panty Massager|Remote Control|Vibrating Panties & Thongs|Wireless]]></subcategories>
														
							</categoritem>					
												
						</categoriesV2>
						
					<alternatetitle><![CDATA[Secrets Vibrating Lace Boy Short With Lay On Bullet With Wireless Remote Control - O/S- Black]]></alternatetitle>
					<height><![CDATA[2]]></height>
					<width><![CDATA[4.5]]></width>
					<length><![CDATA[7.5]]></length>
					<marketplacerestrictions><![CDATA[0]]></marketplacerestrictions>
					<discontinued>No</discontinued>
					
						<regulations />
												
													
			</item>
				
			<item>
				<title><![CDATA[Palm Sensual Silicone Heads 2pk]]></title>
				<releaseDate>03/31/2015</releaseDate>				
				<itemSKU>BMS30530</itemSKU>
				<itemID>40530</itemID>		
				<standardPrice>13.7500</standardPrice>		
				<mapPrice>22.46</mapPrice>
				<msrpPrice>24.95</msrpPrice>			
				<stock>Available Now</stock>
				<multiplesOF>1</multiplesOF> 
									<imageLargeFront><![CDATA[https://s3.amazonaws.com/ecn-watermarks/effex/40530_1.jpg]]></imageLargeFront>
								
									<imageLargeBack><![CDATA[https://s3.amazonaws.com/ecn-watermarks/effex/40530_2.jpg]]></imageLargeBack>
								
									<imageMediumFront><![CDATA[https://s3.amazonaws.com/ecn-watermarks/effex/40530_5.jpg]]></imageMediumFront>
								
									<imageMediumBack><![CDATA[https://s3.amazonaws.com/ecn-watermarks/effex/40530_6.jpg]]></imageMediumBack>
								
									<imageThumbnailFront><![CDATA[https://s3.amazonaws.com/ecn-watermarks/effex/40530_9.jpg]]></imageThumbnailFront>
								
									<imageThumbnailBack><![CDATA[https://s3.amazonaws.com/ecn-watermarks/effex/40530_10.jpg]]></imageThumbnailBack>
									
				<manufacturer><![CDATA[B.m.s. Enterprises]]></manufacturer>
				<categories>SILICONE,ACCESSORIES,SEX TOYS FOR WOMEN,</categories>
				<itemDescription>The Palm Below has a rounded flexible neck for G-spot stimulation and the Palm Dual features double action ends for G-spot and clitoral stimulation. Material: SiliconeMeasurement: -Weight: 6.24 Ounces</itemDescription> <htmlitemdescriptioninbase64format>VGhlIFBhbG0gQmVsb3cgaGFzIGEgcm91bmRlZCBmbGV4aWJsZSBuZWNrIGZvciBHLXNwb3Qgc3RpbXVsYXRpb24gYW5kIHRoZSBQYWxtIER1YWwgZmVhdHVyZXMgZG91YmxlIGFjdGlvbiBlbmRzIGZvciBHLXNwb3QgYW5kIGNsaXRvcmFsIHN0aW11bGF0aW9uLiA8YnI+PGJyPjxzdHJvbmc+TWF0ZXJpYWw6PC9TVFJPTkc+IFNpbGljb25lPEJSPjxCUj48U1RST05HPk1lYXN1cmVtZW50Ojwvc3Ryb25nPiA8QlI+LVdlaWdodDogNi4yNCBPdW5jZXM=</htmlitemdescriptioninbase64format>												
				<upc>677613305305</upc>			
				<dateUpdated>12/24/2020 12:01:18 PM</dateUpdated>	
				<itemweight><![CDATA[0.38]]></itemweight>		
				<dateCreated>02/19/2015 3:29:39 PM</dateCreated>			
				<deliveryallowed><![CDATA[1]]></deliveryallowed>	

					
						<categoriesV2>

											
							<categoritem>
								
									<mastercategories><![CDATA[Clitoral Stimulation|G-spot|Holiday|Kit|Massagers]]></mastercategories>
								
									<subcategories><![CDATA[Massager Attachments|Pink|Silicone|Valentines Day|Accessories]]></subcategories>
														
							</categoritem>					
												
						</categoriesV2>
						
					<alternatetitle><![CDATA[PalmSensual Silicone Massager Heads Attachment (2 Per Pack) - Pink]]></alternatetitle>
					<height><![CDATA[1.75]]></height>
					<width><![CDATA[4.25]]></width>
					<length><![CDATA[6.5]]></length>
					<marketplacerestrictions><![CDATA[0]]></marketplacerestrictions>
					<discontinued>No</discontinued>
					
						<regulations />
												
													
			</item>
				
			<item>
				<title><![CDATA[My Secret Screaming O Panty Vibe Pnk-ind]]></title>
				<releaseDate>12/16/2015</releaseDate>				
				<itemSKU>XSOPNTYPK110</itemSKU>
				<itemID>41747</itemID>		
				<standardPrice>25.4800</standardPrice>		
				<mapPrice>0</mapPrice>
				<msrpPrice>38.46</msrpPrice>			
				<stock>Available Now</stock>
				<multiplesOF>1</multiplesOF> 
									<imageLargeFront><![CDATA[https://s3.amazonaws.com/ecn-watermarks/effex/41747_1.jpg]]></imageLargeFront>
								
									<imageLargeBack><![CDATA[https://s3.amazonaws.com/ecn-watermarks/effex/41747_2.jpg]]></imageLargeBack>
								
									<imageMediumFront><![CDATA[https://s3.amazonaws.com/ecn-watermarks/effex/41747_5.jpg]]></imageMediumFront>
								
									<imageMediumBack><![CDATA[https://s3.amazonaws.com/ecn-watermarks/effex/41747_6.jpg]]></imageMediumBack>
								
									<imageThumbnailFront><![CDATA[https://s3.amazonaws.com/ecn-watermarks/effex/41747_9.jpg]]></imageThumbnailFront>
								
									<imageThumbnailBack><![CDATA[https://s3.amazonaws.com/ecn-watermarks/effex/41747_10.jpg]]></imageThumbnailBack>
									
				<manufacturer><![CDATA[Screaming O]]></manufacturer>
				<categories>LINGERIE,VIBRATING PANTIES,SEX TOYS FOR WOMEN,</categories>
				<itemDescription>Put the power of pleasure into shoppers` hands with My Secret Vibrating Panty Set, a super-powered vibrating bullet that fits discreetly into a side-tie lace panty to keep it perfectly in place. Operated by a remote control disguised as a finger ring, the My Secret Vibrating Panty Set works from up to 50 feet away makes it fun and easy for couples to play in public. When worn in the panty`s pocket, the powerful Bullet sits comfortably against the body and buzzes with 10 different vibration functions designed to tease, please and make her plead for more. Discreet enough to wear under clothing and out on the town and sexy enough to match with any lingerie, the My Secret Vibrating Panty Set is a sexy solution for spicing up any sex life! - Latex and phthalate-free - Wireless - Water Resistant - Requires AG13 Battery - 80+ Minutes of battery life</itemDescription> <htmlitemdescriptioninbase64format>UHV0IHRoZSBwb3dlciBvZiBwbGVhc3VyZSBpbnRvIHNob3BwZXJzJyBoYW5kcyB3aXRoIE15IFNlY3JldCBWaWJyYXRpbmcgUGFudHkgU2V0LCBhIHN1cGVyLXBvd2VyZWQgdmlicmF0aW5nIGJ1bGxldCB0aGF0IGZpdHMgZGlzY3JlZXRseSBpbnRvIGEgc2lkZS10aWUgbGFjZSBwYW50eSB0byBrZWVwIGl0IHBlcmZlY3RseSBpbiBwbGFjZS4gT3BlcmF0ZWQgYnkgYSByZW1vdGUgY29udHJvbCBkaXNndWlzZWQgYXMgYSBmaW5nZXIgcmluZywgdGhlIE15IFNlY3JldCBWaWJyYXRpbmcgUGFudHkgU2V0IHdvcmtzIGZyb20gdXAgdG8gNTAgZmVldCBhd2F5IG1ha2VzIGl0IGZ1biBhbmQgZWFzeSBmb3IgY291cGxlcyB0byBwbGF5IGluIHB1YmxpYy4gV2hlbiB3b3JuIGluIHRoZSBwYW50eSdzIHBvY2tldCwgdGhlIHBvd2VyZnVsIEJ1bGxldCBzaXRzIGNvbWZvcnRhYmx5IGFnYWluc3QgdGhlIGJvZHkgYW5kIGJ1enplcyB3aXRoIDEwIGRpZmZlcmVudCB2aWJyYXRpb24gZnVuY3Rpb25zIGRlc2lnbmVkIHRvIHRlYXNlLCBwbGVhc2UgYW5kIG1ha2UgaGVyIHBsZWFkIGZvciBtb3JlLiBEaXNjcmVldCBlbm91Z2ggdG8gd2VhciB1bmRlciBjbG90aGluZyBhbmQgb3V0IG9uIHRoZSB0b3duIGFuZCBzZXh5IGVub3VnaCB0byBtYXRjaCB3aXRoIGFueSBsaW5nZXJpZSwgdGhlIE15IFNlY3JldCBWaWJyYXRpbmcgUGFudHkgU2V0IGlzIGEgc2V4eSBzb2x1dGlvbiBmb3Igc3BpY2luZyB1cCBhbnkgc2V4IGxpZmUhIDxicj48YnI+LSBMYXRleCBhbmQgcGh0aGFsYXRlLWZyZWUgPGJyPi0gV2lyZWxlc3MgPGJyPi0gV2F0ZXIgUmVzaXN0YW50IDxicj4tIFJlcXVpcmVzIEFHMTMgQmF0dGVyeSA8YnI+LSA4MCsgTWludXRlcyBvZiBiYXR0ZXJ5IGxpZmU=</htmlitemdescriptioninbase64format>												
				<upc>817483011559</upc>			
				<dateUpdated>12/24/2020 12:01:18 PM</dateUpdated>	
				<itemweight><![CDATA[0.20]]></itemweight>		
				<dateCreated>07/30/2015 10:29:40 AM</dateCreated>			
				<deliveryallowed><![CDATA[1]]></deliveryallowed>	

					
						<categoriesV2>

											
							<categoritem>
								
									<mastercategories><![CDATA[Vibrators]]></mastercategories>
								
									<subcategories><![CDATA[Discreet Vibrators|Panty Massager|Pink|Remote Control]]></subcategories>
														
							</categoritem>					
												
						</categoriesV2>
						
					<alternatetitle><![CDATA[My Secret Remote Panty Vibe Pink]]></alternatetitle>
					<height><![CDATA[5.25]]></height>
					<width><![CDATA[4]]></width>
					<length><![CDATA[1.25]]></length>
					<marketplacerestrictions><![CDATA[0]]></marketplacerestrictions>
					<discontinued>No</discontinued>
					
						<regulations />
												
													
			</item>
				
			<item>
				<title><![CDATA[My Secret Screaming O Panty Vibe Red-ind]]></title>
				<releaseDate>12/16/2015</releaseDate>				
				<itemSKU>XSOPNTYR110</itemSKU>
				<itemID>41748</itemID>		
				<standardPrice>25.4800</standardPrice>		
				<mapPrice>0</mapPrice>
				<msrpPrice>38.46</msrpPrice>			
				<stock>Available Now</stock>
				<multiplesOF>1</multiplesOF> 
									<imageLargeFront><![CDATA[https://s3.amazonaws.com/ecn-watermarks/effex/41748_1.jpg]]></imageLargeFront>
								
									<imageLargeBack><![CDATA[https://s3.amazonaws.com/ecn-watermarks/effex/41748_2.jpg]]></imageLargeBack>
								
									<imageMediumFront><![CDATA[https://s3.amazonaws.com/ecn-watermarks/effex/41748_5.jpg]]></imageMediumFront>
								
									<imageMediumBack><![CDATA[https://s3.amazonaws.com/ecn-watermarks/effex/41748_6.jpg]]></imageMediumBack>
								
									<imageThumbnailFront><![CDATA[https://s3.amazonaws.com/ecn-watermarks/effex/41748_9.jpg]]></imageThumbnailFront>
								
									<imageThumbnailBack><![CDATA[https://s3.amazonaws.com/ecn-watermarks/effex/41748_10.jpg]]></imageThumbnailBack>
									
				<manufacturer><![CDATA[Screaming O]]></manufacturer>
				<categories>LINGERIE,VIBRATING PANTIES,SEX TOYS FOR WOMEN,</categories>
				<itemDescription>Put the power of pleasure into shoppers` hands with My Secret Vibrating Panty Set, a super-powered vibrating bullet that fits discreetly into a side-tie lace panty to keep it perfectly in place. Operated by a remote control disguised as a finger ring, the My Secret Vibrating Panty Set works from up to 50 feet away makes it fun and easy for couples to play in public. When worn in the panty`s pocket, the powerful Bullet sits comfortably against the body and buzzes with 10 different vibration functions designed to tease, please and make her plead for more. Discreet enough to wear under clothing and out on the town and sexy enough to match with any lingerie, the My Secret Vibrating Panty Set is a sexy solution for spicing up any sex life! - Latex and phthalate-free - Wireless - Water Resistant - Requires AG13 Battery - 80+ Minutes of battery life</itemDescription> <htmlitemdescriptioninbase64format>UHV0IHRoZSBwb3dlciBvZiBwbGVhc3VyZSBpbnRvIHNob3BwZXJzJyBoYW5kcyB3aXRoIE15IFNlY3JldCBWaWJyYXRpbmcgUGFudHkgU2V0LCBhIHN1cGVyLXBvd2VyZWQgdmlicmF0aW5nIGJ1bGxldCB0aGF0IGZpdHMgZGlzY3JlZXRseSBpbnRvIGEgc2lkZS10aWUgbGFjZSBwYW50eSB0byBrZWVwIGl0IHBlcmZlY3RseSBpbiBwbGFjZS4gT3BlcmF0ZWQgYnkgYSByZW1vdGUgY29udHJvbCBkaXNndWlzZWQgYXMgYSBmaW5nZXIgcmluZywgdGhlIE15IFNlY3JldCBWaWJyYXRpbmcgUGFudHkgU2V0IHdvcmtzIGZyb20gdXAgdG8gNTAgZmVldCBhd2F5IG1ha2VzIGl0IGZ1biBhbmQgZWFzeSBmb3IgY291cGxlcyB0byBwbGF5IGluIHB1YmxpYy4gV2hlbiB3b3JuIGluIHRoZSBwYW50eSdzIHBvY2tldCwgdGhlIHBvd2VyZnVsIEJ1bGxldCBzaXRzIGNvbWZvcnRhYmx5IGFnYWluc3QgdGhlIGJvZHkgYW5kIGJ1enplcyB3aXRoIDEwIGRpZmZlcmVudCB2aWJyYXRpb24gZnVuY3Rpb25zIGRlc2lnbmVkIHRvIHRlYXNlLCBwbGVhc2UgYW5kIG1ha2UgaGVyIHBsZWFkIGZvciBtb3JlLiBEaXNjcmVldCBlbm91Z2ggdG8gd2VhciB1bmRlciBjbG90aGluZyBhbmQgb3V0IG9uIHRoZSB0b3duIGFuZCBzZXh5IGVub3VnaCB0byBtYXRjaCB3aXRoIGFueSBsaW5nZXJpZSwgdGhlIE15IFNlY3JldCBWaWJyYXRpbmcgUGFudHkgU2V0IGlzIGEgc2V4eSBzb2x1dGlvbiBmb3Igc3BpY2luZyB1cCBhbnkgc2V4IGxpZmUhIDxicj48YnI+LSBMYXRleCBhbmQgcGh0aGFsYXRlLWZyZWUgPGJyPi0gV2lyZWxlc3MgPGJyPi0gV2F0ZXIgUmVzaXN0YW50IDxicj4tIFJlcXVpcmVzIEFHMTMgQmF0dGVyeSA8YnI+LSA4MCsgTWludXRlcyBvZiBiYXR0ZXJ5IGxpZmU=</htmlitemdescriptioninbase64format>												
				<upc>817483011535</upc>			
				<dateUpdated>12/24/2020 12:01:18 PM</dateUpdated>	
				<itemweight><![CDATA[0.20]]></itemweight>		
				<dateCreated>07/30/2015 10:29:40 AM</dateCreated>			
				<deliveryallowed><![CDATA[1]]></deliveryallowed>	

					
						<categoriesV2>

											
							<categoritem>
								
									<mastercategories><![CDATA[Eggs & Bullets|Holiday|Vibrators]]></mastercategories>
								
									<subcategories><![CDATA[Panty Massager|Red|Remote Control|Silicone|Valentines Day]]></subcategories>
														
							</categoritem>					
												
						</categoriesV2>
						
					<alternatetitle><![CDATA[My Secret Remote Panty Vibe Red]]></alternatetitle>
					<height><![CDATA[1.25]]></height>
					<width><![CDATA[4]]></width>
					<length><![CDATA[6.5]]></length>
					<marketplacerestrictions><![CDATA[0]]></marketplacerestrictions>
					<discontinued>No</discontinued>
					
						<regulations />
												
													
			</item>
				
			<item>
				<title><![CDATA[Palm Power Recharge Massager Fuschia]]></title>
				<releaseDate>11/24/2015</releaseDate>				
				<itemSKU>BMS30628</itemSKU>
				<itemID>41780</itemID>		
				<standardPrice>42.5000</standardPrice>		
				<mapPrice>89.99</mapPrice>
				<msrpPrice>99.99</msrpPrice>			
				<stock>Available Now</stock>
				<multiplesOF>1</multiplesOF> 
									<imageLargeFront><![CDATA[https://s3.amazonaws.com/ecn-watermarks/effex/41780_1.jpg]]></imageLargeFront>
								
									<imageLargeBack><![CDATA[https://s3.amazonaws.com/ecn-watermarks/effex/41780_2.jpg]]></imageLargeBack>
								
									<imageMediumFront><![CDATA[https://s3.amazonaws.com/ecn-watermarks/effex/41780_5.jpg]]></imageMediumFront>
								
									<imageMediumBack><![CDATA[https://s3.amazonaws.com/ecn-watermarks/effex/41780_6.jpg]]></imageMediumBack>
								
									<imageThumbnailFront><![CDATA[https://s3.amazonaws.com/ecn-watermarks/effex/41780_9.jpg]]></imageThumbnailFront>
								
									<imageThumbnailBack><![CDATA[https://s3.amazonaws.com/ecn-watermarks/effex/41780_10.jpg]]></imageThumbnailBack>
									
				<manufacturer><![CDATA[B.m.s. Enterprises]]></manufacturer>
				<categories>UNISEX ITEMS,MASSAGERS,VIBRATING MULTI-SPEED,RECHARGABLE,</categories>
				<itemDescription>The Palmpower Recharge is making waves! The incredibly strong yet compact wand, is now waterproof. Fully submergible, the Palmpower Recharge now has no limits. Palmpower is beloved internationally, and with this new waterproof feature it`s taking the ground-breaking power it`s known for, to a whole new level. The PalmPower Recharge is presented in a slim, informative box. Included in the box is the PalmPower Recharge, an instruction manual and a 40 USB recharging cord.Rechargeable! Feel the ULTIMATE power in the palm of your hand and experience for yourself why its invigorating, strong and relaxing power is loved around the world!PalmPower features a sturdy handle and has a massaging head that pivots as you move it over your body. PalmPower also comes with a 100% silicone massaging head which is removable and able to accommodate different massaging heads for new sensations (sold separately).Controlling it couldn`t be easier. Simply press it once to turn it on, press and hold to increase the power, and press it again to turn it off.To give PalmPower its incredible power and have it rumbling for as long as you need, PalmPower plugs directly into the wall so no batteries are needed.Features - 100% Silicone Head Attachment with different optional heads (sold separately) - One Touch Incremental Speed Control - No Batteries Required - Includes 254cm (100) power cord</itemDescription> <htmlitemdescriptioninbase64format>VGhlIFBhbG1wb3dlciBSZWNoYXJnZSBpcyBtYWtpbmcgd2F2ZXMhIFRoZSBpbmNyZWRpYmx5IHN0cm9uZyB5ZXQgY29tcGFjdCB3YW5kLCBpcyBub3cgd2F0ZXJwcm9vZi4gRnVsbHkgc3VibWVyZ2libGUsIHRoZSBQYWxtcG93ZXIgUmVjaGFyZ2Ugbm93IGhhcyBubyBsaW1pdHMuIFBhbG1wb3dlciBpcyBiZWxvdmVkIGludGVybmF0aW9uYWxseSwgYW5kIHdpdGggdGhpcyBuZXcgd2F0ZXJwcm9vZiBmZWF0dXJlIGl0P3MgdGFraW5nIHRoZSBncm91bmQtYnJlYWtpbmcgcG93ZXIgaXQ/cyBrbm93biBmb3IsIHRvIGEgd2hvbGUgbmV3IGxldmVsLiBUaGUgUGFsbVBvd2VyIFJlY2hhcmdlIGlzIHByZXNlbnRlZCBpbiBhIHNsaW0sIGluZm9ybWF0aXZlIGJveC4gSW5jbHVkZWQgaW4gdGhlIGJveCBpcyB0aGUgUGFsbVBvd2VyIFJlY2hhcmdlLCBhbiBpbnN0cnVjdGlvbiBtYW51YWwgYW5kIGEgNDAiIFVTQiByZWNoYXJnaW5nIGNvcmQuPGJyPHN0cm9uZz5SZWNoYXJnZWFibGUhIDwvc3Ryb25nPjxicj48YnI+RmVlbCB0aGUgVUxUSU1BVEUgcG93ZXIgaW4gdGhlIHBhbG0gb2YgeW91ciBoYW5kIGFuZCBleHBlcmllbmNlIGZvciB5b3Vyc2VsZiB3aHkgaXRzIGludmlnb3JhdGluZywgc3Ryb25nIGFuZCByZWxheGluZyBwb3dlciBpcyBsb3ZlZCBhcm91bmQgdGhlIHdvcmxkITxicj48YnI+UGFsbVBvd2VyIGZlYXR1cmVzIGEgc3R1cmR5IGhhbmRsZSBhbmQgaGFzIGEgbWFzc2FnaW5nIGhlYWQgdGhhdCBwaXZvdHMgYXMgeW91IG1vdmUgaXQgb3ZlciB5b3VyIGJvZHkuIFBhbG1Qb3dlciBhbHNvIGNvbWVzIHdpdGggYSAxMDAlIHNpbGljb25lIG1hc3NhZ2luZyBoZWFkIHdoaWNoIGlzIHJlbW92YWJsZSBhbmQgYWJsZSB0byBhY2NvbW1vZGF0ZSBkaWZmZXJlbnQgbWFzc2FnaW5nIGhlYWRzIGZvciBuZXcgc2Vuc2F0aW9ucyAoc29sZCBzZXBhcmF0ZWx5KS48YnI+PGJyPkNvbnRyb2xsaW5nIGl0IGNvdWxkbid0IGJlIGVhc2llci4gU2ltcGx5IHByZXNzIGl0IG9uY2UgdG8gdHVybiBpdCBvbiwgcHJlc3MgJiBob2xkIHRvIGluY3JlYXNlIHRoZSBwb3dlciwgYW5kIHByZXNzIGl0IGFnYWluIHRvIHR1cm4gaXQgb2ZmLjxicj48YnI+VG8gZ2l2ZSBQYWxtUG93ZXIgaXRzIGluY3JlZGlibGUgcG93ZXIgYW5kIGhhdmUgaXQgcnVtYmxpbmcgZm9yIGFzIGxvbmcgYXMgeW91IG5lZWQsIFBhbG1Qb3dlciBwbHVncyBkaXJlY3RseSBpbnRvIHRoZSB3YWxsIHNvIG5vIGJhdHRlcmllcyBhcmUgbmVlZGVkLjxicj48YnI+PHN0cm9uZz5GZWF0dXJlcyA8L3N0cm9uZz48YnI+LSAxMDAlIFNpbGljb25lIEhlYWQgQXR0YWNobWVudCB3aXRoIGRpZmZlcmVudCBvcHRpb25hbCBoZWFkcyAoc29sZCBzZXBhcmF0ZWx5KSA8YnI+LSBPbmUgVG91Y2ggSW5jcmVtZW50YWwgU3BlZWQgQ29udHJvbCA8YnI+LSBObyBCYXR0ZXJpZXMgUmVxdWlyZWQgPGJyPi0gSW5jbHVkZXMgMjU0Y20gKDEwMCIpIHBvd2VyIGNvcmQ8YnI+PGJyPg==</htmlitemdescriptioninbase64format>												
				<upc>677613306289</upc>			
				<dateUpdated>12/24/2020 12:01:18 PM</dateUpdated>	
				<itemweight><![CDATA[0.54]]></itemweight>		
				<dateCreated>07/30/2015 4:59:39 PM</dateCreated>			
				<deliveryallowed><![CDATA[1]]></deliveryallowed>	

					
						<categoriesV2>

											
							<categoritem>
								
									<mastercategories><![CDATA[Holiday|Massagers]]></mastercategories>
								
									<subcategories><![CDATA[Body Massager|Multispeed|Non Latex|Pink|Rechargeable|Silicone|Valentines Day]]></subcategories>
														
							</categoritem>					
												
						</categoriesV2>
						
					<alternatetitle><![CDATA[PalmPower Rechargeable Silicone Personal Wand Massager - Fuschia]]></alternatetitle>
					<height><![CDATA[2.5]]></height>
					<width><![CDATA[2.5]]></width>
					<length><![CDATA[10]]></length>
					<marketplacerestrictions><![CDATA[0]]></marketplacerestrictions>
					<discontinued>No</discontinued>
					
						<regulations />
												
													
			</item>
				
			<item>
				<title><![CDATA[Edible Massage Oil Cherry 2oz]]></title>
				<releaseDate>10/08/2015</releaseDate>				
				<itemSKU>EB236</itemSKU>
				<itemID>42065</itemID>		
				<standardPrice>3.0000</standardPrice>		
				<mapPrice>5.99</mapPrice>
				<msrpPrice>5.99</msrpPrice>			
				<stock>Available Now</stock>
				<multiplesOF>1</multiplesOF> 
									<imageLargeFront><![CDATA[https://s3.amazonaws.com/ecn-watermarks/effex/42065_1.jpg]]></imageLargeFront>
								
								<imageLargeBack></imageLargeBack>
							
									<imageMediumFront><![CDATA[https://s3.amazonaws.com/ecn-watermarks/effex/42065_5.jpg]]></imageMediumFront>
								
								<imageMediumBack></imageMediumBack>
							
									<imageThumbnailFront><![CDATA[https://s3.amazonaws.com/ecn-watermarks/effex/42065_9.jpg]]></imageThumbnailFront>
								
								<imageThumbnailBack></imageThumbnailBack>
								
				<manufacturer><![CDATA[Earthly Body]]></manufacturer>
				<categories>EDIBLES,EDIBLES,UNISEX ITEMS,MASSAGE OILS,</categories>
				<itemDescription>All the benefits of bona fide skincare and professional slip, with a bit of flirtatious flavor. 100% natural blend of skin oils (including Hemp, Almond, Grapeseed, Apricot and Vitamin E) provides a slick, professional glide. Better yet, the Massage Oil absorbs to moisturize and condition your skin, without any greasy residue.</itemDescription> <htmlitemdescriptioninbase64format>QWxsIHRoZSBiZW5lZml0cyBvZiBib25hIGZpZGUgc2tpbmNhcmUgYW5kIHByb2Zlc3Npb25hbCBzbGlwLCB3aXRoIGEgYml0IG9mIGZsaXJ0YXRpb3VzIGZsYXZvci4gMTAwJSBuYXR1cmFsIGJsZW5kIG9mIHNraW4gb2lscyAoaW5jbHVkaW5nIEhlbXAsIEFsbW9uZCwgR3JhcGVzZWVkLCBBcHJpY290IGFuZCBWaXRhbWluIEUpIHByb3ZpZGVzIGEgc2xpY2ssIHByb2Zlc3Npb25hbCBnbGlkZS4gQmV0dGVyIHlldCwgdGhlIE1hc3NhZ2UgT2lsIGFic29yYnMgdG8gbW9pc3R1cml6ZSBhbmQgY29uZGl0aW9uIHlvdXIgc2tpbiwgd2l0aG91dCBhbnkgZ3JlYXN5IHJlc2lkdWUu</htmlitemdescriptioninbase64format>												
				<upc>879959004373</upc>			
				<dateUpdated>12/24/2020 12:01:18 PM</dateUpdated>	
				<itemweight><![CDATA[0.14]]></itemweight>		
				<dateCreated>08/19/2015 3:59:39 PM</dateCreated>			
				<deliveryallowed><![CDATA[1]]></deliveryallowed>	

					
						<categoriesV2>

											
							<categoritem>
								
									<mastercategories><![CDATA[Bath & Body|Lubricants, Massage Oils, Gels & Creams]]></mastercategories>
								
									<subcategories><![CDATA[Edible Massage Lotions, Oils, Gels & Creams|Vegan|Flavored]]></subcategories>
														
							</categoritem>					
												
						</categoriesV2>
						
					<alternatetitle><![CDATA[Earthly Body Earthly Body Edible Massage Oil Cherry Burst 2oz]]></alternatetitle>
					<height><![CDATA[1]]></height>
					<width><![CDATA[1]]></width>
					<length><![CDATA[4]]></length>
					<marketplacerestrictions><![CDATA[0]]></marketplacerestrictions>
					<discontinued>No</discontinued>
					
						<regulations />
												
													
			</item>
				
			<item>
				<title><![CDATA[Edible Massage Oil Vanilla 2oz]]></title>
				<releaseDate>10/08/2015</releaseDate>				
				<itemSKU>EB237</itemSKU>
				<itemID>42066</itemID>		
				<standardPrice>3.0000</standardPrice>		
				<mapPrice>5.99</mapPrice>
				<msrpPrice>5.99</msrpPrice>			
				<stock>Available Now</stock>
				<multiplesOF>1</multiplesOF> 
									<imageLargeFront><![CDATA[https://s3.amazonaws.com/ecn-watermarks/effex/42066_1.jpg]]></imageLargeFront>
								
								<imageLargeBack></imageLargeBack>
							
									<imageMediumFront><![CDATA[https://s3.amazonaws.com/ecn-watermarks/effex/42066_5.jpg]]></imageMediumFront>
								
								<imageMediumBack></imageMediumBack>
							
									<imageThumbnailFront><![CDATA[https://s3.amazonaws.com/ecn-watermarks/effex/42066_9.jpg]]></imageThumbnailFront>
								
								<imageThumbnailBack></imageThumbnailBack>
								
				<manufacturer><![CDATA[Earthly Body]]></manufacturer>
				<categories>EDIBLES,EDIBLES,UNISEX ITEMS,MASSAGE OILS,</categories>
				<itemDescription>All the benefits of bona fide skincare and professional slip, with a bit of flirtatious flavor. 100% natural blend of skin oils (including Hemp, Almond, Grapeseed, Apricot and Vitamin E) provides a slick, professional glide. Better yet, the Massage Oil absorbs to moisturize and condition your skin, without any greasy residue.</itemDescription> <htmlitemdescriptioninbase64format>QWxsIHRoZSBiZW5lZml0cyBvZiBib25hIGZpZGUgc2tpbmNhcmUgYW5kIHByb2Zlc3Npb25hbCBzbGlwLCB3aXRoIGEgYml0IG9mIGZsaXJ0YXRpb3VzIGZsYXZvci4gMTAwJSBuYXR1cmFsIGJsZW5kIG9mIHNraW4gb2lscyAoaW5jbHVkaW5nIEhlbXAsIEFsbW9uZCwgR3JhcGVzZWVkLCBBcHJpY290IGFuZCBWaXRhbWluIEUpIHByb3ZpZGVzIGEgc2xpY2ssIHByb2Zlc3Npb25hbCBnbGlkZS4gQmV0dGVyIHlldCwgdGhlIE1hc3NhZ2UgT2lsIGFic29yYnMgdG8gbW9pc3R1cml6ZSBhbmQgY29uZGl0aW9uIHlvdXIgc2tpbiwgd2l0aG91dCBhbnkgZ3JlYXN5IHJlc2lkdWUu</htmlitemdescriptioninbase64format>												
				<upc>879959004403</upc>			
				<dateUpdated>12/24/2020 12:01:18 PM</dateUpdated>	
				<itemweight><![CDATA[0.14]]></itemweight>		
				<dateCreated>08/19/2015 3:59:39 PM</dateCreated>			
				<deliveryallowed><![CDATA[1]]></deliveryallowed>	

					
						<categoriesV2>

											
							<categoritem>
								
									<mastercategories><![CDATA[Bath & Body|Lubricants, Massage Oils, Gels & Creams]]></mastercategories>
								
									<subcategories><![CDATA[Edible Massage Lotions, Oils, Gels & Creams|Vegan|Flavored]]></subcategories>
														
							</categoritem>					
												
						</categoriesV2>
						
					<alternatetitle><![CDATA[Earthly Body Earthly Body Edible Massage Oil French Vanilla 2oz]]></alternatetitle>
					<height><![CDATA[1]]></height>
					<width><![CDATA[1]]></width>
					<length><![CDATA[4]]></length>
					<marketplacerestrictions><![CDATA[0]]></marketplacerestrictions>
					<discontinued>No</discontinued>
					
						<regulations />
												
													
			</item>
				
			<item>
				<title><![CDATA[Edible Massage Oil Strawberry 2oz]]></title>
				<releaseDate>10/08/2015</releaseDate>				
				<itemSKU>EB238</itemSKU>
				<itemID>42067</itemID>		
				<standardPrice>3.0000</standardPrice>		
				<mapPrice>5.99</mapPrice>
				<msrpPrice>5.99</msrpPrice>			
				<stock>Available Now</stock>
				<multiplesOF>1</multiplesOF> 
									<imageLargeFront><![CDATA[https://s3.amazonaws.com/ecn-watermarks/effex/42067_1.jpg]]></imageLargeFront>
								
								<imageLargeBack></imageLargeBack>
							
									<imageMediumFront><![CDATA[https://s3.amazonaws.com/ecn-watermarks/effex/42067_5.jpg]]></imageMediumFront>
								
								<imageMediumBack></imageMediumBack>
							
									<imageThumbnailFront><![CDATA[https://s3.amazonaws.com/ecn-watermarks/effex/42067_9.jpg]]></imageThumbnailFront>
								
								<imageThumbnailBack></imageThumbnailBack>
								
				<manufacturer><![CDATA[Earthly Body]]></manufacturer>
				<categories>EDIBLES,EDIBLES,UNISEX ITEMS,MASSAGE OILS,</categories>
				<itemDescription>All the benefits of bona fide skincare and professional slip, with a bit of flirtatious flavor. 100% natural blend of skin oils (including Hemp, Almond, Grapeseed, Apricot and Vitamin E) provides a slick, professional glide. Better yet, the Massage Oil absorbs to moisturize and condition your skin, without any greasy residue.</itemDescription> <htmlitemdescriptioninbase64format>QWxsIHRoZSBiZW5lZml0cyBvZiBib25hIGZpZGUgc2tpbmNhcmUgYW5kIHByb2Zlc3Npb25hbCBzbGlwLCB3aXRoIGEgYml0IG9mIGZsaXJ0YXRpb3VzIGZsYXZvci4gMTAwJSBuYXR1cmFsIGJsZW5kIG9mIHNraW4gb2lscyAoaW5jbHVkaW5nIEhlbXAsIEFsbW9uZCwgR3JhcGVzZWVkLCBBcHJpY290IGFuZCBWaXRhbWluIEUpIHByb3ZpZGVzIGEgc2xpY2ssIHByb2Zlc3Npb25hbCBnbGlkZS4gQmV0dGVyIHlldCwgdGhlIE1hc3NhZ2UgT2lsIGFic29yYnMgdG8gbW9pc3R1cml6ZSBhbmQgY29uZGl0aW9uIHlvdXIgc2tpbiwgd2l0aG91dCBhbnkgZ3JlYXN5IHJlc2lkdWUu</htmlitemdescriptioninbase64format>												
				<upc>879959004397</upc>			
				<dateUpdated>12/24/2020 12:01:18 PM</dateUpdated>	
				<itemweight><![CDATA[0.14]]></itemweight>		
				<dateCreated>08/19/2015 3:59:39 PM</dateCreated>			
				<deliveryallowed><![CDATA[1]]></deliveryallowed>	

					
						<categoriesV2>

											
							<categoritem>
								
									<mastercategories><![CDATA[Bath & Body|Lubricants, Massage Oils, Gels & Creams]]></mastercategories>
								
									<subcategories><![CDATA[Edible Massage Lotions, Oils, Gels & Creams|Vegan|Flavored]]></subcategories>
														
							</categoritem>					
												
						</categoriesV2>
						
					<alternatetitle><![CDATA[Earthly Body Earthly Body Edible Massage Oil Succulent Strawberry 2oz]]></alternatetitle>
					<height><![CDATA[1]]></height>
					<width><![CDATA[1]]></width>
					<length><![CDATA[4]]></length>
					<marketplacerestrictions><![CDATA[0]]></marketplacerestrictions>
					<discontinued>No</discontinued>
					
						<regulations />
												
													
			</item>
				
			<item>
				<title><![CDATA[Edible Massage Oil Grape 2oz]]></title>
				<releaseDate>10/08/2015</releaseDate>				
				<itemSKU>EB240</itemSKU>
				<itemID>42069</itemID>		
				<standardPrice>3.0000</standardPrice>		
				<mapPrice>5.99</mapPrice>
				<msrpPrice>5.99</msrpPrice>			
				<stock>Available Now</stock>
				<multiplesOF>1</multiplesOF> 
									<imageLargeFront><![CDATA[https://s3.amazonaws.com/ecn-watermarks/effex/42069_1.jpg]]></imageLargeFront>
								
								<imageLargeBack></imageLargeBack>
							
									<imageMediumFront><![CDATA[https://s3.amazonaws.com/ecn-watermarks/effex/42069_5.jpg]]></imageMediumFront>
								
								<imageMediumBack></imageMediumBack>
							
									<imageThumbnailFront><![CDATA[https://s3.amazonaws.com/ecn-watermarks/effex/42069_9.jpg]]></imageThumbnailFront>
								
								<imageThumbnailBack></imageThumbnailBack>
								
				<manufacturer><![CDATA[Earthly Body]]></manufacturer>
				<categories>EDIBLES,EDIBLES,UNISEX ITEMS,MASSAGE OILS,</categories>
				<itemDescription>All the benefits of bona fide skincare and professional slip, with a bit of flirtatious flavor. 100% natural blend of skin oils (including Hemp, Almond, Grapeseed, Apricot and Vitamin E) provides a slick, professional glide. Better yet, the Massage Oil absorbs to moisturize and condition your skin, without any greasy residue.</itemDescription> <htmlitemdescriptioninbase64format>QWxsIHRoZSBiZW5lZml0cyBvZiBib25hIGZpZGUgc2tpbmNhcmUgYW5kIHByb2Zlc3Npb25hbCBzbGlwLCB3aXRoIGEgYml0IG9mIGZsaXJ0YXRpb3VzIGZsYXZvci4gMTAwJSBuYXR1cmFsIGJsZW5kIG9mIHNraW4gb2lscyAoaW5jbHVkaW5nIEhlbXAsIEFsbW9uZCwgR3JhcGVzZWVkLCBBcHJpY290IGFuZCBWaXRhbWluIEUpIHByb3ZpZGVzIGEgc2xpY2ssIHByb2Zlc3Npb25hbCBnbGlkZS4gQmV0dGVyIHlldCwgdGhlIE1hc3NhZ2UgT2lsIGFic29yYnMgdG8gbW9pc3R1cml6ZSBhbmQgY29uZGl0aW9uIHlvdXIgc2tpbiwgd2l0aG91dCBhbnkgZ3JlYXN5IHJlc2lkdWUu</htmlitemdescriptioninbase64format>												
				<upc>879959004380</upc>			
				<dateUpdated>12/24/2020 12:01:18 PM</dateUpdated>	
				<itemweight><![CDATA[0.14]]></itemweight>		
				<dateCreated>08/19/2015 3:59:39 PM</dateCreated>			
				<deliveryallowed><![CDATA[1]]></deliveryallowed>	

					
						<categoriesV2>

											
							<categoritem>
								
									<mastercategories><![CDATA[Bath & Body|Lubricants, Massage Oils, Gels & Creams]]></mastercategories>
								
									<subcategories><![CDATA[Edible Massage Lotions, Oils, Gels & Creams|Vegan|Flavored]]></subcategories>
														
							</categoritem>					
												
						</categoriesV2>
						
					<alternatetitle><![CDATA[Earthly Body Earthly Body Edible Massage Oil Gushing Grape 2oz]]></alternatetitle>
					<height><![CDATA[1]]></height>
					<width><![CDATA[1]]></width>
					<length><![CDATA[4]]></length>
					<marketplacerestrictions><![CDATA[0]]></marketplacerestrictions>
					<discontinued>No</discontinued>
					
						<regulations />
												
													
			</item>
				
			<item>
				<title><![CDATA[Rianne S Bootyplug Set 3x Black]]></title>
				<releaseDate>11/11/2016</releaseDate>				
				<itemSKU>RS-1926</itemSKU>
				<itemID>44840</itemID>		
				<standardPrice>22.4800</standardPrice>		
				<mapPrice>53.96</mapPrice>
				<msrpPrice>59.95</msrpPrice>			
				<stock>Available Now</stock>
				<multiplesOF>1</multiplesOF> 
									<imageLargeFront><![CDATA[https://s3.amazonaws.com/ecn-watermarks/effex/44840_1.jpg]]></imageLargeFront>
								
									<imageLargeBack><![CDATA[https://s3.amazonaws.com/ecn-watermarks/effex/44840_2.jpg]]></imageLargeBack>
								
									<imageMediumFront><![CDATA[https://s3.amazonaws.com/ecn-watermarks/effex/44840_5.jpg]]></imageMediumFront>
								
									<imageMediumBack><![CDATA[https://s3.amazonaws.com/ecn-watermarks/effex/44840_6.jpg]]></imageMediumBack>
								
									<imageThumbnailFront><![CDATA[https://s3.amazonaws.com/ecn-watermarks/effex/44840_9.jpg]]></imageThumbnailFront>
								
									<imageThumbnailBack><![CDATA[https://s3.amazonaws.com/ecn-watermarks/effex/44840_10.jpg]]></imageThumbnailBack>
									
				<manufacturer><![CDATA[Concepts Of Love Rianne S]]></manufacturer>
				<categories>ANAL PLAY,SEX TOYS FOR WOMEN,</categories>
				<itemDescription>The plugs are beautifully finished with a gem-like stone. It`s the ideal training kit to further explore your body and undiscovered erogenous zones.Features:
Largest plug: 3.7 inch
Medium plug: 3.2 inch
Smaller plug: 2.8 inch</itemDescription> <htmlitemdescriptioninbase64format>VGhlIHBsdWdzIGFyZSBiZWF1dGlmdWxseSBmaW5pc2hlZCB3aXRoIGEgZ2VtLWxpa2Ugc3RvbmUuIEl0J3MgdGhlIGlkZWFsIHRyYWluaW5nIGtpdCB0byBmdXJ0aGVyIGV4cGxvcmUgeW91ciBib2R5IGFuZCB1bmRpc2NvdmVyZWQgZXJvZ2Vub3VzIHpvbmVzLjxCUj48QlI+PEI+RmVhdHVyZXM6PC9CPjxCUj4KTGFyZ2VzdCBwbHVnOiAzLjcgaW5jaDxCUj4KTWVkaXVtIHBsdWc6IDMuMiBpbmNoPEJSPgpTbWFsbGVyIHBsdWc6IDIuOCBpbmNo</htmlitemdescriptioninbase64format>												
				<upc>8717903271926</upc>			
				<dateUpdated>12/24/2020 12:01:18 PM</dateUpdated>	
				<itemweight><![CDATA[0.56]]></itemweight>		
				<dateCreated>01/25/2016 1:29:21 PM</dateCreated>			
				<deliveryallowed><![CDATA[1]]></deliveryallowed>	

					
						<categoriesV2>

											
							<categoritem>
								
									<mastercategories><![CDATA[Anal|Kit]]></mastercategories>
								
									<subcategories><![CDATA[Anal Plug|Black|Non-vibrating|Silicone]]></subcategories>
														
							</categoritem>					
												
						</categoriesV2>
						
					<alternatetitle><![CDATA[Rianne S Silicone Booty Plug Set Black 3 Assorted Sizes]]></alternatetitle>
					<height><![CDATA[1.75]]></height>
					<width><![CDATA[4]]></width>
					<length><![CDATA[5.5]]></length>
					<marketplacerestrictions><![CDATA[0]]></marketplacerestrictions>
					<discontinued>No</discontinued>
					
						<regulations />
												
													
			</item>
				
			<item>
				<title><![CDATA[Safe Sex Toy Bag Med (individual)]]></title>
				<releaseDate>02/26/2016</releaseDate>				
				<itemSKU>BL-99925</itemSKU>
				<itemID>45070</itemID>		
				<standardPrice>4.7000</standardPrice>		
				<mapPrice>0</mapPrice>
				<msrpPrice>10.34</msrpPrice>			
				<stock>Available Now</stock>
				<multiplesOF>1</multiplesOF> 
									<imageLargeFront><![CDATA[https://s3.amazonaws.com/ecn-watermarks/effex/45070_1.jpg]]></imageLargeFront>
								
								<imageLargeBack></imageLargeBack>
							
									<imageMediumFront><![CDATA[https://s3.amazonaws.com/ecn-watermarks/effex/45070_5.jpg]]></imageMediumFront>
								
								<imageMediumBack></imageMediumBack>
							
									<imageThumbnailFront><![CDATA[https://s3.amazonaws.com/ecn-watermarks/effex/45070_9.jpg]]></imageThumbnailFront>
								
								<imageThumbnailBack></imageThumbnailBack>
								
				<manufacturer><![CDATA[Blush Novelties]]></manufacturer>
				<categories>UNISEX ITEMS,ACCESSORIES,STASH BAGS and PILLOWS,</categories>
				<itemDescription>Keep your best friend safe with The Safe Sex lint free and antibacterial toy bags. The antimicrobial features of The Safe Sex Toy Bags utilizes the power of silver to bring long-lasting antibacterial properties. This unique antimicrobial product contains ultra-fine silver crystals that release silver ions at a controlled rate only when the conditions for bacterial growth exist. The antimicrobial properties are durable to multiple washes, lasting the useful life of the toy bag. The special material is lint free so your vibe does not get linty. The Safe Toy Bag is satiny smooth and comes with convenient drawstrings so you can cinch your bag shut. Pouch Size: length 10.25 x width 3.</itemDescription> <htmlitemdescriptioninbase64format>S2VlcCB5b3VyIGJlc3QgZnJpZW5kIHNhZmUgd2l0aCBUaGUgU2FmZSBTZXggbGludCBmcmVlIGFuZCBhbnRpYmFjdGVyaWFsIHRveSBiYWdzLiBUaGUgYW50aW1pY3JvYmlhbCBmZWF0dXJlcyBvZiBUaGUgU2FmZSBTZXggVG95IEJhZ3MgdXRpbGl6ZXMgdGhlIHBvd2VyIG9mIHNpbHZlciB0byBicmluZyBsb25nLWxhc3RpbmcgYW50aWJhY3RlcmlhbCBwcm9wZXJ0aWVzLiBUaGlzIHVuaXF1ZSBhbnRpbWljcm9iaWFsIHByb2R1Y3QgY29udGFpbnMgdWx0cmEtZmluZSBzaWx2ZXIgY3J5c3RhbHMgdGhhdCByZWxlYXNlIHNpbHZlciBpb25zIGF0IGEgY29udHJvbGxlZCByYXRlIG9ubHkgd2hlbiB0aGUgY29uZGl0aW9ucyBmb3IgYmFjdGVyaWFsIGdyb3d0aCBleGlzdC4gVGhlIGFudGltaWNyb2JpYWwgcHJvcGVydGllcyBhcmUgZHVyYWJsZSB0byBtdWx0aXBsZSB3YXNoZXMsIGxhc3RpbmcgdGhlIHVzZWZ1bCBsaWZlIG9mIHRoZSB0b3kgYmFnLiBUaGUgc3BlY2lhbCBtYXRlcmlhbCBpcyBsaW50IGZyZWUgc28geW91ciB2aWJlIGRvZXMgbm90IGdldCBsaW50eS4gVGhlIFNhZmUgVG95IEJhZyBpcyBzYXRpbnkgc21vb3RoIGFuZCBjb21lcyB3aXRoIGNvbnZlbmllbnQgZHJhd3N0cmluZ3Mgc28geW91IGNhbiBjaW5jaCB5b3VyIGJhZyBzaHV0LiBQb3VjaCBTaXplOiBsZW5ndGggMTAuMjU/IHggd2lkdGggMz8u</htmlitemdescriptioninbase64format>												
				<upc>702730697757</upc>			
				<dateUpdated>12/24/2020 12:01:18 PM</dateUpdated>	
				<itemweight><![CDATA[0.06]]></itemweight>		
				<dateCreated>02/02/2016 5:00:00 PM</dateCreated>			
				<deliveryallowed><![CDATA[1]]></deliveryallowed>	

					
						<categoriesV2>

											
							<categoritem>
								
									<mastercategories><![CDATA[Furniture & Storage]]></mastercategories>
								
									<subcategories><![CDATA[Hygiene|Medium|White]]></subcategories>
														
							</categoritem>					
												
						</categoriesV2>
						
					<alternatetitle><![CDATA[Safe Sex Antibacterial Toy Bag - Medium - White]]></alternatetitle>
					<height><![CDATA[0.75]]></height>
					<width><![CDATA[2.75]]></width>
					<length><![CDATA[4.5]]></length>
					<marketplacerestrictions><![CDATA[0]]></marketplacerestrictions>
					<discontinued>No</discontinued>
					
						<regulations />
												
													
			</item>
				
			<item>
				<title><![CDATA[Scandal Brethable Ball Gag W/cuffs]]></title>
				<releaseDate>03/31/2016</releaseDate>				
				<itemSKU>SE-2712-11-3</itemSKU>
				<itemID>45362</itemID>		
				<standardPrice>24.6000</standardPrice>		
				<mapPrice>0</mapPrice>
				<msrpPrice>49.99</msrpPrice>			
				<stock>Available Now</stock>
				<multiplesOF>1</multiplesOF> 
									<imageLargeFront><![CDATA[https://s3.amazonaws.com/ecn-watermarks/effex/45362_1.jpg]]></imageLargeFront>
								
									<imageLargeBack><![CDATA[https://s3.amazonaws.com/ecn-watermarks/effex/45362_2.jpg]]></imageLargeBack>
								
									<imageMediumFront><![CDATA[https://s3.amazonaws.com/ecn-watermarks/effex/45362_5.jpg]]></imageMediumFront>
								
									<imageMediumBack><![CDATA[https://s3.amazonaws.com/ecn-watermarks/effex/45362_6.jpg]]></imageMediumBack>
								
									<imageThumbnailFront><![CDATA[https://s3.amazonaws.com/ecn-watermarks/effex/45362_9.jpg]]></imageThumbnailFront>
								
									<imageThumbnailBack><![CDATA[https://s3.amazonaws.com/ecn-watermarks/effex/45362_10.jpg]]></imageThumbnailBack>
									
				<manufacturer><![CDATA[California Exotic Novelties, Llc]]></manufacturer>
				<categories>BONDAGE,BALL GAG,SEX TOYS FOR COUPLES,</categories>
				<itemDescription>Luxurious, breathable ball gag with universal cuffs and adjustable restraint strapSoft and plushy on one side, with designer fabric on the otherCuffs are detachable for independent useUniversal clasps and O-rings with swivel designNon-tarnishing, nickel-freePolyester (fabric, Velcro)PE (ball gag)PP (straps)Nickel-Free Iron (rings)Nickel-Free Alloy (clasps)POM (buckle)Gag collar adjusts up to 26/66 cmCuffs adjust up to 14/35.5 cm</itemDescription> <htmlitemdescriptioninbase64format>THV4dXJpb3VzLCBicmVhdGhhYmxlIGJhbGwgZ2FnIHdpdGggdW5pdmVyc2FsIGN1ZmZzIGFuZCBhZGp1c3RhYmxlIHJlc3RyYWludCBzdHJhcDxicj5Tb2Z0IGFuZCBwbHVzaHkgb24gb25lIHNpZGUsIHdpdGggZGVzaWduZXIgZmFicmljIG9uIHRoZSBvdGhlcjxicj5DdWZmcyBhcmUgZGV0YWNoYWJsZSBmb3IgaW5kZXBlbmRlbnQgdXNlPGJyPlVuaXZlcnNhbCBjbGFzcHMgYW5kIE8tcmluZ3Mgd2l0aCBzd2l2ZWwgZGVzaWduPGJyPk5vbi10YXJuaXNoaW5nLCBuaWNrZWwtZnJlZTxicj5Qb2x5ZXN0ZXIgKGZhYnJpYywgVmVsY3JvKTxicj5QRSAoYmFsbCBnYWcpPGJyPlBQIChzdHJhcHMpPGJyPk5pY2tlbC1GcmVlIElyb24gKHJpbmdzKTxicj5OaWNrZWwtRnJlZSBBbGxveSAoY2xhc3BzKTxicj5QT00gKGJ1Y2tsZSk8YnI+R2FnIGNvbGxhciBhZGp1c3RzIHVwIHRvIDI2LzY2IGNtPGJyPkN1ZmZzIGFkanVzdCB1cCB0byAxNC8zNS41IGNt</htmlitemdescriptioninbase64format>												
				<upc>716770085917</upc>			
				<dateUpdated>12/24/2020 12:01:18 PM</dateUpdated>	
				<itemweight><![CDATA[0.52]]></itemweight>		
				<dateCreated>03/01/2016 5:30:13 PM</dateCreated>			
				<deliveryallowed><![CDATA[1]]></deliveryallowed>	

					
						<categoriesV2>

											
							<categoritem>
								
									<mastercategories><![CDATA[Bondage & Fetish|Holiday]]></mastercategories>
								
									<subcategories><![CDATA[Ball Gags|Black|Handcuffs|Red|Rope/ties/restraints|Valentines Day]]></subcategories>
														
							</categoritem>					
												
						</categoriesV2>
						
					<alternatetitle><![CDATA[Scandal Breathable Ball Gag With Cuffs - Red]]></alternatetitle>
					<height><![CDATA[1.5]]></height>
					<width><![CDATA[5.5]]></width>
					<length><![CDATA[11]]></length>
					<marketplacerestrictions><![CDATA[0]]></marketplacerestrictions>
					<discontinued>No</discontinued>
					
						<regulations />
												
													
			</item>
				
			<item>
				<title><![CDATA[Satisfyer Pro 2 Next Generation]]></title>
				<releaseDate>04/28/2016</releaseDate>				
				<itemSKU>EIS001</itemSKU>
				<itemID>45728</itemID>		
				<standardPrice>24.9500</standardPrice>		
				<mapPrice>39.95</mapPrice>
				<msrpPrice>49.95</msrpPrice>			
				<stock>Available Now</stock>
				<multiplesOF>1</multiplesOF> 
									<imageLargeFront><![CDATA[https://s3.amazonaws.com/ecn-watermarks/effex/45728_1.jpg]]></imageLargeFront>
								
									<imageLargeBack><![CDATA[https://s3.amazonaws.com/ecn-watermarks/effex/45728_2.jpg]]></imageLargeBack>
								
									<imageMediumFront><![CDATA[https://s3.amazonaws.com/ecn-watermarks/effex/45728_5.jpg]]></imageMediumFront>
								
									<imageMediumBack><![CDATA[https://s3.amazonaws.com/ecn-watermarks/effex/45728_6.jpg]]></imageMediumBack>
								
									<imageThumbnailFront><![CDATA[https://s3.amazonaws.com/ecn-watermarks/effex/45728_9.jpg]]></imageThumbnailFront>
								
									<imageThumbnailBack><![CDATA[https://s3.amazonaws.com/ecn-watermarks/effex/45728_10.jpg]]></imageThumbnailBack>
									
				<manufacturer><![CDATA[Satisfyer]]></manufacturer>
				<categories>SILICONE,VIBRATORS WITH CLIT STIMULATIO,WATERPROOF MUTI FUNCTION,SEX TOYS FOR WOMEN,</categories>
				<itemDescription>More intense, quicker and multiple orgasms guaranteed. With its intensive pressure waves and tingling pulsation, the Satisfyer Pro 2 provides touch-free clitoris stimulation and thus an extra dose of pleasure. Just what women want: with its oval head, innovative vacuum technology and touch-free massage effect, this lovetoy provides an extra dose of pleasure. A stroke of genius: this product is rechargeable and has easy, cable-free handling! Features - Plus and minus button to increase and decrease air wave intensity while using it - Large silicone head, for a more comfortable touch and feel (focus group on 250 women, 98.7% preferred new head) - Light incorporated in on / off button - Silent and powerful- Touch-free clitoris stimulation - Pressure wave stimulation - Magnetic USB charging cable included - Easy to clean - Waterproof for even more fun underwater - Medical-grade silicone - 11 programs - 5 years warrantySpecifications Material: Silicone, ABS, PCB  Surface: Matt Storage temperature: -5C/23F - 60C/140FMax. charging current: 500 mA  Battery: Lithium-Ion Battery capacity: 450 mAh Charging time: Approx. 4 hours Charging voltage: 5V Usage period: Approx. 2 hours Interface: USB Size Height: 6.5 Width: 2 Depth: 2.5 longest point</itemDescription> <htmlitemdescriptioninbase64format>PGI+TW9yZSBpbnRlbnNlLCBxdWlja2VyIGFuZCBtdWx0aXBsZSBvcmdhc21zIGd1YXJhbnRlZWQuIDwvYj48YnI+PGJyPldpdGggaXRzIGludGVuc2l2ZSBwcmVzc3VyZSB3YXZlcyBhbmQgdGluZ2xpbmcgcHVsc2F0aW9uLCB0aGUgU2F0aXNmeWVyIFBybyAyIHByb3ZpZGVzIHRvdWNoLWZyZWUgY2xpdG9yaXMgc3RpbXVsYXRpb24gYW5kIHRodXMgYW4gZXh0cmEgZG9zZSBvZiBwbGVhc3VyZS4gPGJyPjxicj5KdXN0IHdoYXQgd29tZW4gd2FudDogd2l0aCBpdHMgb3ZhbCBoZWFkLCBpbm5vdmF0aXZlIHZhY3V1bSB0ZWNobm9sb2d5IGFuZCB0b3VjaC1mcmVlIG1hc3NhZ2UgZWZmZWN0LCB0aGlzIGxvdmV0b3kgcHJvdmlkZXMgYW4gZXh0cmEgZG9zZSBvZiBwbGVhc3VyZS4gPGJyPjxicj5BIHN0cm9rZSBvZiBnZW5pdXM6IHRoaXMgcHJvZHVjdCBpcyByZWNoYXJnZWFibGUgYW5kIGhhcyBlYXN5LCBjYWJsZS1mcmVlIGhhbmRsaW5nISA8YnI+PGJyPjxiPkZlYXR1cmVzIDwvYj48YnI+LSBQbHVzIGFuZCBtaW51cyBidXR0b24gdG8gaW5jcmVhc2UgYW5kIGRlY3JlYXNlIGFpciB3YXZlIGludGVuc2l0eSB3aGlsZSB1c2luZyBpdCA8YnI+LSBMYXJnZSBzaWxpY29uZSBoZWFkLCBmb3IgYSBtb3JlIGNvbWZvcnRhYmxlIHRvdWNoIGFuZCBmZWVsIChmb2N1cyBncm91cCBvbiAyNTAgd29tZW4sIDk4LjclIHByZWZlcnJlZCBuZXcgaGVhZCkgPGJyPi0gTGlnaHQgaW5jb3Jwb3JhdGVkIGluIG9uIC8gb2ZmIGJ1dHRvbiA8YnI+LSBTaWxlbnQgYW5kIHBvd2VyZnVsPGJyPi0gVG91Y2gtZnJlZSBjbGl0b3JpcyBzdGltdWxhdGlvbiA8YnI+LSBQcmVzc3VyZSB3YXZlIHN0aW11bGF0aW9uIDxicj4tIE1hZ25ldGljIFVTQiBjaGFyZ2luZyBjYWJsZSBpbmNsdWRlZCA8YnI+LSBFYXN5IHRvIGNsZWFuIDxicj4tIFdhdGVycHJvb2YgZm9yIGV2ZW4gbW9yZSBmdW4gdW5kZXJ3YXRlciA8YnI+LSBNZWRpY2FsLWdyYWRlIHNpbGljb25lIDxicj4tIDExIHByb2dyYW1zIDxicj4tIDUgeWVhcnMgd2FycmFudHk8YnI+PGJyPjxiPlNwZWNpZmljYXRpb25zIDwvYj48YnI+TWF0ZXJpYWw6IFNpbGljb25lLCBBQlMsIFBDQiA8YnI+IFN1cmZhY2U6IE1hdHQgPGJyPlN0b3JhZ2UgdGVtcGVyYXR1cmU6IC01Qy8yM0YgLSA2MEMvMTQwRjxicj5NYXguIGNoYXJnaW5nIGN1cnJlbnQ6IDUwMCBtQSA8YnI+IEJhdHRlcnk6IExpdGhpdW0tSW9uIDxicj5CYXR0ZXJ5IGNhcGFjaXR5OiA0NTAgbUFoIDxicj5DaGFyZ2luZyB0aW1lOiBBcHByb3guIDQgaG91cnMgPGJyPkNoYXJnaW5nIHZvbHRhZ2U6IDVWIDxicj5Vc2FnZSBwZXJpb2Q6IEFwcHJveC4gMiBob3VycyA8YnI+SW50ZXJmYWNlOiBVU0IgPGJyPjxicj48Yj5TaXplIDwvYj48YnI+SGVpZ2h0OiA2LjUiIDxicj5XaWR0aDogMiIgPGJyPkRlcHRoOiAyLjUiIGxvbmdlc3QgcG9pbnQ=</htmlitemdescriptioninbase64format>												
				<upc>4049369015030</upc>			
				<dateUpdated>12/24/2020 12:01:18 PM</dateUpdated>	
				<itemweight><![CDATA[0.54]]></itemweight>		
				<dateCreated>04/05/2016 2:58:49 PM</dateCreated>			
				<deliveryallowed><![CDATA[1]]></deliveryallowed>	

					
						<categoriesV2>

											
							<categoritem>
								
									<mastercategories><![CDATA[Clitoral Stimulation]]></mastercategories>
								
									<subcategories><![CDATA[Bronze|Multifunction|Rechargeable|Silicone|Vibrating|Waterproof]]></subcategories>
														
							</categoritem>					
												
						</categoriesV2>
						
					<alternatetitle><![CDATA[Satisfyer Pro 2 Next Generation Rechargeable Silicone Clitoral Stimulator Waterproof Bronze 6.5 Inch]]></alternatetitle>
					<height><![CDATA[2]]></height>
					<width><![CDATA[3.75]]></width>
					<length><![CDATA[7.75]]></length>
					<marketplacerestrictions><![CDATA[0]]></marketplacerestrictions>
					<discontinued>No</discontinued>
					
						<regulations />
												
													
			</item>
				
			<item>
				<title><![CDATA[Strap U Vibe Strapless Silic Dildo Pink]]></title>
				<releaseDate>06/23/2016</releaseDate>				
				<itemSKU>XR-AE826</itemSKU>
				<itemID>46188</itemID>		
				<standardPrice>37.4000</standardPrice>		
				<mapPrice>0</mapPrice>
				<msrpPrice>74</msrpPrice>			
				<stock>Available Now</stock>
				<multiplesOF>1</multiplesOF> 
									<imageLargeFront><![CDATA[https://s3.amazonaws.com/ecn-watermarks/effex/46188_1.jpg]]></imageLargeFront>
								
									<imageLargeBack><![CDATA[https://s3.amazonaws.com/ecn-watermarks/effex/46188_2.jpg]]></imageLargeBack>
								
									<imageMediumFront><![CDATA[https://s3.amazonaws.com/ecn-watermarks/effex/46188_5.jpg]]></imageMediumFront>
								
									<imageMediumBack><![CDATA[https://s3.amazonaws.com/ecn-watermarks/effex/46188_6.jpg]]></imageMediumBack>
								
									<imageThumbnailFront><![CDATA[https://s3.amazonaws.com/ecn-watermarks/effex/46188_9.jpg]]></imageThumbnailFront>
								
									<imageThumbnailBack><![CDATA[https://s3.amazonaws.com/ecn-watermarks/effex/46188_10.jpg]]></imageThumbnailBack>
									
				<manufacturer><![CDATA[Xr Llc]]></manufacturer>
				<categories>SILICONE,VIBRATING CLIT STIMULATION,STRAP ONS,SEX TOYS FOR WOMEN,</categories>
				<itemDescription>Completely strapless, it stays in place with an able, curved probe, delivering delicious G-spot stimulation to the wearer. The wearer can grid against the textured clitoral pad as the thrust in and out of their partner, finding greater satisfaction than ever before! The waterproof design lets you use it in the bath or shower, with or without the vibrating bullet. Now you can both enjoy strong vibration, comfortable penetration, and immense bliss together!Material: -Silicone -ABS plasticMeasurements:-Total length: 9.5 inches-Insertable shaft:  6 inches-Insertable handle: 4 inches-Diameter: 1.5 inches (Both end)</itemDescription> <htmlitemdescriptioninbase64format>Q29tcGxldGVseSBzdHJhcGxlc3MsIGl0IHN0YXlzIGluIHBsYWNlIHdpdGggYW4gaW5zZXJ0YWJsZSwgY3VydmVkIHByb2JlLCBkZWxpdmVyaW5nIGRlbGljaW91cyBHLXNwb3Qgc3RpbXVsYXRpb24gdG8gdGhlIHdlYXJlci4gVGhlIHdlYXJlciBjYW4gZ3JpZCBhZ2FpbnN0IHRoZSB0ZXh0dXJlZCBjbGl0b3JhbCBwYWQgYXMgdGhlIHRocnVzdCBpbiBhbmQgb3V0IG9mIHRoZWlyIHBhcnRuZXIsIGZpbmRpbmcgZ3JlYXRlciBzYXRpc2ZhY3Rpb24gdGhhbiBldmVyIGJlZm9yZSEgVGhlIHdhdGVycHJvb2YgZGVzaWduIGxldHMgeW91IHVzZSBpdCBpbiB0aGUgYmF0aCBvciBzaG93ZXIsIHdpdGggb3Igd2l0aG91dCB0aGUgdmlicmF0aW5nIGJ1bGxldC4gTm93IHlvdSBjYW4gYm90aCBlbmpveSBzdHJvbmcgdmlicmF0aW9uLCBjb21mb3J0YWJsZSBwZW5ldHJhdGlvbiwgYW5kIGltbWVuc2UgYmxpc3MgdG9nZXRoZXIhPGJyPjxicj48Qj5NYXRlcmlhbDo8L0I+PGJyPiAtU2lsaWNvbmUgPEJSPi1BQlMgcGxhc3RpYzxCUj48QlI+PGI+TWVhc3VyZW1lbnRzOjwvQj48QlI+LVRvdGFsIGxlbmd0aDogOS41IGluY2hlczxCUj4tSW5zZXJ0YWJsZSBzaGFmdDogIDYgaW5jaGVzPEJSPi1JbnNlcnRhYmxlIGhhbmRsZTogNCBpbmNoZXM8QlI+LURpYW1ldGVyOiAxLjUgaW5jaGVzIChCb3RoIGVuZCk=</htmlitemdescriptioninbase64format>												
				<upc>848518023513</upc>			
				<dateUpdated>12/24/2020 12:01:18 PM</dateUpdated>	
				<itemweight><![CDATA[0.96]]></itemweight>		
				<dateCreated>06/14/2016 3:30:39 PM</dateCreated>			
				<deliveryallowed><![CDATA[0]]></deliveryallowed>	

					
						<categoriesV2>

											
							<categoritem>
								
									<mastercategories><![CDATA[Clitoral Stimulation|Dildos & Dongs|Eggs & Bullets|G-spot|Harness & Strap On's]]></mastercategories>
								
									<subcategories><![CDATA[Pink|Prostate Stimulators|Silicone|Strapless Strap On|Vibrating|Waterproof]]></subcategories>
														
							</categoritem>					
												
						</categoriesV2>
						
					<alternatetitle><![CDATA[Strap U Evoke Vibrating Silicone Strapless Strap On - Pink]]></alternatetitle>
					<height><![CDATA[2.5]]></height>
					<width><![CDATA[5.5]]></width>
					<length><![CDATA[10]]></length>
					<marketplacerestrictions><![CDATA[0]]></marketplacerestrictions>
					<discontinued>No</discontinued>
					
						<regulations />
												
													
			</item>
				
			<item>
				<title><![CDATA[Sliquid Naturals Silk Premium 2oz]]></title>
				<releaseDate>06/23/2016</releaseDate>				
				<itemSKU>ZSLQ0999</itemSKU>
				<itemID>46207</itemID>		
				<standardPrice>5.0000</standardPrice>		
				<mapPrice>8.99</mapPrice>
				<msrpPrice>9.99</msrpPrice>			
				<stock>Available Now</stock>
				<multiplesOF>1</multiplesOF> 
									<imageLargeFront><![CDATA[https://s3.amazonaws.com/ecn-watermarks/effex/46207_1.jpg]]></imageLargeFront>
								
								<imageLargeBack></imageLargeBack>
							
									<imageMediumFront><![CDATA[https://s3.amazonaws.com/ecn-watermarks/effex/46207_5.jpg]]></imageMediumFront>
								
								<imageMediumBack></imageMediumBack>
							
									<imageThumbnailFront><![CDATA[https://s3.amazonaws.com/ecn-watermarks/effex/46207_9.jpg]]></imageThumbnailFront>
								
								<imageThumbnailBack></imageThumbnailBack>
								
				<manufacturer><![CDATA[Sliquid,  llc]]></manufacturer>
				<categories>UNISEX ITEMS,LUBES - NON DISCOUNTABLE,</categories>
				<itemDescription>Silk is water based personal lubricant, and is Sliquid`s Hybrid formulation. Starting with a super silky water base, and blended with silicone, Silk is all that a water based personal lubricant can be, with the added longevity of a silicone lubricant. Silk is easy to clean up and has a luxurious creamy texture</itemDescription> <htmlitemdescriptioninbase64format>U2lsayBpcyB3YXRlciBiYXNlZCBwZXJzb25hbCBsdWJyaWNhbnQsIGFuZCBpcyBTbGlxdWlkJ3MgSHlicmlkIGZvcm11bGF0aW9uLiBTdGFydGluZyB3aXRoIGEgc3VwZXIgc2lsa3kgd2F0ZXIgYmFzZSwgYW5kIGJsZW5kZWQgd2l0aCBzaWxpY29uZSwgU2lsayBpcyBhbGwgdGhhdCBhIHdhdGVyIGJhc2VkIHBlcnNvbmFsIGx1YnJpY2FudCBjYW4gYmUsIHdpdGggdGhlIGFkZGVkIGxvbmdldml0eSBvZiBhIHNpbGljb25lIGx1YnJpY2FudC4gU2lsayBpcyBlYXN5IHRvIGNsZWFuIHVwIGFuZCBoYXMgYSBsdXh1cmlvdXMgY3JlYW15IHRleHR1cmU=</htmlitemdescriptioninbase64format>												
				<upc>894147009992</upc>			
				<dateUpdated>12/24/2020 12:01:18 PM</dateUpdated>	
				<itemweight><![CDATA[0.16]]></itemweight>		
				<dateCreated>06/16/2016 11:00:05 AM</dateCreated>			
				<deliveryallowed><![CDATA[1]]></deliveryallowed>	

					
						<categoriesV2>

											
							<categoritem>
								
									<mastercategories><![CDATA[Lubricants, Massage Oils, Gels & Creams]]></mastercategories>
								
									<subcategories><![CDATA[Hybrid Lubricant|Vegan]]></subcategories>
														
							</categoritem>					
												
						</categoriesV2>
						
					<alternatetitle><![CDATA[Sliquid Naturals Silk Premium Intimate Glide Lubricant 2oz]]></alternatetitle>
					<height><![CDATA[1]]></height>
					<width><![CDATA[1]]></width>
					<length><![CDATA[4.5]]></length>
					<marketplacerestrictions><![CDATA[1]]></marketplacerestrictions>
					<discontinued>No</discontinued>
					
						<regulations />
												
													
			</item>
				
			<item>
				<title><![CDATA[My Secret Screaming O Panty Vibe Blk-ind]]></title>
				<releaseDate>07/20/2016</releaseDate>				
				<itemSKU>XSOPNTYBL110</itemSKU>
				<itemID>46241</itemID>		
				<standardPrice>25.4800</standardPrice>		
				<mapPrice>0</mapPrice>
				<msrpPrice>0</msrpPrice>			
				<stock>Available Now</stock>
				<multiplesOF>1</multiplesOF> 
									<imageLargeFront><![CDATA[https://s3.amazonaws.com/ecn-watermarks/effex/46241_1.jpg]]></imageLargeFront>
								
									<imageLargeBack><![CDATA[https://s3.amazonaws.com/ecn-watermarks/effex/46241_2.jpg]]></imageLargeBack>
								
									<imageMediumFront><![CDATA[https://s3.amazonaws.com/ecn-watermarks/effex/46241_5.jpg]]></imageMediumFront>
								
									<imageMediumBack><![CDATA[https://s3.amazonaws.com/ecn-watermarks/effex/46241_6.jpg]]></imageMediumBack>
								
									<imageThumbnailFront><![CDATA[https://s3.amazonaws.com/ecn-watermarks/effex/46241_9.jpg]]></imageThumbnailFront>
								
									<imageThumbnailBack><![CDATA[https://s3.amazonaws.com/ecn-watermarks/effex/46241_10.jpg]]></imageThumbnailBack>
									
				<manufacturer><![CDATA[Screaming O]]></manufacturer>
				<categories>VIBRATORS,SEX TOYS FOR WOMEN,</categories>
				<itemDescription>The My Secret Screaming O Panty Set is ideal for couples to play in public, with its powerful remote controlled 10 function bullet vibrator secreted in a pocket of these comfortable lace panties. With a vibe that can be controlled from up to 50 feet away. Measurement:The sexy side tie lace panties fit up to a 60 inch waist</itemDescription> <htmlitemdescriptioninbase64format>VGhlIE15IFNlY3JldCBTY3JlYW1pbmcgTyBQYW50eSBTZXQgaXMgaWRlYWwgZm9yIGNvdXBsZXMgdG8gcGxheSBpbiBwdWJsaWMsIHdpdGggaXRzIHBvd2VyZnVsIHJlbW90ZSBjb250cm9sbGVkIDEwIGZ1bmN0aW9uIGJ1bGxldCB2aWJyYXRvciBzZWNyZXRlZCBpbiBhIHBvY2tldCBvZiB0aGVzZSBjb21mb3J0YWJsZSBsYWNlIHBhbnRpZXMuIFdpdGggYSB2aWJlIHRoYXQgY2FuIGJlIGNvbnRyb2xsZWQgZnJvbSB1cCB0byA1MCBmZWV0IGF3YXkuIDxicj48YnI+PGI+TWVhc3VyZW1lbnQ6PC9iPjxCUj5UaGUgc2V4eSBzaWRlIHRpZSBsYWNlIHBhbnRpZXMgZml0IHVwIHRvIGEgNjAgaW5jaCB3YWlzdA==</htmlitemdescriptioninbase64format>												
				<upc>817483012303</upc>			
				<dateUpdated>12/24/2020 12:01:18 PM</dateUpdated>	
				<itemweight><![CDATA[0.20]]></itemweight>		
				<dateCreated>06/17/2016 1:30:21 PM</dateCreated>			
				<deliveryallowed><![CDATA[1]]></deliveryallowed>	

					
						<categoriesV2>

											
							<categoritem>
								
									<mastercategories><![CDATA[Vibrators]]></mastercategories>
								
									<subcategories><![CDATA[Discreet Vibrators]]></subcategories>
														
							</categoritem>					
												
						</categoriesV2>
						
					<alternatetitle><![CDATA[My Secret Remote Panty Vibe Black]]></alternatetitle>
					<height><![CDATA[1.25]]></height>
					<width><![CDATA[4]]></width>
					<length><![CDATA[6.75]]></length>
					<marketplacerestrictions><![CDATA[0]]></marketplacerestrictions>
					<discontinued>No</discontinued>
					
						<regulations />
												
													
			</item>
				
			<item>
				<title><![CDATA[Sincerely Lace Cuffs]]></title>
				<releaseDate>10/03/2018</releaseDate>				
				<itemSKU>ESS520-01</itemSKU>
				<itemID>46453</itemID>		
				<standardPrice>12.7300</standardPrice>		
				<mapPrice>0</mapPrice>
				<msrpPrice>0</msrpPrice>			
				<stock>Available Now</stock>
				<multiplesOF>1</multiplesOF> 
									<imageLargeFront><![CDATA[https://s3.amazonaws.com/ecn-watermarks/effex/46453_1.jpg]]></imageLargeFront>
								
									<imageLargeBack><![CDATA[https://s3.amazonaws.com/ecn-watermarks/effex/46453_2.jpg]]></imageLargeBack>
								
									<imageMediumFront><![CDATA[https://s3.amazonaws.com/ecn-watermarks/effex/46453_5.jpg]]></imageMediumFront>
								
									<imageMediumBack><![CDATA[https://s3.amazonaws.com/ecn-watermarks/effex/46453_6.jpg]]></imageMediumBack>
								
									<imageThumbnailFront><![CDATA[https://s3.amazonaws.com/ecn-watermarks/effex/46453_9.jpg]]></imageThumbnailFront>
								
									<imageThumbnailBack><![CDATA[https://s3.amazonaws.com/ecn-watermarks/effex/46453_10.jpg]]></imageThumbnailBack>
									
				<manufacturer><![CDATA[Sportsheets International,inc.]]></manufacturer>
				<categories>BONDAGE,CUFFS,SEX TOYS FOR COUPLES,</categories>
				<itemDescription>Restraint can be a luxurious experience. Feel the gentle caress of the soft and inviting fabric of fine lace as it secures around your wrist. These sexy cuffs come with black metal buckles and a strong 12 inch (30.48cm) black metal chain with 2 claps.</itemDescription> <htmlitemdescriptioninbase64format>UmVzdHJhaW50IGNhbiBiZSBhIGx1eHVyaW91cyBleHBlcmllbmNlLiBGZWVsIHRoZSBnZW50bGUgY2FyZXNzIG9mIHRoZSBzb2Z0IGFuZCBpbnZpdGluZyBmYWJyaWMgb2YgZmluZSBsYWNlIGFzIGl0IHNlY3VyZXMgYXJvdW5kIHlvdXIgd3Jpc3QuIFRoZXNlIHNleHkgY3VmZnMgY29tZSB3aXRoIGJsYWNrIG1ldGFsIGJ1Y2tsZXMgYW5kIGEgc3Ryb25nIDEyIGluY2ggKDMwLjQ4Y20pIGJsYWNrIG1ldGFsIGNoYWluIHdpdGggMiBjbGFwcy48YnI+PGJyPg==</htmlitemdescriptioninbase64format>												
				<upc>646709520014</upc>			
				<dateUpdated>12/24/2020 12:01:18 PM</dateUpdated>	
				<itemweight><![CDATA[0.68]]></itemweight>		
				<dateCreated>07/07/2016 10:30:39 AM</dateCreated>			
				<deliveryallowed><![CDATA[1]]></deliveryallowed>	

					
						<categoriesV2>

											
							<categoritem>
								
									<mastercategories><![CDATA[Bondage & Fetish]]></mastercategories>
								
									<subcategories><![CDATA[Black|Wrist Cuffs|Lace]]></subcategories>
														
							</categoritem>					
												
						</categoriesV2>
						
					<alternatetitle><![CDATA[Sincerely Wrist Lace Cuffs - Black]]></alternatetitle>
					<height><![CDATA[1.5]]></height>
					<width><![CDATA[8]]></width>
					<length><![CDATA[10.5]]></length>
					<marketplacerestrictions><![CDATA[1]]></marketplacerestrictions>
					<discontinued>No</discontinued>
					
						<regulations />
												
													
			</item>
				
			<item>
				<title><![CDATA[Sincerely Lace Crop]]></title>
				<releaseDate>10/03/2018</releaseDate>				
				<itemSKU>ESS520-11</itemSKU>
				<itemID>46457</itemID>		
				<standardPrice>8.4700</standardPrice>		
				<mapPrice>0</mapPrice>
				<msrpPrice>0</msrpPrice>			
				<stock>Available Now</stock>
				<multiplesOF>1</multiplesOF> 
									<imageLargeFront><![CDATA[https://s3.amazonaws.com/ecn-watermarks/effex/46457_1.jpg]]></imageLargeFront>
								
									<imageLargeBack><![CDATA[https://s3.amazonaws.com/ecn-watermarks/effex/46457_2.jpg]]></imageLargeBack>
								
									<imageMediumFront><![CDATA[https://s3.amazonaws.com/ecn-watermarks/effex/46457_5.jpg]]></imageMediumFront>
								
									<imageMediumBack><![CDATA[https://s3.amazonaws.com/ecn-watermarks/effex/46457_6.jpg]]></imageMediumBack>
								
									<imageThumbnailFront><![CDATA[https://s3.amazonaws.com/ecn-watermarks/effex/46457_9.jpg]]></imageThumbnailFront>
								
									<imageThumbnailBack><![CDATA[https://s3.amazonaws.com/ecn-watermarks/effex/46457_10.jpg]]></imageThumbnailBack>
									
				<manufacturer><![CDATA[Sportsheets International,inc.]]></manufacturer>
				<categories>PADDLES,BONDAGE,SEX TOYS FOR COUPLES,</categories>
				<itemDescription>Covered in a luxurious lacy fabric, the head of this stylish, sleek crop is set off with a lavish black corseted ribbon and satin bow. The stem is made of a thin yet sturdy rod. The handle is covered at the base with the same lacy fabric.</itemDescription> <htmlitemdescriptioninbase64format>Q292ZXJlZCBpbiBhIGx1eHVyaW91cyBsYWN5IGZhYnJpYywgdGhlIGhlYWQgb2YgdGhpcyBzdHlsaXNoLCBzbGVlayBjcm9wIGlzIHNldCBvZmYgd2l0aCBhIGxhdmlzaCBibGFjayBjb3JzZXRlZCByaWJib24gYW5kIHNhdGluIGJvdy4gVGhlIHN0ZW0gaXMgbWFkZSBvZiBhIHRoaW4geWV0IHN0dXJkeSByb2QuIFRoZSBoYW5kbGUgaXMgY292ZXJlZCBhdCB0aGUgYmFzZSB3aXRoIHRoZSBzYW1lIGxhY3kgZmFicmljLjxicj48YnI+</htmlitemdescriptioninbase64format>												
				<upc>646709520113</upc>			
				<dateUpdated>12/24/2020 12:01:18 PM</dateUpdated>	
				<itemweight><![CDATA[0.28]]></itemweight>		
				<dateCreated>07/07/2016 11:00:21 AM</dateCreated>			
				<deliveryallowed><![CDATA[1]]></deliveryallowed>	

					
						<categoriesV2>

											
							<categoritem>
								
									<mastercategories><![CDATA[Bondage & Fetish]]></mastercategories>
								
									<subcategories><![CDATA[Black|Crops|Lace]]></subcategories>
														
							</categoritem>					
												
						</categoriesV2>
						
					<alternatetitle><![CDATA[Sincerely Lace Crop 12in - Black]]></alternatetitle>
					<height><![CDATA[1.25]]></height>
					<width><![CDATA[4]]></width>
					<length><![CDATA[17.25]]></length>
					<marketplacerestrictions><![CDATA[1]]></marketplacerestrictions>
					<discontinued>No</discontinued>
					
						<regulations />
												
													
			</item>
				
			<item>
				<title><![CDATA[Sincerely Lace Strap On Harness]]></title>
				<releaseDate>10/03/2018</releaseDate>				
				<itemSKU>ESS520-20</itemSKU>
				<itemID>46459</itemID>		
				<standardPrice>15.7700</standardPrice>		
				<mapPrice>0</mapPrice>
				<msrpPrice>0</msrpPrice>			
				<stock>Available Now</stock>
				<multiplesOF>1</multiplesOF> 
									<imageLargeFront><![CDATA[https://s3.amazonaws.com/ecn-watermarks/effex/46459_1.jpg]]></imageLargeFront>
								
									<imageLargeBack><![CDATA[https://s3.amazonaws.com/ecn-watermarks/effex/46459_2.jpg]]></imageLargeBack>
								
									<imageMediumFront><![CDATA[https://s3.amazonaws.com/ecn-watermarks/effex/46459_5.jpg]]></imageMediumFront>
								
									<imageMediumBack><![CDATA[https://s3.amazonaws.com/ecn-watermarks/effex/46459_6.jpg]]></imageMediumBack>
								
									<imageThumbnailFront><![CDATA[https://s3.amazonaws.com/ecn-watermarks/effex/46459_9.jpg]]></imageThumbnailFront>
								
									<imageThumbnailBack><![CDATA[https://s3.amazonaws.com/ecn-watermarks/effex/46459_10.jpg]]></imageThumbnailBack>
									
				<manufacturer><![CDATA[Sportsheets International,inc.]]></manufacturer>
				<categories>HARNESSES,SEX TOYS FOR COUPLES,</categories>
				<itemDescription>The velvety, fine lace fabric of this strap-on is part of the pleasure process as it comfortably hugs your contours while keeping your toy securely in place.</itemDescription> <htmlitemdescriptioninbase64format>VGhlIHZlbHZldHksIGZpbmUgbGFjZSBmYWJyaWMgb2YgdGhpcyBzdHJhcC1vbiBpcyBwYXJ0IG9mIHRoZSBwbGVhc3VyZSBwcm9jZXNzIGFzIGl0IGNvbWZvcnRhYmx5IGh1Z3MgeW91ciBjb250b3VycyB3aGlsZSBrZWVwaW5nIHlvdXIgdG95IHNlY3VyZWx5IGluIHBsYWNlLjxicj48YnI+</htmlitemdescriptioninbase64format>												
				<upc>646709520205</upc>			
				<dateUpdated>12/24/2020 12:01:18 PM</dateUpdated>	
				<itemweight><![CDATA[0.58]]></itemweight>		
				<dateCreated>07/07/2016 11:00:21 AM</dateCreated>			
				<deliveryallowed><![CDATA[1]]></deliveryallowed>	

					
						<categoriesV2>

											
							<categoritem>
								
									<mastercategories><![CDATA[Harness & Strap On's]]></mastercategories>
								
									<subcategories><![CDATA[Black|Harness Only|Lace]]></subcategories>
														
							</categoritem>					
												
						</categoriesV2>
						
					<alternatetitle><![CDATA[Sincerely Lace Strap-On Harness - Black]]></alternatetitle>
					<height><![CDATA[1.25]]></height>
					<width><![CDATA[10]]></width>
					<length><![CDATA[11.25]]></length>
					<marketplacerestrictions><![CDATA[1]]></marketplacerestrictions>
					<discontinued>No</discontinued>
					
						<regulations />
												
													
			</item>
				
			<item>
				<title><![CDATA[Sincerely Black Jeweled Nipple Clips]]></title>
				<releaseDate>10/03/2018</releaseDate>				
				<itemSKU>ESS520-31</itemSKU>
				<itemID>46461</itemID>		
				<standardPrice>14.6000</standardPrice>		
				<mapPrice>0</mapPrice>
				<msrpPrice>0</msrpPrice>			
				<stock>Available Now</stock>
				<multiplesOF>1</multiplesOF> 
									<imageLargeFront><![CDATA[https://s3.amazonaws.com/ecn-watermarks/effex/46461_1.jpg]]></imageLargeFront>
								
									<imageLargeBack><![CDATA[https://s3.amazonaws.com/ecn-watermarks/effex/46461_2.jpg]]></imageLargeBack>
								
									<imageMediumFront><![CDATA[https://s3.amazonaws.com/ecn-watermarks/effex/46461_5.jpg]]></imageMediumFront>
								
									<imageMediumBack><![CDATA[https://s3.amazonaws.com/ecn-watermarks/effex/46461_6.jpg]]></imageMediumBack>
								
									<imageThumbnailFront><![CDATA[https://s3.amazonaws.com/ecn-watermarks/effex/46461_9.jpg]]></imageThumbnailFront>
								
									<imageThumbnailBack><![CDATA[https://s3.amazonaws.com/ecn-watermarks/effex/46461_10.jpg]]></imageThumbnailBack>
									
				<manufacturer><![CDATA[Sportsheets International,inc.]]></manufacturer>
				<categories>SandM,NIPPLE CLAMPS,SEX TOYS FOR WOMEN,</categories>
				<itemDescription>The rich black beads are pleasing to the eye, and the 16.5 inch (41.91cm) strand reflects even the slightest bit of light in the darkest of rooms. To see them sparkle and hear the rhythmic, rattling of the slender chain is an occurrence everyone should have. over and over, again.</itemDescription> <htmlitemdescriptioninbase64format>VGhlIHJpY2ggYmxhY2sgYmVhZHMgYXJlIHBsZWFzaW5nIHRvIHRoZSBleWUsIGFuZCB0aGUgMTYuNSBpbmNoICg0MS45MWNtKSBzdHJhbmQgcmVmbGVjdHMgZXZlbiB0aGUgc2xpZ2h0ZXN0IGJpdCBvZiBsaWdodCBpbiB0aGUgZGFya2VzdCBvZiByb29tcy4gVG8gc2VlIHRoZW0gc3BhcmtsZSBhbmQgaGVhciB0aGUgcmh5dGhtaWMsIHJhdHRsaW5nIG9mIHRoZSBzbGVuZGVyIGNoYWluIGlzIGFuIG9jY3VycmVuY2UgZXZlcnlvbmUgc2hvdWxkIGhhdmUuIG92ZXIgYW5kIG92ZXIsIGFnYWluLjxicj48YnI+</htmlitemdescriptioninbase64format>												
				<upc>646709520311</upc>			
				<dateUpdated>12/24/2020 12:01:18 PM</dateUpdated>	
				<itemweight><![CDATA[0.22]]></itemweight>		
				<dateCreated>07/07/2016 11:00:21 AM</dateCreated>			
				<deliveryallowed><![CDATA[1]]></deliveryallowed>	

					
						<categoriesV2>

											
							<categoritem>
								
									<mastercategories><![CDATA[Bondage & Fetish]]></mastercategories>
								
									<subcategories><![CDATA[Black|Nipple & Clitoral Jewelery|Nipple Clamps]]></subcategories>
														
							</categoritem>					
												
						</categoriesV2>
						
					<alternatetitle><![CDATA[Sincerely Black Jeweled Nipple Clips 16.5in - Black/Silver]]></alternatetitle>
					<height><![CDATA[0.75]]></height>
					<width><![CDATA[4]]></width>
					<length><![CDATA[14]]></length>
					<marketplacerestrictions><![CDATA[1]]></marketplacerestrictions>
					<discontinued>No</discontinued>
					
						<regulations />
												
													
			</item>
				
			<item>
				<title><![CDATA[Dillio Mr Smoothy Pink]]></title>
				<releaseDate>08/09/2016</releaseDate>				
				<itemSKU>PD5303-11</itemSKU>
				<itemID>46636</itemID>		
				<standardPrice>7.0000</standardPrice>		
				<mapPrice>0</mapPrice>
				<msrpPrice>13.99</msrpPrice>			
				<stock>Available Now</stock>
				<multiplesOF>1</multiplesOF> 
									<imageLargeFront><![CDATA[https://s3.amazonaws.com/ecn-watermarks/effex/46636_1.jpg]]></imageLargeFront>
								
									<imageLargeBack><![CDATA[https://s3.amazonaws.com/ecn-watermarks/effex/46636_2.jpg]]></imageLargeBack>
								
									<imageMediumFront><![CDATA[https://s3.amazonaws.com/ecn-watermarks/effex/46636_5.jpg]]></imageMediumFront>
								
									<imageMediumBack><![CDATA[https://s3.amazonaws.com/ecn-watermarks/effex/46636_6.jpg]]></imageMediumBack>
								
									<imageThumbnailFront><![CDATA[https://s3.amazonaws.com/ecn-watermarks/effex/46636_9.jpg]]></imageThumbnailFront>
								
									<imageThumbnailBack><![CDATA[https://s3.amazonaws.com/ecn-watermarks/effex/46636_10.jpg]]></imageThumbnailBack>
									
				<manufacturer><![CDATA[Pipedream Products,inc.]]></manufacturer>
				<categories>SEX TOYS FOR WOMEN,DILDOS and DONGS,</categories>
				<itemDescription>Each Dillio features a super-strong, suction cup base that sticks to nearly any flat surface for wall banging fun, and is also strap-on harness compatible. Feeling adventurous? Material: Rubber</itemDescription> <htmlitemdescriptioninbase64format>RWFjaCBEaWxsaW8gZmVhdHVyZXMgYSBzdXBlci1zdHJvbmcsIHN1Y3Rpb24gY3VwIGJhc2UgdGhhdCBzdGlja3MgdG8gbmVhcmx5IGFueSBmbGF0IHN1cmZhY2UgZm9yIHdhbGwgYmFuZ2luZyBmdW4sIGFuZCBpcyBhbHNvIHN0cmFwLW9uIGhhcm5lc3MgY29tcGF0aWJsZS4gRmVlbGluZyBhZHZlbnR1cm91cz8gPGJyPjxicj48Yj5NYXRlcmlhbDo8L0I+IFJ1YmJlcg==</htmlitemdescriptioninbase64format>												
				<upc>603912736632</upc>			
				<dateUpdated>12/24/2020 12:01:18 PM</dateUpdated>	
				<itemweight><![CDATA[0.38]]></itemweight>		
				<dateCreated>07/26/2016 12:00:21 PM</dateCreated>			
				<deliveryallowed><![CDATA[0]]></deliveryallowed>	

					
						<categoriesV2>

											
							<categoritem>
								
									<mastercategories><![CDATA[Dildos & Dongs|Holiday]]></mastercategories>
								
									<subcategories><![CDATA[Non Latex|Non-vibrating|Pink|Suction Cup|Harness Accessories|Valentines Day]]></subcategories>
														
							</categoritem>					
												
						</categoriesV2>
						
					<alternatetitle><![CDATA[Dillio Mr Smoothy Dong Pink]]></alternatetitle>
					<height><![CDATA[2.75]]></height>
					<width><![CDATA[3.5]]></width>
					<length><![CDATA[8.75]]></length>
					<marketplacerestrictions><![CDATA[0]]></marketplacerestrictions>
					<discontinued>No</discontinued>
					
						<regulations />
												
													
			</item>
				
			<item>
				<title><![CDATA[Sensuelle Point 20 Func Pink]]></title>
				<releaseDate>09/01/2016</releaseDate>				
				<itemSKU>NCBT-W34PK</itemSKU>
				<itemID>47328</itemID>		
				<standardPrice>30.5000</standardPrice>		
				<mapPrice>60.99</mapPrice>
				<msrpPrice>60.99</msrpPrice>			
				<stock>Available Now</stock>
				<multiplesOF>1</multiplesOF> 
									<imageLargeFront><![CDATA[https://s3.amazonaws.com/ecn-watermarks/effex/47328_1.jpg]]></imageLargeFront>
								
									<imageLargeBack><![CDATA[https://s3.amazonaws.com/ecn-watermarks/effex/47328_2.jpg]]></imageLargeBack>
								
									<imageMediumFront><![CDATA[https://s3.amazonaws.com/ecn-watermarks/effex/47328_5.jpg]]></imageMediumFront>
								
									<imageMediumBack><![CDATA[https://s3.amazonaws.com/ecn-watermarks/effex/47328_6.jpg]]></imageMediumBack>
								
									<imageThumbnailFront><![CDATA[https://s3.amazonaws.com/ecn-watermarks/effex/47328_9.jpg]]></imageThumbnailFront>
								
									<imageThumbnailBack><![CDATA[https://s3.amazonaws.com/ecn-watermarks/effex/47328_10.jpg]]></imageThumbnailBack>
									
				<manufacturer><![CDATA[Novel Creations Usa Inc]]></manufacturer>
				<categories>VIBRATORS,SEX TOYS FOR WOMEN,</categories>
				<itemDescription>The NU generation in Personal StimulationGet straight to The Point.Dont settle for anything less powerful!FINALLY! A bullet that has it all  Amazingly Powerful, 20 functions, sensual touch AND rechargeable!The Sensuelle Point is twice dipped in silicone, to give you an ultra smooth, silky, sensual feel. It is beautiful to touch, but is also is mind-blowing intense.Its not just a bullet, its a new breed of bullet that will redefine what a good bullet is.Simply put, its a Super Bullet. Unlike any other bullet youve ever touched!Its a phenomenon to be marveled at and WILL cause a sensation.One touch of this incredible bullet is all it will take!Experience the Sensuelle Point Bullet.FULLY RECHARGEABLE USING EITHER AN ELECTRICAL POINT OR USB (USING A COMPUTER)</itemDescription> <htmlitemdescriptioninbase64format>VGhlIE5VIGdlbmVyYXRpb24gaW4gUGVyc29uYWwgU3RpbXVsYXRpb248YnI+PEJyPkdldCBzdHJhaWdodCB0byBUaGUgUG9pbnQuPGJyPjxCcj5Eb250IHNldHRsZSBmb3IgYW55dGhpbmcgbGVzcyBwb3dlcmZ1bCE8YnI+PGJyPkZJTkFMTFkhIEEgYnVsbGV0IHRoYXQgaGFzIGl0IGFsbCAgQW1hemluZ2x5IFBvd2VyZnVsLCAyMCBmdW5jdGlvbnMsIHNlbnN1YWwgdG91Y2ggQU5EIHJlY2hhcmdlYWJsZSE8YnI+PGJyPlRoZSBTZW5zdWVsbGUgUG9pbnQgaXMgdHdpY2UgZGlwcGVkIGluIHNpbGljb25lLCB0byBnaXZlIHlvdSBhbiB1bHRyYSBzbW9vdGgsIHNpbGt5LCBzZW5zdWFsIGZlZWwuIEl0IGlzIGJlYXV0aWZ1bCB0byB0b3VjaCwgYnV0IGlzIGFsc28gaXMgbWluZC1ibG93aW5nIGludGVuc2UuPGJyPjxCcj5JdHMgbm90IGp1c3QgYSBidWxsZXQsIGl0cyBhIG5ldyBicmVlZCBvZiBidWxsZXQgdGhhdCB3aWxsIHJlZGVmaW5lIHdoYXQgYSBnb29kIGJ1bGxldCBpcy48YnI+PGJyPlNpbXBseSBwdXQsIGl0cyBhIFN1cGVyIEJ1bGxldC4gVW5saWtlIGFueSBvdGhlciBidWxsZXQgeW91dmUgZXZlciB0b3VjaGVkITxicj48YnI+SXRzIGEgcGhlbm9tZW5vbiB0byBiZSBtYXJ2ZWxlZCBhdCBhbmQgV0lMTCBjYXVzZSBhIHNlbnNhdGlvbi48YnI+PGJyPk9uZSB0b3VjaCBvZiB0aGlzIGluY3JlZGlibGUgYnVsbGV0IGlzIGFsbCBpdCB3aWxsIHRha2UhPGJyPjxicj5FeHBlcmllbmNlIHRoZSBTZW5zdWVsbGUgUG9pbnQgQnVsbGV0Ljxicj48QnI+RlVMTFkgUkVDSEFSR0VBQkxFIFVTSU5HIEVJVEhFUiBBTiBFTEVDVFJJQ0FMIFBPSU5UIE9SIFVTQiAoVVNJTkcgQSBDT01QVVRFUik=</htmlitemdescriptioninbase64format>												
				<upc>9342851001661</upc>			
				<dateUpdated>12/24/2020 12:01:18 PM</dateUpdated>	
				<itemweight><![CDATA[0.72]]></itemweight>		
				<dateCreated>08/24/2016 11:00:27 AM</dateCreated>			
				<deliveryallowed><![CDATA[1]]></deliveryallowed>	

					
						<categoriesV2>

											
							<categoritem>
								
									<mastercategories><![CDATA[Holiday|Vibrators]]></mastercategories>
								
									<subcategories><![CDATA[Multifunction|Multispeed|Pink|Rechargeable|Valentines Day|Usb Rechargeable]]></subcategories>
														
							</categoritem>					
												
						</categoriesV2>
						
					<alternatetitle><![CDATA[Nu Sensuelle Point Rechargeable Silicone Bullet - Pink]]></alternatetitle>
					<height><![CDATA[3]]></height>
					<width><![CDATA[4.25]]></width>
					<length><![CDATA[7]]></length>
					<marketplacerestrictions><![CDATA[1]]></marketplacerestrictions>
					<discontinued>No</discontinued>
					
						<regulations />
												
													
			</item>
				
			<item>
				<title><![CDATA[Sensuelle Point 20 Func Tblue]]></title>
				<releaseDate>09/01/2016</releaseDate>				
				<itemSKU>NCBT-W34TBL</itemSKU>
				<itemID>47331</itemID>		
				<standardPrice>30.5000</standardPrice>		
				<mapPrice>60.99</mapPrice>
				<msrpPrice>60.99</msrpPrice>			
				<stock>Available Now</stock>
				<multiplesOF>1</multiplesOF> 
									<imageLargeFront><![CDATA[https://s3.amazonaws.com/ecn-watermarks/effex/47331_1.jpg]]></imageLargeFront>
								
									<imageLargeBack><![CDATA[https://s3.amazonaws.com/ecn-watermarks/effex/47331_2.jpg]]></imageLargeBack>
								
									<imageMediumFront><![CDATA[https://s3.amazonaws.com/ecn-watermarks/effex/47331_5.jpg]]></imageMediumFront>
								
									<imageMediumBack><![CDATA[https://s3.amazonaws.com/ecn-watermarks/effex/47331_6.jpg]]></imageMediumBack>
								
									<imageThumbnailFront><![CDATA[https://s3.amazonaws.com/ecn-watermarks/effex/47331_9.jpg]]></imageThumbnailFront>
								
									<imageThumbnailBack><![CDATA[https://s3.amazonaws.com/ecn-watermarks/effex/47331_10.jpg]]></imageThumbnailBack>
									
				<manufacturer><![CDATA[Novel Creations Usa Inc]]></manufacturer>
				<categories>VIBRATORS,SEX TOYS FOR WOMEN,</categories>
				<itemDescription>The NU generation in Personal StimulationGet straight to The Point.Dont settle for anything less powerful!FINALLY! A bullet that has it all  Amazingly Powerful, 20 functions, sensual touch AND rechargeable!The Sensuelle Point is twice dipped in silicone, to give you an ultra smooth, silky, sensual feel. It is beautiful to touch, but is also is mind-blowing intense.Its not just a bullet, its a new breed of bullet that will redefine what a good bullet is.Simply put, its a Super Bullet. Unlike any other bullet youve ever touched!Its a phenomenon to be marveled at and WILL cause a sensation.One touch of this incredible bullet is all it will take!Experience the Sensuelle Point Bullet.FULLY RECHARGEABLE USING EITHER AN ELECTRICAL POINT OR USB (USING A COMPUTER)</itemDescription> <htmlitemdescriptioninbase64format>VGhlIE5VIGdlbmVyYXRpb24gaW4gUGVyc29uYWwgU3RpbXVsYXRpb248YnI+PEJyPkdldCBzdHJhaWdodCB0byBUaGUgUG9pbnQuPGJyPjxCcj5Eb250IHNldHRsZSBmb3IgYW55dGhpbmcgbGVzcyBwb3dlcmZ1bCE8YnI+PGJyPkZJTkFMTFkhIEEgYnVsbGV0IHRoYXQgaGFzIGl0IGFsbCAgQW1hemluZ2x5IFBvd2VyZnVsLCAyMCBmdW5jdGlvbnMsIHNlbnN1YWwgdG91Y2ggQU5EIHJlY2hhcmdlYWJsZSE8YnI+PGJyPlRoZSBTZW5zdWVsbGUgUG9pbnQgaXMgdHdpY2UgZGlwcGVkIGluIHNpbGljb25lLCB0byBnaXZlIHlvdSBhbiB1bHRyYSBzbW9vdGgsIHNpbGt5LCBzZW5zdWFsIGZlZWwuIEl0IGlzIGJlYXV0aWZ1bCB0byB0b3VjaCwgYnV0IGlzIGFsc28gaXMgbWluZC1ibG93aW5nIGludGVuc2UuPGJyPjxCcj5JdHMgbm90IGp1c3QgYSBidWxsZXQsIGl0cyBhIG5ldyBicmVlZCBvZiBidWxsZXQgdGhhdCB3aWxsIHJlZGVmaW5lIHdoYXQgYSBnb29kIGJ1bGxldCBpcy48YnI+PGJyPlNpbXBseSBwdXQsIGl0cyBhIFN1cGVyIEJ1bGxldC4gVW5saWtlIGFueSBvdGhlciBidWxsZXQgeW91dmUgZXZlciB0b3VjaGVkITxicj48YnI+SXRzIGEgcGhlbm9tZW5vbiB0byBiZSBtYXJ2ZWxlZCBhdCBhbmQgV0lMTCBjYXVzZSBhIHNlbnNhdGlvbi48YnI+PGJyPk9uZSB0b3VjaCBvZiB0aGlzIGluY3JlZGlibGUgYnVsbGV0IGlzIGFsbCBpdCB3aWxsIHRha2UhPGJyPjxicj5FeHBlcmllbmNlIHRoZSBTZW5zdWVsbGUgUG9pbnQgQnVsbGV0Ljxicj48QnI+RlVMTFkgUkVDSEFSR0VBQkxFIFVTSU5HIEVJVEhFUiBBTiBFTEVDVFJJQ0FMIFBPSU5UIE9SIFVTQiAoVVNJTkcgQSBDT01QVVRFUik=</htmlitemdescriptioninbase64format>												
				<upc>9342851002309</upc>			
				<dateUpdated>12/24/2020 12:01:18 PM</dateUpdated>	
				<itemweight><![CDATA[0.72]]></itemweight>		
				<dateCreated>08/24/2016 11:00:27 AM</dateCreated>			
				<deliveryallowed><![CDATA[1]]></deliveryallowed>	

					
						<categoriesV2>

											
							<categoritem>
								
									<mastercategories><![CDATA[Vibrators]]></mastercategories>
								
									<subcategories><![CDATA[Blue|Multifunction|Multispeed|Rechargeable|Usb Rechargeable]]></subcategories>
														
							</categoritem>					
												
						</categoriesV2>
						
					<alternatetitle><![CDATA[Nu Sensuelle Point Rechargeable Silicone Bullet - Teal Blue]]></alternatetitle>
					<height><![CDATA[3]]></height>
					<width><![CDATA[4.25]]></width>
					<length><![CDATA[7]]></length>
					<marketplacerestrictions><![CDATA[1]]></marketplacerestrictions>
					<discontinued>No</discontinued>
					
						<regulations />
												
													
			</item>
				
			<item>
				<title><![CDATA[Sensuelle Joie 15 Func Bullet Pink]]></title>
				<releaseDate>09/01/2016</releaseDate>				
				<itemSKU>NCBT-W52PK</itemSKU>
				<itemID>47359</itemID>		
				<standardPrice>22.2500</standardPrice>		
				<mapPrice>44.99</mapPrice>
				<msrpPrice>44.99</msrpPrice>			
				<stock>Available Now</stock>
				<multiplesOF>1</multiplesOF> 
									<imageLargeFront><![CDATA[https://s3.amazonaws.com/ecn-watermarks/effex/47359_1.jpg]]></imageLargeFront>
								
									<imageLargeBack><![CDATA[https://s3.amazonaws.com/ecn-watermarks/effex/47359_2.jpg]]></imageLargeBack>
								
									<imageMediumFront><![CDATA[https://s3.amazonaws.com/ecn-watermarks/effex/47359_5.jpg]]></imageMediumFront>
								
									<imageMediumBack><![CDATA[https://s3.amazonaws.com/ecn-watermarks/effex/47359_6.jpg]]></imageMediumBack>
								
									<imageThumbnailFront><![CDATA[https://s3.amazonaws.com/ecn-watermarks/effex/47359_9.jpg]]></imageThumbnailFront>
								
									<imageThumbnailBack><![CDATA[https://s3.amazonaws.com/ecn-watermarks/effex/47359_10.jpg]]></imageThumbnailBack>
									
				<manufacturer><![CDATA[Novel Creations Usa Inc]]></manufacturer>
				<categories>SEX TOYS FOR WOMEN,BULLETS and EGGS,</categories>
				<itemDescription>The Nu Sensuelle Joie Bullet is fully rechargeable, and features a state of the art powerful motor with 15 functions. The full length of 6.5cm makes Joie the perfect bullet for external use, or use in the pouches of harnesses. With the button located at the top of the bullet, it is easy to scroll through the multiple functions to find the one that is your favourite.Joie is made with entirely body safe materials, and is easily recharged using the supplied magnetic USB recharger. Conveniently sized and discretely shaped this piece is a great travelling companion.After use wipe the bullet using warm water and a mild cloth, and store in a cool dry location once completely dry. It is advised not to submerse the bullet in water.Key Features:Extremely powerful motorRechargeableLength  6.5cmDiameter  1.9cm15 FunctionsDiscrete</itemDescription> <htmlitemdescriptioninbase64format>VGhlIE51IFNlbnN1ZWxsZSBKb2llIEJ1bGxldCBpcyBmdWxseSByZWNoYXJnZWFibGUsIGFuZCBmZWF0dXJlcyBhIHN0YXRlIG9mIHRoZSBhcnQgcG93ZXJmdWwgbW90b3Igd2l0aCAxNSBmdW5jdGlvbnMuIFRoZSBmdWxsIGxlbmd0aCBvZiA2LjVjbSBtYWtlcyBKb2llIHRoZSBwZXJmZWN0IGJ1bGxldCBmb3IgZXh0ZXJuYWwgdXNlLCBvciB1c2UgaW4gdGhlIHBvdWNoZXMgb2YgaGFybmVzc2VzLiBXaXRoIHRoZSBidXR0b24gbG9jYXRlZCBhdCB0aGUgdG9wIG9mIHRoZSBidWxsZXQsIGl0IGlzIGVhc3kgdG8gc2Nyb2xsIHRocm91Z2ggdGhlIG11bHRpcGxlIGZ1bmN0aW9ucyB0byBmaW5kIHRoZSBvbmUgdGhhdCBpcyB5b3VyIGZhdm91cml0ZS48YnI+PGJyPkpvaWUgaXMgbWFkZSB3aXRoIGVudGlyZWx5IGJvZHkgc2FmZSBtYXRlcmlhbHMsIGFuZCBpcyBlYXNpbHkgcmVjaGFyZ2VkIHVzaW5nIHRoZSBzdXBwbGllZCBtYWduZXRpYyBVU0IgcmVjaGFyZ2VyLiBDb252ZW5pZW50bHkgc2l6ZWQgYW5kIGRpc2NyZXRlbHkgc2hhcGVkIHRoaXMgcGllY2UgaXMgYSBncmVhdCB0cmF2ZWxsaW5nIGNvbXBhbmlvbi48YnI+PGJyPkFmdGVyIHVzZSB3aXBlIHRoZSBidWxsZXQgdXNpbmcgd2FybSB3YXRlciBhbmQgYSBtaWxkIGNsb3RoLCBhbmQgc3RvcmUgaW4gYSBjb29sIGRyeSBsb2NhdGlvbiBvbmNlIGNvbXBsZXRlbHkgZHJ5LiBJdCBpcyBhZHZpc2VkIG5vdCB0byBzdWJtZXJzZSB0aGUgYnVsbGV0IGluIHdhdGVyLjxicj48YnI+S2V5IEZlYXR1cmVzOjxicj5FeHRyZW1lbHkgcG93ZXJmdWwgbW90b3I8YnI+UmVjaGFyZ2VhYmxlPGJyPkxlbmd0aCAgNi41Y208YnI+RGlhbWV0ZXIgIDEuOWNtPGJyPjE1IEZ1bmN0aW9uczxicj5EaXNjcmV0ZQ==</htmlitemdescriptioninbase64format>												
				<upc>9342851002132</upc>			
				<dateUpdated>12/24/2020 12:01:18 PM</dateUpdated>	
				<itemweight><![CDATA[0.20]]></itemweight>		
				<dateCreated>08/24/2016 1:00:29 PM</dateCreated>			
				<deliveryallowed><![CDATA[1]]></deliveryallowed>	

					
						<categoriesV2>

											
							<categoritem>
								
									<mastercategories><![CDATA[Eggs & Bullets|Holiday]]></mastercategories>
								
									<subcategories><![CDATA[Discreet Vibrators|Multifunction|Pink|Waterproof|Valentines Day]]></subcategories>
														
							</categoritem>					
												
						</categoriesV2>
						
					<alternatetitle><![CDATA[Nu Sensuelle Joie Rechargeable Silicone Bullet - Pink]]></alternatetitle>
					<height><![CDATA[2]]></height>
					<width><![CDATA[3.5]]></width>
					<length><![CDATA[5]]></length>
					<marketplacerestrictions><![CDATA[1]]></marketplacerestrictions>
					<discontinued>No</discontinued>
					
						<regulations />
												
													
			</item>
				
			<item>
				<title><![CDATA[Mini Marvels Marvelous Flicker]]></title>
				<releaseDate>09/01/2016</releaseDate>				
				<itemSKU>SE-4409-40-3</itemSKU>
				<itemID>47424</itemID>		
				<standardPrice>30.7000</standardPrice>		
				<mapPrice>0</mapPrice>
				<msrpPrice>61.99</msrpPrice>			
				<stock>Available Now</stock>
				<multiplesOF>1</multiplesOF> 
									<imageLargeFront><![CDATA[https://s3.amazonaws.com/ecn-watermarks/effex/47424_1.jpg]]></imageLargeFront>
								
									<imageLargeBack><![CDATA[https://s3.amazonaws.com/ecn-watermarks/effex/47424_2.jpg]]></imageLargeBack>
								
									<imageMediumFront><![CDATA[https://s3.amazonaws.com/ecn-watermarks/effex/47424_5.jpg]]></imageMediumFront>
								
									<imageMediumBack><![CDATA[https://s3.amazonaws.com/ecn-watermarks/effex/47424_6.jpg]]></imageMediumBack>
								
									<imageThumbnailFront><![CDATA[https://s3.amazonaws.com/ecn-watermarks/effex/47424_9.jpg]]></imageThumbnailFront>
								
									<imageThumbnailBack><![CDATA[https://s3.amazonaws.com/ecn-watermarks/effex/47424_10.jpg]]></imageThumbnailBack>
									
				<manufacturer><![CDATA[California Exotic Novelties, Llc]]></manufacturer>
				<categories>SILICONE,VIBRATORS,WATERPROOF MUTI FUNCTION,SEX TOYS FOR WOMEN,</categories>
				<itemDescription>- This one really speaks my language! - Easy-to-operate, rechargeable Silicone massager with flickering tip for intense pinpoint action - 10 functions of intense vibration, pulsation and escalation - Security travel lock  hold for 3 seconds to turn on or off - USB rechargeable  charging cord included - Complete charge in 2.5 hours - Runs for 40 minutes on high speed and 4 hours on low speed - One-year warranty Size 5 x 1.75/12.75 cm x 4.5 cm Material Silicone</itemDescription> <htmlitemdescriptioninbase64format>LSBUaGlzIG9uZSByZWFsbHkgc3BlYWtzIG15IGxhbmd1YWdlISA8YnI+LSBFYXN5LXRvLW9wZXJhdGUsIHJlY2hhcmdlYWJsZSBTaWxpY29uZSBtYXNzYWdlciB3aXRoIGZsaWNrZXJpbmcgdGlwIGZvciBpbnRlbnNlIHBpbnBvaW50IGFjdGlvbiA8YnI+LSAxMCBmdW5jdGlvbnMgb2YgaW50ZW5zZSB2aWJyYXRpb24sIHB1bHNhdGlvbiBhbmQgZXNjYWxhdGlvbiA8YnI+LSBTZWN1cml0eSB0cmF2ZWwgbG9jayAgaG9sZCBmb3IgMyBzZWNvbmRzIHRvIHR1cm4gb24gb3Igb2ZmIDxicj4tIFVTQiByZWNoYXJnZWFibGUgIGNoYXJnaW5nIGNvcmQgaW5jbHVkZWQgPGJyPi0gQ29tcGxldGUgY2hhcmdlIGluIDIuNSBob3VycyA8YnI+LSBSdW5zIGZvciA0MCBtaW51dGVzIG9uIGhpZ2ggc3BlZWQgYW5kIDQgaG91cnMgb24gbG93IHNwZWVkIDxicj4tIE9uZS15ZWFyIHdhcnJhbnR5IDxicj48YnI+PGI+U2l6ZSA8L2I+PGJyPjUiIHggMS43NSIvMTIuNzUgY20geCA0LjUgY20gPGJyPjxicj48Yj5NYXRlcmlhbCA8L2I+PGJyPlNpbGljb25l</htmlitemdescriptioninbase64format>												
				<upc>716770087584</upc>			
				<dateUpdated>12/24/2020 12:01:18 PM</dateUpdated>	
				<itemweight><![CDATA[0.74]]></itemweight>		
				<dateCreated>08/26/2016 4:00:17 PM</dateCreated>			
				<deliveryallowed><![CDATA[1]]></deliveryallowed>	

					
						<categoriesV2>

											
							<categoritem>
								
									<mastercategories><![CDATA[Clitoral Stimulation|Holiday|Massagers]]></mastercategories>
								
									<subcategories><![CDATA[Multifunction|Pink|Silicone|Vibrating|Waterproof|Valentines Day|Usb Rechargeable]]></subcategories>
														
							</categoritem>					
												
						</categoriesV2>
						
					<alternatetitle><![CDATA[Mini Marvels Marvelous Flicker Silicone Rechargeable Massager - Pink]]></alternatetitle>
					<height><![CDATA[2.5]]></height>
					<width><![CDATA[5.5]]></width>
					<length><![CDATA[7.5]]></length>
					<marketplacerestrictions><![CDATA[0]]></marketplacerestrictions>
					<discontinued>No</discontinued>
					
						<regulations />
												
													
			</item>
				
			<item>
				<title><![CDATA[Kink Spike Pinwheel 3 Wheel]]></title>
				<releaseDate>03/02/2017</releaseDate>				
				<itemSKU>DJ-2404-10-3</itemSKU>
				<itemID>47601</itemID>		
				<standardPrice>13.5000</standardPrice>		
				<mapPrice>0</mapPrice>
				<msrpPrice>27</msrpPrice>			
				<stock>Available Now</stock>
				<multiplesOF>1</multiplesOF> 
									<imageLargeFront><![CDATA[https://s3.amazonaws.com/ecn-watermarks/effex/47601_1.jpg]]></imageLargeFront>
								
									<imageLargeBack><![CDATA[https://s3.amazonaws.com/ecn-watermarks/effex/47601_2.jpg]]></imageLargeBack>
								
									<imageMediumFront><![CDATA[https://s3.amazonaws.com/ecn-watermarks/effex/47601_5.jpg]]></imageMediumFront>
								
									<imageMediumBack><![CDATA[https://s3.amazonaws.com/ecn-watermarks/effex/47601_6.jpg]]></imageMediumBack>
								
									<imageThumbnailFront><![CDATA[https://s3.amazonaws.com/ecn-watermarks/effex/47601_9.jpg]]></imageThumbnailFront>
								
									<imageThumbnailBack><![CDATA[https://s3.amazonaws.com/ecn-watermarks/effex/47601_10.jpg]]></imageThumbnailBack>
									
				<manufacturer><![CDATA[Doc Johnson Enterprises]]></manufacturer>
				<categories>LEATHER,BONDAGE,</categories>
				<itemDescription>The Spike 3-Wheeled Pinwheel from Doc Johnson`s Kink collaboration ideal for teasing and tormenting a submissive with unique sensory delights, or as the prologue to a medical fetish play scene. Spike produces a variety of tantalizing sensations and effects depending on the pressure applied; lightly roll the wheel across the skin for a light tickling touch, or press harder to mark or pierce the skin with its sharp prickly points. Kink by Doc Johnson is an exciting collaboration with Kink.com to create a collection of high-quality authentic fetish items suitable for long-term practitioners and new initiates alike.</itemDescription> <htmlitemdescriptioninbase64format>VGhlIFNwaWtlIDMtV2hlZWxlZCBQaW53aGVlbCBmcm9tIERvYyBKb2huc29uP3MgS2luayBjb2xsYWJvcmF0aW9uIGlkZWFsIGZvciB0ZWFzaW5nIGFuZCB0b3JtZW50aW5nIGEgc3VibWlzc2l2ZSB3aXRoIHVuaXF1ZSBzZW5zb3J5IGRlbGlnaHRzLCBvciBhcyB0aGUgcHJvbG9ndWUgdG8gYSBtZWRpY2FsIGZldGlzaCBwbGF5IHNjZW5lLiBTcGlrZSBwcm9kdWNlcyBhIHZhcmlldHkgb2YgdGFudGFsaXppbmcgc2Vuc2F0aW9ucyBhbmQgZWZmZWN0cyBkZXBlbmRpbmcgb24gdGhlIHByZXNzdXJlIGFwcGxpZWQ7IGxpZ2h0bHkgcm9sbCB0aGUgd2hlZWwgYWNyb3NzIHRoZSBza2luIGZvciBhIGxpZ2h0IHRpY2tsaW5nIHRvdWNoLCBvciBwcmVzcyBoYXJkZXIgdG8gbWFyayBvciBwaWVyY2UgdGhlIHNraW4gd2l0aCBpdHMgc2hhcnAgcHJpY2tseSBwb2ludHMuIEtpbmsgYnkgRG9jIEpvaG5zb24gaXMgYW4gZXhjaXRpbmcgY29sbGFib3JhdGlvbiB3aXRoIEtpbmsuY29tIHRvIGNyZWF0ZSBhIGNvbGxlY3Rpb24gb2YgaGlnaC1xdWFsaXR5IGF1dGhlbnRpYyBmZXRpc2ggaXRlbXMgc3VpdGFibGUgZm9yIGxvbmctdGVybSBwcmFjdGl0aW9uZXJzIGFuZCBuZXcgaW5pdGlhdGVzIGFsaWtlLg==</htmlitemdescriptioninbase64format>												
				<upc>782421059781</upc>			
				<dateUpdated>12/24/2020 12:01:18 PM</dateUpdated>	
				<itemweight><![CDATA[0.32]]></itemweight>		
				<dateCreated>08/31/2016 12:00:30 PM</dateCreated>			
				<deliveryallowed><![CDATA[1]]></deliveryallowed>	

					
						<categoriesV2>

											
							<categoritem>
								
									<mastercategories><![CDATA[Bondage & Fetish]]></mastercategories>
								
									<subcategories><![CDATA[Black]]></subcategories>
														
							</categoritem>					
												
						</categoriesV2>
						
					<alternatetitle><![CDATA[Kink Spike Pinwheel 3 Wheels - Black Chrome]]></alternatetitle>
					<height><![CDATA[1.25]]></height>
					<width><![CDATA[2.75]]></width>
					<length><![CDATA[11]]></length>
					<marketplacerestrictions><![CDATA[0]]></marketplacerestrictions>
					<discontinued>No</discontinued>
					
						<regulations />
												
													
			</item>
				
			<item>
				<title><![CDATA[Soothe Anal Anti Bacterial Glide 4oz]]></title>
				<releaseDate>10/06/2016</releaseDate>				
				<itemSKU>NE035-120</itemSKU>
				<itemID>47673</itemID>		
				<standardPrice>8.3500</standardPrice>		
				<mapPrice>11.65</mapPrice>
				<msrpPrice>16.65</msrpPrice>			
				<stock>Available Now</stock>
				<multiplesOF>1</multiplesOF> 
									<imageLargeFront><![CDATA[https://s3.amazonaws.com/ecn-watermarks/effex/47673_1.jpg]]></imageLargeFront>
								
								<imageLargeBack></imageLargeBack>
							
									<imageMediumFront><![CDATA[https://s3.amazonaws.com/ecn-watermarks/effex/47673_5.jpg]]></imageMediumFront>
								
								<imageMediumBack></imageMediumBack>
							
									<imageThumbnailFront><![CDATA[https://s3.amazonaws.com/ecn-watermarks/effex/47673_9.jpg]]></imageThumbnailFront>
								
								<imageThumbnailBack></imageThumbnailBack>
								
				<manufacturer><![CDATA[New Earth Trading]]></manufacturer>
				<categories>LUBES,UNISEX ITEMS,</categories>
				<itemDescription>Intimate Earth Soothe Glide Anti-bacterial Anal Lubricant. Have great safe and clean anal sex. This super thick natural anti-bacterial anal lubricant contains natural guava bark. To this day Guava Bark is still used in the Amazon on wounds or used as a douche. In Brazil guava bark is considered an astringent for wounds. Water based, super thick so that it stays put and great with any silicone toy! Ingredients Purified Water, Plant Derived Glycerin, Propanediol, Hydroxyethylcellulose, Sodium Benzoate, Potassium Sorbate, Citric Acid, Psidium Guajava Fruit Extract, Lycium Barbarum Goji Fruit, Cymbopogon Schoenanthus, Aloe Barbadensis Leaf. 120ml e or 4 fluid ounces.</itemDescription> <htmlitemdescriptioninbase64format>SW50aW1hdGUgRWFydGggU29vdGhlIEdsaWRlIEFudGktYmFjdGVyaWFsIEFuYWwgTHVicmljYW50LiBIYXZlIGdyZWF0IHNhZmUgYW5kIGNsZWFuIGFuYWwgc2V4LiBUaGlzIHN1cGVyIHRoaWNrIG5hdHVyYWwgYW50aS1iYWN0ZXJpYWwgYW5hbCBsdWJyaWNhbnQgY29udGFpbnMgbmF0dXJhbCBndWF2YSBiYXJrLiBUbyB0aGlzIGRheSBHdWF2YSBCYXJrIGlzIHN0aWxsIHVzZWQgaW4gdGhlIEFtYXpvbiBvbiB3b3VuZHMgb3IgdXNlZCBhcyBhIGRvdWNoZS4gSW4gQnJhemlsIGd1YXZhIGJhcmsgaXMgY29uc2lkZXJlZCBhbiBhc3RyaW5nZW50IGZvciB3b3VuZHMuIFdhdGVyIGJhc2VkLCBzdXBlciB0aGljayBzbyB0aGF0IGl0IHN0YXlzIHB1dCBhbmQgZ3JlYXQgd2l0aCBhbnkgc2lsaWNvbmUgdG95ISBJbmdyZWRpZW50cyBQdXJpZmllZCBXYXRlciwgUGxhbnQgRGVyaXZlZCBHbHljZXJpbiwgUHJvcGFuZWRpb2wsIEh5ZHJveHlldGh5bGNlbGx1bG9zZSwgU29kaXVtIEJlbnpvYXRlLCBQb3Rhc3NpdW0gU29yYmF0ZSwgQ2l0cmljIEFjaWQsIFBzaWRpdW0gR3VhamF2YSBGcnVpdCBFeHRyYWN0LCBMeWNpdW0gQmFyYmFydW0gR29qaSBGcnVpdCwgQ3ltYm9wb2dvbiBTY2hvZW5hbnRodXMsIEFsb2UgQmFyYmFkZW5zaXMgTGVhZi4gMTIwbWwgZSBvciA0IGZsdWlkIG91bmNlcy4=</htmlitemdescriptioninbase64format>												
				<upc>854397006165</upc>			
				<dateUpdated>12/24/2020 12:01:18 PM</dateUpdated>	
				<itemweight><![CDATA[0.30]]></itemweight>		
				<dateCreated>09/13/2016 4:30:15 PM</dateCreated>			
				<deliveryallowed><![CDATA[1]]></deliveryallowed>	

					
						<categoriesV2>

											
							<categoritem>
								
									<mastercategories><![CDATA[Lubricants, Massage Oils, Gels & Creams]]></mastercategories>
								
									<subcategories><![CDATA[Anal Lubricant]]></subcategories>
														
							</categoritem>					
												
						</categoriesV2>
						
					<alternatetitle><![CDATA[Intimate Earth Soothe Antibacterial Anal Glide Lubricant Guava Bark Extract 4oz]]></alternatetitle>
					<height><![CDATA[1.25]]></height>
					<width><![CDATA[1.25]]></width>
					<length><![CDATA[5.5]]></length>
					<marketplacerestrictions><![CDATA[0]]></marketplacerestrictions>
					<discontinued>No</discontinued>
					
						<regulations />
												
													
			</item>
				
			<item>
				<title><![CDATA[16`` Double Dildo Latin]]></title>
				<releaseDate>10/21/2016</releaseDate>				
				<itemSKU>BL-52093</itemSKU>
				<itemID>47707</itemID>		
				<standardPrice>15.0000</standardPrice>		
				<mapPrice>0</mapPrice>
				<msrpPrice>33</msrpPrice>			
				<stock>Available Now</stock>
				<multiplesOF>1</multiplesOF> 
									<imageLargeFront><![CDATA[https://s3.amazonaws.com/ecn-watermarks/effex/47707_1.jpg]]></imageLargeFront>
								
									<imageLargeBack><![CDATA[https://s3.amazonaws.com/ecn-watermarks/effex/47707_2.jpg]]></imageLargeBack>
								
									<imageMediumFront><![CDATA[https://s3.amazonaws.com/ecn-watermarks/effex/47707_5.jpg]]></imageMediumFront>
								
									<imageMediumBack><![CDATA[https://s3.amazonaws.com/ecn-watermarks/effex/47707_6.jpg]]></imageMediumBack>
								
									<imageThumbnailFront><![CDATA[https://s3.amazonaws.com/ecn-watermarks/effex/47707_9.jpg]]></imageThumbnailFront>
								
									<imageThumbnailBack><![CDATA[https://s3.amazonaws.com/ecn-watermarks/effex/47707_10.jpg]]></imageThumbnailBack>
									
				<manufacturer><![CDATA[Blush Novelties]]></manufacturer>
				<categories>REALISTICS,SEX TOYS FOR WOMEN,DILDOS and DONGS,</categories>
				<itemDescription>Double your pleasure with our 16 inch Double Dildo. Perfect for lesbian couples that both enjoy penetration, this double dildo allows you to be pleased at the same time. With 16 inches total length to share, that leaves 8 inches for each of you. This Double Dildo is realistic with a pronounced head on each end to increase pleasure. Our double dildo is also flexible enough to be used for double penetration. Made of fragrance and Phthalate Free PVC: this toy is body safe and easy to clean! Just wash with warm soap and water, or your favorite toy cleaner, before and after every use. Pat dry with a soft towel before storing.</itemDescription> <htmlitemdescriptioninbase64format>RG91YmxlIHlvdXIgcGxlYXN1cmUgd2l0aCBvdXIgMTYgaW5jaCBEb3VibGUgRGlsZG8uIFBlcmZlY3QgZm9yIGxlc2JpYW4gY291cGxlcyB0aGF0IGJvdGggZW5qb3kgcGVuZXRyYXRpb24sIHRoaXMgZG91YmxlIGRpbGRvIGFsbG93cyB5b3UgdG8gYmUgcGxlYXNlZCBhdCB0aGUgc2FtZSB0aW1lLiBXaXRoIDE2IGluY2hlcyB0b3RhbCBsZW5ndGggdG8gc2hhcmUsIHRoYXQgbGVhdmVzIDggaW5jaGVzIGZvciBlYWNoIG9mIHlvdS4gVGhpcyBEb3VibGUgRGlsZG8gaXMgcmVhbGlzdGljIHdpdGggYSBwcm9ub3VuY2VkIGhlYWQgb24gZWFjaCBlbmQgdG8gaW5jcmVhc2UgcGxlYXN1cmUuIE91ciBkb3VibGUgZGlsZG8gaXMgYWxzbyBmbGV4aWJsZSBlbm91Z2ggdG8gYmUgdXNlZCBmb3IgZG91YmxlIHBlbmV0cmF0aW9uLiBNYWRlIG9mIGZyYWdyYW5jZSBhbmQgUGh0aGFsYXRlIEZyZWUgUFZDOiB0aGlzIHRveSBpcyBib2R5IHNhZmUgYW5kIGVhc3kgdG8gY2xlYW4hIEp1c3Qgd2FzaCB3aXRoIHdhcm0gc29hcCBhbmQgd2F0ZXIsIG9yIHlvdXIgZmF2b3JpdGUgdG95IGNsZWFuZXIsIGJlZm9yZSBhbmQgYWZ0ZXIgZXZlcnkgdXNlLiBQYXQgZHJ5IHdpdGggYSBzb2Z0IHRvd2VsIGJlZm9yZSBzdG9yaW5nLg==</htmlitemdescriptioninbase64format>												
				<upc>702730681718</upc>			
				<dateUpdated>12/24/2020 12:01:18 PM</dateUpdated>	
				<itemweight><![CDATA[1.18]]></itemweight>		
				<dateCreated>09/14/2016 2:30:24 PM</dateCreated>			
				<deliveryallowed><![CDATA[0]]></deliveryallowed>	

					
						<categoriesV2>

											
							<categoritem>
								
									<mastercategories><![CDATA[Dildos & Dongs]]></mastercategories>
								
									<subcategories><![CDATA[Brown|Double Dong|Non Latex|Non-vibrating|Realistic Masturbators & Strokers]]></subcategories>
														
							</categoritem>					
												
						</categoriesV2>
						
					<alternatetitle><![CDATA[B Yours Double Dildo 16in - Caramel]]></alternatetitle>
					<height><![CDATA[2]]></height>
					<width><![CDATA[4.25]]></width>
					<length><![CDATA[22.5]]></length>
					<marketplacerestrictions><![CDATA[0]]></marketplacerestrictions>
					<discontinued>No</discontinued>
					
						<regulations />
												
													
			</item>
				
			<item>
				<title><![CDATA[Soothe Anal Anti Bacterial Glide 8oz]]></title>
				<releaseDate>10/06/2016</releaseDate>				
				<itemSKU>NE035-240</itemSKU>
				<itemID>47810</itemID>		
				<standardPrice>11.6000</standardPrice>		
				<mapPrice>16.24</mapPrice>
				<msrpPrice>23.2</msrpPrice>			
				<stock>Available Now</stock>
				<multiplesOF>1</multiplesOF> 
									<imageLargeFront><![CDATA[https://s3.amazonaws.com/ecn-watermarks/effex/47810_1.jpg]]></imageLargeFront>
								
								<imageLargeBack></imageLargeBack>
							
									<imageMediumFront><![CDATA[https://s3.amazonaws.com/ecn-watermarks/effex/47810_5.jpg]]></imageMediumFront>
								
								<imageMediumBack></imageMediumBack>
							
									<imageThumbnailFront><![CDATA[https://s3.amazonaws.com/ecn-watermarks/effex/47810_9.jpg]]></imageThumbnailFront>
								
								<imageThumbnailBack></imageThumbnailBack>
								
				<manufacturer><![CDATA[New Earth Trading]]></manufacturer>
				<categories>LUBES,UNISEX ITEMS,</categories>
				<itemDescription>Intimate Earth Soothe Glide Anti-bacterial Anal Lubricant. Have great safe and clean anal sex. This super thick natural anti-bacterial anal lubricant contains natural guava bark. To this day Guava Bark is still used in the Amazon on wounds or used as a douche. In Brazil guava bark is considered an astringent for wounds. Water based, super thick so that it stays put and great with any silicone toy! Ingredients Purified Water, Plant Derived Glycerin, Propanediol, Hydroxyethylcellulose, Sodium Benzoate, Potassium Sorbate, Citric Acid, Psidium Guajava Fruit Extract, Lycium Barbarum Goji Fruit, Cymbopogon Schoenanthus, Aloe Barbadensis Leaf. 120ml e or 4 fluid ounces.</itemDescription> <htmlitemdescriptioninbase64format>SW50aW1hdGUgRWFydGggU29vdGhlIEdsaWRlIEFudGktYmFjdGVyaWFsIEFuYWwgTHVicmljYW50LiBIYXZlIGdyZWF0IHNhZmUgYW5kIGNsZWFuIGFuYWwgc2V4LiBUaGlzIHN1cGVyIHRoaWNrIG5hdHVyYWwgYW50aS1iYWN0ZXJpYWwgYW5hbCBsdWJyaWNhbnQgY29udGFpbnMgbmF0dXJhbCBndWF2YSBiYXJrLiBUbyB0aGlzIGRheSBHdWF2YSBCYXJrIGlzIHN0aWxsIHVzZWQgaW4gdGhlIEFtYXpvbiBvbiB3b3VuZHMgb3IgdXNlZCBhcyBhIGRvdWNoZS4gSW4gQnJhemlsIGd1YXZhIGJhcmsgaXMgY29uc2lkZXJlZCBhbiBhc3RyaW5nZW50IGZvciB3b3VuZHMuIFdhdGVyIGJhc2VkLCBzdXBlciB0aGljayBzbyB0aGF0IGl0IHN0YXlzIHB1dCBhbmQgZ3JlYXQgd2l0aCBhbnkgc2lsaWNvbmUgdG95ISBJbmdyZWRpZW50cyBQdXJpZmllZCBXYXRlciwgUGxhbnQgRGVyaXZlZCBHbHljZXJpbiwgUHJvcGFuZWRpb2wsIEh5ZHJveHlldGh5bGNlbGx1bG9zZSwgU29kaXVtIEJlbnpvYXRlLCBQb3Rhc3NpdW0gU29yYmF0ZSwgQ2l0cmljIEFjaWQsIFBzaWRpdW0gR3VhamF2YSBGcnVpdCBFeHRyYWN0LCBMeWNpdW0gQmFyYmFydW0gR29qaSBGcnVpdCwgQ3ltYm9wb2dvbiBTY2hvZW5hbnRodXMsIEFsb2UgQmFyYmFkZW5zaXMgTGVhZi4gMTIwbWwgZSBvciA0IGZsdWlkIG91bmNlcy4=</htmlitemdescriptioninbase64format>												
				<upc>854397006172</upc>			
				<dateUpdated>12/24/2020 12:01:18 PM</dateUpdated>	
				<itemweight><![CDATA[0.60]]></itemweight>		
				<dateCreated>09/21/2016 9:00:17 AM</dateCreated>			
				<deliveryallowed><![CDATA[1]]></deliveryallowed>	

					
						<categoriesV2>

											
							<categoritem>
								
									<mastercategories><![CDATA[Lubricants, Massage Oils, Gels & Creams]]></mastercategories>
								
									<subcategories><![CDATA[Anal Lubricant]]></subcategories>
														
							</categoritem>					
												
						</categoriesV2>
						
					<alternatetitle><![CDATA[Intimate Earth Soothe ntibacterial Anal Glide Lubricant Guava Bark Extract 8oz]]></alternatetitle>
					<height><![CDATA[1.75]]></height>
					<width><![CDATA[1.75]]></width>
					<length><![CDATA[7]]></length>
					<marketplacerestrictions><![CDATA[0]]></marketplacerestrictions>
					<discontinued>No</discontinued>
					
						<regulations />
												
													
			</item>
				
			<item>
				<title><![CDATA[Happy G Excitement Balm .5floz]]></title>
				<releaseDate>11/15/2016</releaseDate>				
				<itemSKU>CE-JEL7000-05</itemSKU>
				<itemID>48704</itemID>		
				<standardPrice>6.2500</standardPrice>		
				<mapPrice>0</mapPrice>
				<msrpPrice>12</msrpPrice>			
				<stock>Available Now</stock>
				<multiplesOF>1</multiplesOF> 
									<imageLargeFront><![CDATA[https://s3.amazonaws.com/ecn-watermarks/effex/48704_1.jpg]]></imageLargeFront>
								
									<imageLargeBack><![CDATA[https://s3.amazonaws.com/ecn-watermarks/effex/48704_2.jpg]]></imageLargeBack>
								
									<imageMediumFront><![CDATA[https://s3.amazonaws.com/ecn-watermarks/effex/48704_5.jpg]]></imageMediumFront>
								
									<imageMediumBack><![CDATA[https://s3.amazonaws.com/ecn-watermarks/effex/48704_6.jpg]]></imageMediumBack>
								
									<imageThumbnailFront><![CDATA[https://s3.amazonaws.com/ecn-watermarks/effex/48704_9.jpg]]></imageThumbnailFront>
								
									<imageThumbnailBack><![CDATA[https://s3.amazonaws.com/ecn-watermarks/effex/48704_10.jpg]]></imageThumbnailBack>
									
				<manufacturer><![CDATA[Classic Erotica]]></manufacturer>
				<categories>ENHANCEMENT CREAMS,SEX TOYS FOR WOMEN,OILS, LOTIONS and CREAMS,</categories>
				<itemDescription>Designed to intensifies orgasmic arousal.Features: 
 Fragrance Free</itemDescription> <htmlitemdescriptioninbase64format>RGVzaWduZWQgdG8gaW50ZW5zaWZpZXMgb3JnYXNtaWMgYXJvdXNhbC48QlI+PEJSPjxCPkZlYXR1cmVzOiA8L0I+PEJSPjxCUj4NCiBGcmFncmFuY2UgRnJlZQ==</htmlitemdescriptioninbase64format>												
				<upc>638258700054</upc>			
				<dateUpdated>12/24/2020 12:01:18 PM</dateUpdated>	
				<itemweight><![CDATA[0.06]]></itemweight>		
				<dateCreated>10/14/2016 12:00:33 PM</dateCreated>			
				<deliveryallowed><![CDATA[1]]></deliveryallowed>	

					
						<categoriesV2>

											
							<categoritem>
								
									<mastercategories><![CDATA[Lubricants, Massage Oils, Gels & Creams]]></mastercategories>
								
									<subcategories><![CDATA[Enhancing Cream]]></subcategories>
														
							</categoritem>					
												
						</categoriesV2>
						
					<alternatetitle><![CDATA[Jelique Happy G Excitement Balm Naked Fragrance Free 0.5oz]]></alternatetitle>
					<height><![CDATA[1]]></height>
					<width><![CDATA[1]]></width>
					<length><![CDATA[4]]></length>
					<marketplacerestrictions><![CDATA[0]]></marketplacerestrictions>
					<discontinued>No</discontinued>
					
						<regulations />
												
													
			</item>
				
			<item>
				<title><![CDATA[Silicone Remote Ridged G]]></title>
				<releaseDate>11/30/2016</releaseDate>				
				<itemSKU>SE-0077-20-3</itemSKU>
				<itemID>48727</itemID>		
				<standardPrice>18.2000</standardPrice>		
				<mapPrice>0</mapPrice>
				<msrpPrice>36.99</msrpPrice>			
				<stock>Available Now</stock>
				<multiplesOF>1</multiplesOF> 
									<imageLargeFront><![CDATA[https://s3.amazonaws.com/ecn-watermarks/effex/48727_1.jpg]]></imageLargeFront>
								
									<imageLargeBack><![CDATA[https://s3.amazonaws.com/ecn-watermarks/effex/48727_2.jpg]]></imageLargeBack>
								
									<imageMediumFront><![CDATA[https://s3.amazonaws.com/ecn-watermarks/effex/48727_5.jpg]]></imageMediumFront>
								
									<imageMediumBack><![CDATA[https://s3.amazonaws.com/ecn-watermarks/effex/48727_6.jpg]]></imageMediumBack>
								
									<imageThumbnailFront><![CDATA[https://s3.amazonaws.com/ecn-watermarks/effex/48727_9.jpg]]></imageThumbnailFront>
								
									<imageThumbnailBack><![CDATA[https://s3.amazonaws.com/ecn-watermarks/effex/48727_10.jpg]]></imageThumbnailBack>
									
				<manufacturer><![CDATA[California Exotic Novelties, Llc]]></manufacturer>
				<categories>VIBRATORS,SEX TOYS FOR WOMEN,</categories>
				<itemDescription>Compact and discreet remote control - use alone or with a partner! 
Features:
Waterproof
12 intense functions 
Extended range 32.75 feet/10m range</itemDescription> <htmlitemdescriptioninbase64format>Q29tcGFjdCBhbmQgZGlzY3JlZXQgcmVtb3RlIGNvbnRyb2wgLSB1c2UgYWxvbmUgb3Igd2l0aCBhIHBhcnRuZXIhIDxCUj48QlI+DQo8Yj5GZWF0dXJlczo8L2I+PEJSPjxCUj4NCldhdGVycHJvb2Y8QlI+DQoxMiBpbnRlbnNlIGZ1bmN0aW9ucyA8YnI+DQpFeHRlbmRlZCByYW5nZSAzMi43NSBmZWV0LzEwbSByYW5nZQ==</htmlitemdescriptioninbase64format>												
				<upc>716770087843</upc>			
				<dateUpdated>12/24/2020 12:01:18 PM</dateUpdated>	
				<itemweight><![CDATA[0.32]]></itemweight>		
				<dateCreated>10/14/2016 3:30:22 PM</dateCreated>			
				<deliveryallowed><![CDATA[1]]></deliveryallowed>	

					
						<categoriesV2>

											
							<categoritem>
								
									<mastercategories><![CDATA[Eggs & Bullets]]></mastercategories>
								
									<subcategories><![CDATA[Black|Multifunction|Multispeed|Remote Control|Silicone|Vibrating|Waterproof|Women]]></subcategories>
														
							</categoritem>					
												
						</categoriesV2>
						
					<alternatetitle><![CDATA[Silicone Ridged G-Spot Bullet With Remote Control - Black]]></alternatetitle>
					<height><![CDATA[2]]></height>
					<width><![CDATA[4.75]]></width>
					<length><![CDATA[8.25]]></length>
					<marketplacerestrictions><![CDATA[0]]></marketplacerestrictions>
					<discontinued>No</discontinued>
					
						<regulations />
												
													
			</item>
				
			<item>
				<title><![CDATA[Sliquid Naturals Silk Premium 8.5oz]]></title>
				<releaseDate>11/11/2016</releaseDate>				
				<itemSKU>ZSLQ00019</itemSKU>
				<itemID>48885</itemID>		
				<standardPrice>11.5000</standardPrice>		
				<mapPrice>20.69</mapPrice>
				<msrpPrice>22.99</msrpPrice>			
				<stock>Available Now</stock>
				<multiplesOF>1</multiplesOF> 
									<imageLargeFront><![CDATA[https://s3.amazonaws.com/ecn-watermarks/effex/48885_1.jpg]]></imageLargeFront>
								
								<imageLargeBack></imageLargeBack>
							
									<imageMediumFront><![CDATA[https://s3.amazonaws.com/ecn-watermarks/effex/48885_5.jpg]]></imageMediumFront>
								
								<imageMediumBack></imageMediumBack>
							
									<imageThumbnailFront><![CDATA[https://s3.amazonaws.com/ecn-watermarks/effex/48885_9.jpg]]></imageThumbnailFront>
								
								<imageThumbnailBack></imageThumbnailBack>
								
				<manufacturer><![CDATA[Sliquid,  llc]]></manufacturer>
				<categories>UNISEX ITEMS,LUBES - NON DISCOUNTABLE,</categories>
				<itemDescription>Silk is all that a water based personal lubricant can be, with the added longevity of a silicone lubricant.
Features:
100% Vegan friendly</itemDescription> <htmlitemdescriptioninbase64format>U2lsayBpcyBhbGwgdGhhdCBhIHdhdGVyIGJhc2VkIHBlcnNvbmFsIGx1YnJpY2FudCBjYW4gYmUsIHdpdGggdGhlIGFkZGVkIGxvbmdldml0eSBvZiBhIHNpbGljb25lIGx1YnJpY2FudC48QlI+PEJSPg0KPEI+RmVhdHVyZXM6PC9CPjxCUj48QlI+DQoxMDAlIFZlZ2FuIGZyaWVuZGx5</htmlitemdescriptioninbase64format>												
				<upc>894147000197</upc>			
				<dateUpdated>12/24/2020 12:01:18 PM</dateUpdated>	
				<itemweight><![CDATA[0.64]]></itemweight>		
				<dateCreated>10/25/2016 3:30:22 PM</dateCreated>			
				<deliveryallowed><![CDATA[1]]></deliveryallowed>	

					
						<categoriesV2>

											
							<categoritem>
								
									<mastercategories><![CDATA[Lubricants, Massage Oils, Gels & Creams]]></mastercategories>
								
									<subcategories><![CDATA[Hybrid Lubricant|Vegan]]></subcategories>
														
							</categoritem>					
												
						</categoriesV2>
						
					<alternatetitle><![CDATA[Sliquid Naturals Silk Intimate Hybrid Lubricant 8.5oz]]></alternatetitle>
					<height><![CDATA[2.25]]></height>
					<width><![CDATA[2.25]]></width>
					<length><![CDATA[5.25]]></length>
					<marketplacerestrictions><![CDATA[1]]></marketplacerestrictions>
					<discontinued>No</discontinued>
					
						<regulations />
												
													
			</item>
				
			<item>
				<title><![CDATA[Sensuelle Pleasure Panty R/c Bullet Pink]]></title>
				<releaseDate>12/01/2016</releaseDate>				
				<itemSKU>NCBT-W55PK</itemSKU>
				<itemID>49138</itemID>		
				<standardPrice>40.0000</standardPrice>		
				<mapPrice>79.99</mapPrice>
				<msrpPrice>79.99</msrpPrice>			
				<stock>Available Now</stock>
				<multiplesOF>1</multiplesOF> 
									<imageLargeFront><![CDATA[https://s3.amazonaws.com/ecn-watermarks/effex/49138_1.jpg]]></imageLargeFront>
								
									<imageLargeBack><![CDATA[https://s3.amazonaws.com/ecn-watermarks/effex/49138_2.jpg]]></imageLargeBack>
								
									<imageMediumFront><![CDATA[https://s3.amazonaws.com/ecn-watermarks/effex/49138_5.jpg]]></imageMediumFront>
								
									<imageMediumBack><![CDATA[https://s3.amazonaws.com/ecn-watermarks/effex/49138_6.jpg]]></imageMediumBack>
								
									<imageThumbnailFront><![CDATA[https://s3.amazonaws.com/ecn-watermarks/effex/49138_9.jpg]]></imageThumbnailFront>
								
									<imageThumbnailBack><![CDATA[https://s3.amazonaws.com/ecn-watermarks/effex/49138_10.jpg]]></imageThumbnailBack>
									
				<manufacturer><![CDATA[Novel Creations Usa Inc]]></manufacturer>
				<categories>VIBRATING PANTIES,SEX TOYS FOR WOMEN,BULLETS and EGGS,</categories>
				<itemDescription>Black cotton panty with lace detail and side ties (one size fits most). Features Amazingly powerful, yet discreet and quiet 15 functions USB rechargeable bullet USB rechargeable remote control Remote vibrates in sync with bullet USB charge ABS bullet coated in Medical grade silicone Charging time: 2 hours Running Time: 25-50 minutes</itemDescription> <htmlitemdescriptioninbase64format>QmxhY2sgY290dG9uIHBhbnR5IHdpdGggbGFjZSBkZXRhaWwgYW5kIHNpZGUgdGllcyAob25lIHNpemUgZml0cyBtb3N0KS4gPGJyPjxicj48Yj5GZWF0dXJlcyA8L2I+PGJyPkFtYXppbmdseSBwb3dlcmZ1bCwgeWV0IGRpc2NyZWV0IGFuZCBxdWlldCA8YnI+MTUgZnVuY3Rpb25zIDxicj5VU0IgcmVjaGFyZ2VhYmxlIGJ1bGxldCA8YnI+VVNCIHJlY2hhcmdlYWJsZSByZW1vdGUgY29udHJvbCA8YnI+UmVtb3RlIHZpYnJhdGVzIGluIHN5bmMgd2l0aCBidWxsZXQgPGJyPlVTQiBjaGFyZ2UgPGJyPkFCUyBidWxsZXQgY29hdGVkIGluIE1lZGljYWwgZ3JhZGUgc2lsaWNvbmUgPGJyPkNoYXJnaW5nIHRpbWU6IDIgaG91cnMgPGJyPlJ1bm5pbmcgVGltZTogMjUtNTAgbWludXRlcw==</htmlitemdescriptioninbase64format>												
				<upc>9342851002248</upc>			
				<dateUpdated>12/24/2020 12:01:18 PM</dateUpdated>	
				<itemweight><![CDATA[0.74]]></itemweight>		
				<dateCreated>11/01/2016 3:00:26 PM</dateCreated>			
				<deliveryallowed><![CDATA[1]]></deliveryallowed>	

					
						<categoriesV2>

											
							<categoritem>
								
									<mastercategories><![CDATA[Eggs & Bullets|Holiday]]></mastercategories>
								
									<subcategories><![CDATA[Multifunction|Pink|Remote Control|Silicone|Vibrating Panties & Thongs|Waterproof|Wireless|Valentines Day|Usb Rechargeable]]></subcategories>
														
							</categoritem>					
												
						</categoriesV2>
						
					<alternatetitle><![CDATA[Nu Sensuelle Pleasure Panty Rechargeable Silicone Remote and Bullet - Pink]]></alternatetitle>
					<height><![CDATA[1.5]]></height>
					<width><![CDATA[5.75]]></width>
					<length><![CDATA[7.5]]></length>
					<marketplacerestrictions><![CDATA[1]]></marketplacerestrictions>
					<discontinued>No</discontinued>
					
						<regulations />
												
													
			</item>
				
			<item>
				<title><![CDATA[Sensuelle Pleasure Panty R/c Bullet Purp]]></title>
				<releaseDate>12/01/2016</releaseDate>				
				<itemSKU>NCBT-W55PU</itemSKU>
				<itemID>49139</itemID>		
				<standardPrice>40.0000</standardPrice>		
				<mapPrice>79.99</mapPrice>
				<msrpPrice>79.99</msrpPrice>			
				<stock>Available Now</stock>
				<multiplesOF>1</multiplesOF> 
									<imageLargeFront><![CDATA[https://s3.amazonaws.com/ecn-watermarks/effex/49139_1.jpg]]></imageLargeFront>
								
									<imageLargeBack><![CDATA[https://s3.amazonaws.com/ecn-watermarks/effex/49139_2.jpg]]></imageLargeBack>
								
									<imageMediumFront><![CDATA[https://s3.amazonaws.com/ecn-watermarks/effex/49139_5.jpg]]></imageMediumFront>
								
									<imageMediumBack><![CDATA[https://s3.amazonaws.com/ecn-watermarks/effex/49139_6.jpg]]></imageMediumBack>
								
									<imageThumbnailFront><![CDATA[https://s3.amazonaws.com/ecn-watermarks/effex/49139_9.jpg]]></imageThumbnailFront>
								
									<imageThumbnailBack><![CDATA[https://s3.amazonaws.com/ecn-watermarks/effex/49139_10.jpg]]></imageThumbnailBack>
									
				<manufacturer><![CDATA[Novel Creations Usa Inc]]></manufacturer>
				<categories>VIBRATING PANTIES,SEX TOYS FOR WOMEN,BULLETS and EGGS,</categories>
				<itemDescription>Black cotton panty with lace detail and side ties (one size fits most). Features Amazingly powerful, yet discreet and quiet 15 functions USB rechargeable bullet USB rechargeable remote control Remote vibrates in sync with bullet USB charge ABS bullet coated in Medical grade silicone Charging time: 2 hours Running Time: 25-50 minutes</itemDescription> <htmlitemdescriptioninbase64format>QmxhY2sgY290dG9uIHBhbnR5IHdpdGggbGFjZSBkZXRhaWwgYW5kIHNpZGUgdGllcyAob25lIHNpemUgZml0cyBtb3N0KS4gPGJyPjxicj48Yj5GZWF0dXJlcyA8L2I+PGJyPkFtYXppbmdseSBwb3dlcmZ1bCwgeWV0IGRpc2NyZWV0IGFuZCBxdWlldCA8YnI+MTUgZnVuY3Rpb25zIDxicj5VU0IgcmVjaGFyZ2VhYmxlIGJ1bGxldCA8YnI+VVNCIHJlY2hhcmdlYWJsZSByZW1vdGUgY29udHJvbCA8YnI+UmVtb3RlIHZpYnJhdGVzIGluIHN5bmMgd2l0aCBidWxsZXQgPGJyPlVTQiBjaGFyZ2UgPGJyPkFCUyBidWxsZXQgY29hdGVkIGluIE1lZGljYWwgZ3JhZGUgc2lsaWNvbmUgPGJyPkNoYXJnaW5nIHRpbWU6IDIgaG91cnMgPGJyPlJ1bm5pbmcgVGltZTogMjUtNTAgbWludXRlcw==</htmlitemdescriptioninbase64format>												
				<upc>9342851002293</upc>			
				<dateUpdated>12/24/2020 12:01:18 PM</dateUpdated>	
				<itemweight><![CDATA[0.74]]></itemweight>		
				<dateCreated>11/01/2016 3:00:26 PM</dateCreated>			
				<deliveryallowed><![CDATA[1]]></deliveryallowed>	

					
						<categoriesV2>

											
							<categoritem>
								
									<mastercategories><![CDATA[Eggs & Bullets]]></mastercategories>
								
									<subcategories><![CDATA[Multifunction|Purple|Remote Control|Silicone|Vibrating Panties & Thongs|Waterproof|Wireless|Usb Rechargeable]]></subcategories>
														
							</categoritem>					
												
						</categoriesV2>
						
					<alternatetitle><![CDATA[Nu Sensuelle Pleasure Panty Rechargeable Silicone Remote and Bullet - Purple]]></alternatetitle>
					<height><![CDATA[1.5]]></height>
					<width><![CDATA[5.75]]></width>
					<length><![CDATA[7.5]]></length>
					<marketplacerestrictions><![CDATA[1]]></marketplacerestrictions>
					<discontinued>No</discontinued>
					
						<regulations />
												
													
			</item>
				
			<item>
				<title><![CDATA[Kink Cock Teaser Wand Attachment Clear]]></title>
				<releaseDate>06/08/2017</releaseDate>				
				<itemSKU>DJ-2400-06-3</itemSKU>
				<itemID>49240</itemID>		
				<standardPrice>11.6400</standardPrice>		
				<mapPrice>0</mapPrice>
				<msrpPrice>23</msrpPrice>			
				<stock>Available Now</stock>
				<multiplesOF>1</multiplesOF> 
									<imageLargeFront><![CDATA[https://s3.amazonaws.com/ecn-watermarks/effex/49240_1.jpg]]></imageLargeFront>
								
									<imageLargeBack><![CDATA[https://s3.amazonaws.com/ecn-watermarks/effex/49240_2.jpg]]></imageLargeBack>
								
									<imageMediumFront><![CDATA[https://s3.amazonaws.com/ecn-watermarks/effex/49240_5.jpg]]></imageMediumFront>
								
									<imageMediumBack><![CDATA[https://s3.amazonaws.com/ecn-watermarks/effex/49240_6.jpg]]></imageMediumBack>
								
									<imageThumbnailFront><![CDATA[https://s3.amazonaws.com/ecn-watermarks/effex/49240_9.jpg]]></imageThumbnailFront>
								
									<imageThumbnailBack><![CDATA[https://s3.amazonaws.com/ecn-watermarks/effex/49240_10.jpg]]></imageThumbnailBack>
									
				<manufacturer><![CDATA[Doc Johnson Enterprises]]></manufacturer>
				<categories>UNISEX ITEMS,ACCESSORIES,</categories>
				<itemDescription>This tight, textured head stroker stretches to form a snug fit in clear material that leaves nothing to the imagination, and is designed to perfectly fit the Power Wand`s formidable vibrating head. The textured opening of the Cock Teaser gives way to extra large pleasure nubs and finishes with a suction-creating closed end.Features:
Total length: 3.75 inches
Width: 3.25 inches</itemDescription> <htmlitemdescriptioninbase64format>VGhpcyB0aWdodCwgdGV4dHVyZWQgaGVhZCBzdHJva2VyIHN0cmV0Y2hlcyB0byBmb3JtIGEgc251ZyBmaXQgaW4gY2xlYXIgbWF0ZXJpYWwgdGhhdCBsZWF2ZXMgbm90aGluZyB0byB0aGUgaW1hZ2luYXRpb24sIGFuZCBpcyBkZXNpZ25lZCB0byBwZXJmZWN0bHkgZml0IHRoZSBQb3dlciBXYW5kP3MgZm9ybWlkYWJsZSB2aWJyYXRpbmcgaGVhZC4gVGhlIHRleHR1cmVkIG9wZW5pbmcgb2YgdGhlIENvY2sgVGVhc2VyIGdpdmVzIHdheSB0byBleHRyYSBsYXJnZSBwbGVhc3VyZSBudWJzIGFuZCBmaW5pc2hlcyB3aXRoIGEgc3VjdGlvbi1jcmVhdGluZyBjbG9zZWQgZW5kLjxCUj48QlI+PEI+RmVhdHVyZXM6PC9CPjxCUj48QlI+DQpUb3RhbCBsZW5ndGg6IDMuNzUgaW5jaGVzPEJSPg0KV2lkdGg6IDMuMjUgaW5jaGVz</htmlitemdescriptioninbase64format>												
				<upc>782421059408</upc>			
				<dateUpdated>12/24/2020 12:01:18 PM</dateUpdated>	
				<itemweight><![CDATA[0.52]]></itemweight>		
				<dateCreated>11/07/2016 2:00:28 PM</dateCreated>			
				<deliveryallowed><![CDATA[1]]></deliveryallowed>	

					
						<categoriesV2>

											
							<categoritem>
								
									<mastercategories><![CDATA[Masturbators & Strokers]]></mastercategories>
								
									<subcategories><![CDATA[Clear|Massager Attachments|Accessories|Textured]]></subcategories>
														
							</categoritem>					
												
						</categoriesV2>
						
					<alternatetitle><![CDATA[Kink Power Wand Attachment Textured Cock Teaser Clear]]></alternatetitle>
					<height><![CDATA[2.75]]></height>
					<width><![CDATA[5]]></width>
					<length><![CDATA[9]]></length>
					<marketplacerestrictions><![CDATA[0]]></marketplacerestrictions>
					<discontinued>No</discontinued>
					
						<regulations />
												
													
			</item>
				
			<item>
				<title><![CDATA[Kink Nipple Sucker Set]]></title>
				<releaseDate>12/19/2016</releaseDate>				
				<itemSKU>DJ-2404-01-2</itemSKU>
				<itemID>49245</itemID>		
				<standardPrice>7.9200</standardPrice>		
				<mapPrice>0</mapPrice>
				<msrpPrice>15</msrpPrice>			
				<stock>Available Now</stock>
				<multiplesOF>1</multiplesOF> 
									<imageLargeFront><![CDATA[https://s3.amazonaws.com/ecn-watermarks/effex/49245_1.jpg]]></imageLargeFront>
								
									<imageLargeBack><![CDATA[https://s3.amazonaws.com/ecn-watermarks/effex/49245_2.jpg]]></imageLargeBack>
								
									<imageMediumFront><![CDATA[https://s3.amazonaws.com/ecn-watermarks/effex/49245_5.jpg]]></imageMediumFront>
								
									<imageMediumBack><![CDATA[https://s3.amazonaws.com/ecn-watermarks/effex/49245_6.jpg]]></imageMediumBack>
								
									<imageThumbnailFront><![CDATA[https://s3.amazonaws.com/ecn-watermarks/effex/49245_9.jpg]]></imageThumbnailFront>
								
									<imageThumbnailBack><![CDATA[https://s3.amazonaws.com/ecn-watermarks/effex/49245_10.jpg]]></imageThumbnailBack>
									
				<manufacturer><![CDATA[Doc Johnson Enterprises]]></manufacturer>
				<categories>SandM,UNISEX ITEMS,NIPPLE STIMULATION,</categories>
				<itemDescription>Tweak nipple suckers, another unique design from the Kink by Doc Johnson collection, create powerful natural suction for authentic sensations and engorgement that traditional clips can`t provide. With a simple squeeze, the Tweak set fits perfectly against the skin and creates a strong seal for hands-free funjust attach to each nipple and watch them swell through the visually stimulating sheer black material. Kink by Doc Johnson is an exciting collaboration with Kink.com to create a collection of high-quality authentic fetish items suitable for long-term practitioners and new initiates alike.</itemDescription> <htmlitemdescriptioninbase64format>VHdlYWsgbmlwcGxlIHN1Y2tlcnMsIGFub3RoZXIgdW5pcXVlIGRlc2lnbiBmcm9tIHRoZSBLaW5rIGJ5IERvYyBKb2huc29uIGNvbGxlY3Rpb24sIGNyZWF0ZSBwb3dlcmZ1bCBuYXR1cmFsIHN1Y3Rpb24gZm9yIGF1dGhlbnRpYyBzZW5zYXRpb25zIGFuZCBlbmdvcmdlbWVudCB0aGF0IHRyYWRpdGlvbmFsIGNsaXBzIGNhbj90IHByb3ZpZGUuIFdpdGggYSBzaW1wbGUgc3F1ZWV6ZSwgdGhlIFR3ZWFrIHNldCBmaXRzIHBlcmZlY3RseSBhZ2FpbnN0IHRoZSBza2luIGFuZCBjcmVhdGVzIGEgc3Ryb25nIHNlYWwgZm9yIGhhbmRzLWZyZWUgZnVuP2p1c3QgYXR0YWNoIHRvIGVhY2ggbmlwcGxlIGFuZCB3YXRjaCB0aGVtIHN3ZWxsIHRocm91Z2ggdGhlIHZpc3VhbGx5IHN0aW11bGF0aW5nIHNoZWVyIGJsYWNrIG1hdGVyaWFsLiBLaW5rIGJ5IERvYyBKb2huc29uIGlzIGFuIGV4Y2l0aW5nIGNvbGxhYm9yYXRpb24gd2l0aCBLaW5rLmNvbSB0byBjcmVhdGUgYSBjb2xsZWN0aW9uIG9mIGhpZ2gtcXVhbGl0eSBhdXRoZW50aWMgZmV0aXNoIGl0ZW1zIHN1aXRhYmxlIGZvciBsb25nLXRlcm0gcHJhY3RpdGlvbmVycyBhbmQgbmV3IGluaXRpYXRlcyBhbGlrZS4=</htmlitemdescriptioninbase64format>												
				<upc>782421059163</upc>			
				<dateUpdated>12/24/2020 12:01:18 PM</dateUpdated>	
				<itemweight><![CDATA[0.12]]></itemweight>		
				<dateCreated>11/07/2016 3:00:24 PM</dateCreated>			
				<deliveryallowed><![CDATA[1]]></deliveryallowed>	

					
						<categoriesV2>

											
							<categoritem>
								
									<mastercategories><![CDATA[Bondage & Fetish|Nipple Play]]></mastercategories>
								
									<subcategories><![CDATA[Non-vibrating]]></subcategories>
														
							</categoritem>					
												
						</categoriesV2>
						
					<alternatetitle><![CDATA[Kink Tweak Nipple Sucker Set - Black]]></alternatetitle>
					<height><![CDATA[1.5]]></height>
					<width><![CDATA[4]]></width>
					<length><![CDATA[6.5]]></length>
					<marketplacerestrictions><![CDATA[0]]></marketplacerestrictions>
					<discontinued>No</discontinued>
					
						<regulations />
												
													
			</item>
				
			<item>
				<title><![CDATA[Lust Bondage Ball Gag Purple]]></title>
				<releaseDate>12/02/2016</releaseDate>				
				<itemSKU>NS1251-15</itemSKU>
				<itemID>49340</itemID>		
				<standardPrice>6.2500</standardPrice>		
				<mapPrice>0</mapPrice>
				<msrpPrice>12</msrpPrice>			
				<stock>Available Now</stock>
				<multiplesOF>1</multiplesOF> 
									<imageLargeFront><![CDATA[https://s3.amazonaws.com/ecn-watermarks/effex/49340_1.jpg]]></imageLargeFront>
								
									<imageLargeBack><![CDATA[https://s3.amazonaws.com/ecn-watermarks/effex/49340_2.jpg]]></imageLargeBack>
								
									<imageMediumFront><![CDATA[https://s3.amazonaws.com/ecn-watermarks/effex/49340_5.jpg]]></imageMediumFront>
								
									<imageMediumBack><![CDATA[https://s3.amazonaws.com/ecn-watermarks/effex/49340_6.jpg]]></imageMediumBack>
								
									<imageThumbnailFront><![CDATA[https://s3.amazonaws.com/ecn-watermarks/effex/49340_9.jpg]]></imageThumbnailFront>
								
									<imageThumbnailBack><![CDATA[https://s3.amazonaws.com/ecn-watermarks/effex/49340_10.jpg]]></imageThumbnailBack>
									
				<manufacturer><![CDATA[New Sensations]]></manufacturer>
				<categories>SEX TOYS FOR COUPLES,</categories>
				<itemDescription>Meticulously constructed restraints designed to bind your pleasures with an exquisite offering of purple bondage wear.
Features:
1.6 inches x 28 inches x 1.6 inches</itemDescription> <htmlitemdescriptioninbase64format>TWV0aWN1bG91c2x5IGNvbnN0cnVjdGVkIHJlc3RyYWludHMgZGVzaWduZWQgdG8gYmluZCB5b3VyIHBsZWFzdXJlcyB3aXRoIGFuIGV4cXVpc2l0ZSBvZmZlcmluZyBvZiBwdXJwbGUgYm9uZGFnZSB3ZWFyLjxCUj48QlI+DQo8Qj5GZWF0dXJlczo8L2I+PEJSPjxCUj4NCjEuNiBpbmNoZXMgeCAyOCBpbmNoZXMgeCAxLjYgaW5jaGVz</htmlitemdescriptioninbase64format>												
				<upc>657447097546</upc>			
				<dateUpdated>12/24/2020 12:01:18 PM</dateUpdated>	
				<itemweight><![CDATA[0.22]]></itemweight>		
				<dateCreated>11/17/2016 3:30:25 PM</dateCreated>			
				<deliveryallowed><![CDATA[1]]></deliveryallowed>	

					
						<categoriesV2>

											
							<categoritem>
								
									<mastercategories><![CDATA[Bondage & Fetish]]></mastercategories>
								
									<subcategories><![CDATA[Ball Gags|Black|Purple|Rope/ties/restraints]]></subcategories>
														
							</categoritem>					
												
						</categoriesV2>
						
					<alternatetitle><![CDATA[Lust Bondage Ball Gag - Purple/Black]]></alternatetitle>
					<height><![CDATA[2]]></height>
					<width><![CDATA[3]]></width>
					<length><![CDATA[8]]></length>
					<marketplacerestrictions><![CDATA[0]]></marketplacerestrictions>
					<discontinued>No</discontinued>
					
						<regulations />
												
													
			</item>
				
			<item>
				<title><![CDATA[Kendra Lust Perfect Vagina Stroker W/ass]]></title>
				<releaseDate>12/21/2016</releaseDate>				
				<itemSKU>ZT-KL-9971</itemSKU>
				<itemID>49681</itemID>		
				<standardPrice>34.9900</standardPrice>		
				<mapPrice>0</mapPrice>
				<msrpPrice>0</msrpPrice>			
				<stock>Available Now</stock>
				<multiplesOF>1</multiplesOF> 
									<imageLargeFront><![CDATA[https://s3.amazonaws.com/ecn-watermarks/effex/49681_1.jpg]]></imageLargeFront>
								
									<imageLargeBack><![CDATA[https://s3.amazonaws.com/ecn-watermarks/effex/49681_2.jpg]]></imageLargeBack>
								
									<imageMediumFront><![CDATA[https://s3.amazonaws.com/ecn-watermarks/effex/49681_5.jpg]]></imageMediumFront>
								
									<imageMediumBack><![CDATA[https://s3.amazonaws.com/ecn-watermarks/effex/49681_6.jpg]]></imageMediumBack>
								
									<imageThumbnailFront><![CDATA[https://s3.amazonaws.com/ecn-watermarks/effex/49681_9.jpg]]></imageThumbnailFront>
								
									<imageThumbnailBack><![CDATA[https://s3.amazonaws.com/ecn-watermarks/effex/49681_10.jpg]]></imageThumbnailBack>
									
				<manufacturer><![CDATA[Zero Tolerance]]></manufacturer>
				<categories>PUSSY and ASS NON - VIBRATING,SEX TOYS FOR MEN,</categories>
				<itemDescription>The life like entry is soft and slippery with the perfect amount of give and bounce to mimic mind blowing sex with your favorite star! 
Features:
Total length: 7.75 inches
Insertable depth: 6.5 inches
Width: 6.75 inches</itemDescription> <htmlitemdescriptioninbase64format>VGhlIGxpZmUgbGlrZSBlbnRyeSBpcyBzb2Z0IGFuZCBzbGlwcGVyeSB3aXRoIHRoZSBwZXJmZWN0IGFtb3VudCBvZiBnaXZlIGFuZCBib3VuY2UgdG8gbWltaWMgbWluZCBibG93aW5nIHNleCB3aXRoIHlvdXIgZmF2b3JpdGUgc3RhciEgPEJSPjxCUj4NCjxiPkZlYXR1cmVzOjwvQj48QlI+PEJSPg0KVG90YWwgbGVuZ3RoOiA3Ljc1IGluY2hlczxCUj4NCkluc2VydGFibGUgZGVwdGg6IDYuNSBpbmNoZXM8QlI+DQpXaWR0aDogNi43NSBpbmNoZXM=</htmlitemdescriptioninbase64format>												
				<upc>844477009971</upc>			
				<dateUpdated>12/24/2020 12:01:18 PM</dateUpdated>	
				<itemweight><![CDATA[3.36]]></itemweight>		
				<dateCreated>11/30/2016 2:00:21 PM</dateCreated>			
				<deliveryallowed><![CDATA[0]]></deliveryallowed>	

					
						<categoriesV2>

											
							<categoritem>
								
									<mastercategories><![CDATA[Kit|Masturbators & Strokers]]></mastercategories>
								
									<subcategories><![CDATA[Flesh|Pussy & Ass Masturbator|Realistic Masturbators & Strokers|Vibrating]]></subcategories>
														
							</categoritem>					
												
						</categoriesV2>
						
					<alternatetitle><![CDATA[Kendra Lust Life Size Vagina Stroker With Ass Kit - Vanilla]]></alternatetitle>
					<height><![CDATA[3]]></height>
					<width><![CDATA[9]]></width>
					<length><![CDATA[7.5]]></length>
					<marketplacerestrictions><![CDATA[0]]></marketplacerestrictions>
					<discontinued>No</discontinued>
					
						<regulations />
												
													
			</item>
				
			<item>
				<title><![CDATA[Sincerely Metal Bunny Butt Plug]]></title>
				<releaseDate>10/03/2018</releaseDate>				
				<itemSKU>ESS520-80</itemSKU>
				<itemID>49957</itemID>		
				<standardPrice>13.1600</standardPrice>		
				<mapPrice>0</mapPrice>
				<msrpPrice>29.99</msrpPrice>			
				<stock>Available Now</stock>
				<multiplesOF>1</multiplesOF> 
									<imageLargeFront><![CDATA[https://s3.amazonaws.com/ecn-watermarks/effex/49957_1.jpg]]></imageLargeFront>
								
									<imageLargeBack><![CDATA[https://s3.amazonaws.com/ecn-watermarks/effex/49957_2.jpg]]></imageLargeBack>
								
									<imageMediumFront><![CDATA[https://s3.amazonaws.com/ecn-watermarks/effex/49957_5.jpg]]></imageMediumFront>
								
									<imageMediumBack><![CDATA[https://s3.amazonaws.com/ecn-watermarks/effex/49957_6.jpg]]></imageMediumBack>
								
									<imageThumbnailFront><![CDATA[https://s3.amazonaws.com/ecn-watermarks/effex/49957_9.jpg]]></imageThumbnailFront>
								
									<imageThumbnailBack><![CDATA[https://s3.amazonaws.com/ecn-watermarks/effex/49957_10.jpg]]></imageThumbnailBack>
									
				<manufacturer><![CDATA[Sportsheets International,inc.]]></manufacturer>
				<categories>UNISEX ITEMS,ANAL PLAY,BUTT PLUGS NON VIBRATING,</categories>
				<itemDescription>The polished nickel free metal butt plug is 2.75 (6.98cm)  length. Long narrow neck keeps your toy securely in place.

-  Easy to clean with mild soap and water.  Tail will puff up with air or low heat blow drying.
-  Ingredients: 45% nickel free metal,  30% polypropylene, 25% rabbit fur

Dimensions:
Total length:  5.5 in.</itemDescription> <htmlitemdescriptioninbase64format>VGhlIHBvbGlzaGVkIG5pY2tlbCBmcmVlIG1ldGFsIGJ1dHQgcGx1ZyBpcyAyLjc1PyAoNi45OGNtKSBpbnNlcnQgbGVuZ3RoLiBMb25nIG5hcnJvdyBuZWNrIGtlZXBzIHlvdXIgdG95IHNlY3VyZWx5IGluIHBsYWNlLjxicj48YnI+DQoNCi0gIEVhc3kgdG8gY2xlYW4gd2l0aCBtaWxkIHNvYXAgYW5kIHdhdGVyLiAgVGFpbCB3aWxsIHB1ZmYgdXAgd2l0aCBhaXIgb3IgbG93IGhlYXQgYmxvdyBkcnlpbmcuPGJyPg0KLSAgSW5ncmVkaWVudHM6IDQ1JSBuaWNrZWwgZnJlZSBtZXRhbCwgIDMwJSBwb2x5cHJvcHlsZW5lLCAyNSUgcmFiYml0IGZ1cjxicj48YnI+DQoNCkRpbWVuc2lvbnM6PGJyPg0KVG90YWwgbGVuZ3RoOiAgNS41IGluLjxicj48YnI+</htmlitemdescriptioninbase64format>												
				<upc>646709520809</upc>			
				<dateUpdated>12/24/2020 12:01:18 PM</dateUpdated>	
				<itemweight><![CDATA[0.34]]></itemweight>		
				<dateCreated>01/12/2017 9:30:22 AM</dateCreated>			
				<deliveryallowed><![CDATA[1]]></deliveryallowed>	

					
						<categoriesV2>

											
							<categoritem>
								
									<mastercategories><![CDATA[Anal|Bondage & Fetish]]></mastercategories>
								
									<subcategories><![CDATA[Anal Plug|Black|Metal|Non-vibrating]]></subcategories>
														
							</categoritem>					
												
						</categoriesV2>
						
					<alternatetitle><![CDATA[Sincerely Metal Bunny Butt Plug - Black/Silver]]></alternatetitle>
					<height><![CDATA[2.75]]></height>
					<width><![CDATA[5]]></width>
					<length><![CDATA[8]]></length>
					<marketplacerestrictions><![CDATA[1]]></marketplacerestrictions>
					<discontinued>No</discontinued>
					
						<regulations />
												
													
			</item>
				
			<item>
				<title><![CDATA[Jelly Rancher T Plug Ripple Clear]]></title>
				<releaseDate>05/10/2017</releaseDate>				
				<itemSKU>NS0451-31</itemSKU>
				<itemID>50430</itemID>		
				<standardPrice>5.2500</standardPrice>		
				<mapPrice>0</mapPrice>
				<msrpPrice>10</msrpPrice>			
				<stock>Available Now</stock>
				<multiplesOF>1</multiplesOF> 
									<imageLargeFront><![CDATA[https://s3.amazonaws.com/ecn-watermarks/effex/50430_1.jpg]]></imageLargeFront>
								
									<imageLargeBack><![CDATA[https://s3.amazonaws.com/ecn-watermarks/effex/50430_2.jpg]]></imageLargeBack>
								
									<imageMediumFront><![CDATA[https://s3.amazonaws.com/ecn-watermarks/effex/50430_5.jpg]]></imageMediumFront>
								
									<imageMediumBack><![CDATA[https://s3.amazonaws.com/ecn-watermarks/effex/50430_6.jpg]]></imageMediumBack>
								
									<imageThumbnailFront><![CDATA[https://s3.amazonaws.com/ecn-watermarks/effex/50430_9.jpg]]></imageThumbnailFront>
								
									<imageThumbnailBack><![CDATA[https://s3.amazonaws.com/ecn-watermarks/effex/50430_10.jpg]]></imageThumbnailBack>
									
				<manufacturer><![CDATA[New Sensations]]></manufacturer>
				<categories>JELLY,UNISEX ITEMS,ANAL PLAY,BUTT PLUGS NON VIBRATING,</categories>
				<itemDescription>Jelly Rancher T-Plugs are the ultimate in comfort and functionality. Ergonomically designed for extended wear, these colorful and exciting toys are soft and pliable. Made of body-safe TPE. Odorless. Suitable for all lubricants. Size 4.3 x 2.6 x 1</itemDescription> <htmlitemdescriptioninbase64format>SmVsbHkgUmFuY2hlciBULVBsdWdzIGFyZSB0aGUgdWx0aW1hdGUgaW4gY29tZm9ydCBhbmQgZnVuY3Rpb25hbGl0eS4gRXJnb25vbWljYWxseSBkZXNpZ25lZCBmb3IgZXh0ZW5kZWQgd2VhciwgdGhlc2UgY29sb3JmdWwgYW5kIGV4Y2l0aW5nIHRveXMgYXJlIHNvZnQgYW5kIHBsaWFibGUuIE1hZGUgb2YgYm9keS1zYWZlIFRQRS4gT2Rvcmxlc3MuIFN1aXRhYmxlIGZvciBhbGwgbHVicmljYW50cy4gPGJyPjxicj48Yj5TaXplIDwvYj48YnI+NC4zIiB4IDIuNiIgeCAxIg==</htmlitemdescriptioninbase64format>												
				<upc>657447097997</upc>			
				<dateUpdated>12/24/2020 12:01:18 PM</dateUpdated>	
				<itemweight><![CDATA[0.16]]></itemweight>		
				<dateCreated>01/31/2017 12:00:32 PM</dateCreated>			
				<deliveryallowed><![CDATA[1]]></deliveryallowed>	

					
						<categoriesV2>

											
							<categoritem>
								
									<mastercategories><![CDATA[Anal]]></mastercategories>
								
									<subcategories><![CDATA[Anal Plug|Clear|Non-vibrating]]></subcategories>
														
							</categoritem>					
												
						</categoriesV2>
						
					<alternatetitle><![CDATA[Jelly Rancher Ripple T Plug Butt Plug - Clear]]></alternatetitle>
					<height><![CDATA[1.5]]></height>
					<width><![CDATA[4]]></width>
					<length><![CDATA[8.5]]></length>
					<marketplacerestrictions><![CDATA[0]]></marketplacerestrictions>
					<discontinued>No</discontinued>
					
						<regulations />
												
													
			</item>
				
			<item>
				<title><![CDATA[Pillow Talk Sassy Gspot Massager Pink]]></title>
				<releaseDate>10/05/2017</releaseDate>				
				<itemSKU>BMS26516</itemSKU>
				<itemID>50469</itemID>		
				<standardPrice>30.0000</standardPrice>		
				<mapPrice>54</mapPrice>
				<msrpPrice>60</msrpPrice>			
				<stock>Available Now</stock>
				<multiplesOF>1</multiplesOF> 
									<imageLargeFront><![CDATA[https://s3.amazonaws.com/ecn-watermarks/effex/50469_1.jpg]]></imageLargeFront>
								
									<imageLargeBack><![CDATA[https://s3.amazonaws.com/ecn-watermarks/effex/50469_2.jpg]]></imageLargeBack>
								
									<imageMediumFront><![CDATA[https://s3.amazonaws.com/ecn-watermarks/effex/50469_5.jpg]]></imageMediumFront>
								
									<imageMediumBack><![CDATA[https://s3.amazonaws.com/ecn-watermarks/effex/50469_6.jpg]]></imageMediumBack>
								
									<imageThumbnailFront><![CDATA[https://s3.amazonaws.com/ecn-watermarks/effex/50469_9.jpg]]></imageThumbnailFront>
								
									<imageThumbnailBack><![CDATA[https://s3.amazonaws.com/ecn-watermarks/effex/50469_10.jpg]]></imageThumbnailBack>
									
				<manufacturer><![CDATA[B.m.s. Enterprises]]></manufacturer>
				<categories>G-SPOT STIMULATION,SEX TOYS FOR WOMEN,VIBRATING MULTI-SPEED,RECHARGABLE,</categories>
				<itemDescription>Super silky high-grade silicone finish. Deep and Rumbly Powerbullet Vibrations. Incremental speed control for precise power.  Features: Rechargeable for cordless play Charge time of 1.5 hours Provides run time up to 2.5 hours</itemDescription> <htmlitemdescriptioninbase64format>U3VwZXIgc2lsa3kgaGlnaC1ncmFkZSBzaWxpY29uZSBmaW5pc2guIERlZXAgYW5kIFJ1bWJseSBQb3dlcmJ1bGxldCBWaWJyYXRpb25zLiBJbmNyZW1lbnRhbCBzcGVlZCBjb250cm9sIGZvciBwcmVjaXNlIHBvd2VyLiA8QnI+PEJSPiA8U1RST05HPkZlYXR1cmVzOjwvU1RST05HPjxCUj48QlI+IFJlY2hhcmdlYWJsZSBmb3IgY29yZGxlc3MgcGxheTxCUj4gQ2hhcmdlIHRpbWUgb2YgMS41IGhvdXJzPEJSPiBQcm92aWRlcyBydW4gdGltZSB1cCB0byAyLjUgaG91cnM=</htmlitemdescriptioninbase64format>												
				<upc>677613265166</upc>			
				<dateUpdated>12/24/2020 12:01:18 PM</dateUpdated>	
				<itemweight><![CDATA[0.92]]></itemweight>		
				<dateCreated>02/06/2017 10:00:33 AM</dateCreated>			
				<deliveryallowed><![CDATA[1]]></deliveryallowed>	

					
						<categoriesV2>

											
							<categoritem>
								
									<mastercategories><![CDATA[G-spot|Vibrators]]></mastercategories>
								
									<subcategories><![CDATA[Multispeed|Pink|Silicone|Wireless|Textured|Usb Rechargeable]]></subcategories>
														
							</categoritem>					
												
						</categoriesV2>
						
					<alternatetitle><![CDATA[Pillow Talk Sassy Silicone Reachargeable Vibrator - Pink]]></alternatetitle>
					<height><![CDATA[2]]></height>
					<width><![CDATA[5.25]]></width>
					<length><![CDATA[9.25]]></length>
					<marketplacerestrictions><![CDATA[0]]></marketplacerestrictions>
					<discontinued>No</discontinued>
					
						<regulations />
												
													
			</item>
				
			<item>
				<title><![CDATA[Pillow Talk Sassy Gspot Massager Teal]]></title>
				<releaseDate>10/05/2017</releaseDate>				
				<itemSKU>BMS26519</itemSKU>
				<itemID>50470</itemID>		
				<standardPrice>30.0000</standardPrice>		
				<mapPrice>54</mapPrice>
				<msrpPrice>60</msrpPrice>			
				<stock>Available Now</stock>
				<multiplesOF>1</multiplesOF> 
									<imageLargeFront><![CDATA[https://s3.amazonaws.com/ecn-watermarks/effex/50470_1.jpg]]></imageLargeFront>
								
									<imageLargeBack><![CDATA[https://s3.amazonaws.com/ecn-watermarks/effex/50470_2.jpg]]></imageLargeBack>
								
									<imageMediumFront><![CDATA[https://s3.amazonaws.com/ecn-watermarks/effex/50470_5.jpg]]></imageMediumFront>
								
									<imageMediumBack><![CDATA[https://s3.amazonaws.com/ecn-watermarks/effex/50470_6.jpg]]></imageMediumBack>
								
									<imageThumbnailFront><![CDATA[https://s3.amazonaws.com/ecn-watermarks/effex/50470_9.jpg]]></imageThumbnailFront>
								
									<imageThumbnailBack><![CDATA[https://s3.amazonaws.com/ecn-watermarks/effex/50470_10.jpg]]></imageThumbnailBack>
									
				<manufacturer><![CDATA[B.m.s. Enterprises]]></manufacturer>
				<categories>SILICONE,VIBRATORS,SEX TOYS FOR WOMEN,RECHARGABLE,</categories>
				<itemDescription>Super silky high-grade silicone finish. Deep and Rumbly Powerbullet Vibrations. Incremental speed control for precise power.  Features: Rechargeable for cordless play Charge time of 1.5 hours Provides run time up to 2.5 hours</itemDescription> <htmlitemdescriptioninbase64format>U3VwZXIgc2lsa3kgaGlnaC1ncmFkZSBzaWxpY29uZSBmaW5pc2guIERlZXAgYW5kIFJ1bWJseSBQb3dlcmJ1bGxldCBWaWJyYXRpb25zLiBJbmNyZW1lbnRhbCBzcGVlZCBjb250cm9sIGZvciBwcmVjaXNlIHBvd2VyLiA8QnI+PEJSPiA8U1RST05HPkZlYXR1cmVzOjwvU1RST05HPjxCUj48QlI+IFJlY2hhcmdlYWJsZSBmb3IgY29yZGxlc3MgcGxheTxCUj4gQ2hhcmdlIHRpbWUgb2YgMS41IGhvdXJzPEJSPiBQcm92aWRlcyBydW4gdGltZSB1cCB0byAyLjUgaG91cnM=</htmlitemdescriptioninbase64format>												
				<upc>677613265197</upc>			
				<dateUpdated>12/24/2020 12:01:18 PM</dateUpdated>	
				<itemweight><![CDATA[0.92]]></itemweight>		
				<dateCreated>02/06/2017 10:00:33 AM</dateCreated>			
				<deliveryallowed><![CDATA[1]]></deliveryallowed>	

					
						<categoriesV2>

											
							<categoritem>
								
									<mastercategories><![CDATA[G-spot|Massagers]]></mastercategories>
								
									<subcategories><![CDATA[Teal|Usb Rechargeable]]></subcategories>
														
							</categoritem>					
												
						</categoriesV2>
						
					<alternatetitle><![CDATA[Pillow Talk Sassy Silicone Reachargeable Vibrator - Teal]]></alternatetitle>
					<height><![CDATA[2]]></height>
					<width><![CDATA[5.25]]></width>
					<length><![CDATA[9.25]]></length>
					<marketplacerestrictions><![CDATA[0]]></marketplacerestrictions>
					<discontinued>No</discontinued>
					
						<regulations />
												
													
			</item>
				
			<item>
				<title><![CDATA[Pillow Talk Flirty Bullet Pink]]></title>
				<releaseDate>10/05/2017</releaseDate>				
				<itemSKU>BMS26616</itemSKU>
				<itemID>50471</itemID>		
				<standardPrice>20.0000</standardPrice>		
				<mapPrice>36</mapPrice>
				<msrpPrice>40</msrpPrice>			
				<stock>Available Now</stock>
				<multiplesOF>1</multiplesOF> 
									<imageLargeFront><![CDATA[https://s3.amazonaws.com/ecn-watermarks/effex/50471_1.jpg]]></imageLargeFront>
								
									<imageLargeBack><![CDATA[https://s3.amazonaws.com/ecn-watermarks/effex/50471_2.jpg]]></imageLargeBack>
								
									<imageMediumFront><![CDATA[https://s3.amazonaws.com/ecn-watermarks/effex/50471_5.jpg]]></imageMediumFront>
								
									<imageMediumBack><![CDATA[https://s3.amazonaws.com/ecn-watermarks/effex/50471_6.jpg]]></imageMediumBack>
								
									<imageThumbnailFront><![CDATA[https://s3.amazonaws.com/ecn-watermarks/effex/50471_9.jpg]]></imageThumbnailFront>
								
									<imageThumbnailBack><![CDATA[https://s3.amazonaws.com/ecn-watermarks/effex/50471_10.jpg]]></imageThumbnailBack>
									
				<manufacturer><![CDATA[B.m.s. Enterprises]]></manufacturer>
				<categories>SILICONE,SEX TOYS FOR WOMEN,BULLETS and EGGS,RECHARGABLE,</categories>
				<itemDescription>Super silky high-grade silicone finish. Deep and Rumbly Powerbullet Vibrations. Incremental speed control for precise power. Features: Rechargeable for cordless play Charge time of 1 hour  Provides up to 3 hours of run time</itemDescription> <htmlitemdescriptioninbase64format>U3VwZXIgc2lsa3kgaGlnaC1ncmFkZSBzaWxpY29uZSBmaW5pc2guIERlZXAgYW5kIFJ1bWJseSBQb3dlcmJ1bGxldCBWaWJyYXRpb25zLiBJbmNyZW1lbnRhbCBzcGVlZCBjb250cm9sIGZvciBwcmVjaXNlIHBvd2VyLjxCUj48QlI+IDxTVFJPTkc+RmVhdHVyZXM6PC9TVFJPTkc+PEJSPjxCUj4gUmVjaGFyZ2VhYmxlIGZvciBjb3JkbGVzcyBwbGF5PEJSPiBDaGFyZ2UgdGltZSBvZiAxIGhvdXIgPEJSPiBQcm92aWRlcyB1cCB0byAzIGhvdXJzIG9mIHJ1biB0aW1l</htmlitemdescriptioninbase64format>												
				<upc>677613266163</upc>			
				<dateUpdated>12/24/2020 12:01:18 PM</dateUpdated>	
				<itemweight><![CDATA[0.52]]></itemweight>		
				<dateCreated>02/06/2017 10:00:33 AM</dateCreated>			
				<deliveryallowed><![CDATA[1]]></deliveryallowed>	

					
						<categoriesV2>

											
							<categoritem>
								
									<mastercategories><![CDATA[Eggs & Bullets]]></mastercategories>
								
									<subcategories><![CDATA[Multispeed|Pink|Usb Rechargeable]]></subcategories>
														
							</categoritem>					
												
						</categoriesV2>
						
					<alternatetitle><![CDATA[Pillow Talk Flirty Rechargeable Silicone Bullet - Pink]]></alternatetitle>
					<height><![CDATA[2]]></height>
					<width><![CDATA[5.5]]></width>
					<length><![CDATA[5.5]]></length>
					<marketplacerestrictions><![CDATA[0]]></marketplacerestrictions>
					<discontinued>No</discontinued>
					
						<regulations />
												
													
			</item>
				
			<item>
				<title><![CDATA[Pillow Talk Cheeky Massager Wand Pink]]></title>
				<releaseDate>10/05/2017</releaseDate>				
				<itemSKU>BMS26716</itemSKU>
				<itemID>50473</itemID>		
				<standardPrice>32.3700</standardPrice>		
				<mapPrice>58.5</mapPrice>
				<msrpPrice>65</msrpPrice>			
				<stock>Available Now</stock>
				<multiplesOF>1</multiplesOF> 
									<imageLargeFront><![CDATA[https://s3.amazonaws.com/ecn-watermarks/effex/50473_1.jpg]]></imageLargeFront>
								
									<imageLargeBack><![CDATA[https://s3.amazonaws.com/ecn-watermarks/effex/50473_2.jpg]]></imageLargeBack>
								
									<imageMediumFront><![CDATA[https://s3.amazonaws.com/ecn-watermarks/effex/50473_5.jpg]]></imageMediumFront>
								
									<imageMediumBack><![CDATA[https://s3.amazonaws.com/ecn-watermarks/effex/50473_6.jpg]]></imageMediumBack>
								
									<imageThumbnailFront><![CDATA[https://s3.amazonaws.com/ecn-watermarks/effex/50473_9.jpg]]></imageThumbnailFront>
								
									<imageThumbnailBack><![CDATA[https://s3.amazonaws.com/ecn-watermarks/effex/50473_10.jpg]]></imageThumbnailBack>
									
				<manufacturer><![CDATA[B.m.s. Enterprises]]></manufacturer>
				<categories>VIBRATING,SEX TOYS FOR WOMEN,MASSAGERS,RECHARGABLE,</categories>
				<itemDescription>Super silky high-grade silicone finish. Deep and Rumbly Powerbullet Vibrations. Incremental speed control for precise power.  Features: Rechargeable for cordless play Charge time of 2.5 hours Run time of up to 2.5 hours</itemDescription> <htmlitemdescriptioninbase64format>U3VwZXIgc2lsa3kgaGlnaC1ncmFkZSBzaWxpY29uZSBmaW5pc2guIERlZXAgYW5kIFJ1bWJseSBQb3dlcmJ1bGxldCBWaWJyYXRpb25zLiBJbmNyZW1lbnRhbCBzcGVlZCBjb250cm9sIGZvciBwcmVjaXNlIHBvd2VyLiA8YnI+PGJyPiA8c3Ryb25nPkZlYXR1cmVzOjwvU1RST05HPjxCUj48QlI+IFJlY2hhcmdlYWJsZSBmb3IgY29yZGxlc3MgcGxheTxCUj4gQ2hhcmdlIHRpbWUgb2YgMi41IGhvdXJzPEJSPiBSdW4gdGltZSBvZiB1cCB0byAyLjUgaG91cnM=</htmlitemdescriptioninbase64format>												
				<upc>677613267160</upc>			
				<dateUpdated>12/24/2020 12:01:18 PM</dateUpdated>	
				<itemweight><![CDATA[0.98]]></itemweight>		
				<dateCreated>02/06/2017 10:00:33 AM</dateCreated>			
				<deliveryallowed><![CDATA[1]]></deliveryallowed>	

					
						<categoriesV2>

											
							<categoritem>
								
									<mastercategories><![CDATA[Holiday|Massagers]]></mastercategories>
								
									<subcategories><![CDATA[Multispeed|Pink|Silicone|Vibrating|Wireless|Usb Rechargeable]]></subcategories>
														
							</categoritem>					
												
						</categoriesV2>
						
					<alternatetitle><![CDATA[Pillow Talk Cheeky Silicone Rechargeable Wand Massager - Pink]]></alternatetitle>
					<height><![CDATA[2]]></height>
					<width><![CDATA[5.25]]></width>
					<length><![CDATA[9.25]]></length>
					<marketplacerestrictions><![CDATA[0]]></marketplacerestrictions>
					<discontinued>No</discontinued>
					
						<regulations />
												
													
			</item>
				
			<item>
				<title><![CDATA[Main Squeeze Suction Cup Accessory Black]]></title>
				<releaseDate>03/10/2017</releaseDate>				
				<itemSKU>DJ-5200-50-3</itemSKU>
				<itemID>50691</itemID>		
				<standardPrice>9.9900</standardPrice>		
				<mapPrice>0</mapPrice>
				<msrpPrice>19</msrpPrice>			
				<stock>Available Now</stock>
				<multiplesOF>1</multiplesOF> 
									<imageLargeFront><![CDATA[https://s3.amazonaws.com/ecn-watermarks/effex/50691_1.jpg]]></imageLargeFront>
								
									<imageLargeBack><![CDATA[https://s3.amazonaws.com/ecn-watermarks/effex/50691_2.jpg]]></imageLargeBack>
								
									<imageMediumFront><![CDATA[https://s3.amazonaws.com/ecn-watermarks/effex/50691_5.jpg]]></imageMediumFront>
								
									<imageMediumBack><![CDATA[https://s3.amazonaws.com/ecn-watermarks/effex/50691_6.jpg]]></imageMediumBack>
								
									<imageThumbnailFront><![CDATA[https://s3.amazonaws.com/ecn-watermarks/effex/50691_9.jpg]]></imageThumbnailFront>
								
									<imageThumbnailBack><![CDATA[https://s3.amazonaws.com/ecn-watermarks/effex/50691_10.jpg]]></imageThumbnailBack>
									
				<manufacturer><![CDATA[Doc Johnson Enterprises]]></manufacturer>
				<categories>UNISEX ITEMS,ACCESSORIES,</categories>
				<itemDescription>This super strong lever-release suction cup is specially designed to fit Main Squeeze`s proprietary screw-on end cap and powerfully adheres to any smooth, non-porous surface. The Main Squeeze Suction Cup Accessory is designed for hands-free use of your Main Squeeze stroker and is ideal for shower/bath use. The strong adjustable arm swivels and bends for custom positioning, and locks into place. Includes complete instructions for use.</itemDescription> <htmlitemdescriptioninbase64format>VGhpcyBzdXBlciBzdHJvbmcgbGV2ZXItcmVsZWFzZSBzdWN0aW9uIGN1cCBpcyBzcGVjaWFsbHkgZGVzaWduZWQgdG8gZml0IE1haW4gU3F1ZWV6ZSdzIHByb3ByaWV0YXJ5IHNjcmV3LW9uIGVuZCBjYXAgYW5kIHBvd2VyZnVsbHkgYWRoZXJlcyB0byBhbnkgc21vb3RoLCBub24tcG9yb3VzIHN1cmZhY2UuIFRoZSBNYWluIFNxdWVlemUgU3VjdGlvbiBDdXAgQWNjZXNzb3J5IGlzIGRlc2lnbmVkIGZvciBoYW5kcy1mcmVlIHVzZSBvZiB5b3VyIE1haW4gU3F1ZWV6ZSBzdHJva2VyIGFuZCBpcyBpZGVhbCBmb3Igc2hvd2VyL2JhdGggdXNlLiBUaGUgc3Ryb25nIGFkanVzdGFibGUgYXJtIHN3aXZlbHMgYW5kIGJlbmRzIGZvciBjdXN0b20gcG9zaXRpb25pbmcsIGFuZCBsb2NrcyBpbnRvIHBsYWNlLiBJbmNsdWRlcyBjb21wbGV0ZSBpbnN0cnVjdGlvbnMgZm9yIHVzZS4=</htmlitemdescriptioninbase64format>												
				<upc>782421061920</upc>			
				<dateUpdated>12/24/2020 12:01:18 PM</dateUpdated>	
				<itemweight><![CDATA[0.34]]></itemweight>		
				<dateCreated>03/03/2017 9:00:16 AM</dateCreated>			
				<deliveryallowed><![CDATA[1]]></deliveryallowed>	

					
						<categoriesV2>

											
							<categoritem>
								
									<mastercategories></mastercategories>
								
									<subcategories><![CDATA[Black|Suction Cup|Accessories]]></subcategories>
														
							</categoritem>					
												
						</categoriesV2>
						
					<alternatetitle><![CDATA[Main Squeeze Suction Cup Accessory - Black]]></alternatetitle>
					<height><![CDATA[3.5]]></height>
					<width><![CDATA[4.25]]></width>
					<length><![CDATA[6]]></length>
					<marketplacerestrictions><![CDATA[0]]></marketplacerestrictions>
					<discontinued>No</discontinued>
					
						<regulations />
												
													
			</item>
				
			<item>
				<title><![CDATA[We Vibe Verge Slate]]></title>
				<releaseDate>04/25/2017</releaseDate>				
				<itemSKU>WVSNVGSG6</itemSKU>
				<itemID>50844</itemID>		
				<standardPrice>59.5000</standardPrice>		
				<mapPrice>113.05</mapPrice>
				<msrpPrice>119</msrpPrice>			
				<stock>Available Now</stock>
				<multiplesOF>1</multiplesOF> 
									<imageLargeFront><![CDATA[https://s3.amazonaws.com/ecn-watermarks/effex/50844_1.jpg]]></imageLargeFront>
								
									<imageLargeBack><![CDATA[https://s3.amazonaws.com/ecn-watermarks/effex/50844_2.jpg]]></imageLargeBack>
								
									<imageMediumFront><![CDATA[https://s3.amazonaws.com/ecn-watermarks/effex/50844_5.jpg]]></imageMediumFront>
								
									<imageMediumBack><![CDATA[https://s3.amazonaws.com/ecn-watermarks/effex/50844_6.jpg]]></imageMediumBack>
								
									<imageThumbnailFront><![CDATA[https://s3.amazonaws.com/ecn-watermarks/effex/50844_9.jpg]]></imageThumbnailFront>
								
									<imageThumbnailBack><![CDATA[https://s3.amazonaws.com/ecn-watermarks/effex/50844_10.jpg]]></imageThumbnailBack>
									
				<manufacturer><![CDATA[We-vibe]]></manufacturer>
				<categories>SEX TOYS FOR COUPLES,COCKRINGS,WATERPROOF MUTI FUNCTION,RECHARGABLE,</categories>
				<itemDescription>Penis rings are designed for fuller longer-lasting erections and more powerful orgasms. Verge has the added benefit of stimulating the perineum. Verge stimulates the perineum, an erogenous zone that responds to both pressure and vibration. Verge is a vibrating penis ring designed to bring you pleasure on your own or with a partner. Worn around the penis and testicles, it provides stimulation to the perineum. The perineum is an erogenous zone between the scrotum and anus that responds to both pressure and vibration. Features Powerful rumbly vibrations 10 different vibration modes Waterproof Low power alert Comfortable design Rechargeable USB Free We-Connect app Specs Charge time: 90 minutes Run time: Up 10 2 hours Size 60 mm x 114 mm</itemDescription> <htmlitemdescriptioninbase64format>UGVuaXMgcmluZ3MgYXJlIGRlc2lnbmVkIGZvciBmdWxsZXIgbG9uZ2VyLWxhc3RpbmcgZXJlY3Rpb25zIGFuZCBtb3JlIHBvd2VyZnVsIG9yZ2FzbXMuIFZlcmdlIGhhcyB0aGUgYWRkZWQgYmVuZWZpdCBvZiBzdGltdWxhdGluZyB0aGUgcGVyaW5ldW0uIDxicj48YnI+VmVyZ2Ugc3RpbXVsYXRlcyB0aGUgcGVyaW5ldW0sIGFuIGVyb2dlbm91cyB6b25lIHRoYXQgcmVzcG9uZHMgdG8gYm90aCBwcmVzc3VyZSBhbmQgdmlicmF0aW9uLiA8YnI+PGJyPlZlcmdlIGlzIGEgdmlicmF0aW5nIHBlbmlzIHJpbmcgZGVzaWduZWQgdG8gYnJpbmcgeW91IHBsZWFzdXJlIG9uIHlvdXIgb3duIG9yIHdpdGggYSBwYXJ0bmVyLiBXb3JuIGFyb3VuZCB0aGUgcGVuaXMgYW5kIHRlc3RpY2xlcywgaXQgcHJvdmlkZXMgc3RpbXVsYXRpb24gdG8gdGhlIHBlcmluZXVtLiBUaGUgcGVyaW5ldW0gaXMgYW4gZXJvZ2Vub3VzIHpvbmUgYmV0d2VlbiB0aGUgc2Nyb3R1bSBhbmQgYW51cyB0aGF0IHJlc3BvbmRzIHRvIGJvdGggcHJlc3N1cmUgYW5kIHZpYnJhdGlvbi4gPGJyPjxicj48Yj5GZWF0dXJlcyA8L2I+PGJyPlBvd2VyZnVsIHJ1bWJseSB2aWJyYXRpb25zIDxicj4xMCBkaWZmZXJlbnQgdmlicmF0aW9uIG1vZGVzIDxicj5XYXRlcnByb29mIDxicj5Mb3cgcG93ZXIgYWxlcnQgPGJyPkNvbWZvcnRhYmxlIGRlc2lnbiA8YnI+UmVjaGFyZ2VhYmxlIFVTQiA8YnI+RnJlZSBXZS1Db25uZWN0IGFwcCA8YnI+PGJyPjxiPlNwZWNzIDwvYj48YnI+Q2hhcmdlIHRpbWU6IDkwIG1pbnV0ZXMgPGJyPlJ1biB0aW1lOiBVcCAxMCAyIGhvdXJzIDxicj48YnI+PGI+U2l6ZSA8L2I+PGJyPjYwIG1tIHggMTE0IG1t</htmlitemdescriptioninbase64format>												
				<upc>839289006805</upc>			
				<dateUpdated>12/24/2020 12:01:18 PM</dateUpdated>	
				<itemweight><![CDATA[0.62]]></itemweight>		
				<dateCreated>03/22/2017 10:30:13 AM</dateCreated>			
				<deliveryallowed><![CDATA[1]]></deliveryallowed>	

					
						<categoriesV2>

											
							<categoritem>
								
									<mastercategories><![CDATA[Cockrings]]></mastercategories>
								
									<subcategories><![CDATA[Grey|Multifunction|Silicone|Vibrating|Waterproof|Usb Rechargeable|App Compatible]]></subcategories>
														
							</categoritem>					
												
						</categoriesV2>
						
					<alternatetitle><![CDATA[We-Vibe Verge Rechargeable Silicone Vibrating Perineum Cock Ring - Slate]]></alternatetitle>
					<height><![CDATA[2.75]]></height>
					<width><![CDATA[3.75]]></width>
					<length><![CDATA[6.25]]></length>
					<marketplacerestrictions><![CDATA[1]]></marketplacerestrictions>
					<discontinued>No</discontinued>
					
						<regulations />
												
													
			</item>
				
			<item>
				<title><![CDATA[Wicked Aqua Sweet Peach Lube 2oz]]></title>
				<releaseDate>07/24/2017</releaseDate>				
				<itemSKU>WI90382</itemSKU>
				<itemID>51099</itemID>		
				<standardPrice>5.3400</standardPrice>		
				<mapPrice>0</mapPrice>
				<msrpPrice>0</msrpPrice>			
				<stock>Available Now</stock>
				<multiplesOF>1</multiplesOF> 
									<imageLargeFront><![CDATA[https://s3.amazonaws.com/ecn-watermarks/effex/51099_1.jpg]]></imageLargeFront>
								
								<imageLargeBack></imageLargeBack>
							
									<imageMediumFront><![CDATA[https://s3.amazonaws.com/ecn-watermarks/effex/51099_5.jpg]]></imageMediumFront>
								
								<imageMediumBack></imageMediumBack>
							
									<imageThumbnailFront><![CDATA[https://s3.amazonaws.com/ecn-watermarks/effex/51099_9.jpg]]></imageThumbnailFront>
								
								<imageThumbnailBack></imageThumbnailBack>
								
				<manufacturer><![CDATA[Wicked Sensual Care]]></manufacturer>
				<categories>UNISEX ITEMS,LUBES - NON DISCOUNTABLE,WATER BASED LUBES,</categories>
				<itemDescription>Waterbased Sweet Peach flavored lubricant! 
Wicked&amp;#xae; AQUA products are like nothing you have ever felt before. Waterbased and Paraben Free, the entire collection is so silky smooth you will be surprised that it is not silicone. 
Features:
Extra long lasting
Never sticky or tacky 
Clean up is always easy.
</itemDescription> <htmlitemdescriptioninbase64format>V2F0ZXJiYXNlZCBTd2VldCBQZWFjaCBmbGF2b3JlZCBsdWJyaWNhbnQhIDxicj48YnI+DQpXaWNrZWSuIEFRVUEgcHJvZHVjdHMgYXJlIGxpa2Ugbm90aGluZyB5b3UgaGF2ZSBldmVyIGZlbHQgYmVmb3JlLiBXYXRlcmJhc2VkIGFuZCBQYXJhYmVuIEZyZWUsIHRoZSBlbnRpcmUgY29sbGVjdGlvbiBpcyBzbyBzaWxreSBzbW9vdGggeW91IHdpbGwgYmUgc3VycHJpc2VkIHRoYXQgaXQgaXMgbm90IHNpbGljb25lLiA8YnI+PGJyPg0KPGI+RmVhdHVyZXM6PC9CPjxCUj4NCkV4dHJhIGxvbmcgbGFzdGluZzxCUj4NCk5ldmVyIHN0aWNreSBvciB0YWNreTxicj4gDQpDbGVhbiB1cCBpcyBhbHdheXMgZWFzeS4NCjxicj48YnI+</htmlitemdescriptioninbase64format>												
				<upc>713079903829</upc>			
				<dateUpdated>12/24/2020 12:01:18 PM</dateUpdated>	
				<itemweight><![CDATA[0.20]]></itemweight>		
				<dateCreated>05/18/2017 4:59:26 PM</dateCreated>			
				<deliveryallowed><![CDATA[1]]></deliveryallowed>	

					
						<categoriesV2>

											
							<categoritem>
								
									<mastercategories><![CDATA[Lubricants, Massage Oils, Gels & Creams]]></mastercategories>
								
									<subcategories><![CDATA[Flavored Lubricant|Vegan|Water Based Lubricant]]></subcategories>
														
							</categoritem>					
												
						</categoriesV2>
						
					<alternatetitle><![CDATA[Wicked Aqua Water Based Flavored Lubricant Sweet Peach 2 oz]]></alternatetitle>
					<height><![CDATA[1]]></height>
					<width><![CDATA[1.5]]></width>
					<length><![CDATA[5.25]]></length>
					<marketplacerestrictions><![CDATA[0]]></marketplacerestrictions>
					<discontinued>No</discontinued>
					
						<regulations />
												
													
			</item>
				
			<item>
				<title><![CDATA[Wicked Aqua Pink Lemonade Lube 4oz]]></title>
				<releaseDate>08/07/2017</releaseDate>				
				<itemSKU>WI90374</itemSKU>
				<itemID>51100</itemID>		
				<standardPrice>7.3600</standardPrice>		
				<mapPrice>0</mapPrice>
				<msrpPrice>0</msrpPrice>			
				<stock>Available Now</stock>
				<multiplesOF>1</multiplesOF> 
									<imageLargeFront><![CDATA[https://s3.amazonaws.com/ecn-watermarks/effex/51100_1.jpg]]></imageLargeFront>
								
								<imageLargeBack></imageLargeBack>
							
									<imageMediumFront><![CDATA[https://s3.amazonaws.com/ecn-watermarks/effex/51100_5.jpg]]></imageMediumFront>
								
								<imageMediumBack></imageMediumBack>
							
									<imageThumbnailFront><![CDATA[https://s3.amazonaws.com/ecn-watermarks/effex/51100_9.jpg]]></imageThumbnailFront>
								
								<imageThumbnailBack></imageThumbnailBack>
								
				<manufacturer><![CDATA[Wicked Sensual Care]]></manufacturer>
				<categories>UNISEX ITEMS,LUBES - NON DISCOUNTABLE,WATER BASED LUBES,</categories>
				<itemDescription>Waterbased Pink Lemonade flavored lubricant! 
Wicked&amp;#xae; AQUA products are like nothing you have ever felt before. Waterbased and Paraben Free, the entire collection is so silky smooth you will be surprised that it is not silicone. 
Features:
Extra long lasting
Never sticky or tacky 
Clean up is always easy.
</itemDescription> <htmlitemdescriptioninbase64format>V2F0ZXJiYXNlZCBQaW5rIExlbW9uYWRlIGZsYXZvcmVkIGx1YnJpY2FudCEgPGJyPjxicj4NCldpY2tlZK4gQVFVQSBwcm9kdWN0cyBhcmUgbGlrZSBub3RoaW5nIHlvdSBoYXZlIGV2ZXIgZmVsdCBiZWZvcmUuIFdhdGVyYmFzZWQgYW5kIFBhcmFiZW4gRnJlZSwgdGhlIGVudGlyZSBjb2xsZWN0aW9uIGlzIHNvIHNpbGt5IHNtb290aCB5b3Ugd2lsbCBiZSBzdXJwcmlzZWQgdGhhdCBpdCBpcyBub3Qgc2lsaWNvbmUuIDxicj48YnI+DQo8Yj5GZWF0dXJlczo8L0I+PEJSPg0KRXh0cmEgbG9uZyBsYXN0aW5nPEJSPg0KTmV2ZXIgc3RpY2t5IG9yIHRhY2t5PGJyPiANCkNsZWFuIHVwIGlzIGFsd2F5cyBlYXN5Lg0KPGJyPjxicj4=</htmlitemdescriptioninbase64format>												
				<upc>713079903744</upc>			
				<dateUpdated>12/24/2020 12:01:18 PM</dateUpdated>	
				<itemweight><![CDATA[0.34]]></itemweight>		
				<dateCreated>05/18/2017 4:59:26 PM</dateCreated>			
				<deliveryallowed><![CDATA[1]]></deliveryallowed>	

					
						<categoriesV2>

											
							<categoritem>
								
									<mastercategories><![CDATA[Lubricants, Massage Oils, Gels & Creams]]></mastercategories>
								
									<subcategories><![CDATA[Flavored Lubricant|Vegan|Water Based Lubricant]]></subcategories>
														
							</categoritem>					
												
						</categoriesV2>
						
					<alternatetitle><![CDATA[Wicked Aqua Water Based Flavored Lubricant Pink Lemonade 4 oz]]></alternatetitle>
					<height><![CDATA[1]]></height>
					<width><![CDATA[1.75]]></width>
					<length><![CDATA[6.5]]></length>
					<marketplacerestrictions><![CDATA[0]]></marketplacerestrictions>
					<discontinued>No</discontinued>
					
						<regulations />
												
													
			</item>
				
			<item>
				<title><![CDATA[My Secret Remote C Panty Rechr Blk-indv]]></title>
				<releaseDate>07/13/2017</releaseDate>				
				<itemSKU>XSOAPTYBL101</itemSKU>
				<itemID>51393</itemID>		
				<standardPrice>32.0700</standardPrice>		
				<mapPrice>0</mapPrice>
				<msrpPrice>69.95</msrpPrice>			
				<stock>Available Now</stock>
				<multiplesOF>1</multiplesOF> 
									<imageLargeFront><![CDATA[https://s3.amazonaws.com/ecn-watermarks/effex/51393_1.jpg]]></imageLargeFront>
								
									<imageLargeBack><![CDATA[https://s3.amazonaws.com/ecn-watermarks/effex/51393_2.jpg]]></imageLargeBack>
								
									<imageMediumFront><![CDATA[https://s3.amazonaws.com/ecn-watermarks/effex/51393_5.jpg]]></imageMediumFront>
								
									<imageMediumBack><![CDATA[https://s3.amazonaws.com/ecn-watermarks/effex/51393_6.jpg]]></imageMediumBack>
								
									<imageThumbnailFront><![CDATA[https://s3.amazonaws.com/ecn-watermarks/effex/51393_9.jpg]]></imageThumbnailFront>
								
									<imageThumbnailBack><![CDATA[https://s3.amazonaws.com/ecn-watermarks/effex/51393_10.jpg]]></imageThumbnailBack>
									
				<manufacturer><![CDATA[Screaming O]]></manufacturer>
				<categories>PANTIES,VIBRATORS,SEX TOYS FOR WOMEN,</categories>
				<itemDescription>My Secret Vibrating Panty Set puts the power of pleasure at your fingertips  This sexy and subtle mini vibe is powered by a clever remote control that looks like an ordinary finger ring and makes it easy for couples to play in public.

- 10-function bullet fits comfortably into lace panty (included)
- Works from up to 50 feet away
-  Side-tie panty fits up to 60-inch waists
-  Batteries can be changed on both the ring and bullet
- Weight 	91 g
- Dimensions 	175 x 107 x 37 mm</itemDescription> <htmlitemdescriptioninbase64format>TXkgU2VjcmV0IFZpYnJhdGluZyBQYW50eSBTZXQgcHV0cyB0aGUgcG93ZXIgb2YgcGxlYXN1cmUgYXQgeW91ciBmaW5nZXJ0aXBzICBUaGlzIHNleHkgYW5kIHN1YnRsZSBtaW5pIHZpYmUgaXMgcG93ZXJlZCBieSBhIGNsZXZlciByZW1vdGUgY29udHJvbCB0aGF0IGxvb2tzIGxpa2UgYW4gb3JkaW5hcnkgZmluZ2VyIHJpbmcgYW5kIG1ha2VzIGl0IGVhc3kgZm9yIGNvdXBsZXMgdG8gcGxheSBpbiBwdWJsaWMuPGJyPjxicj4NCg0KLSAxMC1mdW5jdGlvbiBidWxsZXQgZml0cyBjb21mb3J0YWJseSBpbnRvIGxhY2UgcGFudHkgKGluY2x1ZGVkKTxicj4NCi0gV29ya3MgZnJvbSB1cCB0byA1MCBmZWV0IGF3YXk8YnI+DQotICBTaWRlLXRpZSBwYW50eSBmaXRzIHVwIHRvIDYwLWluY2ggd2Fpc3RzPGJyPg0KLSAgQmF0dGVyaWVzIGNhbiBiZSBjaGFuZ2VkIG9uIGJvdGggdGhlIHJpbmcgYW5kIGJ1bGxldDxicj48YnI+DQotIFdlaWdodCAJOTEgZzxicj4NCi0gRGltZW5zaW9ucyAJMTc1IHggMTA3IHggMzcgbW08YnI+PGJyPg==</htmlitemdescriptioninbase64format>												
				<upc>817483012785</upc>			
				<dateUpdated>12/24/2020 12:01:18 PM</dateUpdated>	
				<itemweight><![CDATA[0.26]]></itemweight>		
				<dateCreated>06/07/2017 4:00:13 PM</dateCreated>			
				<deliveryallowed><![CDATA[1]]></deliveryallowed>	

					
						<categoriesV2>

											
							<categoritem>
								
									<mastercategories><![CDATA[Lingerie, Clothing & Accessories]]></mastercategories>
								
									<subcategories><![CDATA[Black|Discreet Vibrators|Multifunction|Non Latex|Panty Massager|Silicone|Vibrating|Waterproof|Wireless|Usb Rechargeable]]></subcategories>
														
							</categoritem>					
												
						</categoriesV2>
						
					<alternatetitle><![CDATA[My Secret USB Rechargeable Vibrating Panty Set With Silicone Remote Control Ring Waterproof Black]]></alternatetitle>
					<height><![CDATA[2]]></height>
					<width><![CDATA[4]]></width>
					<length><![CDATA[7.5]]></length>
					<marketplacerestrictions><![CDATA[0]]></marketplacerestrictions>
					<discontinued>No</discontinued>
					
						<regulations />
												
													
			</item>
				
			<item>
				<title><![CDATA[Massage Lotion Lavender 2oz]]></title>
				<releaseDate>08/30/2017</releaseDate>				
				<itemSKU>EB290</itemSKU>
				<itemID>52037</itemID>		
				<standardPrice>2.5000</standardPrice>		
				<mapPrice>4.99</mapPrice>
				<msrpPrice>4.99</msrpPrice>			
				<stock>Available Now</stock>
				<multiplesOF>1</multiplesOF> 
									<imageLargeFront><![CDATA[https://s3.amazonaws.com/ecn-watermarks/effex/52037_1.jpg]]></imageLargeFront>
								
								<imageLargeBack></imageLargeBack>
							
									<imageMediumFront><![CDATA[https://s3.amazonaws.com/ecn-watermarks/effex/52037_5.jpg]]></imageMediumFront>
								
								<imageMediumBack></imageMediumBack>
							
									<imageThumbnailFront><![CDATA[https://s3.amazonaws.com/ecn-watermarks/effex/52037_9.jpg]]></imageThumbnailFront>
								
								<imageThumbnailBack></imageThumbnailBack>
								
				<manufacturer><![CDATA[Earthly Body]]></manufacturer>
				<categories>UNISEX ITEMS,MASSAGE OILS,OILS, LOTIONS and CREAMS,</categories>
				<itemDescription>Now you can be transported to paradise with the inviting scent and satin feel of our nutrient-rich massage lotion. Specially formulated with a blend of Hemp Seed and Argan Oils, this deep moisturizing lotion provides an ideal glide for the perfect massage that leaves skin feeling smooth and nourished. 

2 oz.

Ingredients: Aqua/Water/Eau, Carthamus Tinctorius (Safflower) Seed Oil, Cocos Nucifera (Coconut) Oil, Glycerin, Stearic Acid, Cetyl Alcohol, Glyceryl Stearate, PEG-100 Stearate, Argania Spinosa (Argan) Kernel Oil, Cannabis Sativa (Hemp) Seed Oil, Carbomer, Sodium Hydroxide, Ethylhexylglycerin, Phenoxyethanol, Aloe Barbadensis Leaf Juice, Chamomilla Recutita Flower Extract, Symphytum Officinale Rhizome/Root Extract, Avena Sativa Extract, Citrus Aurantium Amara Flower Extract, Panax Ginseng Root Extract, Citrus Aurantium Dulcis Peel Extract, Ulmus Fulva Bark Extract, Oenothera Biennis Extract, Parfum</itemDescription> <htmlitemdescriptioninbase64format>Tm93IHlvdSBjYW4gYmUgdHJhbnNwb3J0ZWQgdG8gcGFyYWRpc2Ugd2l0aCB0aGUgaW52aXRpbmcgc2NlbnQgYW5kIHNhdGluIGZlZWwgb2Ygb3VyIG51dHJpZW50LXJpY2ggbWFzc2FnZSBsb3Rpb24uIFNwZWNpYWxseSBmb3JtdWxhdGVkIHdpdGggYSBibGVuZCBvZiBIZW1wIFNlZWQgYW5kIEFyZ2FuIE9pbHMsIHRoaXMgZGVlcCBtb2lzdHVyaXppbmcgbG90aW9uIHByb3ZpZGVzIGFuIGlkZWFsIGdsaWRlIGZvciB0aGUgcGVyZmVjdCBtYXNzYWdlIHRoYXQgbGVhdmVzIHNraW4gZmVlbGluZyBzbW9vdGggYW5kIG5vdXJpc2hlZC4gPGJyPjxicj4NCg0KMiBvei48YnI+PGJyPg0KDQpJbmdyZWRpZW50czogQXF1YS9XYXRlci9FYXUsIENhcnRoYW11cyBUaW5jdG9yaXVzIChTYWZmbG93ZXIpIFNlZWQgT2lsLCBDb2NvcyBOdWNpZmVyYSAoQ29jb251dCkgT2lsLCBHbHljZXJpbiwgU3RlYXJpYyBBY2lkLCBDZXR5bCBBbGNvaG9sLCBHbHljZXJ5bCBTdGVhcmF0ZSwgUEVHLTEwMCBTdGVhcmF0ZSwgQXJnYW5pYSBTcGlub3NhIChBcmdhbikgS2VybmVsIE9pbCwgQ2FubmFiaXMgU2F0aXZhIChIZW1wKSBTZWVkIE9pbCwgQ2FyYm9tZXIsIFNvZGl1bSBIeWRyb3hpZGUsIEV0aHlsaGV4eWxnbHljZXJpbiwgUGhlbm94eWV0aGFub2wsIEFsb2UgQmFyYmFkZW5zaXMgTGVhZiBKdWljZSwgQ2hhbW9taWxsYSBSZWN1dGl0YSBGbG93ZXIgRXh0cmFjdCwgU3ltcGh5dHVtIE9mZmljaW5hbGUgUmhpem9tZS9Sb290IEV4dHJhY3QsIEF2ZW5hIFNhdGl2YSBFeHRyYWN0LCBDaXRydXMgQXVyYW50aXVtIEFtYXJhIEZsb3dlciBFeHRyYWN0LCBQYW5heCBHaW5zZW5nIFJvb3QgRXh0cmFjdCwgQ2l0cnVzIEF1cmFudGl1bSBEdWxjaXMgUGVlbCBFeHRyYWN0LCBVbG11cyBGdWx2YSBCYXJrIEV4dHJhY3QsIE9lbm90aGVyYSBCaWVubmlzIEV4dHJhY3QsIFBhcmZ1bTxicj48YnI+</htmlitemdescriptioninbase64format>												
				<upc>814487022802</upc>			
				<dateUpdated>12/24/2020 12:01:18 PM</dateUpdated>	
				<itemweight><![CDATA[0.16]]></itemweight>		
				<dateCreated>07/26/2017 10:00:23 AM</dateCreated>			
				<deliveryallowed><![CDATA[1]]></deliveryallowed>	

					
						<categoriesV2>

											
							<categoritem>
								
									<mastercategories><![CDATA[Bath & Body|Lubricants, Massage Oils, Gels & Creams|Romance]]></mastercategories>
								
									<subcategories><![CDATA[Hygiene|Massage Lotions, Oils, Gels & Creams|Vegan|Lotion|Scented]]></subcategories>
														
							</categoritem>					
												
						</categoriesV2>
						
					<alternatetitle><![CDATA[Earthly Body Hemp Seed Massage Lotion Lavender 2oz]]></alternatetitle>
					<height><![CDATA[1]]></height>
					<width><![CDATA[1]]></width>
					<length><![CDATA[4.25]]></length>
					<marketplacerestrictions><![CDATA[0]]></marketplacerestrictions>
					<discontinued>No</discontinued>
					
						<regulations />
												
													
			</item>
				
			<item>
				<title><![CDATA[Sensuelle Remote 15 Func Petite Egg Tblu]]></title>
				<releaseDate>09/18/2017</releaseDate>				
				<itemSKU>NCBT-W62TBL</itemSKU>
				<itemID>52537</itemID>		
				<standardPrice>37.5000</standardPrice>		
				<mapPrice>74.99</mapPrice>
				<msrpPrice>74.99</msrpPrice>			
				<stock>Available Now</stock>
				<multiplesOF>1</multiplesOF> 
									<imageLargeFront><![CDATA[https://s3.amazonaws.com/ecn-watermarks/effex/52537_1.jpg]]></imageLargeFront>
								
									<imageLargeBack><![CDATA[https://s3.amazonaws.com/ecn-watermarks/effex/52537_2.jpg]]></imageLargeBack>
								
									<imageMediumFront><![CDATA[https://s3.amazonaws.com/ecn-watermarks/effex/52537_5.jpg]]></imageMediumFront>
								
									<imageMediumBack><![CDATA[https://s3.amazonaws.com/ecn-watermarks/effex/52537_6.jpg]]></imageMediumBack>
								
									<imageThumbnailFront><![CDATA[https://s3.amazonaws.com/ecn-watermarks/effex/52537_9.jpg]]></imageThumbnailFront>
								
									<imageThumbnailBack><![CDATA[https://s3.amazonaws.com/ecn-watermarks/effex/52537_10.jpg]]></imageThumbnailBack>
									
				<manufacturer><![CDATA[Novel Creations Usa Inc]]></manufacturer>
				<categories>SEX TOYS FOR WOMEN,BULLETS and EGGS,</categories>
				<itemDescription>15 Functions
New Feature: Remote vibrates in sync with the egg
Remote can be turned on/off leaving the Egg vibrating
USB Rechargeable Bullet
USB Rechargeable Remote Control 
Charge time = 4 hours
Running time = 60-75 minutes
100% Waterproof (submersible)
Amazingly Powerful, Discreet and Petite</itemDescription> <htmlitemdescriptioninbase64format>MTUgRnVuY3Rpb25zPGJyPg0KTmV3IEZlYXR1cmU6IFJlbW90ZSB2aWJyYXRlcyBpbiBzeW5jIHdpdGggdGhlIGVnZzxicj4NClJlbW90ZSBjYW4gYmUgdHVybmVkIG9uL29mZiBsZWF2aW5nIHRoZSBFZ2cgdmlicmF0aW5nPGJyPg0KVVNCIFJlY2hhcmdlYWJsZSBCdWxsZXQ8YnI+DQpVU0IgUmVjaGFyZ2VhYmxlIFJlbW90ZSBDb250cm9sPGJyPiANCkNoYXJnZSB0aW1lID0gNCBob3Vyczxicj4NClJ1bm5pbmcgdGltZSA9IDYwLTc1IG1pbnV0ZXM8YnI+DQoxMDAlIFdhdGVycHJvb2YgKHN1Ym1lcnNpYmxlKTxicj4NCkFtYXppbmdseSBQb3dlcmZ1bCwgRGlzY3JlZXQgYW5kIFBldGl0ZTxicj48YnI+</htmlitemdescriptioninbase64format>												
				<upc>9342851002477</upc>			
				<dateUpdated>12/24/2020 12:01:18 PM</dateUpdated>	
				<itemweight><![CDATA[0.58]]></itemweight>		
				<dateCreated>08/07/2017 5:30:17 PM</dateCreated>			
				<deliveryallowed><![CDATA[1]]></deliveryallowed>	

					
						<categoriesV2>

											
							<categoritem>
								
									<mastercategories><![CDATA[Eggs & Bullets]]></mastercategories>
								
									<subcategories><![CDATA[Blue|Multifunction|Multispeed|Remote Control|Silicone|Waterproof|Wireless|Usb Rechargeable]]></subcategories>
														
							</categoritem>					
												
						</categoriesV2>
						
					<alternatetitle><![CDATA[Nu Sensuelle Remote Control Petite Egg Rechargeable - Tiffany Blue]]></alternatetitle>
					<height><![CDATA[1.5]]></height>
					<width><![CDATA[5.5]]></width>
					<length><![CDATA[6.258]]></length>
					<marketplacerestrictions><![CDATA[1]]></marketplacerestrictions>
					<discontinued>No</discontinued>
					
						<regulations />
												
													
			</item>
				
			<item>
				<title><![CDATA[Coochy Shave Be Original 12.5 Oz]]></title>
				<releaseDate>02/05/2018</releaseDate>				
				<itemSKU>CECOO1002-12</itemSKU>
				<itemID>52701</itemID>		
				<standardPrice>11.2500</standardPrice>		
				<mapPrice>0</mapPrice>
				<msrpPrice>22</msrpPrice>			
				<stock>Available Now</stock>
				<multiplesOF>1</multiplesOF> 
									<imageLargeFront><![CDATA[https://s3.amazonaws.com/ecn-watermarks/effex/52701_1.jpg]]></imageLargeFront>
								
								<imageLargeBack></imageLargeBack>
							
									<imageMediumFront><![CDATA[https://s3.amazonaws.com/ecn-watermarks/effex/52701_5.jpg]]></imageMediumFront>
								
								<imageMediumBack></imageMediumBack>
							
									<imageThumbnailFront><![CDATA[https://s3.amazonaws.com/ecn-watermarks/effex/52701_9.jpg]]></imageThumbnailFront>
								
								<imageThumbnailBack></imageThumbnailBack>
								
				<manufacturer><![CDATA[Classic Erotica]]></manufacturer>
				<categories>SHAVE CREAMS,SEX TOYS FOR WOMEN,OILS, LOTIONS and CREAMS,</categories>
				<itemDescription>Ignite a passionate conversation with be original. Infused with vanilla, orange blossoms and gardenias, you`ll want to bare the velvety powderiness of this signature fragrance.</itemDescription> <htmlitemdescriptioninbase64format>SWduaXRlIGEgcGFzc2lvbmF0ZSBjb252ZXJzYXRpb24gd2l0aCBiZSBvcmlnaW5hbC4gSW5mdXNlZCB3aXRoIHZhbmlsbGEsIG9yYW5nZSBibG9zc29tcyAmIGdhcmRlbmlhcywgeW91P2xsIHdhbnQgdG8gYmFyZSB0aGUgdmVsdmV0eSBwb3dkZXJpbmVzcyBvZiB0aGlzIHNpZ25hdHVyZSBmcmFncmFuY2UuPGJyPjxicj4=</htmlitemdescriptioninbase64format>												
				<upc>638258900492</upc>			
				<dateUpdated>12/24/2020 12:01:18 PM</dateUpdated>	
				<itemweight><![CDATA[0.90]]></itemweight>		
				<dateCreated>08/22/2017 4:30:27 PM</dateCreated>			
				<deliveryallowed><![CDATA[1]]></deliveryallowed>	

					
						<categoriesV2>

											
							<categoritem>
								
									<mastercategories><![CDATA[Bath & Body]]></mastercategories>
								
									<subcategories><![CDATA[Hygiene|Shaving Products|Cream]]></subcategories>
														
							</categoritem>					
												
						</categoriesV2>
						
					<alternatetitle><![CDATA[Coochy Shave Cream Be Original 12.5oz]]></alternatetitle>
					<height><![CDATA[2]]></height>
					<width><![CDATA[3.5]]></width>
					<length><![CDATA[8.5]]></length>
					<marketplacerestrictions><![CDATA[0]]></marketplacerestrictions>
					<discontinued>No</discontinued>
					
						<regulations />
												
													
			</item>
				
			<item>
				<title><![CDATA[Edible Tropical Candle Mango]]></title>
				<releaseDate>10/17/2017</releaseDate>				
				<itemSKU>EB316</itemSKU>
				<itemID>52850</itemID>		
				<standardPrice>8.0000</standardPrice>		
				<mapPrice>15.99</mapPrice>
				<msrpPrice>15.99</msrpPrice>			
				<stock>Available Now</stock>
				<multiplesOF>1</multiplesOF> 
									<imageLargeFront><![CDATA[https://s3.amazonaws.com/ecn-watermarks/effex/52850_1.jpg]]></imageLargeFront>
								
									<imageLargeBack><![CDATA[https://s3.amazonaws.com/ecn-watermarks/effex/52850_2.jpg]]></imageLargeBack>
								
									<imageMediumFront><![CDATA[https://s3.amazonaws.com/ecn-watermarks/effex/52850_5.jpg]]></imageMediumFront>
								
									<imageMediumBack><![CDATA[https://s3.amazonaws.com/ecn-watermarks/effex/52850_6.jpg]]></imageMediumBack>
								
									<imageThumbnailFront><![CDATA[https://s3.amazonaws.com/ecn-watermarks/effex/52850_9.jpg]]></imageThumbnailFront>
								
									<imageThumbnailBack><![CDATA[https://s3.amazonaws.com/ecn-watermarks/effex/52850_10.jpg]]></imageThumbnailBack>
									
				<manufacturer><![CDATA[Earthly Body]]></manufacturer>
				<categories>CANDLES,EDIBLES,EDIBLES,UNISEX ITEMS,</categories>
				<itemDescription>Use as massage oil or moisturizing oil
Contains all natural ingredients
Comes with handy spoon. 4 oz.</itemDescription> <htmlitemdescriptioninbase64format>VXNlIGFzIG1hc3NhZ2Ugb2lsIG9yIG1vaXN0dXJpemluZyBvaWw8YnI+CkNvbnRhaW5zIGFsbCBuYXR1cmFsIGluZ3JlZGllbnRzPGJyPgpDb21lcyB3aXRoIGhhbmR5IHNwb29uLiA0IG96Lg==</htmlitemdescriptioninbase64format>												
				<upc>814487023540</upc>			
				<dateUpdated>12/24/2020 12:01:18 PM</dateUpdated>	
				<itemweight><![CDATA[0.38]]></itemweight>		
				<dateCreated>08/29/2017 3:30:19 PM</dateCreated>			
				<deliveryallowed><![CDATA[1]]></deliveryallowed>	

					
						<categoriesV2>

											
							<categoritem>
								
									<mastercategories><![CDATA[Bath & Body]]></mastercategories>
								
									<subcategories><![CDATA[Candles|Edible Massage Lotions, Oils, Gels & Creams|Vegan|Flavored]]></subcategories>
														
							</categoritem>					
												
						</categoriesV2>
						
					<alternatetitle><![CDATA[Earthly Body Heart-Shaped Hemp Seed Edible Massage Candle Mango 4oz]]></alternatetitle>
					<height><![CDATA[1.5]]></height>
					<width><![CDATA[3]]></width>
					<length><![CDATA[3]]></length>
					<marketplacerestrictions><![CDATA[0]]></marketplacerestrictions>
					<discontinued>No</discontinued>
					
						<regulations />
												
													
			</item>
				
			<item>
				<title><![CDATA[Sandm Shadow Fur Handcuffs]]></title>
				<releaseDate>12/15/2017</releaseDate>				
				<itemSKU>ESS099-12</itemSKU>
				<itemID>53585</itemID>		
				<standardPrice>10.2000</standardPrice>		
				<mapPrice>0</mapPrice>
				<msrpPrice>0</msrpPrice>			
				<stock>Available Now</stock>
				<multiplesOF>1</multiplesOF> 
									<imageLargeFront><![CDATA[https://s3.amazonaws.com/ecn-watermarks/effex/53585_1.jpg]]></imageLargeFront>
								
									<imageLargeBack><![CDATA[https://s3.amazonaws.com/ecn-watermarks/effex/53585_2.jpg]]></imageLargeBack>
								
									<imageMediumFront><![CDATA[https://s3.amazonaws.com/ecn-watermarks/effex/53585_5.jpg]]></imageMediumFront>
								
									<imageMediumBack><![CDATA[https://s3.amazonaws.com/ecn-watermarks/effex/53585_6.jpg]]></imageMediumBack>
								
									<imageThumbnailFront><![CDATA[https://s3.amazonaws.com/ecn-watermarks/effex/53585_9.jpg]]></imageThumbnailFront>
								
									<imageThumbnailBack><![CDATA[https://s3.amazonaws.com/ecn-watermarks/effex/53585_10.jpg]]></imageThumbnailBack>
									
				<manufacturer><![CDATA[Sportsheets International,inc.]]></manufacturer>
				<categories>BONDAGE,HAND CUFFS,UNISEX ITEMS,NON VIBRATING,</categories>
				<itemDescription> One pair of vegan leather and fur lined handcuffs
 Adjustable buckle closure
 Black hardware with dual clasps</itemDescription> <htmlitemdescriptioninbase64format>PyBPbmUgcGFpciBvZiB2ZWdhbiBsZWF0aGVyIGFuZCBmdXIgbGluZWQgaGFuZGN1ZmZzPGJyPg0KPyBBZGp1c3RhYmxlIGJ1Y2tsZSBjbG9zdXJlPGJyPg0KPyBCbGFjayBoYXJkd2FyZSB3aXRoIGR1YWwgY2xhc3BzPGJyPjxicj4=</htmlitemdescriptioninbase64format>												
				<upc>646709099121</upc>			
				<dateUpdated>12/24/2020 12:01:18 PM</dateUpdated>	
				<itemweight><![CDATA[0.42]]></itemweight>		
				<dateCreated>12/04/2017 3:30:13 PM</dateCreated>			
				<deliveryallowed><![CDATA[1]]></deliveryallowed>	

					
						<categoriesV2>

											
							<categoritem>
								
									<mastercategories><![CDATA[Bondage & Fetish]]></mastercategories>
								
									<subcategories><![CDATA[Black|Couples|Handcuffs|Non-vibrating|Wrist Cuffs|Wrist Restraints]]></subcategories>
														
							</categoritem>					
												
						</categoriesV2>
						
					<alternatetitle><![CDATA[Sex and Mischief Shadow Fur Handcuffs - Black]]></alternatetitle>
					<height><![CDATA[2]]></height>
					<width><![CDATA[5]]></width>
					<length><![CDATA[8]]></length>
					<marketplacerestrictions><![CDATA[1]]></marketplacerestrictions>
					<discontinued>No</discontinued>
					
						<regulations />
												
													
			</item>
				
			<item>
				<title><![CDATA[Sandm Enchanted Heart Paddle]]></title>
				<releaseDate>01/12/2018</releaseDate>				
				<itemSKU>ESS099-20</itemSKU>
				<itemID>53588</itemID>		
				<standardPrice>10.2000</standardPrice>		
				<mapPrice>0</mapPrice>
				<msrpPrice>0</msrpPrice>			
				<stock>Available Now</stock>
				<multiplesOF>1</multiplesOF> 
									<imageLargeFront><![CDATA[https://s3.amazonaws.com/ecn-watermarks/effex/53588_1.jpg]]></imageLargeFront>
								
								<imageLargeBack></imageLargeBack>
							
									<imageMediumFront><![CDATA[https://s3.amazonaws.com/ecn-watermarks/effex/53588_5.jpg]]></imageMediumFront>
								
								<imageMediumBack></imageMediumBack>
							
									<imageThumbnailFront><![CDATA[https://s3.amazonaws.com/ecn-watermarks/effex/53588_9.jpg]]></imageThumbnailFront>
								
								<imageThumbnailBack></imageThumbnailBack>
								
				<manufacturer><![CDATA[Sportsheets International,inc.]]></manufacturer>
				<categories>PADDLES,BONDAGE,SEX TOYS FOR COUPLES,ACCESSORIES,</categories>
				<itemDescription> Want to be sweet yet sassy?
 The Enchanted Heart Paddle has two sides, vegan burgundy fur and a flat velvety feel
 Start by tickling and stroking with the sweet vegan fur then leave a sassy sting with the flat soft side</itemDescription> <htmlitemdescriptioninbase64format>PyBXYW50IHRvIGJlIHN3ZWV0IHlldCBzYXNzeT88YnI+DQo/IFRoZSBFbmNoYW50ZWQgSGVhcnQgUGFkZGxlIGhhcyB0d28gc2lkZXMsIHZlZ2FuIGJ1cmd1bmR5IGZ1ciBhbmQgYSBmbGF0IHZlbHZldHkgZmVlbDxicj4NCj8gU3RhcnQgYnkgdGlja2xpbmcgYW5kIHN0cm9raW5nIHdpdGggdGhlIHN3ZWV0IHZlZ2FuIGZ1ciB0aGVuIGxlYXZlIGEgc2Fzc3kgc3Rpbmcgd2l0aCB0aGUgZmxhdCBzb2Z0IHNpZGU8YnI+PGJyPg==</htmlitemdescriptioninbase64format>												
				<upc>646709099206</upc>			
				<dateUpdated>12/24/2020 12:01:18 PM</dateUpdated>	
				<itemweight><![CDATA[0.14]]></itemweight>		
				<dateCreated>12/04/2017 4:00:07 PM</dateCreated>			
				<deliveryallowed><![CDATA[1]]></deliveryallowed>	

					
						<categoriesV2>

											
							<categoritem>
								
									<mastercategories><![CDATA[Bondage & Fetish]]></mastercategories>
								
									<subcategories><![CDATA[Couples|Multicolor|Paddles|Textured]]></subcategories>
														
							</categoritem>					
												
						</categoriesV2>
						
					<alternatetitle><![CDATA[Sex and Mischief Enchanted Heart Paddle - Black/Red]]></alternatetitle>
					<height><![CDATA[0.25]]></height>
					<width><![CDATA[7]]></width>
					<length><![CDATA[11]]></length>
					<marketplacerestrictions><![CDATA[1]]></marketplacerestrictions>
					<discontinued>No</discontinued>
					
						<regulations />
												
													
			</item>
				
			<item>
				<title><![CDATA[Sandm Silicone Lips Pink]]></title>
				<releaseDate>01/12/2018</releaseDate>				
				<itemSKU>ESS099-44</itemSKU>
				<itemID>53604</itemID>		
				<standardPrice>7.6500</standardPrice>		
				<mapPrice>0</mapPrice>
				<msrpPrice>0</msrpPrice>			
				<stock>Available Now</stock>
				<multiplesOF>1</multiplesOF> 
									<imageLargeFront><![CDATA[https://s3.amazonaws.com/ecn-watermarks/effex/53604_1.jpg]]></imageLargeFront>
								
									<imageLargeBack><![CDATA[https://s3.amazonaws.com/ecn-watermarks/effex/53604_2.jpg]]></imageLargeBack>
								
									<imageMediumFront><![CDATA[https://s3.amazonaws.com/ecn-watermarks/effex/53604_5.jpg]]></imageMediumFront>
								
									<imageMediumBack><![CDATA[https://s3.amazonaws.com/ecn-watermarks/effex/53604_6.jpg]]></imageMediumBack>
								
									<imageThumbnailFront><![CDATA[https://s3.amazonaws.com/ecn-watermarks/effex/53604_9.jpg]]></imageThumbnailFront>
								
									<imageThumbnailBack><![CDATA[https://s3.amazonaws.com/ecn-watermarks/effex/53604_10.jpg]]></imageThumbnailBack>
									
				<manufacturer><![CDATA[Sportsheets International,inc.]]></manufacturer>
				<categories>SILICONE,BONDAGE,SEX TOYS FOR COUPLES,ADJUSTABLE,</categories>
				<itemDescription> Create a sexy lipstick fantasy with the Silicone Lips open mouth gag
 Wrap your lips around the gag and secure with the adjustable vegan leather strap with buckle closure</itemDescription> <htmlitemdescriptioninbase64format>PyBDcmVhdGUgYSBzZXh5IGxpcHN0aWNrIGZhbnRhc3kgd2l0aCB0aGUgU2lsaWNvbmUgTGlwcyBvcGVuIG1vdXRoIGdhZzxicj4NCj8gV3JhcCB5b3VyIGxpcHMgYXJvdW5kIHRoZSBnYWcgYW5kIHNlY3VyZSB3aXRoIHRoZSBhZGp1c3RhYmxlIHZlZ2FuIGxlYXRoZXIgc3RyYXAgd2l0aCBidWNrbGUgY2xvc3VyZTxicj48YnI+</htmlitemdescriptioninbase64format>												
				<upc>646709099442</upc>			
				<dateUpdated>12/24/2020 12:01:18 PM</dateUpdated>	
				<itemweight><![CDATA[0.24]]></itemweight>		
				<dateCreated>12/04/2017 5:00:04 PM</dateCreated>			
				<deliveryallowed><![CDATA[1]]></deliveryallowed>	

					
						<categoriesV2>

											
							<categoritem>
								
									<mastercategories><![CDATA[Bondage & Fetish|Holiday]]></mastercategories>
								
									<subcategories><![CDATA[Pink|Silicone|Beginner|Valentines Day|Mouth Gag]]></subcategories>
														
							</categoritem>					
												
						</categoriesV2>
						
					<alternatetitle><![CDATA[Sex and Mischief Silicone Lips Open Mouth Gag - Pink]]></alternatetitle>
					<height><![CDATA[2]]></height>
					<width><![CDATA[6.5]]></width>
					<length><![CDATA[9]]></length>
					<marketplacerestrictions><![CDATA[1]]></marketplacerestrictions>
					<discontinued>No</discontinued>
					
						<regulations />
												
													
			</item>
				
			<item>
				<title><![CDATA[Sandm Sensory Wheel]]></title>
				<releaseDate>01/12/2018</releaseDate>				
				<itemSKU>ESS099-47</itemSKU>
				<itemID>53607</itemID>		
				<standardPrice>10.0000</standardPrice>		
				<mapPrice>0</mapPrice>
				<msrpPrice>0</msrpPrice>			
				<stock>Available Now</stock>
				<multiplesOF>1</multiplesOF> 
									<imageLargeFront><![CDATA[https://s3.amazonaws.com/ecn-watermarks/effex/53607_1.jpg]]></imageLargeFront>
								
									<imageLargeBack><![CDATA[https://s3.amazonaws.com/ecn-watermarks/effex/53607_2.jpg]]></imageLargeBack>
								
									<imageMediumFront><![CDATA[https://s3.amazonaws.com/ecn-watermarks/effex/53607_5.jpg]]></imageMediumFront>
								
									<imageMediumBack><![CDATA[https://s3.amazonaws.com/ecn-watermarks/effex/53607_6.jpg]]></imageMediumBack>
								
									<imageThumbnailFront><![CDATA[https://s3.amazonaws.com/ecn-watermarks/effex/53607_9.jpg]]></imageThumbnailFront>
								
									<imageThumbnailBack><![CDATA[https://s3.amazonaws.com/ecn-watermarks/effex/53607_10.jpg]]></imageThumbnailBack>
									
				<manufacturer><![CDATA[Sportsheets International,inc.]]></manufacturer>
				<categories>SandM,UNISEX ITEMS,ACCESSORIES,NON VIBRATING,</categories>
				<itemDescription> The Sensory Wheel has nine, sharp yet non-piercing micro-spiked metal wheels
 Add a blindfold for optimal sensory play while you run the wheels along your partner`s skin
 It`s sleek black handle is nicely accessorized with it`s red wheels</itemDescription> <htmlitemdescriptioninbase64format>PyBUaGUgU2Vuc29yeSBXaGVlbCBoYXMgbmluZSwgc2hhcnAgeWV0IG5vbi1waWVyY2luZyBtaWNyby1zcGlrZWQgbWV0YWwgd2hlZWxzPGJyPg0KPyBBZGQgYSBibGluZGZvbGQgZm9yIG9wdGltYWwgc2Vuc29yeSBwbGF5IHdoaWxlIHlvdSBydW4gdGhlIHdoZWVscyBhbG9uZyB5b3VyIHBhcnRuZXIncyBza2luPGJyPg0KPyBJdCdzIHNsZWVrIGJsYWNrIGhhbmRsZSBpcyBuaWNlbHkgYWNjZXNzb3JpemVkIHdpdGggaXQncyByZWQgd2hlZWxzPGJyPjxicj4=</htmlitemdescriptioninbase64format>												
				<upc>646709099473</upc>			
				<dateUpdated>12/24/2020 12:01:18 PM</dateUpdated>	
				<itemweight><![CDATA[0.16]]></itemweight>		
				<dateCreated>12/04/2017 5:00:04 PM</dateCreated>			
				<deliveryallowed><![CDATA[1]]></deliveryallowed>	

					
						<categoriesV2>

											
							<categoritem>
								
									<mastercategories><![CDATA[Bondage & Fetish]]></mastercategories>
								
									<subcategories><![CDATA[Black|Novelty Items|Accessories]]></subcategories>
														
							</categoritem>					
												
						</categoriesV2>
						
					<alternatetitle><![CDATA[Sex and Mischief Sensory Wheel - Black/Red]]></alternatetitle>
					<height><![CDATA[1.5]]></height>
					<width><![CDATA[3]]></width>
					<length><![CDATA[8.25]]></length>
					<marketplacerestrictions><![CDATA[1]]></marketplacerestrictions>
					<discontinued>No</discontinued>
					
						<regulations />
												
													
			</item>
				
			<item>
				<title><![CDATA[Sandm Shadow Rope Flogger]]></title>
				<releaseDate>01/17/2018</releaseDate>				
				<itemSKU>ESS100-47</itemSKU>
				<itemID>53608</itemID>		
				<standardPrice>6.6300</standardPrice>		
				<mapPrice>0</mapPrice>
				<msrpPrice>0</msrpPrice>			
				<stock>Available Now</stock>
				<multiplesOF>1</multiplesOF> 
									<imageLargeFront><![CDATA[https://s3.amazonaws.com/ecn-watermarks/effex/53608_1.jpg]]></imageLargeFront>
								
								<imageLargeBack></imageLargeBack>
							
									<imageMediumFront><![CDATA[https://s3.amazonaws.com/ecn-watermarks/effex/53608_5.jpg]]></imageMediumFront>
								
								<imageMediumBack></imageMediumBack>
							
									<imageThumbnailFront><![CDATA[https://s3.amazonaws.com/ecn-watermarks/effex/53608_9.jpg]]></imageThumbnailFront>
								
								<imageThumbnailBack></imageThumbnailBack>
								
				<manufacturer><![CDATA[Sportsheets International,inc.]]></manufacturer>
				<categories>SandM,WHIPS,UNISEX ITEMS,</categories>
				<itemDescription> Want a toy with a softer touch?
 Try the sensual Shadow Rope Flogger
 Tickle or tease, but definitely get your partner`s attention</itemDescription> <htmlitemdescriptioninbase64format>PyBXYW50IGEgdG95IHdpdGggYSBzb2Z0ZXIgdG91Y2g/PGJyPg0KPyBUcnkgdGhlIHNlbnN1YWwgU2hhZG93IFJvcGUgRmxvZ2dlcjxicj4NCj8gVGlja2xlIG9yIHRlYXNlLCBidXQgZGVmaW5pdGVseSBnZXQgeW91ciBwYXJ0bmVyJ3MgYXR0ZW50aW9uPGJyPjxicj4=</htmlitemdescriptioninbase64format>												
				<upc>646709100476</upc>			
				<dateUpdated>12/24/2020 12:01:18 PM</dateUpdated>	
				<itemweight><![CDATA[0.26]]></itemweight>		
				<dateCreated>12/05/2017 11:00:12 AM</dateCreated>			
				<deliveryallowed><![CDATA[1]]></deliveryallowed>	

					
						<categoriesV2>

											
							<categoritem>
								
									<mastercategories><![CDATA[Bondage & Fetish]]></mastercategories>
								
									<subcategories><![CDATA[Black|Couples|Whips]]></subcategories>
														
							</categoritem>					
												
						</categoriesV2>
						
					<alternatetitle><![CDATA[Sex and Mischief Shadow Rope Flogger - Black]]></alternatetitle>
					<height><![CDATA[1]]></height>
					<width><![CDATA[3]]></width>
					<length><![CDATA[20]]></length>
					<marketplacerestrictions><![CDATA[1]]></marketplacerestrictions>
					<discontinued>No</discontinued>
					
						<regulations />
												
													
			</item>
				
			<item>
				<title><![CDATA[Toone Vibe Pink-indv(disc)]]></title>
				<releaseDate>01/30/2018</releaseDate>				
				<itemSKU>XSOARHPK101</itemSKU>
				<itemID>53667</itemID>		
				<standardPrice>27.4800</standardPrice>		
				<mapPrice>0</mapPrice>
				<msrpPrice>59.95</msrpPrice>			
				<stock>Available Now</stock>
				<multiplesOF>1</multiplesOF> 
									<imageLargeFront><![CDATA[https://s3.amazonaws.com/ecn-watermarks/effex/53667_1.jpg]]></imageLargeFront>
								
									<imageLargeBack><![CDATA[https://s3.amazonaws.com/ecn-watermarks/effex/53667_2.jpg]]></imageLargeBack>
								
									<imageMediumFront><![CDATA[https://s3.amazonaws.com/ecn-watermarks/effex/53667_5.jpg]]></imageMediumFront>
								
									<imageMediumBack><![CDATA[https://s3.amazonaws.com/ecn-watermarks/effex/53667_6.jpg]]></imageMediumBack>
								
									<imageThumbnailFront><![CDATA[https://s3.amazonaws.com/ecn-watermarks/effex/53667_9.jpg]]></imageThumbnailFront>
								
									<imageThumbnailBack><![CDATA[https://s3.amazonaws.com/ecn-watermarks/effex/53667_10.jpg]]></imageThumbnailBack>
									
				<manufacturer><![CDATA[Screaming O]]></manufacturer>
				<categories>VIBRATORS WITH CLIT STIMULATIO,WATERPROOF MUTI FUNCTION,SEX TOYS FOR WOMEN,RECHARGABLE,</categories>
				<itemDescription> Rechargeable flexible dual-motor vibrator
 Two flexible ears with individual motors
 Deep, rumbling Vooom&amp;#xae; vibration
 20 FUNctions, including syncopated patterns and ten steady speeds
 Made of lab-tested, body-safe True Silicone&amp;#xae;</itemDescription> <htmlitemdescriptioninbase64format>PyBSZWNoYXJnZWFibGUgZmxleGlibGUgZHVhbC1tb3RvciB2aWJyYXRvcjxicj4NCj8gVHdvIGZsZXhpYmxlID9lYXJzPyB3aXRoIGluZGl2aWR1YWwgbW90b3JzPGJyPg0KPyBEZWVwLCBydW1ibGluZyBWb29vba4gdmlicmF0aW9uPGJyPg0KPyAyMCBGVU5jdGlvbnMsIGluY2x1ZGluZyBzeW5jb3BhdGVkIHBhdHRlcm5zIGFuZCB0ZW4gc3RlYWR5IHNwZWVkczxicj4NCj8gTWFkZSBvZiBsYWItdGVzdGVkLCBib2R5LXNhZmUgVHJ1ZSBTaWxpY29uZa48YnI+PGJyPg==</htmlitemdescriptioninbase64format>												
				<upc>817483013225</upc>			
				<dateUpdated>12/24/2020 12:01:18 PM</dateUpdated>	
				<itemweight><![CDATA[0.30]]></itemweight>		
				<dateCreated>12/18/2017 10:30:22 AM</dateCreated>			
				<deliveryallowed><![CDATA[1]]></deliveryallowed>	

					
						<categoriesV2>

											
							<categoritem>
								
									<mastercategories><![CDATA[Clitoral Stimulation|Closeout/discontinued]]></mastercategories>
								
									<subcategories><![CDATA[Dual Vibrating|Multispeed|Pink|Silicone|Waterproof|Bendable|Usb Rechargeable]]></subcategories>
														
							</categoritem>					
												
						</categoriesV2>
						
					<alternatetitle><![CDATA[Affordable Rechargeable Toone Flexible Dual Motor Silicone Vibrator Waterproof Pink]]></alternatetitle>
					<height><![CDATA[2]]></height>
					<width><![CDATA[4]]></width>
					<length><![CDATA[8.25]]></length>
					<marketplacerestrictions><![CDATA[0]]></marketplacerestrictions>
					<discontinued>Yes</discontinued>
					
						<regulations />
												
													
			</item>
				
			<item>
				<title><![CDATA[Mini Marvels Marvelous Lover Pink]]></title>
				<releaseDate>02/16/2018</releaseDate>				
				<itemSKU>SE-4409-45-3</itemSKU>
				<itemID>53725</itemID>		
				<standardPrice>36.3500</standardPrice>		
				<mapPrice>0</mapPrice>
				<msrpPrice>72.99</msrpPrice>			
				<stock>Available Now</stock>
				<multiplesOF>1</multiplesOF> 
									<imageLargeFront><![CDATA[https://s3.amazonaws.com/ecn-watermarks/effex/53725_1.jpg]]></imageLargeFront>
								
									<imageLargeBack><![CDATA[https://s3.amazonaws.com/ecn-watermarks/effex/53725_2.jpg]]></imageLargeBack>
								
									<imageMediumFront><![CDATA[https://s3.amazonaws.com/ecn-watermarks/effex/53725_5.jpg]]></imageMediumFront>
								
									<imageMediumBack><![CDATA[https://s3.amazonaws.com/ecn-watermarks/effex/53725_6.jpg]]></imageMediumBack>
								
									<imageThumbnailFront><![CDATA[https://s3.amazonaws.com/ecn-watermarks/effex/53725_9.jpg]]></imageThumbnailFront>
								
									<imageThumbnailBack><![CDATA[https://s3.amazonaws.com/ecn-watermarks/effex/53725_10.jpg]]></imageThumbnailBack>
									
				<manufacturer><![CDATA[California Exotic Novelties, Llc]]></manufacturer>
				<categories>SILICONE,VIBRATORS,WATERPROOF MUTI FUNCTION,SEX TOYS FOR WOMEN,</categories>
				<itemDescription>- Elegantly designed for the ultimate in gratification. Revel in the luxurious feel and the pure pleasure you`ll achieve.
- An easy-to-use travel lock means you can go wherever you like - and take your personal pleasure right along with you.
- As simple to clean as it is easy to use, you`ll find cleaning a snap.
- No fuss, no wires - this item is 100% self contained.
- A variable speed control takes you to the height of gratifying pleasure. You`ll find sensual stimulation that throbs with excitement.
- 10 exciting functions are designed for the ultimate in sensual pleasure and the peak of gratifications.

Dimensions:
Vibrator: 7 x 2</itemDescription> <htmlitemdescriptioninbase64format>LSBFbGVnYW50bHkgZGVzaWduZWQgZm9yIHRoZSB1bHRpbWF0ZSBpbiBncmF0aWZpY2F0aW9uLiBSZXZlbCBpbiB0aGUgbHV4dXJpb3VzIGZlZWwgYW5kIHRoZSBwdXJlIHBsZWFzdXJlIHlvdSdsbCBhY2hpZXZlLjxicj4NCi0gQW4gZWFzeS10by11c2UgdHJhdmVsIGxvY2sgbWVhbnMgeW91IGNhbiBnbyB3aGVyZXZlciB5b3UgbGlrZSAtIGFuZCB0YWtlIHlvdXIgcGVyc29uYWwgcGxlYXN1cmUgcmlnaHQgYWxvbmcgd2l0aCB5b3UuPGJyPg0KLSBBcyBzaW1wbGUgdG8gY2xlYW4gYXMgaXQgaXMgZWFzeSB0byB1c2UsIHlvdSdsbCBmaW5kIGNsZWFuaW5nIGEgc25hcC48YnI+DQotIE5vIGZ1c3MsIG5vIHdpcmVzIC0gdGhpcyBpdGVtIGlzIDEwMCUgc2VsZiBjb250YWluZWQuPGJyPg0KLSBBIHZhcmlhYmxlIHNwZWVkIGNvbnRyb2wgdGFrZXMgeW91IHRvIHRoZSBoZWlnaHQgb2YgZ3JhdGlmeWluZyBwbGVhc3VyZS4gWW91J2xsIGZpbmQgc2Vuc3VhbCBzdGltdWxhdGlvbiB0aGF0IHRocm9icyB3aXRoIGV4Y2l0ZW1lbnQuPGJyPg0KLSAxMCBleGNpdGluZyBmdW5jdGlvbnMgYXJlIGRlc2lnbmVkIGZvciB0aGUgdWx0aW1hdGUgaW4gc2Vuc3VhbCBwbGVhc3VyZSBhbmQgdGhlIHBlYWsgb2YgZ3JhdGlmaWNhdGlvbnMuPGJyPjxicj4NCg0KRGltZW5zaW9uczo8YnI+DQpWaWJyYXRvcjogNyIgeCAyIjxicj48YnI+</htmlitemdescriptioninbase64format>												
				<upc>716770090652</upc>			
				<dateUpdated>12/24/2020 12:01:18 PM</dateUpdated>	
				<itemweight><![CDATA[0.72]]></itemweight>		
				<dateCreated>01/11/2018 5:00:28 PM</dateCreated>			
				<deliveryallowed><![CDATA[1]]></deliveryallowed>	

					
						<categoriesV2>

											
							<categoritem>
								
									<mastercategories><![CDATA[Clitoral Stimulation|Massagers]]></mastercategories>
								
									<subcategories><![CDATA[Multifunction|Pink|Silicone|Vibrating|Waterproof|Usb Rechargeable]]></subcategories>
														
							</categoritem>					
												
						</categoriesV2>
						
					<alternatetitle><![CDATA[Mini Marvels Marvelous Lover Silicone Rechargeable Vibrator - Pink]]></alternatetitle>
					<height><![CDATA[2.5]]></height>
					<width><![CDATA[5.5]]></width>
					<length><![CDATA[7.75]]></length>
					<marketplacerestrictions><![CDATA[0]]></marketplacerestrictions>
					<discontinued>No</discontinued>
					
						<regulations />
												
													
			</item>
				
			<item>
				<title><![CDATA[Fantasy For Her Crotchless Panty Thrill]]></title>
				<releaseDate>03/28/2018</releaseDate>				
				<itemSKU>PD4933-12</itemSKU>
				<itemID>53820</itemID>		
				<standardPrice>28.0000</standardPrice>		
				<mapPrice>0</mapPrice>
				<msrpPrice>55.99</msrpPrice>			
				<stock>Available Now</stock>
				<multiplesOF>1</multiplesOF> 
									<imageLargeFront><![CDATA[https://s3.amazonaws.com/ecn-watermarks/effex/53820_1.jpg]]></imageLargeFront>
								
									<imageLargeBack><![CDATA[https://s3.amazonaws.com/ecn-watermarks/effex/53820_2.jpg]]></imageLargeBack>
								
									<imageMediumFront><![CDATA[https://s3.amazonaws.com/ecn-watermarks/effex/53820_5.jpg]]></imageMediumFront>
								
									<imageMediumBack><![CDATA[https://s3.amazonaws.com/ecn-watermarks/effex/53820_6.jpg]]></imageMediumBack>
								
									<imageThumbnailFront><![CDATA[https://s3.amazonaws.com/ecn-watermarks/effex/53820_9.jpg]]></imageThumbnailFront>
								
									<imageThumbnailBack><![CDATA[https://s3.amazonaws.com/ecn-watermarks/effex/53820_10.jpg]]></imageThumbnailBack>
									
				<manufacturer><![CDATA[Pipedream Products,inc.]]></manufacturer>
				<categories>PANTIES,CLIT STIMULATION,VIBRATING,SEX TOYS FOR WOMEN,</categories>
				<itemDescription>She had discovered the perfect present for both her and her lover. She slipped the crotchless panty thrill-her out of its package and admired the gorgeous purple hue of the panty. She knew from talking with her friends that most women needed to have some clitoral stimulation in order to have an earth-shattering orgasm. And she also knew that this panty was going to allow her to enjoy pleasing vibration during sex play with her lover  and that she was ready for her orgasms to be monumental.
 
She slid the purple panty up her legs. The see-through material was incredible sexy and it felt sensuous against her bare skin. She liked the extra details like the decorative panty straps that made this panty fit better than her expensive lingerie and made her look even more seductive.  The panty was slit in the crotch so that her soft lips and vagina would be easily accessible. Ah, she admired her favorite panty accessory, the miniature massager, and placed it securely inside her panty`s secret inner pocket. It fit like a glove.
 
The wireless remote control fit comfortably in the palm of her hand. Perhaps she should see how it worked. Now. Before she met her lover. She pressed the power button and turned on the vibration. Ahhhh, the sensual stimulation was more intense and fulfilling then she had hoped. The quiet motor happily buzzed against her sensitive clit. She could feel warmth rushing between her legs as all her intimate senses began to awaken.
 
She pressed the remote again and again and became more and more excited as the vibrations tickled her clit. Her lips started to swell with pleasure. She could feel herself becoming wetter and wetter as her body responded to her thrill-her.  She gasped as she felt her orgasm building. Her gasp turned to a moan as a powerful orgasm shook her entire body. Slowly she became aware that her body was relaxing, completely tranquil and sensuously satisfied. Oh yes, her lover would appreciate this new gift. She found herself smiling as she daydreamed about wearing her crotchless panty thrill-her during their very next sex play session. Wonderfully, her orgasms would never be the same again.
 
It`s all about Her.

Panties fit most waists from...
US: 30-42 (sizes 4-16)
EU: 76 cm-107 cm (sizes 36-46)

Dimensions:
Panties
Item Width:	13 in.
Item Height:	7 in.

Bullet
Item Length:	3 in.
Item Width:	0.7 in.</itemDescription> <htmlitemdescriptioninbase64format>U2hlIGhhZCBkaXNjb3ZlcmVkIHRoZSBwZXJmZWN0IHByZXNlbnQgZm9yIGJvdGggaGVyIGFuZCBoZXIgbG92ZXIuIFNoZSBzbGlwcGVkIHRoZSBjcm90Y2hsZXNzIHBhbnR5IHRocmlsbC1oZXIgb3V0IG9mIGl0cyBwYWNrYWdlIGFuZCBhZG1pcmVkIHRoZSBnb3JnZW91cyBwdXJwbGUgaHVlIG9mIHRoZSBwYW50eS4gU2hlIGtuZXcgZnJvbSB0YWxraW5nIHdpdGggaGVyIGZyaWVuZHMgdGhhdCBtb3N0IHdvbWVuIG5lZWRlZCB0byBoYXZlIHNvbWUgY2xpdG9yYWwgc3RpbXVsYXRpb24gaW4gb3JkZXIgdG8gaGF2ZSBhbiBlYXJ0aC1zaGF0dGVyaW5nIG9yZ2FzbS4gQW5kIHNoZSBhbHNvIGtuZXcgdGhhdCB0aGlzIHBhbnR5IHdhcyBnb2luZyB0byBhbGxvdyBoZXIgdG8gZW5qb3kgcGxlYXNpbmcgdmlicmF0aW9uIGR1cmluZyBzZXggcGxheSB3aXRoIGhlciBsb3ZlciA/IGFuZCB0aGF0IHNoZSB3YXMgcmVhZHkgZm9yIGhlciBvcmdhc21zIHRvIGJlIG1vbnVtZW50YWwuPGJyPjxicj4NCiANClNoZSBzbGlkIHRoZSBwdXJwbGUgcGFudHkgdXAgaGVyIGxlZ3MuIFRoZSBzZWUtdGhyb3VnaCBtYXRlcmlhbCB3YXMgaW5jcmVkaWJsZSBzZXh5IGFuZCBpdCBmZWx0IHNlbnN1b3VzIGFnYWluc3QgaGVyIGJhcmUgc2tpbi4gU2hlIGxpa2VkIHRoZSBleHRyYSBkZXRhaWxzIGxpa2UgdGhlIGRlY29yYXRpdmUgcGFudHkgc3RyYXBzIHRoYXQgbWFkZSB0aGlzIHBhbnR5IGZpdCBiZXR0ZXIgdGhhbiBoZXIgZXhwZW5zaXZlIGxpbmdlcmllIGFuZCBtYWRlIGhlciBsb29rIGV2ZW4gbW9yZSBzZWR1Y3RpdmUuICBUaGUgcGFudHkgd2FzIHNsaXQgaW4gdGhlIGNyb3RjaCBzbyB0aGF0IGhlciBzb2Z0IGxpcHMgYW5kIHZhZ2luYSB3b3VsZCBiZSBlYXNpbHkgYWNjZXNzaWJsZS4gQWgsIHNoZSBhZG1pcmVkIGhlciBmYXZvcml0ZSBwYW50eSBhY2Nlc3NvcnksIHRoZSBtaW5pYXR1cmUgbWFzc2FnZXIsIGFuZCBwbGFjZWQgaXQgc2VjdXJlbHkgaW5zaWRlIGhlciBwYW50eT9zIHNlY3JldCBpbm5lciBwb2NrZXQuIEl0IGZpdCBsaWtlIGEgZ2xvdmUuPGJyPjxicj4NCiANClRoZSB3aXJlbGVzcyByZW1vdGUgY29udHJvbCBmaXQgY29tZm9ydGFibHkgaW4gdGhlIHBhbG0gb2YgaGVyIGhhbmQuIFBlcmhhcHMgc2hlIHNob3VsZCBzZWUgaG93IGl0IHdvcmtlZC4gTm93LiBCZWZvcmUgc2hlIG1ldCBoZXIgbG92ZXIuIFNoZSBwcmVzc2VkIHRoZSBwb3dlciBidXR0b24gYW5kIHR1cm5lZCBvbiB0aGUgdmlicmF0aW9uLiBBaGhoaCwgdGhlIHNlbnN1YWwgc3RpbXVsYXRpb24gd2FzIG1vcmUgaW50ZW5zZSBhbmQgZnVsZmlsbGluZyB0aGVuIHNoZSBoYWQgaG9wZWQuIFRoZSBxdWlldCBtb3RvciBoYXBwaWx5IGJ1enplZCBhZ2FpbnN0IGhlciBzZW5zaXRpdmUgY2xpdC4gU2hlIGNvdWxkIGZlZWwgd2FybXRoIHJ1c2hpbmcgYmV0d2VlbiBoZXIgbGVncyBhcyBhbGwgaGVyIGludGltYXRlIHNlbnNlcyBiZWdhbiB0byBhd2FrZW4uPGJyPjxicj4NCiANClNoZSBwcmVzc2VkIHRoZSByZW1vdGUgYWdhaW4gYW5kIGFnYWluIGFuZCBiZWNhbWUgbW9yZSBhbmQgbW9yZSBleGNpdGVkIGFzIHRoZSB2aWJyYXRpb25zIHRpY2tsZWQgaGVyIGNsaXQuIEhlciBsaXBzIHN0YXJ0ZWQgdG8gc3dlbGwgd2l0aCBwbGVhc3VyZS4gU2hlIGNvdWxkIGZlZWwgaGVyc2VsZiBiZWNvbWluZyB3ZXR0ZXIgYW5kIHdldHRlciBhcyBoZXIgYm9keSByZXNwb25kZWQgdG8gaGVyIHRocmlsbC1oZXIuICBTaGUgZ2FzcGVkIGFzIHNoZSBmZWx0IGhlciBvcmdhc20gYnVpbGRpbmcuIEhlciBnYXNwIHR1cm5lZCB0byBhIG1vYW4gYXMgYSBwb3dlcmZ1bCBvcmdhc20gc2hvb2sgaGVyIGVudGlyZSBib2R5LiBTbG93bHkgc2hlIGJlY2FtZSBhd2FyZSB0aGF0IGhlciBib2R5IHdhcyByZWxheGluZywgY29tcGxldGVseSB0cmFucXVpbCBhbmQgc2Vuc3VvdXNseSBzYXRpc2ZpZWQuIE9oIHllcywgaGVyIGxvdmVyIHdvdWxkIGFwcHJlY2lhdGUgdGhpcyBuZXcgZ2lmdC4gU2hlIGZvdW5kIGhlcnNlbGYgc21pbGluZyBhcyBzaGUgZGF5ZHJlYW1lZCBhYm91dCB3ZWFyaW5nIGhlciBjcm90Y2hsZXNzIHBhbnR5IHRocmlsbC1oZXIgZHVyaW5nIHRoZWlyIHZlcnkgbmV4dCBzZXggcGxheSBzZXNzaW9uLiBXb25kZXJmdWxseSwgaGVyIG9yZ2FzbXMgd291bGQgbmV2ZXIgYmUgdGhlIHNhbWUgYWdhaW4uPGJyPjxicj4NCiANCkl0P3MgYWxsIGFib3V0IEhlci48YnI+PGJyPg0KDQpQYW50aWVzIGZpdCBtb3N0IHdhaXN0cyBmcm9tLi4uPGJyPg0KVVM6IDMwIi00MiIgKHNpemVzIDQtMTYpPGJyPg0KRVU6IDc2IGNtLTEwNyBjbSAoc2l6ZXMgMzYtNDYpPGJyPjxicj4NCg0KRGltZW5zaW9uczo8YnI+DQpQYW50aWVzPGJyPg0KSXRlbSBXaWR0aDoJMTMgaW4uPGJyPg0KSXRlbSBIZWlnaHQ6CTcgaW4uPGJyPjxicj4NCg0KQnVsbGV0PGJyPg0KSXRlbSBMZW5ndGg6CTMgaW4uPGJyPg0KSXRlbSBXaWR0aDoJMC43IGluLjxicj48YnI+</htmlitemdescriptioninbase64format>												
				<upc>603912752175</upc>			
				<dateUpdated>12/24/2020 12:01:18 PM</dateUpdated>	
				<itemweight><![CDATA[0.32]]></itemweight>		
				<dateCreated>01/16/2018 10:30:04 AM</dateCreated>			
				<deliveryallowed><![CDATA[1]]></deliveryallowed>	

					
						<categoriesV2>

											
							<categoritem>
								
									<mastercategories><![CDATA[Lingerie, Clothing & Accessories]]></mastercategories>
								
									<subcategories><![CDATA[Crotchless|Multifunction|Multispeed|Panties|Purple|Rechargeable|Remote Control|Vibrating Panties & Thongs|Usb Rechargeable]]></subcategories>
														
							</categoritem>					
												
						</categoriesV2>
						
					<alternatetitle><![CDATA[Fantasy Fore Her Thrill Her Crotchless Panty Purple]]></alternatetitle>
					<height><![CDATA[1.5]]></height>
					<width><![CDATA[4.5]]></width>
					<length><![CDATA[8]]></length>
					<marketplacerestrictions><![CDATA[0]]></marketplacerestrictions>
					<discontinued>No</discontinued>
					
						<regulations />
												
													
			</item>
				
			<item>
				<title><![CDATA[Aande Eve`s First Rechargeable Bunny]]></title>
				<releaseDate>04/23/2018</releaseDate>				
				<itemSKU>EN-AE-2285</itemSKU>
				<itemID>53924</itemID>		
				<standardPrice>24.9900</standardPrice>		
				<mapPrice>0</mapPrice>
				<msrpPrice>0</msrpPrice>			
				<stock>Available Now</stock>
				<multiplesOF>1</multiplesOF> 
									<imageLargeFront><![CDATA[https://s3.amazonaws.com/ecn-watermarks/effex/53924_1.jpg]]></imageLargeFront>
								
									<imageLargeBack><![CDATA[https://s3.amazonaws.com/ecn-watermarks/effex/53924_2.jpg]]></imageLargeBack>
								
									<imageMediumFront><![CDATA[https://s3.amazonaws.com/ecn-watermarks/effex/53924_5.jpg]]></imageMediumFront>
								
									<imageMediumBack><![CDATA[https://s3.amazonaws.com/ecn-watermarks/effex/53924_6.jpg]]></imageMediumBack>
								
									<imageThumbnailFront><![CDATA[https://s3.amazonaws.com/ecn-watermarks/effex/53924_9.jpg]]></imageThumbnailFront>
								
									<imageThumbnailBack><![CDATA[https://s3.amazonaws.com/ecn-watermarks/effex/53924_10.jpg]]></imageThumbnailBack>
									
				<manufacturer><![CDATA[Adam and Eve]]></manufacturer>
				<categories>VIBRATORS WITH CLIT STIMULATIO,SEX TOYS FOR WOMEN,VIBRATING MULTI-SPEED,WATERPROOF,</categories>
				<itemDescription>No bunny treats you better than this powerful rechargeable rabbit. Its textured shaft is slimmer than other bunnies, so it can reach deep and nuzzle your G-Spot with 4-speed duo-directional rotation. Spinning beads in the center amplify the pleasure. Activate 8 intense vibration functions and feel the clitoral bunny`s soft flicking ears please, tease, and delight your love bud. Independent controls let you use vibration and rotation separately or together! Clean up with Adam and Eve Toy Cleaner and a warm water rinse. 

Dimensions:
Shaft width: 1.25 in.
Total length: 9 in.
Insertable length: 4.25 in.</itemDescription> <htmlitemdescriptioninbase64format>Tm8gYnVubnkgdHJlYXRzIHlvdSBiZXR0ZXIgdGhhbiB0aGlzIHBvd2VyZnVsIHJlY2hhcmdlYWJsZSByYWJiaXQuIEl0cyB0ZXh0dXJlZCBzaGFmdCBpcyBzbGltbWVyIHRoYW4gb3RoZXIgYnVubmllcywgc28gaXQgY2FuIHJlYWNoIGRlZXAgYW5kIG51enpsZSB5b3VyIEctU3BvdCB3aXRoIDQtc3BlZWQgZHVvLWRpcmVjdGlvbmFsIHJvdGF0aW9uLiBTcGlubmluZyBiZWFkcyBpbiB0aGUgY2VudGVyIGFtcGxpZnkgdGhlIHBsZWFzdXJlLiBBY3RpdmF0ZSA4IGludGVuc2UgdmlicmF0aW9uIGZ1bmN0aW9ucyBhbmQgZmVlbCB0aGUgY2xpdG9yYWwgYnVubnkncyBzb2Z0IGZsaWNraW5nIGVhcnMgcGxlYXNlLCB0ZWFzZSwgYW5kIGRlbGlnaHQgeW91ciBsb3ZlIGJ1ZC4gSW5kZXBlbmRlbnQgY29udHJvbHMgbGV0IHlvdSB1c2UgdmlicmF0aW9uIGFuZCByb3RhdGlvbiBzZXBhcmF0ZWx5IG9yIHRvZ2V0aGVyISBDbGVhbiB1cCB3aXRoIEFkYW0gJiBFdmUgVG95IENsZWFuZXIgYW5kIGEgd2FybSB3YXRlciByaW5zZS4gPGJyPjxicj4NCg0KRGltZW5zaW9uczo8YnI+DQpTaGFmdCB3aWR0aDogMS4yNSBpbi48YnI+DQpUb3RhbCBsZW5ndGg6IDkgaW4uPGJyPg0KSW5zZXJ0YWJsZSBsZW5ndGg6IDQuMjUgaW4uPGJyPjxicj4=</htmlitemdescriptioninbase64format>												
				<upc>844477012285</upc>			
				<dateUpdated>12/24/2020 12:01:18 PM</dateUpdated>	
				<itemweight><![CDATA[0.56]]></itemweight>		
				<dateCreated>01/18/2018 5:00:05 PM</dateCreated>			
				<deliveryallowed><![CDATA[1]]></deliveryallowed>	

					
						<categoriesV2>

											
							<categoritem>
								
									<mastercategories><![CDATA[Clitoral Stimulation]]></mastercategories>
								
									<subcategories><![CDATA[Multifunction|Multispeed|Purple|Rabbits|Waterproof|Textured|Beaded|Usb Rechargeable|Rotating]]></subcategories>
														
							</categoritem>					
												
						</categoriesV2>
						
					<alternatetitle><![CDATA[Adam and Eve Eve`s First Rechargeable Rabbit Vibrator - Purple]]></alternatetitle>
					<height><![CDATA[1.75]]></height>
					<width><![CDATA[3.5]]></width>
					<length><![CDATA[9.5]]></length>
					<marketplacerestrictions><![CDATA[0]]></marketplacerestrictions>
					<discontinued>No</discontinued>
					
						<regulations />
												
													
			</item>
				
			<item>
				<title><![CDATA[Aande Rechargeable Couples Enhancer]]></title>
				<releaseDate>09/24/2018</releaseDate>				
				<itemSKU>EN-AE-2698</itemSKU>
				<itemID>53942</itemID>		
				<standardPrice>22.9900</standardPrice>		
				<mapPrice>0</mapPrice>
				<msrpPrice>0</msrpPrice>			
				<stock>Available Now</stock>
				<multiplesOF>1</multiplesOF> 
									<imageLargeFront><![CDATA[https://s3.amazonaws.com/ecn-watermarks/effex/53942_1.jpg]]></imageLargeFront>
								
									<imageLargeBack><![CDATA[https://s3.amazonaws.com/ecn-watermarks/effex/53942_2.jpg]]></imageLargeBack>
								
									<imageMediumFront><![CDATA[https://s3.amazonaws.com/ecn-watermarks/effex/53942_5.jpg]]></imageMediumFront>
								
									<imageMediumBack><![CDATA[https://s3.amazonaws.com/ecn-watermarks/effex/53942_6.jpg]]></imageMediumBack>
								
									<imageThumbnailFront><![CDATA[https://s3.amazonaws.com/ecn-watermarks/effex/53942_9.jpg]]></imageThumbnailFront>
								
									<imageThumbnailBack><![CDATA[https://s3.amazonaws.com/ecn-watermarks/effex/53942_10.jpg]]></imageThumbnailBack>
									
				<manufacturer><![CDATA[Adam and Eve]]></manufacturer>
				<categories>KITS,SEX TOYS FOR COUPLES,</categories>
				<itemDescription>Enhance your shared pleasure with this playful couples toy that delivers a boost of sensation for him - and her! He`ll stay harder, longer - thanks to the super-stretchy penis ring`s snug fit at the base of his shaft. At the same time, the targeted buzz from a clitoral vibe will send her over the edge with every thrust! The powerful bullet has an easy-to-use one-button control that offers ten speeds and functions, and it`s fully rechargeable. She`ll also love the textured nubs for extra thrills during lovemaking! And...for even more stimulation, loop the ball strap around his package. It`s a win-win toy that`s ready to send couples straight to mutual orgasms! Clean up is a snap with Adam and Eve toy cleaner.

Dimensions:
Height:  3.55 in.
Width:  2.3 in.</itemDescription> <htmlitemdescriptioninbase64format>RW5oYW5jZSB5b3VyIHNoYXJlZCBwbGVhc3VyZSB3aXRoIHRoaXMgcGxheWZ1bCBjb3VwbGVzIHRveSB0aGF0IGRlbGl2ZXJzIGEgYm9vc3Qgb2Ygc2Vuc2F0aW9uIGZvciBoaW0gLSBhbmQgaGVyISBIZSdsbCBzdGF5IGhhcmRlciwgbG9uZ2VyIC0gdGhhbmtzIHRvIHRoZSBzdXBlci1zdHJldGNoeSBwZW5pcyByaW5nJ3Mgc251ZyBmaXQgYXQgdGhlIGJhc2Ugb2YgaGlzIHNoYWZ0LiBBdCB0aGUgc2FtZSB0aW1lLCB0aGUgdGFyZ2V0ZWQgYnV6eiBmcm9tIGEgY2xpdG9yYWwgdmliZSB3aWxsIHNlbmQgaGVyIG92ZXIgdGhlIGVkZ2Ugd2l0aCBldmVyeSB0aHJ1c3QhIFRoZSBwb3dlcmZ1bCBidWxsZXQgaGFzIGFuIGVhc3ktdG8tdXNlIG9uZS1idXR0b24gY29udHJvbCB0aGF0IG9mZmVycyB0ZW4gc3BlZWRzIGFuZCBmdW5jdGlvbnMsIGFuZCBpdCdzIGZ1bGx5IHJlY2hhcmdlYWJsZS4gU2hlJ2xsIGFsc28gbG92ZSB0aGUgdGV4dHVyZWQgbnVicyBmb3IgZXh0cmEgdGhyaWxscyBkdXJpbmcgbG92ZW1ha2luZyEgQW5kLi4uZm9yIGV2ZW4gbW9yZSBzdGltdWxhdGlvbiwgbG9vcCB0aGUgYmFsbCBzdHJhcCBhcm91bmQgaGlzIHBhY2thZ2UuIEl0J3MgYSB3aW4td2luIHRveSB0aGF0J3MgcmVhZHkgdG8gc2VuZCBjb3VwbGVzIHN0cmFpZ2h0IHRvIG11dHVhbCBvcmdhc21zISBDbGVhbiB1cCBpcyBhIHNuYXAgd2l0aCBBZGFtICYgRXZlIHRveSBjbGVhbmVyLjxicj48YnI+DQoNCkRpbWVuc2lvbnM6PGJyPg0KSGVpZ2h0OiAgMy41NSBpbi48YnI+DQpXaWR0aDogIDIuMyBpbi48YnI+PGJyPg==</htmlitemdescriptioninbase64format>												
				<upc>844477012698</upc>			
				<dateUpdated>12/24/2020 12:01:18 PM</dateUpdated>	
				<itemweight><![CDATA[0.24]]></itemweight>		
				<dateCreated>01/19/2018 9:59:58 AM</dateCreated>			
				<deliveryallowed><![CDATA[0]]></deliveryallowed>	

					
						<categoriesV2>

											
							<categoritem>
								
									<mastercategories><![CDATA[Clitoral Stimulation|Cockrings|Eggs & Bullets]]></mastercategories>
								
									<subcategories><![CDATA[Couples|Multifunction|Multispeed|Pink|Rechargeable|Vibrating|Textured]]></subcategories>
														
							</categoritem>					
												
						</categoriesV2>
						
					<alternatetitle><![CDATA[Adam and Eve Couples Enhancer Rechargeable Cock Ring - Pink]]></alternatetitle>
					<height><![CDATA[2]]></height>
					<width><![CDATA[4]]></width>
					<length><![CDATA[4.25]]></length>
					<marketplacerestrictions><![CDATA[0]]></marketplacerestrictions>
					<discontinued>No</discontinued>
					
						<regulations />
												
													
			</item>
				
			<item>
				<title><![CDATA[Sensuelle Bobbii 69 Func Bullet Pink]]></title>
				<releaseDate>02/01/2018</releaseDate>				
				<itemSKU>NCBT-W58PK</itemSKU>
				<itemID>53948</itemID>		
				<standardPrice>28.5000</standardPrice>		
				<mapPrice>56.99</mapPrice>
				<msrpPrice>56.99</msrpPrice>			
				<stock>Available Now</stock>
				<multiplesOF>1</multiplesOF> 
									<imageLargeFront><![CDATA[https://s3.amazonaws.com/ecn-watermarks/effex/53948_1.jpg]]></imageLargeFront>
								
									<imageLargeBack><![CDATA[https://s3.amazonaws.com/ecn-watermarks/effex/53948_2.jpg]]></imageLargeBack>
								
									<imageMediumFront><![CDATA[https://s3.amazonaws.com/ecn-watermarks/effex/53948_5.jpg]]></imageMediumFront>
								
									<imageMediumBack><![CDATA[https://s3.amazonaws.com/ecn-watermarks/effex/53948_6.jpg]]></imageMediumBack>
								
									<imageThumbnailFront><![CDATA[https://s3.amazonaws.com/ecn-watermarks/effex/53948_9.jpg]]></imageThumbnailFront>
								
									<imageThumbnailBack><![CDATA[https://s3.amazonaws.com/ecn-watermarks/effex/53948_10.jpg]]></imageThumbnailBack>
									
				<manufacturer><![CDATA[Novel Creations Usa Inc]]></manufacturer>
				<categories>WATERPROOF MUTI FUNCTION,SEX TOYS FOR WOMEN,BULLETS and EGGS,RECHARGABLE,</categories>
				<itemDescription>The NU Sensuelle Bobbii USB Rechargeable Bullet features 69 functions of deep throbbing and pulsating action. Plus this POWER-PACKED bullet is also flexible so you can adjust it to your unique shape.

Ultra smooth, silky, sensual touch in a flexible design with 69 Powerful Functions. It`s everything you`ve come expect from NU Sensuelle, the leader in cutting edge vibration technology.

-  Material: Silicone
-  Waterproof: 100% Submersible
-  Phthalates Free
-  ROHS Approved CE Approved
-  USB Rechargeable from any USB Port
-  Charge Time: 4 Hours
-  Run Time: 1 Hour
-  Wall Charger Not Included (USB Cable Only)</itemDescription> <htmlitemdescriptioninbase64format>VGhlIE5VIFNlbnN1ZWxsZSBCb2JiaWkgVVNCIFJlY2hhcmdlYWJsZSBCdWxsZXQgZmVhdHVyZXMgNjkgZnVuY3Rpb25zIG9mIGRlZXAgdGhyb2JiaW5nIGFuZCBwdWxzYXRpbmcgYWN0aW9uLiBQbHVzIHRoaXMgUE9XRVItUEFDS0VEIGJ1bGxldCBpcyBhbHNvIGZsZXhpYmxlIHNvIHlvdSBjYW4gYWRqdXN0IGl0IHRvIHlvdXIgdW5pcXVlIHNoYXBlLjxicj48YnI+DQoNClVsdHJhIHNtb290aCwgc2lsa3ksIHNlbnN1YWwgdG91Y2ggaW4gYSBmbGV4aWJsZSBkZXNpZ24gd2l0aCA2OSBQb3dlcmZ1bCBGdW5jdGlvbnMuIEl0J3MgZXZlcnl0aGluZyB5b3UndmUgY29tZSBleHBlY3QgZnJvbSBOVSBTZW5zdWVsbGUsIHRoZSBsZWFkZXIgaW4gY3V0dGluZyBlZGdlIHZpYnJhdGlvbiB0ZWNobm9sb2d5Ljxicj48YnI+DQoNCi0gIE1hdGVyaWFsOiBTaWxpY29uZTxicj4NCi0gIFdhdGVycHJvb2Y6IDEwMCUgU3VibWVyc2libGU8YnI+DQotICBQaHRoYWxhdGVzIEZyZWU8YnI+DQotICBST0hTIEFwcHJvdmVkIENFIEFwcHJvdmVkPGJyPg0KLSAgVVNCIFJlY2hhcmdlYWJsZSBmcm9tIGFueSBVU0IgUG9ydDxicj4NCi0gIENoYXJnZSBUaW1lOiA0IEhvdXJzPGJyPg0KLSAgUnVuIFRpbWU6IDEgSG91cjxicj4NCi0gIFdhbGwgQ2hhcmdlciBOb3QgSW5jbHVkZWQgKFVTQiBDYWJsZSBPbmx5KTxicj48YnI+</htmlitemdescriptioninbase64format>												
				<upc>9342851002491</upc>			
				<dateUpdated>12/24/2020 12:01:18 PM</dateUpdated>	
				<itemweight><![CDATA[0.56]]></itemweight>		
				<dateCreated>01/19/2018 10:29:56 AM</dateCreated>			
				<deliveryallowed><![CDATA[1]]></deliveryallowed>	

					
						<categoriesV2>

											
							<categoritem>
								
									<mastercategories><![CDATA[Eggs & Bullets]]></mastercategories>
								
									<subcategories><![CDATA[Multifunction|Pink|Vibrating|Waterproof|Bendable|Usb Rechargeable]]></subcategories>
														
							</categoritem>					
												
						</categoriesV2>
						
					<alternatetitle><![CDATA[Nu Sensuelle Bobbii Rechargeable Silicone Bullet - Millenial Pink]]></alternatetitle>
					<height><![CDATA[1]]></height>
					<width><![CDATA[4.25]]></width>
					<length><![CDATA[7]]></length>
					<marketplacerestrictions><![CDATA[1]]></marketplacerestrictions>
					<discontinued>No</discontinued>
					
						<regulations />
												
													
			</item>
				
			<item>
				<title><![CDATA[Sensuelle Pleasure Panty R/c Bullet Bk]]></title>
				<releaseDate>03/23/2018</releaseDate>				
				<itemSKU>NCBT-W55BK</itemSKU>
				<itemID>54375</itemID>		
				<standardPrice>40.0000</standardPrice>		
				<mapPrice>79.99</mapPrice>
				<msrpPrice>79.99</msrpPrice>			
				<stock>Available Now</stock>
				<multiplesOF>1</multiplesOF> 
									<imageLargeFront><![CDATA[https://s3.amazonaws.com/ecn-watermarks/effex/54375_1.jpg]]></imageLargeFront>
								
									<imageLargeBack><![CDATA[https://s3.amazonaws.com/ecn-watermarks/effex/54375_2.jpg]]></imageLargeBack>
								
									<imageMediumFront><![CDATA[https://s3.amazonaws.com/ecn-watermarks/effex/54375_5.jpg]]></imageMediumFront>
								
									<imageMediumBack><![CDATA[https://s3.amazonaws.com/ecn-watermarks/effex/54375_6.jpg]]></imageMediumBack>
								
									<imageThumbnailFront><![CDATA[https://s3.amazonaws.com/ecn-watermarks/effex/54375_9.jpg]]></imageThumbnailFront>
								
									<imageThumbnailBack><![CDATA[https://s3.amazonaws.com/ecn-watermarks/effex/54375_10.jpg]]></imageThumbnailBack>
									
				<manufacturer><![CDATA[Novel Creations Usa Inc]]></manufacturer>
				<categories>VIBRATING PANTIES,SEX TOYS FOR WOMEN,BULLETS and EGGS,</categories>
				<itemDescription>15 Functions
USB Rechargeable Bullet
USB Rechargeable Remote Control
Remote Vibrates in sync with bullet
USB Charge
Charge time = 2 hours
Running time = 25-50 minutes
ABS bullet coated in Medical grade silicone
100% Waterproof (submersible)
White Cotton panty with Lace detail and side ties (one size fits most)
Amazingly Powerful, yet discreet and quiet
Wall Charger Not Included (USB Cable Only)
1 Year warranty
Toy bag included</itemDescription> <htmlitemdescriptioninbase64format>MTUgRnVuY3Rpb25zPGJyPg0KVVNCIFJlY2hhcmdlYWJsZSBCdWxsZXQ8YnI+DQpVU0IgUmVjaGFyZ2VhYmxlIFJlbW90ZSBDb250cm9sPGJyPg0KUmVtb3RlIFZpYnJhdGVzIGluIHN5bmMgd2l0aCBidWxsZXQ8YnI+DQpVU0IgQ2hhcmdlPGJyPg0KQ2hhcmdlIHRpbWUgPSAyIGhvdXJzPGJyPg0KUnVubmluZyB0aW1lID0gMjUtNTAgbWludXRlczxicj4NCkFCUyBidWxsZXQgY29hdGVkIGluIE1lZGljYWwgZ3JhZGUgc2lsaWNvbmU8YnI+DQoxMDAlIFdhdGVycHJvb2YgKHN1Ym1lcnNpYmxlKTxicj4NCldoaXRlIENvdHRvbiBwYW50eSB3aXRoIExhY2UgZGV0YWlsIGFuZCBzaWRlIHRpZXMgKG9uZSBzaXplIGZpdHMgbW9zdCk8YnI+DQpBbWF6aW5nbHkgUG93ZXJmdWwsIHlldCBkaXNjcmVldCBhbmQgcXVpZXQ8YnI+DQpXYWxsIENoYXJnZXIgTm90IEluY2x1ZGVkIChVU0IgQ2FibGUgT25seSk8YnI+DQoxIFllYXIgd2FycmFudHk8YnI+DQpUb3kgYmFnIGluY2x1ZGVkPGJyPjxicj4=</htmlitemdescriptioninbase64format>												
				<upc>9342851002538</upc>			
				<dateUpdated>12/24/2020 12:01:18 PM</dateUpdated>	
				<itemweight><![CDATA[0.76]]></itemweight>		
				<dateCreated>03/14/2018 9:00:21 AM</dateCreated>			
				<deliveryallowed><![CDATA[1]]></deliveryallowed>	

					
						<categoriesV2>

											
							<categoritem>
								
									<mastercategories><![CDATA[Eggs & Bullets]]></mastercategories>
								
									<subcategories><![CDATA[Black|Multifunction|Remote Control|Silicone|Vibrating Panties & Thongs|Waterproof|Wireless|Usb Rechargeable]]></subcategories>
														
							</categoritem>					
												
						</categoriesV2>
						
					<alternatetitle><![CDATA[Nu Sensuelle Pleasure Panty Rechargeable Silicone Remote and Bullet - Black]]></alternatetitle>
					<height><![CDATA[1.5]]></height>
					<width><![CDATA[5.75]]></width>
					<length><![CDATA[7.5]]></length>
					<marketplacerestrictions><![CDATA[1]]></marketplacerestrictions>
					<discontinued>No</discontinued>
					
						<regulations />
												
													
			</item>
				
			<item>
				<title><![CDATA[Jo H2o Lube Original 1oz]]></title>
				<releaseDate>04/19/2018</releaseDate>				
				<itemSKU>VDL10128-L</itemSKU>
				<itemID>54471</itemID>		
				<standardPrice>3.6800</standardPrice>		
				<mapPrice>0</mapPrice>
				<msrpPrice>8.99</msrpPrice>			
				<stock>Available Now</stock>
				<multiplesOF>1</multiplesOF> 
									<imageLargeFront><![CDATA[https://s3.amazonaws.com/ecn-watermarks/effex/54471_1.jpg]]></imageLargeFront>
								
								<imageLargeBack></imageLargeBack>
							
									<imageMediumFront><![CDATA[https://s3.amazonaws.com/ecn-watermarks/effex/54471_5.jpg]]></imageMediumFront>
								
								<imageMediumBack></imageMediumBack>
							
									<imageThumbnailFront><![CDATA[https://s3.amazonaws.com/ecn-watermarks/effex/54471_9.jpg]]></imageThumbnailFront>
								
								<imageThumbnailBack></imageThumbnailBack>
								
				<manufacturer><![CDATA[System Jo]]></manufacturer>
				<categories>UNISEX ITEMS,LUBES - NON DISCOUNTABLE,WATER BASED LUBES,</categories>
				<itemDescription>JO&amp;#xae; H2O Original is a water-based personal lubricant designed to supplement the body`s natural lubrication. Formulated using a purely plant-based glycerin, this top selling lubricant is designed to provide a silky smooth and comforting glide with no stick or tack residue. Plus, JO&amp;#xae; H2O is toy friendly, condom compatible and easy to clean. Simply apply and play!</itemDescription> <htmlitemdescriptioninbase64format>Sk+uIEgyTyBPcmlnaW5hbCBpcyBhIHdhdGVyLWJhc2VkIHBlcnNvbmFsIGx1YnJpY2FudCBkZXNpZ25lZCB0byBzdXBwbGVtZW50IHRoZSBib2R5P3MgbmF0dXJhbCBsdWJyaWNhdGlvbi4gRm9ybXVsYXRlZCB1c2luZyBhIHB1cmVseSBwbGFudC1iYXNlZCBnbHljZXJpbiwgdGhpcyB0b3Agc2VsbGluZyBsdWJyaWNhbnQgaXMgZGVzaWduZWQgdG8gcHJvdmlkZSBhIHNpbGt5IHNtb290aCBhbmQgY29tZm9ydGluZyBnbGlkZSB3aXRoIG5vIHN0aWNrIG9yIHRhY2sgcmVzaWR1ZS4gUGx1cywgSk+uIEgyTyBpcyB0b3kgZnJpZW5kbHksIGNvbmRvbSBjb21wYXRpYmxlIGFuZCBlYXN5IHRvIGNsZWFuLiBTaW1wbHkgYXBwbHkgYW5kIHBsYXkhPGJyPjxicj4=</htmlitemdescriptioninbase64format>												
				<upc>796494101285</upc>			
				<dateUpdated>12/24/2020 12:01:18 PM</dateUpdated>	
				<itemweight><![CDATA[0.04]]></itemweight>		
				<dateCreated>03/28/2018 4:00:08 PM</dateCreated>			
				<deliveryallowed><![CDATA[1]]></deliveryallowed>	

					
						<categoriesV2>

											
							<categoritem>
								
									<mastercategories><![CDATA[Lubricants, Massage Oils, Gels & Creams]]></mastercategories>
								
									<subcategories><![CDATA[Water Based Lubricant]]></subcategories>
														
							</categoritem>					
												
						</categoriesV2>
						
					<alternatetitle><![CDATA[Jo H2O Water Based Personal Lubricant Original 1 Ounce]]></alternatetitle>
					<height><![CDATA[0.5]]></height>
					<width><![CDATA[0.5]]></width>
					<length><![CDATA[4]]></length>
					<marketplacerestrictions><![CDATA[0]]></marketplacerestrictions>
					<discontinued>No</discontinued>
					
						<regulations />
												
													
			</item>
				
			<item>
				<title><![CDATA[Pillow Talk Kinky Dual Massager Teal]]></title>
				<releaseDate>12/10/2018</releaseDate>				
				<itemSKU>BMS96619</itemSKU>
				<itemID>55333</itemID>		
				<standardPrice>40.0000</standardPrice>		
				<mapPrice>72</mapPrice>
				<msrpPrice>80</msrpPrice>			
				<stock>Available Now</stock>
				<multiplesOF>1</multiplesOF> 
									<imageLargeFront><![CDATA[https://s3.amazonaws.com/ecn-watermarks/effex/55333_1.jpg]]></imageLargeFront>
								
									<imageLargeBack><![CDATA[https://s3.amazonaws.com/ecn-watermarks/effex/55333_2.jpg]]></imageLargeBack>
								
									<imageMediumFront><![CDATA[https://s3.amazonaws.com/ecn-watermarks/effex/55333_5.jpg]]></imageMediumFront>
								
									<imageMediumBack><![CDATA[https://s3.amazonaws.com/ecn-watermarks/effex/55333_6.jpg]]></imageMediumBack>
								
									<imageThumbnailFront><![CDATA[https://s3.amazonaws.com/ecn-watermarks/effex/55333_9.jpg]]></imageThumbnailFront>
								
									<imageThumbnailBack><![CDATA[https://s3.amazonaws.com/ecn-watermarks/effex/55333_10.jpg]]></imageThumbnailBack>
									
				<manufacturer><![CDATA[B.m.s. Enterprises]]></manufacturer>
				<categories>SILICONE,VIBRATORS WITH CLIT STIMULATIO,SEX TOYS FOR WOMEN,RECHARGABLE,</categories>
				<itemDescription>Kinky from the Pillow Talk collection is a dual motor vibrator that is specially designed for clitoral and g-spot stimulation simultaneously. The elegantly arched body of this rechargeable vibrator with contoured lines on either side targets the G-spot and the curved clitoral arm works on the most sensitive areas to give pleasure.  The cushioned texture of this massager`s handle makes it easy to hold and the Swarovski crystal bedazzles this luxurious sex toy.  Key Features:  - Two vibrating motors - Super silky high-grade silicone finish - Deep and rumbly PowerBullet vibrations - Designed with simple elegance for your pleasure - Incremental speed control for precise power - Rechargeable for cordless play - Flexible for optimal G-spot stimulation - Comfortable cushion textured grip  - Runtime: Up to 1.3 hours - Charge time: 3 hours Dimensions: Length: 8.6 in. Diameter: 1.5 in. </itemDescription> <htmlitemdescriptioninbase64format>S2lua3kgZnJvbSB0aGUgUGlsbG93IFRhbGsgY29sbGVjdGlvbiBpcyBhIGR1YWwgbW90b3IgdmlicmF0b3IgdGhhdCBpcyBzcGVjaWFsbHkgZGVzaWduZWQgZm9yIGNsaXRvcmFsIGFuZCBnLXNwb3Qgc3RpbXVsYXRpb24gc2ltdWx0YW5lb3VzbHkuIFRoZSBlbGVnYW50bHkgYXJjaGVkIGJvZHkgb2YgdGhpcyByZWNoYXJnZWFibGUgdmlicmF0b3Igd2l0aCBjb250b3VyZWQgbGluZXMgb24gZWl0aGVyIHNpZGUgdGFyZ2V0cyB0aGUgRy1zcG90IGFuZCB0aGUgY3VydmVkIGNsaXRvcmFsIGFybSB3b3JrcyBvbiB0aGUgbW9zdCBzZW5zaXRpdmUgYXJlYXMgdG8gZ2l2ZSBwbGVhc3VyZS4gPGJyPjxicj4gVGhlIGN1c2hpb25lZCB0ZXh0dXJlIG9mIHRoaXMgbWFzc2FnZXIncyBoYW5kbGUgbWFrZXMgaXQgZWFzeSB0byBob2xkIGFuZCB0aGUgU3dhcm92c2tpIGNyeXN0YWwgYmVkYXp6bGVzIHRoaXMgbHV4dXJpb3VzIHNleCB0b3kuIDxicj48YnI+IEtleSBGZWF0dXJlczogPGJyPiAtIFR3byB2aWJyYXRpbmcgbW90b3JzPGJyPiAtIFN1cGVyIHNpbGt5IGhpZ2gtZ3JhZGUgc2lsaWNvbmUgZmluaXNoPGJyPiAtIERlZXAgYW5kIHJ1bWJseSBQb3dlckJ1bGxldCB2aWJyYXRpb25zPGJyPiAtIERlc2lnbmVkIHdpdGggc2ltcGxlIGVsZWdhbmNlIGZvciB5b3VyIHBsZWFzdXJlPGJyPiAtIEluY3JlbWVudGFsIHNwZWVkIGNvbnRyb2wgZm9yIHByZWNpc2UgcG93ZXI8YnI+IC0gUmVjaGFyZ2VhYmxlIGZvciBjb3JkbGVzcyBwbGF5PGJyPiAtIEZsZXhpYmxlIGZvciBvcHRpbWFsIEctc3BvdCBzdGltdWxhdGlvbjxicj4gLSBDb21mb3J0YWJsZSBjdXNoaW9uIHRleHR1cmVkIGdyaXAgPGJyPiAtIFJ1bnRpbWU6IFVwIHRvIDEuMyBob3Vyczxicj4gLSBDaGFyZ2UgdGltZTogMyBob3Vyczxicj48YnI+IERpbWVuc2lvbnM6PGJyPiBMZW5ndGg6IDguNiBpbi48YnI+IERpYW1ldGVyOiAxLjUgaW4uIDxicj48YnI+</htmlitemdescriptioninbase64format>												
				<upc>677613966193</upc>			
				<dateUpdated>12/24/2020 12:01:18 PM</dateUpdated>	
				<itemweight><![CDATA[1.18]]></itemweight>		
				<dateCreated>07/23/2018 10:30:23 AM</dateCreated>			
				<deliveryallowed><![CDATA[1]]></deliveryallowed>	

					
						<categoriesV2>

											
							<categoritem>
								
									<mastercategories><![CDATA[Clitoral Stimulation|G-spot|Vibrators]]></mastercategories>
								
									<subcategories><![CDATA[Dual Vibrating|Multifunction|Multispeed|Rabbits|Silicone|Teal|Usb Rechargeable]]></subcategories>
														
							</categoritem>					
												
						</categoriesV2>
						
					<alternatetitle><![CDATA[Pillow Talk Kinky Rechargeable Silicone Vibrator - Teal]]></alternatetitle>
					<height><![CDATA[2]]></height>
					<width><![CDATA[6.5]]></width>
					<length><![CDATA[10]]></length>
					<marketplacerestrictions><![CDATA[0]]></marketplacerestrictions>
					<discontinued>No</discontinued>
					
						<regulations />
												
													
			</item>
				
			<item>
				<title><![CDATA[Pillow Talk Racy Mini Massager Pink]]></title>
				<releaseDate>12/10/2018</releaseDate>				
				<itemSKU>BMS26916</itemSKU>
				<itemID>55334</itemID>		
				<standardPrice>20.0000</standardPrice>		
				<mapPrice>36</mapPrice>
				<msrpPrice>40</msrpPrice>			
				<stock>Available Now</stock>
				<multiplesOF>1</multiplesOF> 
									<imageLargeFront><![CDATA[https://s3.amazonaws.com/ecn-watermarks/effex/55334_1.jpg]]></imageLargeFront>
								
									<imageLargeBack><![CDATA[https://s3.amazonaws.com/ecn-watermarks/effex/55334_2.jpg]]></imageLargeBack>
								
									<imageMediumFront><![CDATA[https://s3.amazonaws.com/ecn-watermarks/effex/55334_5.jpg]]></imageMediumFront>
								
									<imageMediumBack><![CDATA[https://s3.amazonaws.com/ecn-watermarks/effex/55334_6.jpg]]></imageMediumBack>
								
									<imageThumbnailFront><![CDATA[https://s3.amazonaws.com/ecn-watermarks/effex/55334_9.jpg]]></imageThumbnailFront>
								
									<imageThumbnailBack><![CDATA[https://s3.amazonaws.com/ecn-watermarks/effex/55334_10.jpg]]></imageThumbnailBack>
									
				<manufacturer><![CDATA[B.m.s. Enterprises]]></manufacturer>
				<categories>SEX TOYS FOR WOMEN,MASSAGERS,VIBRATING MULTI-SPEED,RECHARGABLE,</categories>
				<itemDescription>Racy by Pillow Talk offers unbelievable vibrations for external pleasure or G-spot stimulation. This vibrator is rechargeable and is conveniently compact for travel. With a quilted texture handle, silky finish and a dazzling Swarovski&amp;#xae; crystal button, this flexible vibrator combines luxury and power in one.  Key Features:  - Super silky high-grade silicone finish - Deep and rumbly PowerBullet vibrations - Designed with simple elegance for your pleasure - Incremental speed control for precise power - Rechargeable for cordless play - Flexible for optimal G-spot stimulation - Comfortable cushion textured grip  - Runtime: Up to 1.3 hours - Charge time: 3 hours Dimensions:  Length: 5 in. Diameter: 0.87 in.</itemDescription> <htmlitemdescriptioninbase64format>UmFjeSBieSBQaWxsb3cgVGFsayBvZmZlcnMgdW5iZWxpZXZhYmxlIHZpYnJhdGlvbnMgZm9yIGV4dGVybmFsIHBsZWFzdXJlIG9yIEctc3BvdCBzdGltdWxhdGlvbi4gVGhpcyB2aWJyYXRvciBpcyByZWNoYXJnZWFibGUgYW5kIGlzIGNvbnZlbmllbnRseSBjb21wYWN0IGZvciB0cmF2ZWwuIFdpdGggYSBxdWlsdGVkIHRleHR1cmUgaGFuZGxlLCBzaWxreSBmaW5pc2ggYW5kIGEgZGF6emxpbmcgU3dhcm92c2tpriBjcnlzdGFsIGJ1dHRvbiwgdGhpcyBmbGV4aWJsZSB2aWJyYXRvciBjb21iaW5lcyBsdXh1cnkgYW5kIHBvd2VyIGluIG9uZS4gPGJyPjxicj4gS2V5IEZlYXR1cmVzOiA8YnI+IC0gU3VwZXIgc2lsa3kgaGlnaC1ncmFkZSBzaWxpY29uZSBmaW5pc2g8YnI+IC0gRGVlcCBhbmQgcnVtYmx5IFBvd2VyQnVsbGV0IHZpYnJhdGlvbnM8YnI+IC0gRGVzaWduZWQgd2l0aCBzaW1wbGUgZWxlZ2FuY2UgZm9yIHlvdXIgcGxlYXN1cmU8YnI+IC0gSW5jcmVtZW50YWwgc3BlZWQgY29udHJvbCBmb3IgcHJlY2lzZSBwb3dlcjxicj4gLSBSZWNoYXJnZWFibGUgZm9yIGNvcmRsZXNzIHBsYXk8YnI+IC0gRmxleGlibGUgZm9yIG9wdGltYWwgRy1zcG90IHN0aW11bGF0aW9uPGJyPiAtIENvbWZvcnRhYmxlIGN1c2hpb24gdGV4dHVyZWQgZ3JpcCA8YnI+IC0gUnVudGltZTogVXAgdG8gMS4zIGhvdXJzPGJyPiAtIENoYXJnZSB0aW1lOiAzIGhvdXJzPGJyPjxicj4gRGltZW5zaW9uczogPGJyPiBMZW5ndGg6IDUgaW4uPGJyPiBEaWFtZXRlcjogMC44NyBpbi48YnI+PGJyPg==</htmlitemdescriptioninbase64format>												
				<upc>677613269164</upc>			
				<dateUpdated>12/24/2020 12:01:18 PM</dateUpdated>	
				<itemweight><![CDATA[0.58]]></itemweight>		
				<dateCreated>07/23/2018 10:30:23 AM</dateCreated>			
				<deliveryallowed><![CDATA[1]]></deliveryallowed>	

					
						<categoriesV2>

											
							<categoritem>
								
									<mastercategories><![CDATA[G-spot]]></mastercategories>
								
									<subcategories><![CDATA[Mini Massager|Multifunction|Multispeed|Pink|Rechargeable|Silicone|Vibrating|Wireless]]></subcategories>
														
							</categoritem>					
												
						</categoriesV2>
						
					<alternatetitle><![CDATA[Pillow Talk Racy Silicone Rechargeable Vibrator - Pink]]></alternatetitle>
					<height><![CDATA[2]]></height>
					<width><![CDATA[5.25]]></width>
					<length><![CDATA[6.5]]></length>
					<marketplacerestrictions><![CDATA[0]]></marketplacerestrictions>
					<discontinued>No</discontinued>
					
						<regulations />
												
													
			</item>
				
			<item>
				<title><![CDATA[Pillow Talk Racy Mini Massager Teal]]></title>
				<releaseDate>12/10/2018</releaseDate>				
				<itemSKU>BMS26919</itemSKU>
				<itemID>55335</itemID>		
				<standardPrice>20.0000</standardPrice>		
				<mapPrice>36</mapPrice>
				<msrpPrice>40</msrpPrice>			
				<stock>Available Now</stock>
				<multiplesOF>1</multiplesOF> 
									<imageLargeFront><![CDATA[https://s3.amazonaws.com/ecn-watermarks/effex/55335_1.jpg]]></imageLargeFront>
								
									<imageLargeBack><![CDATA[https://s3.amazonaws.com/ecn-watermarks/effex/55335_2.jpg]]></imageLargeBack>
								
									<imageMediumFront><![CDATA[https://s3.amazonaws.com/ecn-watermarks/effex/55335_5.jpg]]></imageMediumFront>
								
									<imageMediumBack><![CDATA[https://s3.amazonaws.com/ecn-watermarks/effex/55335_6.jpg]]></imageMediumBack>
								
									<imageThumbnailFront><![CDATA[https://s3.amazonaws.com/ecn-watermarks/effex/55335_9.jpg]]></imageThumbnailFront>
								
									<imageThumbnailBack><![CDATA[https://s3.amazonaws.com/ecn-watermarks/effex/55335_10.jpg]]></imageThumbnailBack>
									
				<manufacturer><![CDATA[B.m.s. Enterprises]]></manufacturer>
				<categories>SEX TOYS FOR WOMEN,MASSAGERS,VIBRATING MULTI-SPEED,RECHARGABLE,</categories>
				<itemDescription>Racy by Pillow Talk offers unbelievable vibrations for external pleasure or G-spot stimulation. This vibrator is rechargeable and is conveniently compact for travel. With a quilted texture handle, silky finish and a dazzling Swarovski&amp;#xae; crystal button, this flexible vibrator combines luxury and power in one.  Key Features:  - Super silky high-grade silicone finish - Deep and rumbly PowerBullet vibrations - Designed with simple elegance for your pleasure - Incremental speed control for precise power - Rechargeable for cordless play - Flexible for optimal G-spot stimulation - Comfortable cushion textured grip  - Runtime: Up to 1.3 hours - Charge time: 3 hours Dimensions:  Length: 5 in. Diameter: 0.87 in.</itemDescription> <htmlitemdescriptioninbase64format>UmFjeSBieSBQaWxsb3cgVGFsayBvZmZlcnMgdW5iZWxpZXZhYmxlIHZpYnJhdGlvbnMgZm9yIGV4dGVybmFsIHBsZWFzdXJlIG9yIEctc3BvdCBzdGltdWxhdGlvbi4gVGhpcyB2aWJyYXRvciBpcyByZWNoYXJnZWFibGUgYW5kIGlzIGNvbnZlbmllbnRseSBjb21wYWN0IGZvciB0cmF2ZWwuIFdpdGggYSBxdWlsdGVkIHRleHR1cmUgaGFuZGxlLCBzaWxreSBmaW5pc2ggYW5kIGEgZGF6emxpbmcgU3dhcm92c2tpriBjcnlzdGFsIGJ1dHRvbiwgdGhpcyBmbGV4aWJsZSB2aWJyYXRvciBjb21iaW5lcyBsdXh1cnkgYW5kIHBvd2VyIGluIG9uZS4gPGJyPjxicj4gS2V5IEZlYXR1cmVzOiA8YnI+IC0gU3VwZXIgc2lsa3kgaGlnaC1ncmFkZSBzaWxpY29uZSBmaW5pc2g8YnI+IC0gRGVlcCBhbmQgcnVtYmx5IFBvd2VyQnVsbGV0IHZpYnJhdGlvbnM8YnI+IC0gRGVzaWduZWQgd2l0aCBzaW1wbGUgZWxlZ2FuY2UgZm9yIHlvdXIgcGxlYXN1cmU8YnI+IC0gSW5jcmVtZW50YWwgc3BlZWQgY29udHJvbCBmb3IgcHJlY2lzZSBwb3dlcjxicj4gLSBSZWNoYXJnZWFibGUgZm9yIGNvcmRsZXNzIHBsYXk8YnI+IC0gRmxleGlibGUgZm9yIG9wdGltYWwgRy1zcG90IHN0aW11bGF0aW9uPGJyPiAtIENvbWZvcnRhYmxlIGN1c2hpb24gdGV4dHVyZWQgZ3JpcCA8YnI+IC0gUnVudGltZTogVXAgdG8gMS4zIGhvdXJzPGJyPiAtIENoYXJnZSB0aW1lOiAzIGhvdXJzPGJyPjxicj4gRGltZW5zaW9uczogPGJyPiBMZW5ndGg6IDUgaW4uPGJyPiBEaWFtZXRlcjogMC44NyBpbi48YnI+PGJyPg==</htmlitemdescriptioninbase64format>												
				<upc>677613269195</upc>			
				<dateUpdated>12/24/2020 12:01:18 PM</dateUpdated>	
				<itemweight><![CDATA[0.58]]></itemweight>		
				<dateCreated>07/23/2018 10:30:23 AM</dateCreated>			
				<deliveryallowed><![CDATA[1]]></deliveryallowed>	

					
						<categoriesV2>

											
							<categoritem>
								
									<mastercategories><![CDATA[G-spot]]></mastercategories>
								
									<subcategories><![CDATA[Mini Massager|Multifunction|Multispeed|Rechargeable|Silicone|Teal|Vibrating|Wireless]]></subcategories>
														
							</categoritem>					
												
						</categoriesV2>
						
					<alternatetitle><![CDATA[Pillow Talk Racy Silicone Rechargeable Vibrator - Teal]]></alternatetitle>
					<height><![CDATA[2]]></height>
					<width><![CDATA[5.25]]></width>
					<length><![CDATA[6.5]]></length>
					<marketplacerestrictions><![CDATA[0]]></marketplacerestrictions>
					<discontinued>No</discontinued>
					
						<regulations />
												
													
			</item>
				
			<item>
				<title><![CDATA[Pillow Talk Frisky Pleasure Balls Pink]]></title>
				<releaseDate>12/10/2018</releaseDate>				
				<itemSKU>BMS56716</itemSKU>
				<itemID>55336</itemID>		
				<standardPrice>9.8000</standardPrice>		
				<mapPrice>36</mapPrice>
				<msrpPrice>40</msrpPrice>			
				<stock>Available Now</stock>
				<multiplesOF>1</multiplesOF> 
									<imageLargeFront><![CDATA[https://s3.amazonaws.com/ecn-watermarks/effex/55336_1.jpg]]></imageLargeFront>
								
									<imageLargeBack><![CDATA[https://s3.amazonaws.com/ecn-watermarks/effex/55336_2.jpg]]></imageLargeBack>
								
									<imageMediumFront><![CDATA[https://s3.amazonaws.com/ecn-watermarks/effex/55336_5.jpg]]></imageMediumFront>
								
									<imageMediumBack><![CDATA[https://s3.amazonaws.com/ecn-watermarks/effex/55336_6.jpg]]></imageMediumBack>
								
									<imageThumbnailFront><![CDATA[https://s3.amazonaws.com/ecn-watermarks/effex/55336_9.jpg]]></imageThumbnailFront>
								
									<imageThumbnailBack><![CDATA[https://s3.amazonaws.com/ecn-watermarks/effex/55336_10.jpg]]></imageThumbnailBack>
									
				<manufacturer><![CDATA[B.m.s. Enterprises]]></manufacturer>
				<categories>PELVIC EXERCISERS,VAGINAL BALLS,SEX TOYS FOR WOMEN,NON VIBRATING,</categories>
				<itemDescription>The Frisky kegel exercisers are perfectly weighted to strengthen one`s pelvic muscles. These pleasure balls deliver a stimulating rocking motion inspired by the wearer`s natural movements and help in increasing excitement.  The Frisky pleasure balls have a padded cushion texture which helps in keeping them in place, and a stylish silicone cord that dazzles with Swarovski&amp;#xae; crystal. Key Features:  - Super silky high grade silicone finish - Weighted for pleasure and strength - Flexible - Comfortable cushion textured grip  - Dazzles with Swarovski crystal - Elegant design Dimensions: Length: 7.99 in. Diameter: 1.25 in. Weight: 2 oz. (single ball), 2.5 oz. (duo balls)</itemDescription> <htmlitemdescriptioninbase64format>VGhlIEZyaXNreSBrZWdlbCBleGVyY2lzZXJzIGFyZSBwZXJmZWN0bHkgd2VpZ2h0ZWQgdG8gc3RyZW5ndGhlbiBvbmUncyBwZWx2aWMgbXVzY2xlcy4gVGhlc2UgcGxlYXN1cmUgYmFsbHMgZGVsaXZlciBhIHN0aW11bGF0aW5nIHJvY2tpbmcgbW90aW9uIGluc3BpcmVkIGJ5IHRoZSB3ZWFyZXIncyBuYXR1cmFsIG1vdmVtZW50cyBhbmQgaGVscCBpbiBpbmNyZWFzaW5nIGV4Y2l0ZW1lbnQuIDxicj48YnI+IFRoZSBGcmlza3kgcGxlYXN1cmUgYmFsbHMgaGF2ZSBhIHBhZGRlZCBjdXNoaW9uIHRleHR1cmUgd2hpY2ggaGVscHMgaW4ga2VlcGluZyB0aGVtIGluIHBsYWNlLCBhbmQgYSBzdHlsaXNoIHNpbGljb25lIGNvcmQgdGhhdCBkYXp6bGVzIHdpdGggU3dhcm92c2tpriBjcnlzdGFsLjxicj48YnI+IEtleSBGZWF0dXJlczogPGJyPiAtIFN1cGVyIHNpbGt5IGhpZ2ggZ3JhZGUgc2lsaWNvbmUgZmluaXNoPGJyPiAtIFdlaWdodGVkIGZvciBwbGVhc3VyZSBhbmQgc3RyZW5ndGg8YnI+IC0gRmxleGlibGU8YnI+IC0gQ29tZm9ydGFibGUgY3VzaGlvbiB0ZXh0dXJlZCBncmlwIDxicj4gLSBEYXp6bGVzIHdpdGggU3dhcm92c2tpIGNyeXN0YWw8YnI+IC0gRWxlZ2FudCBkZXNpZ248YnI+PGJyPiBEaW1lbnNpb25zOjxicj4gTGVuZ3RoOiA3Ljk5IGluLjxicj4gRGlhbWV0ZXI6IDEuMjUgaW4uPGJyPiBXZWlnaHQ6IDIgb3ouIChzaW5nbGUgYmFsbCksIDIuNSBvei4gKGR1byBiYWxscyk=</htmlitemdescriptioninbase64format>												
				<upc>677613567161</upc>			
				<dateUpdated>12/24/2020 12:01:18 PM</dateUpdated>	
				<itemweight><![CDATA[0.78]]></itemweight>		
				<dateCreated>07/23/2018 10:30:23 AM</dateCreated>			
				<deliveryallowed><![CDATA[1]]></deliveryallowed>	

					
						<categoriesV2>

											
							<categoritem>
								
									<mastercategories><![CDATA[Kegel & Pelvic Exerciser]]></mastercategories>
								
									<subcategories><![CDATA[Kegel & Pelvic With Weights|Pink|Silicone]]></subcategories>
														
							</categoritem>					
												
						</categoriesV2>
						
					<alternatetitle><![CDATA[Pillow Talk Luxurious Pleasure Balls Silicone Kegel Balls- Pink]]></alternatetitle>
					<height><![CDATA[2]]></height>
					<width><![CDATA[6.25]]></width>
					<length><![CDATA[7]]></length>
					<marketplacerestrictions><![CDATA[0]]></marketplacerestrictions>
					<discontinued>No</discontinued>
					
						<regulations />
												
													
			</item>
				
			<item>
				<title><![CDATA[Edible Tropical Massage Oil Banana 2 Oz]]></title>
				<releaseDate>08/06/2018</releaseDate>				
				<itemSKU>EB343</itemSKU>
				<itemID>55469</itemID>		
				<standardPrice>3.0000</standardPrice>		
				<mapPrice>5.99</mapPrice>
				<msrpPrice>5.99</msrpPrice>			
				<stock>Available Now</stock>
				<multiplesOF>1</multiplesOF> 
									<imageLargeFront><![CDATA[https://s3.amazonaws.com/ecn-watermarks/effex/55469_1.jpg]]></imageLargeFront>
								
								<imageLargeBack></imageLargeBack>
							
									<imageMediumFront><![CDATA[https://s3.amazonaws.com/ecn-watermarks/effex/55469_5.jpg]]></imageMediumFront>
								
								<imageMediumBack></imageMediumBack>
							
									<imageThumbnailFront><![CDATA[https://s3.amazonaws.com/ecn-watermarks/effex/55469_9.jpg]]></imageThumbnailFront>
								
								<imageThumbnailBack></imageThumbnailBack>
								
				<manufacturer><![CDATA[Earthly Body]]></manufacturer>
				<categories>UNISEX ITEMS,MASSAGE OILS,OILS, LOTIONS and CREAMS,</categories>
				<itemDescription>Add a bit of delightful decadence to any massage with our range of Hemp Seed Edible Massage Oils. With a professional slip that sits and absorbs smoothly, this massage oil is ideal for a back rub with a bit of flirtatious flavor.

KEY BENEFITS:

Provides slick, professional glide ideal for massages
Absorbs into skin for deep moisturization
High-quality, non-greasy formula
Safe for tasting and licking off skin
</itemDescription> <htmlitemdescriptioninbase64format>QWRkIGEgYml0IG9mIGRlbGlnaHRmdWwgZGVjYWRlbmNlIHRvIGFueSBtYXNzYWdlIHdpdGggb3VyIHJhbmdlIG9mIEhlbXAgU2VlZCBFZGlibGUgTWFzc2FnZSBPaWxzLiBXaXRoIGEgcHJvZmVzc2lvbmFsIHNsaXAgdGhhdCBzaXRzIGFuZCBhYnNvcmJzIHNtb290aGx5LCB0aGlzIG1hc3NhZ2Ugb2lsIGlzIGlkZWFsIGZvciBhIGJhY2sgcnViIHdpdGggYSBiaXQgb2YgZmxpcnRhdGlvdXMgZmxhdm9yLjxicj48YnI+CgpLRVkgQkVORUZJVFM6Cjx1bD4KPGxpPlByb3ZpZGVzIHNsaWNrLCBwcm9mZXNzaW9uYWwgZ2xpZGUgaWRlYWwgZm9yIG1hc3NhZ2VzPC9saT4KPGxpPkFic29yYnMgaW50byBza2luIGZvciBkZWVwIG1vaXN0dXJpemF0aW9uPC9saT4KPGxpPkhpZ2gtcXVhbGl0eSwgbm9uLWdyZWFzeSBmb3JtdWxhPC9saT4KPGxpPlNhZmUgZm9yIHRhc3RpbmcgYW5kIGxpY2tpbmcgb2ZmIHNraW48L2xpPgo8L3VsPg==</htmlitemdescriptioninbase64format>												
				<upc>814487024677</upc>			
				<dateUpdated>12/24/2020 12:01:18 PM</dateUpdated>	
				<itemweight><![CDATA[0.14]]></itemweight>		
				<dateCreated>07/27/2018 11:30:18 AM</dateCreated>			
				<deliveryallowed><![CDATA[1]]></deliveryallowed>	

					
						<categoriesV2>

											
							<categoritem>
								
									<mastercategories><![CDATA[Bath & Body|Lubricants, Massage Oils, Gels & Creams|Romance]]></mastercategories>
								
									<subcategories><![CDATA[Scented]]></subcategories>
														
							</categoritem>					
												
						</categoriesV2>
						
					<alternatetitle><![CDATA[Earthly Body Earthly Body Edible Massage Oil Banana 2oz]]></alternatetitle>
					<height><![CDATA[4]]></height>
					<width><![CDATA[1.25]]></width>
					<length><![CDATA[1.25]]></length>
					<marketplacerestrictions><![CDATA[0]]></marketplacerestrictions>
					<discontinued>No</discontinued>
					
						<regulations />
												
													
			</item>
				
			<item>
				<title><![CDATA[Edible Tropical Massageoil Pineapple 2oz]]></title>
				<releaseDate>08/06/2018</releaseDate>				
				<itemSKU>EB345</itemSKU>
				<itemID>55472</itemID>		
				<standardPrice>3.0000</standardPrice>		
				<mapPrice>5.99</mapPrice>
				<msrpPrice>5.99</msrpPrice>			
				<stock>Available Now</stock>
				<multiplesOF>1</multiplesOF> 
									<imageLargeFront><![CDATA[https://s3.amazonaws.com/ecn-watermarks/effex/55472_1.jpg]]></imageLargeFront>
								
								<imageLargeBack></imageLargeBack>
							
									<imageMediumFront><![CDATA[https://s3.amazonaws.com/ecn-watermarks/effex/55472_5.jpg]]></imageMediumFront>
								
								<imageMediumBack></imageMediumBack>
							
									<imageThumbnailFront><![CDATA[https://s3.amazonaws.com/ecn-watermarks/effex/55472_9.jpg]]></imageThumbnailFront>
								
								<imageThumbnailBack></imageThumbnailBack>
								
				<manufacturer><![CDATA[Earthly Body]]></manufacturer>
				<categories>UNISEX ITEMS,MASSAGE OILS,OILS, LOTIONS and CREAMS,</categories>
				<itemDescription>Add a bit of delightful decadence to any massage with our range of Hemp Seed Edible Massage Oils. With a professional slip that sits and absorbs smoothly, this massage oil is ideal for a back rub with a bit of flirtatious flavor.

KEY BENEFITS:

Provides slick, professional glide ideal for massages
Absorbs into skin for deep moisturization
High-quality, non-greasy formula
Safe for tasting and licking off skin
</itemDescription> <htmlitemdescriptioninbase64format>QWRkIGEgYml0IG9mIGRlbGlnaHRmdWwgZGVjYWRlbmNlIHRvIGFueSBtYXNzYWdlIHdpdGggb3VyIHJhbmdlIG9mIEhlbXAgU2VlZCBFZGlibGUgTWFzc2FnZSBPaWxzLiBXaXRoIGEgcHJvZmVzc2lvbmFsIHNsaXAgdGhhdCBzaXRzIGFuZCBhYnNvcmJzIHNtb290aGx5LCB0aGlzIG1hc3NhZ2Ugb2lsIGlzIGlkZWFsIGZvciBhIGJhY2sgcnViIHdpdGggYSBiaXQgb2YgZmxpcnRhdGlvdXMgZmxhdm9yLjxicj48YnI+CgpLRVkgQkVORUZJVFM6Cjx1bD4KPGxpPlByb3ZpZGVzIHNsaWNrLCBwcm9mZXNzaW9uYWwgZ2xpZGUgaWRlYWwgZm9yIG1hc3NhZ2VzPC9saT4KPGxpPkFic29yYnMgaW50byBza2luIGZvciBkZWVwIG1vaXN0dXJpemF0aW9uPC9saT4KPGxpPkhpZ2gtcXVhbGl0eSwgbm9uLWdyZWFzeSBmb3JtdWxhPC9saT4KPGxpPlNhZmUgZm9yIHRhc3RpbmcgYW5kIGxpY2tpbmcgb2ZmIHNraW48L2xpPgo8L3VsPg==</htmlitemdescriptioninbase64format>												
				<upc>814487024684</upc>			
				<dateUpdated>12/24/2020 12:01:18 PM</dateUpdated>	
				<itemweight><![CDATA[0.14]]></itemweight>		
				<dateCreated>07/27/2018 11:30:18 AM</dateCreated>			
				<deliveryallowed><![CDATA[1]]></deliveryallowed>	

					
						<categoriesV2>

											
							<categoritem>
								
									<mastercategories><![CDATA[Bath & Body|Lubricants, Massage Oils, Gels & Creams|Romance]]></mastercategories>
								
									<subcategories><![CDATA[Scented]]></subcategories>
														
							</categoritem>					
												
						</categoriesV2>
						
					<alternatetitle><![CDATA[Earthly Body Earthly Body Edible Massage Oil Pineapple 2oz]]></alternatetitle>
					<height><![CDATA[4]]></height>
					<width><![CDATA[1.25]]></width>
					<length><![CDATA[1.25]]></length>
					<marketplacerestrictions><![CDATA[0]]></marketplacerestrictions>
					<discontinued>No</discontinued>
					
						<regulations />
												
													
			</item>
				
			<item>
				<title><![CDATA[Edible Tropical Massage Oil Mango 2 Oz]]></title>
				<releaseDate>08/06/2018</releaseDate>				
				<itemSKU>EB347</itemSKU>
				<itemID>55476</itemID>		
				<standardPrice>3.0000</standardPrice>		
				<mapPrice>5.99</mapPrice>
				<msrpPrice>5.99</msrpPrice>			
				<stock>Available Now</stock>
				<multiplesOF>1</multiplesOF> 
									<imageLargeFront><![CDATA[https://s3.amazonaws.com/ecn-watermarks/effex/55476_1.jpg]]></imageLargeFront>
								
								<imageLargeBack></imageLargeBack>
							
									<imageMediumFront><![CDATA[https://s3.amazonaws.com/ecn-watermarks/effex/55476_5.jpg]]></imageMediumFront>
								
								<imageMediumBack></imageMediumBack>
							
									<imageThumbnailFront><![CDATA[https://s3.amazonaws.com/ecn-watermarks/effex/55476_9.jpg]]></imageThumbnailFront>
								
								<imageThumbnailBack></imageThumbnailBack>
								
				<manufacturer><![CDATA[Earthly Body]]></manufacturer>
				<categories>UNISEX ITEMS,MASSAGE OILS,OILS, LOTIONS and CREAMS,</categories>
				<itemDescription>Add a bit of delightful decadence to any massage with our range of Hemp Seed Edible Massage Oils. With a professional slip that sits and absorbs smoothly, this massage oil is ideal for a back rub with a bit of flirtatious flavor.

KEY BENEFITS:

Provides slick, professional glide ideal for massages
Absorbs into skin for deep moisturization
High-quality, non-greasy formula
Safe for tasting and licking off skin
</itemDescription> <htmlitemdescriptioninbase64format>QWRkIGEgYml0IG9mIGRlbGlnaHRmdWwgZGVjYWRlbmNlIHRvIGFueSBtYXNzYWdlIHdpdGggb3VyIHJhbmdlIG9mIEhlbXAgU2VlZCBFZGlibGUgTWFzc2FnZSBPaWxzLiBXaXRoIGEgcHJvZmVzc2lvbmFsIHNsaXAgdGhhdCBzaXRzIGFuZCBhYnNvcmJzIHNtb290aGx5LCB0aGlzIG1hc3NhZ2Ugb2lsIGlzIGlkZWFsIGZvciBhIGJhY2sgcnViIHdpdGggYSBiaXQgb2YgZmxpcnRhdGlvdXMgZmxhdm9yLjxicj48YnI+CgpLRVkgQkVORUZJVFM6Cjx1bD4KPGxpPlByb3ZpZGVzIHNsaWNrLCBwcm9mZXNzaW9uYWwgZ2xpZGUgaWRlYWwgZm9yIG1hc3NhZ2VzPC9saT4KPGxpPkFic29yYnMgaW50byBza2luIGZvciBkZWVwIG1vaXN0dXJpemF0aW9uPC9saT4KPGxpPkhpZ2gtcXVhbGl0eSwgbm9uLWdyZWFzeSBmb3JtdWxhPC9saT4KPGxpPlNhZmUgZm9yIHRhc3RpbmcgYW5kIGxpY2tpbmcgb2ZmIHNraW48L2xpPgo8L3VsPg==</htmlitemdescriptioninbase64format>												
				<upc>814487024691</upc>			
				<dateUpdated>12/24/2020 12:01:18 PM</dateUpdated>	
				<itemweight><![CDATA[0.14]]></itemweight>		
				<dateCreated>07/27/2018 11:30:18 AM</dateCreated>			
				<deliveryallowed><![CDATA[1]]></deliveryallowed>	

					
						<categoriesV2>

											
							<categoritem>
								
									<mastercategories><![CDATA[Bath & Body|Lubricants, Massage Oils, Gels & Creams|Romance]]></mastercategories>
								
									<subcategories><![CDATA[Scented]]></subcategories>
														
							</categoritem>					
												
						</categoriesV2>
						
					<alternatetitle><![CDATA[Earthly Body Earthly Body Edible Massage Oil Mango 2oz]]></alternatetitle>
					<height><![CDATA[4]]></height>
					<width><![CDATA[1.25]]></width>
					<length><![CDATA[1.25]]></length>
					<marketplacerestrictions><![CDATA[0]]></marketplacerestrictions>
					<discontinued>No</discontinued>
					
						<regulations />
												
													
			</item>
				
			<item>
				<title><![CDATA[Booty Sparks Pink Gem Anal Plug Sm]]></title>
				<releaseDate>10/25/2018</releaseDate>				
				<itemSKU>XR-AF631-SM</itemSKU>
				<itemID>55489</itemID>		
				<standardPrice>6.3200</standardPrice>		
				<mapPrice>0</mapPrice>
				<msrpPrice>12</msrpPrice>			
				<stock>Available Now</stock>
				<multiplesOF>1</multiplesOF> 
									<imageLargeFront><![CDATA[https://s3.amazonaws.com/ecn-watermarks/effex/55489_1.jpg]]></imageLargeFront>
								
									<imageLargeBack><![CDATA[https://s3.amazonaws.com/ecn-watermarks/effex/55489_2.jpg]]></imageLargeBack>
								
									<imageMediumFront><![CDATA[https://s3.amazonaws.com/ecn-watermarks/effex/55489_5.jpg]]></imageMediumFront>
								
									<imageMediumBack><![CDATA[https://s3.amazonaws.com/ecn-watermarks/effex/55489_6.jpg]]></imageMediumBack>
								
									<imageThumbnailFront><![CDATA[https://s3.amazonaws.com/ecn-watermarks/effex/55489_9.jpg]]></imageThumbnailFront>
								
									<imageThumbnailBack><![CDATA[https://s3.amazonaws.com/ecn-watermarks/effex/55489_10.jpg]]></imageThumbnailBack>
									
				<manufacturer><![CDATA[Xr Llc]]></manufacturer>
				<categories>ANAL PLAY,BUTT PLUGS NON VIBRATING,SEX TOYS FOR WOMEN,</categories>
				<itemDescription>Spark your desire for decadent anal play with this beautiful Booty Sparks plug! Featuring a smooth metal finish in lightweight aluminum, it features a classic tapered shape and a pretty pink jewel at the base. The slim shaft will keep it from slipping out of place even during vigorous play. You will want to show off your new sparkling booty as you bend over and tease your lover. The nickel free aluminum alloy is nicely weighted and temperature sensitive for the perfect amount of sensation. When play is over, the non-porous material will clean easily without harboring any harmful bacteria. Make that booty sparkle!

Dimensions: 
Total Length:  2.75 in.
Insertable:  2 in.
Diameter:  1 in.</itemDescription> <htmlitemdescriptioninbase64format>U3BhcmsgeW91ciBkZXNpcmUgZm9yIGRlY2FkZW50IGFuYWwgcGxheSB3aXRoIHRoaXMgYmVhdXRpZnVsIEJvb3R5IFNwYXJrcyBwbHVnISBGZWF0dXJpbmcgYSBzbW9vdGggbWV0YWwgZmluaXNoIGluIGxpZ2h0d2VpZ2h0IGFsdW1pbnVtLCBpdCBmZWF0dXJlcyBhIGNsYXNzaWMgdGFwZXJlZCBzaGFwZSBhbmQgYSBwcmV0dHkgcGluayBqZXdlbCBhdCB0aGUgYmFzZS4gVGhlIHNsaW0gc2hhZnQgd2lsbCBrZWVwIGl0IGZyb20gc2xpcHBpbmcgb3V0IG9mIHBsYWNlIGV2ZW4gZHVyaW5nIHZpZ29yb3VzIHBsYXkuIFlvdSB3aWxsIHdhbnQgdG8gc2hvdyBvZmYgeW91ciBuZXcgc3BhcmtsaW5nIGJvb3R5IGFzIHlvdSBiZW5kIG92ZXIgYW5kIHRlYXNlIHlvdXIgbG92ZXIuIFRoZSBuaWNrZWwgZnJlZSBhbHVtaW51bSBhbGxveSBpcyBuaWNlbHkgd2VpZ2h0ZWQgYW5kIHRlbXBlcmF0dXJlIHNlbnNpdGl2ZSBmb3IgdGhlIHBlcmZlY3QgYW1vdW50IG9mIHNlbnNhdGlvbi4gV2hlbiBwbGF5IGlzIG92ZXIsIHRoZSBub24tcG9yb3VzIG1hdGVyaWFsIHdpbGwgY2xlYW4gZWFzaWx5IHdpdGhvdXQgaGFyYm9yaW5nIGFueSBoYXJtZnVsIGJhY3RlcmlhLiBNYWtlIHRoYXQgYm9vdHkgc3BhcmtsZSE8YnI+PGJyPg0KDQpEaW1lbnNpb25zOiA8YnI+DQpUb3RhbCBMZW5ndGg6ICAyLjc1IGluLjxicj4NCkluc2VydGFibGU6ICAyIGluLjxicj4NCkRpYW1ldGVyOiAgMSBpbi48YnI+PGJyPg==</htmlitemdescriptioninbase64format>												
				<upc>848518029850</upc>			
				<dateUpdated>12/24/2020 12:01:18 PM</dateUpdated>	
				<itemweight><![CDATA[0.16]]></itemweight>		
				<dateCreated>07/27/2018 2:00:17 PM</dateCreated>			
				<deliveryallowed><![CDATA[1]]></deliveryallowed>	

					
						<categoriesV2>

											
							<categoritem>
								
									<mastercategories><![CDATA[Anal]]></mastercategories>
								
									<subcategories><![CDATA[Anal Plug|Metal|Non-vibrating|Pink|Small]]></subcategories>
														
							</categoritem>					
												
						</categoriesV2>
						
					<alternatetitle><![CDATA[Booty Sparks Pink Gem Small Anal Plug - Pink]]></alternatetitle>
					<height><![CDATA[2.25]]></height>
					<width><![CDATA[3]]></width>
					<length><![CDATA[5]]></length>
					<marketplacerestrictions><![CDATA[0]]></marketplacerestrictions>
					<discontinued>No</discontinued>
					
						<regulations />
												
													
			</item>
				
			<item>
				<title><![CDATA[Booty Sparks Pink Gem Anal Plug Md]]></title>
				<releaseDate>10/25/2018</releaseDate>				
				<itemSKU>XR-AF631-MD</itemSKU>
				<itemID>55490</itemID>		
				<standardPrice>7.9000</standardPrice>		
				<mapPrice>0</mapPrice>
				<msrpPrice>15</msrpPrice>			
				<stock>Available Now</stock>
				<multiplesOF>1</multiplesOF> 
									<imageLargeFront><![CDATA[https://s3.amazonaws.com/ecn-watermarks/effex/55490_1.jpg]]></imageLargeFront>
								
									<imageLargeBack><![CDATA[https://s3.amazonaws.com/ecn-watermarks/effex/55490_2.jpg]]></imageLargeBack>
								
									<imageMediumFront><![CDATA[https://s3.amazonaws.com/ecn-watermarks/effex/55490_5.jpg]]></imageMediumFront>
								
									<imageMediumBack><![CDATA[https://s3.amazonaws.com/ecn-watermarks/effex/55490_6.jpg]]></imageMediumBack>
								
									<imageThumbnailFront><![CDATA[https://s3.amazonaws.com/ecn-watermarks/effex/55490_9.jpg]]></imageThumbnailFront>
								
									<imageThumbnailBack><![CDATA[https://s3.amazonaws.com/ecn-watermarks/effex/55490_10.jpg]]></imageThumbnailBack>
									
				<manufacturer><![CDATA[Xr Llc]]></manufacturer>
				<categories>ANAL PLAY,BUTT PLUGS NON VIBRATING,SEX TOYS FOR WOMEN,</categories>
				<itemDescription>Spark your desire for decadent anal play with this beautiful Booty Sparks plug! Featuring a smooth metal finish in lightweight aluminum, it features a classic tapered shape and a pretty pink jewel at the base. The slim shaft will keep it from slipping out of place even during vigorous play. You will want to show off your new sparkling booty as you bend over and tease your lover. The nickel free aluminum alloy is nicely weighted and temperature sensitive for the perfect amount of sensation. When play is over, the non-porous material will clean easily without harboring any harmful bacteria. Make that booty sparkle!

Dimensions: 
Total Length:  3.2 in.
Insertable:  2.5 in.
Diameter:  1.3 in.</itemDescription> <htmlitemdescriptioninbase64format>U3BhcmsgeW91ciBkZXNpcmUgZm9yIGRlY2FkZW50IGFuYWwgcGxheSB3aXRoIHRoaXMgYmVhdXRpZnVsIEJvb3R5IFNwYXJrcyBwbHVnISBGZWF0dXJpbmcgYSBzbW9vdGggbWV0YWwgZmluaXNoIGluIGxpZ2h0d2VpZ2h0IGFsdW1pbnVtLCBpdCBmZWF0dXJlcyBhIGNsYXNzaWMgdGFwZXJlZCBzaGFwZSBhbmQgYSBwcmV0dHkgcGluayBqZXdlbCBhdCB0aGUgYmFzZS4gVGhlIHNsaW0gc2hhZnQgd2lsbCBrZWVwIGl0IGZyb20gc2xpcHBpbmcgb3V0IG9mIHBsYWNlIGV2ZW4gZHVyaW5nIHZpZ29yb3VzIHBsYXkuIFlvdSB3aWxsIHdhbnQgdG8gc2hvdyBvZmYgeW91ciBuZXcgc3BhcmtsaW5nIGJvb3R5IGFzIHlvdSBiZW5kIG92ZXIgYW5kIHRlYXNlIHlvdXIgbG92ZXIuIFRoZSBuaWNrZWwgZnJlZSBhbHVtaW51bSBhbGxveSBpcyBuaWNlbHkgd2VpZ2h0ZWQgYW5kIHRlbXBlcmF0dXJlIHNlbnNpdGl2ZSBmb3IgdGhlIHBlcmZlY3QgYW1vdW50IG9mIHNlbnNhdGlvbi4gV2hlbiBwbGF5IGlzIG92ZXIsIHRoZSBub24tcG9yb3VzIG1hdGVyaWFsIHdpbGwgY2xlYW4gZWFzaWx5IHdpdGhvdXQgaGFyYm9yaW5nIGFueSBoYXJtZnVsIGJhY3RlcmlhLiBNYWtlIHRoYXQgYm9vdHkgc3BhcmtsZSE8YnI+PGJyPg0KDQpEaW1lbnNpb25zOiA8YnI+DQpUb3RhbCBMZW5ndGg6ICAzLjIgaW4uPGJyPg0KSW5zZXJ0YWJsZTogIDIuNSBpbi48YnI+DQpEaWFtZXRlcjogIDEuMyBpbi48YnI+PGJyPg==</htmlitemdescriptioninbase64format>												
				<upc>848518029867</upc>			
				<dateUpdated>12/24/2020 12:01:18 PM</dateUpdated>	
				<itemweight><![CDATA[0.26]]></itemweight>		
				<dateCreated>07/27/2018 2:00:17 PM</dateCreated>			
				<deliveryallowed><![CDATA[1]]></deliveryallowed>	

					
						<categoriesV2>

											
							<categoritem>
								
									<mastercategories><![CDATA[Anal]]></mastercategories>
								
									<subcategories><![CDATA[Anal Plug|Medium|Metal|Non-vibrating|Pink]]></subcategories>
														
							</categoritem>					
												
						</categoriesV2>
						
					<alternatetitle><![CDATA[Booty Sparks Pink Gem Medium Anal Plug - Pink]]></alternatetitle>
					<height><![CDATA[2]]></height>
					<width><![CDATA[3]]></width>
					<length><![CDATA[5]]></length>
					<marketplacerestrictions><![CDATA[0]]></marketplacerestrictions>
					<discontinued>No</discontinued>
					
						<regulations />
												
													
			</item>
				
			<item>
				<title><![CDATA[Booty Sparks Clear Gem Anal Plug Sm]]></title>
				<releaseDate>09/25/2018</releaseDate>				
				<itemSKU>XR-AF632-SM</itemSKU>
				<itemID>55492</itemID>		
				<standardPrice>6.3200</standardPrice>		
				<mapPrice>0</mapPrice>
				<msrpPrice>12</msrpPrice>			
				<stock>Available Now</stock>
				<multiplesOF>1</multiplesOF> 
									<imageLargeFront><![CDATA[https://s3.amazonaws.com/ecn-watermarks/effex/55492_1.jpg]]></imageLargeFront>
								
									<imageLargeBack><![CDATA[https://s3.amazonaws.com/ecn-watermarks/effex/55492_2.jpg]]></imageLargeBack>
								
									<imageMediumFront><![CDATA[https://s3.amazonaws.com/ecn-watermarks/effex/55492_5.jpg]]></imageMediumFront>
								
									<imageMediumBack><![CDATA[https://s3.amazonaws.com/ecn-watermarks/effex/55492_6.jpg]]></imageMediumBack>
								
									<imageThumbnailFront><![CDATA[https://s3.amazonaws.com/ecn-watermarks/effex/55492_9.jpg]]></imageThumbnailFront>
								
									<imageThumbnailBack><![CDATA[https://s3.amazonaws.com/ecn-watermarks/effex/55492_10.jpg]]></imageThumbnailBack>
									
				<manufacturer><![CDATA[Xr Llc]]></manufacturer>
				<categories>ANAL PLAY,BUTT PLUGS NON VIBRATING,SEX TOYS FOR WOMEN,</categories>
				<itemDescription>Spark your desire for decadent anal play with this beautiful Booty Sparks plug! Featuring a smooth metal finish in lightweight aluminum, it features a classic tapered shape and a stunning crystal jewel at the base. The slim shaft will keep it from slipping out of place even during vigorous play. You will want to show off your new sparkling booty as you bend over and tease your lover. The nickel free aluminum alloy is nicely weighted and temperature sensitive for the perfect amount of sensation. When play is over, the non-porous material will clean easily without harboring any harmful bacteria. Make that booty sparkle!

Dimensions: 
Total Length:  2.75 in.
Insertable:  2 in.
Diameter:  1 in.</itemDescription> <htmlitemdescriptioninbase64format>U3BhcmsgeW91ciBkZXNpcmUgZm9yIGRlY2FkZW50IGFuYWwgcGxheSB3aXRoIHRoaXMgYmVhdXRpZnVsIEJvb3R5IFNwYXJrcyBwbHVnISBGZWF0dXJpbmcgYSBzbW9vdGggbWV0YWwgZmluaXNoIGluIGxpZ2h0d2VpZ2h0IGFsdW1pbnVtLCBpdCBmZWF0dXJlcyBhIGNsYXNzaWMgdGFwZXJlZCBzaGFwZSBhbmQgYSBzdHVubmluZyBjcnlzdGFsIGpld2VsIGF0IHRoZSBiYXNlLiBUaGUgc2xpbSBzaGFmdCB3aWxsIGtlZXAgaXQgZnJvbSBzbGlwcGluZyBvdXQgb2YgcGxhY2UgZXZlbiBkdXJpbmcgdmlnb3JvdXMgcGxheS4gWW91IHdpbGwgd2FudCB0byBzaG93IG9mZiB5b3VyIG5ldyBzcGFya2xpbmcgYm9vdHkgYXMgeW91IGJlbmQgb3ZlciBhbmQgdGVhc2UgeW91ciBsb3Zlci4gVGhlIG5pY2tlbCBmcmVlIGFsdW1pbnVtIGFsbG95IGlzIG5pY2VseSB3ZWlnaHRlZCBhbmQgdGVtcGVyYXR1cmUgc2Vuc2l0aXZlIGZvciB0aGUgcGVyZmVjdCBhbW91bnQgb2Ygc2Vuc2F0aW9uLiBXaGVuIHBsYXkgaXMgb3ZlciwgdGhlIG5vbi1wb3JvdXMgbWF0ZXJpYWwgd2lsbCBjbGVhbiBlYXNpbHkgd2l0aG91dCBoYXJib3JpbmcgYW55IGhhcm1mdWwgYmFjdGVyaWEuIE1ha2UgdGhhdCBib290eSBzcGFya2xlITxicj48YnI+DQoNCkRpbWVuc2lvbnM6IDxicj4NClRvdGFsIExlbmd0aDogIDIuNzUgaW4uPGJyPg0KSW5zZXJ0YWJsZTogIDIgaW4uPGJyPg0KRGlhbWV0ZXI6ICAxIGluLjxicj48YnI+</htmlitemdescriptioninbase64format>												
				<upc>848518029980</upc>			
				<dateUpdated>12/24/2020 12:01:18 PM</dateUpdated>	
				<itemweight><![CDATA[0.18]]></itemweight>		
				<dateCreated>07/27/2018 2:00:17 PM</dateCreated>			
				<deliveryallowed><![CDATA[1]]></deliveryallowed>	

					
						<categoriesV2>

											
							<categoritem>
								
									<mastercategories><![CDATA[Anal]]></mastercategories>
								
									<subcategories><![CDATA[Anal Plug|Clear|Metal|Non-vibrating|Silver|Small]]></subcategories>
														
							</categoritem>					
												
						</categoriesV2>
						
					<alternatetitle><![CDATA[Booty Sparks Clear Gem Small Anal Plug - Clear]]></alternatetitle>
					<height><![CDATA[2]]></height>
					<width><![CDATA[3]]></width>
					<length><![CDATA[5]]></length>
					<marketplacerestrictions><![CDATA[0]]></marketplacerestrictions>
					<discontinued>No</discontinued>
					
						<regulations />
												
													
			</item>
				
			<item>
				<title><![CDATA[Booty Sparks Clear Gem Anal Plug Md]]></title>
				<releaseDate>09/25/2018</releaseDate>				
				<itemSKU>XR-AF632-MD</itemSKU>
				<itemID>55493</itemID>		
				<standardPrice>7.9000</standardPrice>		
				<mapPrice>0</mapPrice>
				<msrpPrice>15</msrpPrice>			
				<stock>Available Now</stock>
				<multiplesOF>1</multiplesOF> 
									<imageLargeFront><![CDATA[https://s3.amazonaws.com/ecn-watermarks/effex/55493_1.jpg]]></imageLargeFront>
								
									<imageLargeBack><![CDATA[https://s3.amazonaws.com/ecn-watermarks/effex/55493_2.jpg]]></imageLargeBack>
								
									<imageMediumFront><![CDATA[https://s3.amazonaws.com/ecn-watermarks/effex/55493_5.jpg]]></imageMediumFront>
								
									<imageMediumBack><![CDATA[https://s3.amazonaws.com/ecn-watermarks/effex/55493_6.jpg]]></imageMediumBack>
								
									<imageThumbnailFront><![CDATA[https://s3.amazonaws.com/ecn-watermarks/effex/55493_9.jpg]]></imageThumbnailFront>
								
									<imageThumbnailBack><![CDATA[https://s3.amazonaws.com/ecn-watermarks/effex/55493_10.jpg]]></imageThumbnailBack>
									
				<manufacturer><![CDATA[Xr Llc]]></manufacturer>
				<categories>ANAL PLAY,BUTT PLUGS NON VIBRATING,SEX TOYS FOR WOMEN,</categories>
				<itemDescription>Spark your desire for decadent anal play with this beautiful Booty Sparks plug! Featuring a smooth metal finish in lightweight aluminum, it features a classic tapered shape and a stunning crystal jewel at the base. The slim shaft will keep it from slipping out of place even during vigorous play. You will want to show off your new sparkling booty as you bend over and tease your lover. The nickel free aluminum alloy is nicely weighted and temperature sensitive for the perfect amount of sensation. When play is over, the non-porous material will clean easily without harboring any harmful bacteria. Make that booty sparkle!

Dimensions:
Total Length; 3.2 in.
Insertable:  2.5 in.
Diameter:  1.3 in.</itemDescription> <htmlitemdescriptioninbase64format>U3BhcmsgeW91ciBkZXNpcmUgZm9yIGRlY2FkZW50IGFuYWwgcGxheSB3aXRoIHRoaXMgYmVhdXRpZnVsIEJvb3R5IFNwYXJrcyBwbHVnISBGZWF0dXJpbmcgYSBzbW9vdGggbWV0YWwgZmluaXNoIGluIGxpZ2h0d2VpZ2h0IGFsdW1pbnVtLCBpdCBmZWF0dXJlcyBhIGNsYXNzaWMgdGFwZXJlZCBzaGFwZSBhbmQgYSBzdHVubmluZyBjcnlzdGFsIGpld2VsIGF0IHRoZSBiYXNlLiBUaGUgc2xpbSBzaGFmdCB3aWxsIGtlZXAgaXQgZnJvbSBzbGlwcGluZyBvdXQgb2YgcGxhY2UgZXZlbiBkdXJpbmcgdmlnb3JvdXMgcGxheS4gWW91IHdpbGwgd2FudCB0byBzaG93IG9mZiB5b3VyIG5ldyBzcGFya2xpbmcgYm9vdHkgYXMgeW91IGJlbmQgb3ZlciBhbmQgdGVhc2UgeW91ciBsb3Zlci4gVGhlIG5pY2tlbCBmcmVlIGFsdW1pbnVtIGFsbG95IGlzIG5pY2VseSB3ZWlnaHRlZCBhbmQgdGVtcGVyYXR1cmUgc2Vuc2l0aXZlIGZvciB0aGUgcGVyZmVjdCBhbW91bnQgb2Ygc2Vuc2F0aW9uLiBXaGVuIHBsYXkgaXMgb3ZlciwgdGhlIG5vbi1wb3JvdXMgbWF0ZXJpYWwgd2lsbCBjbGVhbiBlYXNpbHkgd2l0aG91dCBoYXJib3JpbmcgYW55IGhhcm1mdWwgYmFjdGVyaWEuIE1ha2UgdGhhdCBib290eSBzcGFya2xlITxicj48YnI+DQoNCkRpbWVuc2lvbnM6PGJyPg0KVG90YWwgTGVuZ3RoOyAzLjIgaW4uPGJyPg0KSW5zZXJ0YWJsZTogIDIuNSBpbi48YnI+DQpEaWFtZXRlcjogIDEuMyBpbi48YnI+PGJyPg==</htmlitemdescriptioninbase64format>												
				<upc>848518029997</upc>			
				<dateUpdated>12/24/2020 12:01:18 PM</dateUpdated>	
				<itemweight><![CDATA[0.26]]></itemweight>		
				<dateCreated>07/27/2018 2:00:17 PM</dateCreated>			
				<deliveryallowed><![CDATA[1]]></deliveryallowed>	

					
						<categoriesV2>

											
							<categoritem>
								
									<mastercategories><![CDATA[Anal]]></mastercategories>
								
									<subcategories><![CDATA[Anal Plug|Clear|Medium|Metal|Non-vibrating|Silver]]></subcategories>
														
							</categoritem>					
												
						</categoriesV2>
						
					<alternatetitle><![CDATA[Booty Sparks Clear Gem Medium Anal Plug - Clear]]></alternatetitle>
					<height><![CDATA[2]]></height>
					<width><![CDATA[3]]></width>
					<length><![CDATA[5]]></length>
					<marketplacerestrictions><![CDATA[0]]></marketplacerestrictions>
					<discontinued>No</discontinued>
					
						<regulations />
												
													
			</item>
				
			<item>
				<title><![CDATA[Booty Sparks Red Heart Anal Plug Sm]]></title>
				<releaseDate>09/04/2018</releaseDate>				
				<itemSKU>XR-AF633-SM</itemSKU>
				<itemID>55495</itemID>		
				<standardPrice>7.1500</standardPrice>		
				<mapPrice>0</mapPrice>
				<msrpPrice>14</msrpPrice>			
				<stock>Available Now</stock>
				<multiplesOF>1</multiplesOF> 
									<imageLargeFront><![CDATA[https://s3.amazonaws.com/ecn-watermarks/effex/55495_1.jpg]]></imageLargeFront>
								
									<imageLargeBack><![CDATA[https://s3.amazonaws.com/ecn-watermarks/effex/55495_2.jpg]]></imageLargeBack>
								
									<imageMediumFront><![CDATA[https://s3.amazonaws.com/ecn-watermarks/effex/55495_5.jpg]]></imageMediumFront>
								
									<imageMediumBack><![CDATA[https://s3.amazonaws.com/ecn-watermarks/effex/55495_6.jpg]]></imageMediumBack>
								
									<imageThumbnailFront><![CDATA[https://s3.amazonaws.com/ecn-watermarks/effex/55495_9.jpg]]></imageThumbnailFront>
								
									<imageThumbnailBack><![CDATA[https://s3.amazonaws.com/ecn-watermarks/effex/55495_10.jpg]]></imageThumbnailBack>
									
				<manufacturer><![CDATA[Xr Llc]]></manufacturer>
				<categories>ANAL PLAY,BUTT PLUGS NON VIBRATING,SEX TOYS FOR WOMEN,</categories>
				<itemDescription>Spark your desire for decadent anal play with this beautiful Booty Sparks plug! Featuring a smooth metal finish in lightweight aluminum, it features a sweet heart shaped gem in a deep crimson red. The slim shaft will keep it from slipping out of place even during vigorous play. You will want to show off your new sparkling booty as you bend over and tease your lover. The nickel free aluminum alloy is nicely weighted and temperature sensitive for the perfect amount of sensation. When play is over, the non-porous material will clean easily without harboring any harmful bacteria. Make that booty sparkle!

Dimensions:
Total Length:  2.8 in.
Insertable:  2 in.
Diameter:  1 in.</itemDescription> <htmlitemdescriptioninbase64format>U3BhcmsgeW91ciBkZXNpcmUgZm9yIGRlY2FkZW50IGFuYWwgcGxheSB3aXRoIHRoaXMgYmVhdXRpZnVsIEJvb3R5IFNwYXJrcyBwbHVnISBGZWF0dXJpbmcgYSBzbW9vdGggbWV0YWwgZmluaXNoIGluIGxpZ2h0d2VpZ2h0IGFsdW1pbnVtLCBpdCBmZWF0dXJlcyBhIHN3ZWV0IGhlYXJ0IHNoYXBlZCBnZW0gaW4gYSBkZWVwIGNyaW1zb24gcmVkLiBUaGUgc2xpbSBzaGFmdCB3aWxsIGtlZXAgaXQgZnJvbSBzbGlwcGluZyBvdXQgb2YgcGxhY2UgZXZlbiBkdXJpbmcgdmlnb3JvdXMgcGxheS4gWW91IHdpbGwgd2FudCB0byBzaG93IG9mZiB5b3VyIG5ldyBzcGFya2xpbmcgYm9vdHkgYXMgeW91IGJlbmQgb3ZlciBhbmQgdGVhc2UgeW91ciBsb3Zlci4gVGhlIG5pY2tlbCBmcmVlIGFsdW1pbnVtIGFsbG95IGlzIG5pY2VseSB3ZWlnaHRlZCBhbmQgdGVtcGVyYXR1cmUgc2Vuc2l0aXZlIGZvciB0aGUgcGVyZmVjdCBhbW91bnQgb2Ygc2Vuc2F0aW9uLiBXaGVuIHBsYXkgaXMgb3ZlciwgdGhlIG5vbi1wb3JvdXMgbWF0ZXJpYWwgd2lsbCBjbGVhbiBlYXNpbHkgd2l0aG91dCBoYXJib3JpbmcgYW55IGhhcm1mdWwgYmFjdGVyaWEuIE1ha2UgdGhhdCBib290eSBzcGFya2xlITxicj48YnI+DQoNCkRpbWVuc2lvbnM6PGJyPg0KVG90YWwgTGVuZ3RoOiAgMi44IGluLjxicj4NCkluc2VydGFibGU6ICAyIGluLjxicj4NCkRpYW1ldGVyOiAgMSBpbi48YnI+PGJyPg==</htmlitemdescriptioninbase64format>												
				<upc>848518029881</upc>			
				<dateUpdated>12/24/2020 12:01:18 PM</dateUpdated>	
				<itemweight><![CDATA[0.18]]></itemweight>		
				<dateCreated>07/27/2018 2:00:17 PM</dateCreated>			
				<deliveryallowed><![CDATA[1]]></deliveryallowed>	

					
						<categoriesV2>

											
							<categoritem>
								
									<mastercategories><![CDATA[Anal]]></mastercategories>
								
									<subcategories><![CDATA[Anal Plug|Metal|Non-vibrating|Red|Small]]></subcategories>
														
							</categoritem>					
												
						</categoriesV2>
						
					<alternatetitle><![CDATA[Booty Sparks Heart Gem Small Anal Plug - Red]]></alternatetitle>
					<height><![CDATA[2]]></height>
					<width><![CDATA[3]]></width>
					<length><![CDATA[5]]></length>
					<marketplacerestrictions><![CDATA[0]]></marketplacerestrictions>
					<discontinued>No</discontinued>
					
						<regulations />
												
													
			</item>
				
			<item>
				<title><![CDATA[Booty Sparks Red Heart Anal Plug Md]]></title>
				<releaseDate>10/25/2018</releaseDate>				
				<itemSKU>XR-AF633-MD</itemSKU>
				<itemID>55496</itemID>		
				<standardPrice>8.5300</standardPrice>		
				<mapPrice>0</mapPrice>
				<msrpPrice>17</msrpPrice>			
				<stock>Available Now</stock>
				<multiplesOF>1</multiplesOF> 
									<imageLargeFront><![CDATA[https://s3.amazonaws.com/ecn-watermarks/effex/55496_1.jpg]]></imageLargeFront>
								
									<imageLargeBack><![CDATA[https://s3.amazonaws.com/ecn-watermarks/effex/55496_2.jpg]]></imageLargeBack>
								
									<imageMediumFront><![CDATA[https://s3.amazonaws.com/ecn-watermarks/effex/55496_5.jpg]]></imageMediumFront>
								
									<imageMediumBack><![CDATA[https://s3.amazonaws.com/ecn-watermarks/effex/55496_6.jpg]]></imageMediumBack>
								
									<imageThumbnailFront><![CDATA[https://s3.amazonaws.com/ecn-watermarks/effex/55496_9.jpg]]></imageThumbnailFront>
								
									<imageThumbnailBack><![CDATA[https://s3.amazonaws.com/ecn-watermarks/effex/55496_10.jpg]]></imageThumbnailBack>
									
				<manufacturer><![CDATA[Xr Llc]]></manufacturer>
				<categories>ANAL PLAY,BUTT PLUGS NON VIBRATING,SEX TOYS FOR WOMEN,</categories>
				<itemDescription>Spark your desire for decadent anal play with this beautiful Booty Sparks plug! Featuring a smooth metal finish in lightweight aluminum, it features a sweet heart shaped gem in a deep crimson red. The slim shaft will keep it from slipping out of place even during vigorous play. You will want to show off your new sparkling booty as you bend over and tease your lover. The nickel free aluminum alloy is nicely weighted and temperature sensitive for the perfect amount of sensation. When play is over, the non-porous material will clean easily without harboring any harmful bacteria. Make that booty sparkle!

Dimensions:
Total Length:  3.3 in.
Insertable:  2.5 in.
Diameter:  1.3 in.</itemDescription> <htmlitemdescriptioninbase64format>U3BhcmsgeW91ciBkZXNpcmUgZm9yIGRlY2FkZW50IGFuYWwgcGxheSB3aXRoIHRoaXMgYmVhdXRpZnVsIEJvb3R5IFNwYXJrcyBwbHVnISBGZWF0dXJpbmcgYSBzbW9vdGggbWV0YWwgZmluaXNoIGluIGxpZ2h0d2VpZ2h0IGFsdW1pbnVtLCBpdCBmZWF0dXJlcyBhIHN3ZWV0IGhlYXJ0IHNoYXBlZCBnZW0gaW4gYSBkZWVwIGNyaW1zb24gcmVkLiBUaGUgc2xpbSBzaGFmdCB3aWxsIGtlZXAgaXQgZnJvbSBzbGlwcGluZyBvdXQgb2YgcGxhY2UgZXZlbiBkdXJpbmcgdmlnb3JvdXMgcGxheS4gWW91IHdpbGwgd2FudCB0byBzaG93IG9mZiB5b3VyIG5ldyBzcGFya2xpbmcgYm9vdHkgYXMgeW91IGJlbmQgb3ZlciBhbmQgdGVhc2UgeW91ciBsb3Zlci4gVGhlIG5pY2tlbCBmcmVlIGFsdW1pbnVtIGFsbG95IGlzIG5pY2VseSB3ZWlnaHRlZCBhbmQgdGVtcGVyYXR1cmUgc2Vuc2l0aXZlIGZvciB0aGUgcGVyZmVjdCBhbW91bnQgb2Ygc2Vuc2F0aW9uLiBXaGVuIHBsYXkgaXMgb3ZlciwgdGhlIG5vbi1wb3JvdXMgbWF0ZXJpYWwgd2lsbCBjbGVhbiBlYXNpbHkgd2l0aG91dCBoYXJib3JpbmcgYW55IGhhcm1mdWwgYmFjdGVyaWEuIE1ha2UgdGhhdCBib290eSBzcGFya2xlITxicj48YnI+DQoNCkRpbWVuc2lvbnM6PGJyPg0KVG90YWwgTGVuZ3RoOiAgMy4zIGluLjxicj4NCkluc2VydGFibGU6ICAyLjUgaW4uPGJyPg0KRGlhbWV0ZXI6ICAxLjMgaW4uPGJyPjxicj4=</htmlitemdescriptioninbase64format>												
				<upc>848518029898</upc>			
				<dateUpdated>12/24/2020 12:01:18 PM</dateUpdated>	
				<itemweight><![CDATA[0.26]]></itemweight>		
				<dateCreated>07/27/2018 2:00:17 PM</dateCreated>			
				<deliveryallowed><![CDATA[1]]></deliveryallowed>	

					
						<categoriesV2>

											
							<categoritem>
								
									<mastercategories><![CDATA[Anal]]></mastercategories>
								
									<subcategories><![CDATA[Anal Plug|Metal|Non-vibrating|Red|Small]]></subcategories>
														
							</categoritem>					
												
						</categoriesV2>
						
					<alternatetitle><![CDATA[Booty Sparks Heart Gem Medium Anal Plug - Red]]></alternatetitle>
					<height><![CDATA[2]]></height>
					<width><![CDATA[3]]></width>
					<length><![CDATA[5]]></length>
					<marketplacerestrictions><![CDATA[0]]></marketplacerestrictions>
					<discontinued>No</discontinued>
					
						<regulations />
												
													
			</item>
				
			<item>
				<title><![CDATA[Booty Sparks Red Rose Anal Plug Md]]></title>
				<releaseDate>10/03/2018</releaseDate>				
				<itemSKU>XR-AF634-MD</itemSKU>
				<itemID>55499</itemID>		
				<standardPrice>7.9000</standardPrice>		
				<mapPrice>0</mapPrice>
				<msrpPrice>15</msrpPrice>			
				<stock>Available Now</stock>
				<multiplesOF>1</multiplesOF> 
									<imageLargeFront><![CDATA[https://s3.amazonaws.com/ecn-watermarks/effex/55499_1.jpg]]></imageLargeFront>
								
									<imageLargeBack><![CDATA[https://s3.amazonaws.com/ecn-watermarks/effex/55499_2.jpg]]></imageLargeBack>
								
									<imageMediumFront><![CDATA[https://s3.amazonaws.com/ecn-watermarks/effex/55499_5.jpg]]></imageMediumFront>
								
									<imageMediumBack><![CDATA[https://s3.amazonaws.com/ecn-watermarks/effex/55499_6.jpg]]></imageMediumBack>
								
									<imageThumbnailFront><![CDATA[https://s3.amazonaws.com/ecn-watermarks/effex/55499_9.jpg]]></imageThumbnailFront>
								
									<imageThumbnailBack><![CDATA[https://s3.amazonaws.com/ecn-watermarks/effex/55499_10.jpg]]></imageThumbnailBack>
									
				<manufacturer><![CDATA[Xr Llc]]></manufacturer>
				<categories>ANAL PLAY,BUTT PLUGS NON VIBRATING,SEX TOYS FOR WOMEN,</categories>
				<itemDescription>Beautify your booty with this shining red rose! Featuring a smooth metal finish in lightweight aluminum, it features a lovely flower at the end which will flash as you bend over and tease your lover. The slim shaft will keep it from slipping out of place even during vigorous play. The nickel free aluminum alloy is nicely weighted and temperature sensitive for the perfect amount of sensation. When play is over, the non-porous material will clean easily without harboring any harmful bacteria. Make that booty bloom!

Dimensions:
Total Length:  3.5 in.
Insertable:  2.5 in.
Diameter:  1.3 in.</itemDescription> <htmlitemdescriptioninbase64format>QmVhdXRpZnkgeW91ciBib290eSB3aXRoIHRoaXMgc2hpbmluZyByZWQgcm9zZSEgRmVhdHVyaW5nIGEgc21vb3RoIG1ldGFsIGZpbmlzaCBpbiBsaWdodHdlaWdodCBhbHVtaW51bSwgaXQgZmVhdHVyZXMgYSBsb3ZlbHkgZmxvd2VyIGF0IHRoZSBlbmQgd2hpY2ggd2lsbCBmbGFzaCBhcyB5b3UgYmVuZCBvdmVyIGFuZCB0ZWFzZSB5b3VyIGxvdmVyLiBUaGUgc2xpbSBzaGFmdCB3aWxsIGtlZXAgaXQgZnJvbSBzbGlwcGluZyBvdXQgb2YgcGxhY2UgZXZlbiBkdXJpbmcgdmlnb3JvdXMgcGxheS4gVGhlIG5pY2tlbCBmcmVlIGFsdW1pbnVtIGFsbG95IGlzIG5pY2VseSB3ZWlnaHRlZCBhbmQgdGVtcGVyYXR1cmUgc2Vuc2l0aXZlIGZvciB0aGUgcGVyZmVjdCBhbW91bnQgb2Ygc2Vuc2F0aW9uLiBXaGVuIHBsYXkgaXMgb3ZlciwgdGhlIG5vbi1wb3JvdXMgbWF0ZXJpYWwgd2lsbCBjbGVhbiBlYXNpbHkgd2l0aG91dCBoYXJib3JpbmcgYW55IGhhcm1mdWwgYmFjdGVyaWEuIE1ha2UgdGhhdCBib290eSBibG9vbSE8YnI+PGJyPg0KDQpEaW1lbnNpb25zOjxicj4NClRvdGFsIExlbmd0aDogIDMuNSBpbi48YnI+DQpJbnNlcnRhYmxlOiAgMi41IGluLjxicj4NCkRpYW1ldGVyOiAgMS4zIGluLjxicj48YnI+</htmlitemdescriptioninbase64format>												
				<upc>848518029928</upc>			
				<dateUpdated>12/24/2020 12:01:18 PM</dateUpdated>	
				<itemweight><![CDATA[0.26]]></itemweight>		
				<dateCreated>07/27/2018 2:00:17 PM</dateCreated>			
				<deliveryallowed><![CDATA[1]]></deliveryallowed>	

					
						<categoriesV2>

											
							<categoritem>
								
									<mastercategories><![CDATA[Anal]]></mastercategories>
								
									<subcategories><![CDATA[Anal Plug|Medium|Metal|Non-vibrating|Red|Silver]]></subcategories>
														
							</categoritem>					
												
						</categoriesV2>
						
					<alternatetitle><![CDATA[Booty Sparks Rose Anal Plug - Medium - Red]]></alternatetitle>
					<height><![CDATA[2]]></height>
					<width><![CDATA[3]]></width>
					<length><![CDATA[5]]></length>
					<marketplacerestrictions><![CDATA[0]]></marketplacerestrictions>
					<discontinued>No</discontinued>
					
						<regulations />
												
													
			</item>
				
			<item>
				<title><![CDATA[Booty Sparks Black Rose Anal Plug Sm]]></title>
				<releaseDate>08/27/2018</releaseDate>				
				<itemSKU>XR-AF635-SM</itemSKU>
				<itemID>55501</itemID>		
				<standardPrice>6.6000</standardPrice>		
				<mapPrice>0</mapPrice>
				<msrpPrice>13</msrpPrice>			
				<stock>Available Now</stock>
				<multiplesOF>1</multiplesOF> 
									<imageLargeFront><![CDATA[https://s3.amazonaws.com/ecn-watermarks/effex/55501_1.jpg]]></imageLargeFront>
								
									<imageLargeBack><![CDATA[https://s3.amazonaws.com/ecn-watermarks/effex/55501_2.jpg]]></imageLargeBack>
								
									<imageMediumFront><![CDATA[https://s3.amazonaws.com/ecn-watermarks/effex/55501_5.jpg]]></imageMediumFront>
								
									<imageMediumBack><![CDATA[https://s3.amazonaws.com/ecn-watermarks/effex/55501_6.jpg]]></imageMediumBack>
								
									<imageThumbnailFront><![CDATA[https://s3.amazonaws.com/ecn-watermarks/effex/55501_9.jpg]]></imageThumbnailFront>
								
									<imageThumbnailBack><![CDATA[https://s3.amazonaws.com/ecn-watermarks/effex/55501_10.jpg]]></imageThumbnailBack>
									
				<manufacturer><![CDATA[Xr Llc]]></manufacturer>
				<categories>ANAL PLAY,BUTT PLUGS NON VIBRATING,SEX TOYS FOR WOMEN,</categories>
				<itemDescription>Beautify your booty with this darkly stunning rose! Featuring a smooth metal finish in lightweight aluminum, it features a beautiful deep black rose at the end which will flash as you bend over and tease your lover. The slim shaft will keep it from slipping out of place even during vigorous play. The nickel free aluminum alloy is nicely weighted and temperature sensitive for the perfect amount of sensation. When play is over, the non-porous material will clean easily without harboring any harmful bacteria. Make that booty bloom!

Dimensions:
Total Length:  3 in.
Insertable:  2 in.
Diameter: 1 in.</itemDescription> <htmlitemdescriptioninbase64format>QmVhdXRpZnkgeW91ciBib290eSB3aXRoIHRoaXMgZGFya2x5IHN0dW5uaW5nIHJvc2UhIEZlYXR1cmluZyBhIHNtb290aCBtZXRhbCBmaW5pc2ggaW4gbGlnaHR3ZWlnaHQgYWx1bWludW0sIGl0IGZlYXR1cmVzIGEgYmVhdXRpZnVsIGRlZXAgYmxhY2sgcm9zZSBhdCB0aGUgZW5kIHdoaWNoIHdpbGwgZmxhc2ggYXMgeW91IGJlbmQgb3ZlciBhbmQgdGVhc2UgeW91ciBsb3Zlci4gVGhlIHNsaW0gc2hhZnQgd2lsbCBrZWVwIGl0IGZyb20gc2xpcHBpbmcgb3V0IG9mIHBsYWNlIGV2ZW4gZHVyaW5nIHZpZ29yb3VzIHBsYXkuIFRoZSBuaWNrZWwgZnJlZSBhbHVtaW51bSBhbGxveSBpcyBuaWNlbHkgd2VpZ2h0ZWQgYW5kIHRlbXBlcmF0dXJlIHNlbnNpdGl2ZSBmb3IgdGhlIHBlcmZlY3QgYW1vdW50IG9mIHNlbnNhdGlvbi4gV2hlbiBwbGF5IGlzIG92ZXIsIHRoZSBub24tcG9yb3VzIG1hdGVyaWFsIHdpbGwgY2xlYW4gZWFzaWx5IHdpdGhvdXQgaGFyYm9yaW5nIGFueSBoYXJtZnVsIGJhY3RlcmlhLiBNYWtlIHRoYXQgYm9vdHkgYmxvb20hPGJyPjxicj4NCg0KRGltZW5zaW9uczo8YnI+DQpUb3RhbCBMZW5ndGg6ICAzIGluLjxicj4NCkluc2VydGFibGU6ICAyIGluLjxicj4NCkRpYW1ldGVyOiAxIGluLjxicj48YnI+</htmlitemdescriptioninbase64format>												
				<upc>848518029959</upc>			
				<dateUpdated>12/24/2020 12:01:18 PM</dateUpdated>	
				<itemweight><![CDATA[0.18]]></itemweight>		
				<dateCreated>07/27/2018 2:00:17 PM</dateCreated>			
				<deliveryallowed><![CDATA[1]]></deliveryallowed>	

					
						<categoriesV2>

											
							<categoritem>
								
									<mastercategories><![CDATA[Anal]]></mastercategories>
								
									<subcategories><![CDATA[Anal Plug|Black|Metal|Non-vibrating|Small]]></subcategories>
														
							</categoritem>					
												
						</categoriesV2>
						
					<alternatetitle><![CDATA[Booty Sparks Rose Butt Plug- Small - Black]]></alternatetitle>
					<height><![CDATA[2]]></height>
					<width><![CDATA[3]]></width>
					<length><![CDATA[5]]></length>
					<marketplacerestrictions><![CDATA[0]]></marketplacerestrictions>
					<discontinued>No</discontinued>
					
						<regulations />
												
													
			</item>
				
			<item>
				<title><![CDATA[Booty Sparks Black Rose Anal Plug Md]]></title>
				<releaseDate>08/27/2018</releaseDate>				
				<itemSKU>XR-AF635-MD</itemSKU>
				<itemID>55502</itemID>		
				<standardPrice>7.9000</standardPrice>		
				<mapPrice>0</mapPrice>
				<msrpPrice>15</msrpPrice>			
				<stock>Available Now</stock>
				<multiplesOF>1</multiplesOF> 
									<imageLargeFront><![CDATA[https://s3.amazonaws.com/ecn-watermarks/effex/55502_1.jpg]]></imageLargeFront>
								
									<imageLargeBack><![CDATA[https://s3.amazonaws.com/ecn-watermarks/effex/55502_2.jpg]]></imageLargeBack>
								
									<imageMediumFront><![CDATA[https://s3.amazonaws.com/ecn-watermarks/effex/55502_5.jpg]]></imageMediumFront>
								
									<imageMediumBack><![CDATA[https://s3.amazonaws.com/ecn-watermarks/effex/55502_6.jpg]]></imageMediumBack>
								
									<imageThumbnailFront><![CDATA[https://s3.amazonaws.com/ecn-watermarks/effex/55502_9.jpg]]></imageThumbnailFront>
								
									<imageThumbnailBack><![CDATA[https://s3.amazonaws.com/ecn-watermarks/effex/55502_10.jpg]]></imageThumbnailBack>
									
				<manufacturer><![CDATA[Xr Llc]]></manufacturer>
				<categories>ANAL PLAY,BUTT PLUGS NON VIBRATING,SEX TOYS FOR WOMEN,</categories>
				<itemDescription>Beautify your booty with this darkly stunning rose! Featuring a smooth metal finish in lightweight aluminum, it features a beautiful deep black rose at the end which will flash as you bend over and tease your lover. The slim shaft will keep it from slipping out of place even during vigorous play. The nickel free aluminum alloy is nicely weighted and temperature sensitive for the perfect amount of sensation. When play is over, the non-porous material will clean easily without harboring any harmful bacteria. Make that booty bloom!

Dimensions:
Total Length: 3.5 in.
Insertable: 2.5 in.
Diameter:  1.3 in.</itemDescription> <htmlitemdescriptioninbase64format>QmVhdXRpZnkgeW91ciBib290eSB3aXRoIHRoaXMgZGFya2x5IHN0dW5uaW5nIHJvc2UhIEZlYXR1cmluZyBhIHNtb290aCBtZXRhbCBmaW5pc2ggaW4gbGlnaHR3ZWlnaHQgYWx1bWludW0sIGl0IGZlYXR1cmVzIGEgYmVhdXRpZnVsIGRlZXAgYmxhY2sgcm9zZSBhdCB0aGUgZW5kIHdoaWNoIHdpbGwgZmxhc2ggYXMgeW91IGJlbmQgb3ZlciBhbmQgdGVhc2UgeW91ciBsb3Zlci4gVGhlIHNsaW0gc2hhZnQgd2lsbCBrZWVwIGl0IGZyb20gc2xpcHBpbmcgb3V0IG9mIHBsYWNlIGV2ZW4gZHVyaW5nIHZpZ29yb3VzIHBsYXkuIFRoZSBuaWNrZWwgZnJlZSBhbHVtaW51bSBhbGxveSBpcyBuaWNlbHkgd2VpZ2h0ZWQgYW5kIHRlbXBlcmF0dXJlIHNlbnNpdGl2ZSBmb3IgdGhlIHBlcmZlY3QgYW1vdW50IG9mIHNlbnNhdGlvbi4gV2hlbiBwbGF5IGlzIG92ZXIsIHRoZSBub24tcG9yb3VzIG1hdGVyaWFsIHdpbGwgY2xlYW4gZWFzaWx5IHdpdGhvdXQgaGFyYm9yaW5nIGFueSBoYXJtZnVsIGJhY3RlcmlhLiBNYWtlIHRoYXQgYm9vdHkgYmxvb20hPGJyPjxicj4NCg0KRGltZW5zaW9uczo8YnI+DQpUb3RhbCBMZW5ndGg6IDMuNSBpbi48YnI+DQpJbnNlcnRhYmxlOiAyLjUgaW4uPGJyPg0KRGlhbWV0ZXI6ICAxLjMgaW4uPGJyPjxicj4=</htmlitemdescriptioninbase64format>												
				<upc>848518029966</upc>			
				<dateUpdated>12/24/2020 12:01:18 PM</dateUpdated>	
				<itemweight><![CDATA[0.26]]></itemweight>		
				<dateCreated>07/27/2018 2:30:15 PM</dateCreated>			
				<deliveryallowed><![CDATA[1]]></deliveryallowed>	

					
						<categoriesV2>

											
							<categoritem>
								
									<mastercategories><![CDATA[Anal]]></mastercategories>
								
									<subcategories><![CDATA[Anal Plug|Black|Medium|Metal|Non-vibrating]]></subcategories>
														
							</categoritem>					
												
						</categoriesV2>
						
					<alternatetitle><![CDATA[Booty Sparks Rose Butt Plug- Medium - Black]]></alternatetitle>
					<height><![CDATA[2.25]]></height>
					<width><![CDATA[3]]></width>
					<length><![CDATA[5.25]]></length>
					<marketplacerestrictions><![CDATA[0]]></marketplacerestrictions>
					<discontinued>No</discontinued>
					
						<regulations />
												
													
			</item>
				
			<item>
				<title><![CDATA[Green Tea Tree Toy Cleaner Spray 4.2oz]]></title>
				<releaseDate>08/16/2018</releaseDate>				
				<itemSKU>NE053-125</itemSKU>
				<itemID>55631</itemID>		
				<standardPrice>8.3500</standardPrice>		
				<mapPrice>11.65</mapPrice>
				<msrpPrice>16.65</msrpPrice>			
				<stock>Available Now</stock>
				<multiplesOF>1</multiplesOF> 
									<imageLargeFront><![CDATA[https://s3.amazonaws.com/ecn-watermarks/effex/55631_1.jpg]]></imageLargeFront>
								
								<imageLargeBack></imageLargeBack>
							
									<imageMediumFront><![CDATA[https://s3.amazonaws.com/ecn-watermarks/effex/55631_5.jpg]]></imageMediumFront>
								
								<imageMediumBack></imageMediumBack>
							
									<imageThumbnailFront><![CDATA[https://s3.amazonaws.com/ecn-watermarks/effex/55631_9.jpg]]></imageThumbnailFront>
								
								<imageThumbnailBack></imageThumbnailBack>
								
				<manufacturer><![CDATA[New Earth Trading]]></manufacturer>
				<categories>UNISEX ITEMS,TOY CLEANERS,</categories>
				<itemDescription>Our same great formula but now available in a spray!!

 This one of a kind toy cleaner is infused with natural cleaning ingredients such as tea tree oil, lavender oil, and our company`s  signature natural anti-bacterial ingredient Guava Bark.

We offer a toy cleaner that is  Triclosan and alcohol free, making it as gentle as possible on every type  of toy material, as well as the human skin.

Safe to use on any kind of toy!!!</itemDescription> <htmlitemdescriptioninbase64format>T3VyIHNhbWUgZ3JlYXQgZm9ybXVsYSBidXQgbm93IGF2YWlsYWJsZSBpbiBhIHNwcmF5ISE8YnI+PGJyPg0KDQogVGhpcyBvbmUgb2YgYSBraW5kIHRveSBjbGVhbmVyIGlzIGluZnVzZWQgd2l0aCBuYXR1cmFsIGNsZWFuaW5nIGluZ3JlZGllbnRzIHN1Y2ggYXMgdGVhIHRyZWUgb2lsLCBsYXZlbmRlciBvaWwsIGFuZCBvdXIgY29tcGFueT9zICBzaWduYXR1cmUgbmF0dXJhbCBhbnRpLWJhY3RlcmlhbCBpbmdyZWRpZW50IEd1YXZhIEJhcmsuPGJyPjxicj4NCg0KV2Ugb2ZmZXIgYSB0b3kgY2xlYW5lciB0aGF0IGlzICBUcmljbG9zYW4gYW5kIGFsY29ob2wgZnJlZSwgbWFraW5nIGl0IGFzIGdlbnRsZSBhcyBwb3NzaWJsZSBvbiBldmVyeSB0eXBlICBvZiB0b3kgbWF0ZXJpYWwsIGFzIHdlbGwgYXMgdGhlIGh1bWFuIHNraW4uPGJyPjxicj4NCg0KU2FmZSB0byB1c2Ugb24gYW55IGtpbmQgb2YgdG95ISEhPGJyPjxicj4=</htmlitemdescriptioninbase64format>												
				<upc>854397006653</upc>			
				<dateUpdated>12/24/2020 12:01:18 PM</dateUpdated>	
				<itemweight><![CDATA[0.34]]></itemweight>		
				<dateCreated>08/01/2018 5:00:28 PM</dateCreated>			
				<deliveryallowed><![CDATA[1]]></deliveryallowed>	

					
						<categoriesV2>

											
							<categoritem>
								
									<mastercategories><![CDATA[Toy Cleaner]]></mastercategories>
								
									<subcategories><![CDATA[Hygiene|Spray]]></subcategories>
														
							</categoritem>					
												
						</categoriesV2>
						
					<alternatetitle><![CDATA[Intimate Earth Green Toy Cleaner Spray Tea Tree Oil 4.2oz]]></alternatetitle>
					<height><![CDATA[7.25]]></height>
					<width><![CDATA[1.5]]></width>
					<length><![CDATA[1.5]]></length>
					<marketplacerestrictions><![CDATA[0]]></marketplacerestrictions>
					<discontinued>No</discontinued>
					
						<regulations />
												
													
			</item>
				
			<item>
				<title><![CDATA[Honey Dust Strawberry Dreams 1oz]]></title>
				<releaseDate>08/20/2018</releaseDate>				
				<itemSKU>KS13014</itemSKU>
				<itemID>55707</itemID>		
				<standardPrice>6.5000</standardPrice>		
				<mapPrice>11.19</mapPrice>
				<msrpPrice>13.99</msrpPrice>			
				<stock>Available Now</stock>
				<multiplesOF>1</multiplesOF> 
									<imageLargeFront><![CDATA[https://s3.amazonaws.com/ecn-watermarks/effex/55707_1.jpg]]></imageLargeFront>
								
								<imageLargeBack></imageLargeBack>
							
									<imageMediumFront><![CDATA[https://s3.amazonaws.com/ecn-watermarks/effex/55707_5.jpg]]></imageMediumFront>
								
								<imageMediumBack></imageMediumBack>
							
									<imageThumbnailFront><![CDATA[https://s3.amazonaws.com/ecn-watermarks/effex/55707_9.jpg]]></imageThumbnailFront>
								
								<imageThumbnailBack></imageThumbnailBack>
								
				<manufacturer><![CDATA[Kama Sutra Company]]></manufacturer>
				<categories>SEX TOYS FOR COUPLES,BODY DUST,OILS, LOTIONS and CREAMS,</categories>
				<itemDescription>Now in a perfectly portioned travel size! Kissable, moisture-wicking Kama Sutra body powder that leaves skin silky-soft and delicately scented. Includes a sexy feather applicator. Talc free.


Delicious, kissable body dust
Lightweight formula wicks away moisture, leaving skin soft and smooth
Light and sweet, like strawberry mousse
Use anywhere on the body
Size: 1.0 oz
</itemDescription> <htmlitemdescriptioninbase64format>Tm93IGluIGEgcGVyZmVjdGx5IHBvcnRpb25lZCB0cmF2ZWwgc2l6ZSEgS2lzc2FibGUsIG1vaXN0dXJlLXdpY2tpbmcgS2FtYSBTdXRyYSBib2R5IHBvd2RlciB0aGF0IGxlYXZlcyBza2luIHNpbGt5LXNvZnQgYW5kIGRlbGljYXRlbHkgc2NlbnRlZC4gSW5jbHVkZXMgYSBzZXh5IGZlYXRoZXIgYXBwbGljYXRvci4gVGFsYyBmcmVlLjxicj48YnI+Cgo8dWw+CjxsaT5EZWxpY2lvdXMsIGtpc3NhYmxlIGJvZHkgZHVzdDwvbGk+CjxsaT5MaWdodHdlaWdodCBmb3JtdWxhIHdpY2tzIGF3YXkgbW9pc3R1cmUsIGxlYXZpbmcgc2tpbiBzb2Z0IGFuZCBzbW9vdGg8L2xpPgo8bGk+TGlnaHQgYW5kIHN3ZWV0LCBsaWtlIHN0cmF3YmVycnkgbW91c3NlPC9saT4KPGxpPlVzZSBhbnl3aGVyZSBvbiB0aGUgYm9keTwvbGk+CjxsaT5TaXplOiAxLjAgb3o8L2xpPgo8L3VsPg==</htmlitemdescriptioninbase64format>												
				<upc>739122130141</upc>			
				<dateUpdated>12/24/2020 12:01:18 PM</dateUpdated>	
				<itemweight><![CDATA[0.12]]></itemweight>		
				<dateCreated>08/03/2018 11:30:13 AM</dateCreated>			
				<deliveryallowed><![CDATA[1]]></deliveryallowed>	

					
						<categoriesV2>

											
							<categoritem>
								
									<mastercategories><![CDATA[Bath & Body|Romance]]></mastercategories>
								
									<subcategories><![CDATA[Edible Body Powder|Scented]]></subcategories>
														
							</categoritem>					
												
						</categoriesV2>
						
					<alternatetitle><![CDATA[Kama Sutra Honey Dust Strawberry Dreams 1oz]]></alternatetitle>
					<height><![CDATA[1.25]]></height>
					<width><![CDATA[3]]></width>
					<length><![CDATA[5]]></length>
					<marketplacerestrictions><![CDATA[1]]></marketplacerestrictions>
					<discontinued>No</discontinued>
					
						<regulations />
												
													
			</item>
				
			<item>
				<title><![CDATA[Aande Intimate Curves Rechargeable Wand]]></title>
				<releaseDate>10/05/2018</releaseDate>				
				<itemSKU>EN-AE-3091</itemSKU>
				<itemID>56049</itemID>		
				<standardPrice>34.9900</standardPrice>		
				<mapPrice>0</mapPrice>
				<msrpPrice>0</msrpPrice>			
				<stock>Available Now</stock>
				<multiplesOF>1</multiplesOF> 
									<imageLargeFront><![CDATA[https://s3.amazonaws.com/ecn-watermarks/effex/56049_1.jpg]]></imageLargeFront>
								
									<imageLargeBack><![CDATA[https://s3.amazonaws.com/ecn-watermarks/effex/56049_2.jpg]]></imageLargeBack>
								
									<imageMediumFront><![CDATA[https://s3.amazonaws.com/ecn-watermarks/effex/56049_5.jpg]]></imageMediumFront>
								
									<imageMediumBack><![CDATA[https://s3.amazonaws.com/ecn-watermarks/effex/56049_6.jpg]]></imageMediumBack>
								
									<imageThumbnailFront><![CDATA[https://s3.amazonaws.com/ecn-watermarks/effex/56049_9.jpg]]></imageThumbnailFront>
								
									<imageThumbnailBack><![CDATA[https://s3.amazonaws.com/ecn-watermarks/effex/56049_10.jpg]]></imageThumbnailBack>
									
				<manufacturer><![CDATA[Adam and Eve]]></manufacturer>
				<categories>VIBRATORS,WATERPROOF MUTI FUNCTION,SEX TOYS FOR WOMEN,RECHARGABLE,</categories>
				<itemDescription>Experience all the power of a full sized massager in a luxurious and lightweight package. This rechargeable silicone wand`s head flexes to target your sweet spots with 10 intense vibration functions. The ergonomic shaping makes it easy to hold and maneuver, even during long, indulgent pleasure sessions. And it`s completely submersible for shower play too. Clean up with Adam and Eve Toy Cleaner and a warm water rinse.

Dimensions:
Length:  7.75 in.
Width:  1.7 in.</itemDescription> <htmlitemdescriptioninbase64format>RXhwZXJpZW5jZSBhbGwgdGhlIHBvd2VyIG9mIGEgZnVsbCBzaXplZCBtYXNzYWdlciBpbiBhIGx1eHVyaW91cyBhbmQgbGlnaHR3ZWlnaHQgcGFja2FnZS4gVGhpcyByZWNoYXJnZWFibGUgc2lsaWNvbmUgd2FuZCdzIGhlYWQgZmxleGVzIHRvIHRhcmdldCB5b3VyIHN3ZWV0IHNwb3RzIHdpdGggMTAgaW50ZW5zZSB2aWJyYXRpb24gZnVuY3Rpb25zLiBUaGUgZXJnb25vbWljIHNoYXBpbmcgbWFrZXMgaXQgZWFzeSB0byBob2xkIGFuZCBtYW5ldXZlciwgZXZlbiBkdXJpbmcgbG9uZywgaW5kdWxnZW50IHBsZWFzdXJlIHNlc3Npb25zLiBBbmQgaXQncyBjb21wbGV0ZWx5IHN1Ym1lcnNpYmxlIGZvciBzaG93ZXIgcGxheSB0b28uIENsZWFuIHVwIHdpdGggQWRhbSAmIEV2ZSBUb3kgQ2xlYW5lciBhbmQgYSB3YXJtIHdhdGVyIHJpbnNlLjxicj48YnI+DQoNCkRpbWVuc2lvbnM6PGJyPg0KTGVuZ3RoOiAgNy43NSBpbi48YnI+DQpXaWR0aDogIDEuNyBpbi48YnI+PGJyPg==</htmlitemdescriptioninbase64format>												
				<upc>844477013091</upc>			
				<dateUpdated>12/24/2020 12:01:18 PM</dateUpdated>	
				<itemweight><![CDATA[0.46]]></itemweight>		
				<dateCreated>08/21/2018 11:00:27 AM</dateCreated>			
				<deliveryallowed><![CDATA[1]]></deliveryallowed>	

					
						<categoriesV2>

											
							<categoritem>
								
									<mastercategories><![CDATA[Massagers]]></mastercategories>
								
									<subcategories><![CDATA[Body Massager|Multifunction|Multispeed|Pink|Silicone|Usb Rechargeable]]></subcategories>
														
							</categoritem>					
												
						</categoriesV2>
						
					<alternatetitle><![CDATA[Adam and Eve The Intimate Curves Rechargeable Silicone Wand Massager - Pink]]></alternatetitle>
					<height><![CDATA[2]]></height>
					<width><![CDATA[3]]></width>
					<length><![CDATA[9.5]]></length>
					<marketplacerestrictions><![CDATA[0]]></marketplacerestrictions>
					<discontinued>No</discontinued>
					
						<regulations />
												
													
			</item>
				
			<item>
				<title><![CDATA[Pure Instinct Cologne Oil For Him 15ml]]></title>
				<releaseDate>10/03/2018</releaseDate>				
				<itemSKU>CE-JEL4201-00</itemSKU>
				<itemID>56264</itemID>		
				<standardPrice>7.7500</standardPrice>		
				<mapPrice>0</mapPrice>
				<msrpPrice>15</msrpPrice>			
				<stock>Available Now</stock>
				<multiplesOF>1</multiplesOF> 
									<imageLargeFront><![CDATA[https://s3.amazonaws.com/ecn-watermarks/effex/56264_1.jpg]]></imageLargeFront>
								
								<imageLargeBack></imageLargeBack>
							
									<imageMediumFront><![CDATA[https://s3.amazonaws.com/ecn-watermarks/effex/56264_5.jpg]]></imageMediumFront>
								
								<imageMediumBack></imageMediumBack>
							
									<imageThumbnailFront><![CDATA[https://s3.amazonaws.com/ecn-watermarks/effex/56264_9.jpg]]></imageThumbnailFront>
								
								<imageThumbnailBack></imageThumbnailBack>
								
				<manufacturer><![CDATA[Classic Erotica]]></manufacturer>
				<categories>BATH ITEMS,SEX TOYS FOR MEN,</categories>
				<itemDescription>Get Noticed. Inspire Desire. Turn heads with Pure Instinct For Him. The distinctive blend of crisp bergamot, sparkling citrus and irresistible earthy undertones of vanilla infused cedarwood is formulated to inspire desire.

-  Blends with skin pH to create a one-of-a-kind scent.
-  Enhances your natural pheromone production.
-  Increases sex appeal.
-  Paraben Free, Gluten Free, Glycerin Free.
-  Product not tested on animals.</itemDescription> <htmlitemdescriptioninbase64format>R2V0IE5vdGljZWQuIEluc3BpcmUgRGVzaXJlLiBUdXJuIGhlYWRzIHdpdGggUHVyZSBJbnN0aW5jdCBGb3IgSGltLiBUaGUgZGlzdGluY3RpdmUgYmxlbmQgb2YgY3Jpc3AgYmVyZ2Ftb3QsIHNwYXJrbGluZyBjaXRydXMgJiBpcnJlc2lzdGlibGUgZWFydGh5IHVuZGVydG9uZXMgb2YgdmFuaWxsYSBpbmZ1c2VkIGNlZGFyd29vZCBpcyBmb3JtdWxhdGVkIHRvIGluc3BpcmUgZGVzaXJlLjxicj48YnI+DQoNCi0gIEJsZW5kcyB3aXRoIHNraW4gcEggdG8gY3JlYXRlIGEgb25lLW9mLWEta2luZCBzY2VudC48YnI+DQotICBFbmhhbmNlcyB5b3VyIG5hdHVyYWwgcGhlcm9tb25lIHByb2R1Y3Rpb24uPGJyPg0KLSAgSW5jcmVhc2VzIHNleCBhcHBlYWwuPGJyPg0KLSAgUGFyYWJlbiBGcmVlLCBHbHV0ZW4gRnJlZSwgR2x5Y2VyaW4gRnJlZS48YnI+DQotICBQcm9kdWN0IG5vdCB0ZXN0ZWQgb24gYW5pbWFscy48YnI+PGJyPg==</htmlitemdescriptioninbase64format>												
				<upc>638258901017</upc>			
				<dateUpdated>12/24/2020 12:01:18 PM</dateUpdated>	
				<itemweight><![CDATA[0.10]]></itemweight>		
				<dateCreated>09/04/2018 2:00:30 PM</dateCreated>			
				<deliveryallowed><![CDATA[1]]></deliveryallowed>	

					
						<categoriesV2>

											
							<categoritem>
								
									<mastercategories><![CDATA[Bath & Body|Pheromones]]></mastercategories>
								
									<subcategories><![CDATA[Men|Perfumes]]></subcategories>
														
							</categoritem>					
												
						</categoriesV2>
						
					<alternatetitle><![CDATA[Pure Instinct Pheromone Cologne Oil For Him .5oz]]></alternatetitle>
					<height><![CDATA[1]]></height>
					<width><![CDATA[1]]></width>
					<length><![CDATA[2.75]]></length>
					<marketplacerestrictions><![CDATA[0]]></marketplacerestrictions>
					<discontinued>No</discontinued>
					
						<regulations />
												
													
			</item>
				
			<item>
				<title><![CDATA[Cgc Nip Nibs Cool Balm Sin City Strawber]]></title>
				<releaseDate>02/12/2019</releaseDate>				
				<itemSKU>CGC2001-00</itemSKU>
				<itemID>56601</itemID>		
				<standardPrice>6.7500</standardPrice>		
				<mapPrice>0</mapPrice>
				<msrpPrice>14</msrpPrice>			
				<stock>Available Now</stock>
				<multiplesOF>1</multiplesOF> 
									<imageLargeFront><![CDATA[https://s3.amazonaws.com/ecn-watermarks/effex/56601_1.jpg]]></imageLargeFront>
								
									<imageLargeBack><![CDATA[https://s3.amazonaws.com/ecn-watermarks/effex/56601_2.jpg]]></imageLargeBack>
								
									<imageMediumFront><![CDATA[https://s3.amazonaws.com/ecn-watermarks/effex/56601_5.jpg]]></imageMediumFront>
								
									<imageMediumBack><![CDATA[https://s3.amazonaws.com/ecn-watermarks/effex/56601_6.jpg]]></imageMediumBack>
								
									<imageThumbnailFront><![CDATA[https://s3.amazonaws.com/ecn-watermarks/effex/56601_9.jpg]]></imageThumbnailFront>
								
									<imageThumbnailBack><![CDATA[https://s3.amazonaws.com/ecn-watermarks/effex/56601_10.jpg]]></imageThumbnailBack>
									
				<manufacturer><![CDATA[Classic Erotica]]></manufacturer>
				<categories>BATH ITEMS,NIPPLE STIMULATION,SEX TOYS FOR WOMEN,</categories>
				<itemDescription>Add some serious zip to nipple play with Nip Nibs. Cold and exhilarating, this natural arousal balm makes nipples more sensitive and perky. Perfect for adding flavorful foreplay to bedroom pleasures.

-  Cooling and tingling balm ideal for foreplay.
-  Available in 3 fun flavors.
-  Formula designed to arouse nipple and enhance appearance.
-  This product does not contain gluten, parabens or sugar.
-  This product does not contain mineral oil, animal products or petroleum ingredients. This product is not tested on animals. </itemDescription> <htmlitemdescriptioninbase64format>QWRkIHNvbWUgc2VyaW91cyB6aXAgdG8gbmlwcGxlIHBsYXkgd2l0aCBOaXAgTmlicy4gQ29sZCBhbmQgZXhoaWxhcmF0aW5nLCB0aGlzIG5hdHVyYWwgYXJvdXNhbCBiYWxtIG1ha2VzIG5pcHBsZXMgbW9yZSBzZW5zaXRpdmUgYW5kIHBlcmt5LiBQZXJmZWN0IGZvciBhZGRpbmcgZmxhdm9yZnVsIGZvcmVwbGF5IHRvIGJlZHJvb20gcGxlYXN1cmVzLjxicj48YnI+DQoNCi0gIENvb2xpbmcgYW5kIHRpbmdsaW5nIGJhbG0gaWRlYWwgZm9yIGZvcmVwbGF5Ljxicj4NCi0gIEF2YWlsYWJsZSBpbiAzIGZ1biBmbGF2b3JzLjxicj4NCi0gIEZvcm11bGEgZGVzaWduZWQgdG8gYXJvdXNlIG5pcHBsZSBhbmQgZW5oYW5jZSBhcHBlYXJhbmNlLjxicj4NCi0gIFRoaXMgcHJvZHVjdCBkb2VzIG5vdCBjb250YWluIGdsdXRlbiwgcGFyYWJlbnMgb3Igc3VnYXIuPGJyPg0KLSAgVGhpcyBwcm9kdWN0IGRvZXMgbm90IGNvbnRhaW4gbWluZXJhbCBvaWwsIGFuaW1hbCBwcm9kdWN0cyBvciBwZXRyb2xldW0gaW5ncmVkaWVudHMuIFRoaXMgcHJvZHVjdCBpcyBub3QgdGVzdGVkIG9uIGFuaW1hbHMuIDxicj48YnI+</htmlitemdescriptioninbase64format>												
				<upc>638258901246</upc>			
				<dateUpdated>12/24/2020 12:01:18 PM</dateUpdated>	
				<itemweight><![CDATA[0.10]]></itemweight>		
				<dateCreated>10/08/2018 5:00:23 PM</dateCreated>			
				<deliveryallowed><![CDATA[0]]></deliveryallowed>	

					
						<categoriesV2>

											
							<categoritem>
								
									<mastercategories><![CDATA[Bath & Body|Nipple Play]]></mastercategories>
								
									<subcategories><![CDATA[Nipple Cream|Scented]]></subcategories>
														
							</categoritem>					
												
						</categoriesV2>
						
					<alternatetitle><![CDATA[CG Nip Nibs Cooling Arousal Balm Sin City Strawberry .5 Ounce Jar]]></alternatetitle>
					<height><![CDATA[1.5]]></height>
					<width><![CDATA[1.5]]></width>
					<length><![CDATA[1.5]]></length>
					<marketplacerestrictions><![CDATA[0]]></marketplacerestrictions>
					<discontinued>No</discontinued>
					
						<regulations />
												
													
			</item>
				
			<item>
				<title><![CDATA[Cgc Lip Tease Sin City Strawberry 1oz]]></title>
				<releaseDate>02/12/2019</releaseDate>				
				<itemSKU>CGC2301-01</itemSKU>
				<itemID>56619</itemID>		
				<standardPrice>8.5000</standardPrice>		
				<mapPrice>0</mapPrice>
				<msrpPrice>18</msrpPrice>			
				<stock>Available Now</stock>
				<multiplesOF>1</multiplesOF> 
									<imageLargeFront><![CDATA[https://s3.amazonaws.com/ecn-watermarks/effex/56619_1.jpg]]></imageLargeFront>
								
									<imageLargeBack><![CDATA[https://s3.amazonaws.com/ecn-watermarks/effex/56619_2.jpg]]></imageLargeBack>
								
									<imageMediumFront><![CDATA[https://s3.amazonaws.com/ecn-watermarks/effex/56619_5.jpg]]></imageMediumFront>
								
									<imageMediumBack><![CDATA[https://s3.amazonaws.com/ecn-watermarks/effex/56619_6.jpg]]></imageMediumBack>
								
									<imageThumbnailFront><![CDATA[https://s3.amazonaws.com/ecn-watermarks/effex/56619_9.jpg]]></imageThumbnailFront>
								
									<imageThumbnailBack><![CDATA[https://s3.amazonaws.com/ecn-watermarks/effex/56619_10.jpg]]></imageThumbnailBack>
									
				<manufacturer><![CDATA[Classic Erotica]]></manufacturer>
				<categories>SEX TOYS FOR COUPLES,OILS, LOTIONS and CREAMS,</categories>
				<itemDescription>Even the softest of kisses will electrify your senses with Lip Tease. Intense and exhilarating, this flavored arousal serum increases sensitivity and enhances orgasm intensity. Makes for a delicious addition to couple`s foreplay.

-  Flavored serum, ideal for clitoral arousal and enhanced sensation.
-  Gently blow on serum to increase intensity of sensation.
-  Available in three fun flavors.
-  Ideal for flavorful foreplay.
-  This product does not contain gluten or sugar.
-  This product does not contain parabens or mineral oil. This product is not tested on animals. </itemDescription> <htmlitemdescriptioninbase64format>RXZlbiB0aGUgc29mdGVzdCBvZiBraXNzZXMgd2lsbCBlbGVjdHJpZnkgeW91ciBzZW5zZXMgd2l0aCBMaXAgVGVhc2UuIEludGVuc2UgYW5kIGV4aGlsYXJhdGluZywgdGhpcyBmbGF2b3JlZCBhcm91c2FsIHNlcnVtIGluY3JlYXNlcyBzZW5zaXRpdml0eSBhbmQgZW5oYW5jZXMgb3JnYXNtIGludGVuc2l0eS4gTWFrZXMgZm9yIGEgZGVsaWNpb3VzIGFkZGl0aW9uIHRvIGNvdXBsZSdzIGZvcmVwbGF5Ljxicj48YnI+DQoNCi0gIEZsYXZvcmVkIHNlcnVtLCBpZGVhbCBmb3IgY2xpdG9yYWwgYXJvdXNhbCBhbmQgZW5oYW5jZWQgc2Vuc2F0aW9uLjxicj4NCi0gIEdlbnRseSBibG93IG9uIHNlcnVtIHRvIGluY3JlYXNlIGludGVuc2l0eSBvZiBzZW5zYXRpb24uPGJyPg0KLSAgQXZhaWxhYmxlIGluIHRocmVlIGZ1biBmbGF2b3JzLjxicj4NCi0gIElkZWFsIGZvciBmbGF2b3JmdWwgZm9yZXBsYXkuPGJyPg0KLSAgVGhpcyBwcm9kdWN0IGRvZXMgbm90IGNvbnRhaW4gZ2x1dGVuIG9yIHN1Z2FyLjxicj4NCi0gIFRoaXMgcHJvZHVjdCBkb2VzIG5vdCBjb250YWluIHBhcmFiZW5zIG9yIG1pbmVyYWwgb2lsLiBUaGlzIHByb2R1Y3QgaXMgbm90IHRlc3RlZCBvbiBhbmltYWxzLiA8YnI+PGJyPg==</htmlitemdescriptioninbase64format>												
				<upc>638258901338</upc>			
				<dateUpdated>12/24/2020 12:01:18 PM</dateUpdated>	
				<itemweight><![CDATA[0.10]]></itemweight>		
				<dateCreated>10/09/2018 10:00:25 AM</dateCreated>			
				<deliveryallowed><![CDATA[0]]></deliveryallowed>	

					
						<categoriesV2>

											
							<categoritem>
								
									<mastercategories><![CDATA[Bath & Body|Clitoral Stimulation|Lubricants, Massage Oils, Gels & Creams]]></mastercategories>
								
									<subcategories><![CDATA[Massage Lotions, Oils, Gels & Creams|Oral Indulgence|Flavored|Scented]]></subcategories>
														
							</categoritem>					
												
						</categoriesV2>
						
					<alternatetitle><![CDATA[CG Lip Tease Kissable Stimulant Sin City Strawberry 1 Ounce]]></alternatetitle>
					<height><![CDATA[1]]></height>
					<width><![CDATA[1]]></width>
					<length><![CDATA[4.5]]></length>
					<marketplacerestrictions><![CDATA[0]]></marketplacerestrictions>
					<discontinued>No</discontinued>
					
						<regulations />
												
													
			</item>
				
			<item>
				<title><![CDATA[Cgc Oh Wow Tightening Au Natural 1 Oz]]></title>
				<releaseDate>02/12/2019</releaseDate>				
				<itemSKU>CGC3004-01</itemSKU>
				<itemID>56630</itemID>		
				<standardPrice>9.5000</standardPrice>		
				<mapPrice>0</mapPrice>
				<msrpPrice>19</msrpPrice>			
				<stock>Available Now</stock>
				<multiplesOF>1</multiplesOF> 
									<imageLargeFront><![CDATA[https://s3.amazonaws.com/ecn-watermarks/effex/56630_1.jpg]]></imageLargeFront>
								
									<imageLargeBack><![CDATA[https://s3.amazonaws.com/ecn-watermarks/effex/56630_2.jpg]]></imageLargeBack>
								
									<imageMediumFront><![CDATA[https://s3.amazonaws.com/ecn-watermarks/effex/56630_5.jpg]]></imageMediumFront>
								
									<imageMediumBack><![CDATA[https://s3.amazonaws.com/ecn-watermarks/effex/56630_6.jpg]]></imageMediumBack>
								
									<imageThumbnailFront><![CDATA[https://s3.amazonaws.com/ecn-watermarks/effex/56630_9.jpg]]></imageThumbnailFront>
								
									<imageThumbnailBack><![CDATA[https://s3.amazonaws.com/ecn-watermarks/effex/56630_10.jpg]]></imageThumbnailBack>
									
				<manufacturer><![CDATA[Classic Erotica]]></manufacturer>
				<categories>SEX TOYS FOR WOMEN,OILS, LOTIONS and CREAMS,</categories>
				<itemDescription>Take control of your pleasure with CG arousal products. This amazing collection provides women with products specifically designed to stimulate, arouse and enhance her physical pleasure as well as her partner. Discover new delights.</itemDescription> <htmlitemdescriptioninbase64format>VGFrZSBjb250cm9sIG9mIHlvdXIgcGxlYXN1cmUgd2l0aCBDRyBhcm91c2FsIHByb2R1Y3RzLiBUaGlzIGFtYXppbmcgY29sbGVjdGlvbiBwcm92aWRlcyB3b21lbiB3aXRoIHByb2R1Y3RzIHNwZWNpZmljYWxseSBkZXNpZ25lZCB0byBzdGltdWxhdGUsIGFyb3VzZSBhbmQgZW5oYW5jZSBoZXIgcGh5c2ljYWwgcGxlYXN1cmUgYXMgd2VsbCBhcyBoZXIgcGFydG5lci4gRGlzY292ZXIgbmV3IGRlbGlnaHRzLjxicj48YnI+</htmlitemdescriptioninbase64format>												
				<upc>638258901390</upc>			
				<dateUpdated>12/24/2020 12:01:18 PM</dateUpdated>	
				<itemweight><![CDATA[0.10]]></itemweight>		
				<dateCreated>10/09/2018 11:00:25 AM</dateCreated>			
				<deliveryallowed><![CDATA[0]]></deliveryallowed>	

					
						<categoriesV2>

											
							<categoritem>
								
									<mastercategories><![CDATA[Bath & Body|Lubricants, Massage Oils, Gels & Creams]]></mastercategories>
								
									<subcategories><![CDATA[Massage Lotions, Oils, Gels & Creams|Tightening Gel]]></subcategories>
														
							</categoritem>					
												
						</categoriesV2>
						
					<alternatetitle><![CDATA[CG Oh Wow Tightening Gel Au Natural 1 Ounce]]></alternatetitle>
					<height><![CDATA[1]]></height>
					<width><![CDATA[1]]></width>
					<length><![CDATA[4.5]]></length>
					<marketplacerestrictions><![CDATA[0]]></marketplacerestrictions>
					<discontinued>No</discontinued>
					
						<regulations />
												
													
			</item>
				
			<item>
				<title><![CDATA[Doxy Massager Pink]]></title>
				<releaseDate>01/07/2019</releaseDate>				
				<itemSKU>DOXYUS-P</itemSKU>
				<itemID>56691</itemID>		
				<standardPrice>65.0000</standardPrice>		
				<mapPrice>110</mapPrice>
				<msrpPrice>130</msrpPrice>			
				<stock>Available Now</stock>
				<multiplesOF>1</multiplesOF> 
									<imageLargeFront><![CDATA[https://s3.amazonaws.com/ecn-watermarks/effex/56691_1.jpg]]></imageLargeFront>
								
									<imageLargeBack><![CDATA[https://s3.amazonaws.com/ecn-watermarks/effex/56691_2.jpg]]></imageLargeBack>
								
									<imageMediumFront><![CDATA[https://s3.amazonaws.com/ecn-watermarks/effex/56691_5.jpg]]></imageMediumFront>
								
									<imageMediumBack><![CDATA[https://s3.amazonaws.com/ecn-watermarks/effex/56691_6.jpg]]></imageMediumBack>
								
									<imageThumbnailFront><![CDATA[https://s3.amazonaws.com/ecn-watermarks/effex/56691_9.jpg]]></imageThumbnailFront>
								
									<imageThumbnailBack><![CDATA[https://s3.amazonaws.com/ecn-watermarks/effex/56691_10.jpg]]></imageThumbnailBack>
									
				<manufacturer><![CDATA[Cmg Lesiure Ltd]]></manufacturer>
				<categories>UNISEX ITEMS,MASSAGERS,VIBRATING MULTI-SPEED,</categories>
				<itemDescription>-  Powerful  body massager to stimulate, relax muscles and relieve aches and pains
-  Pink body
-  Variable speed from approx. 3000 rpm to 9000 rpm
-  Variable escalating pulse setting
-  The soft head covering is made from a hypoallergenic non-porous PVC that is free from latex or undesirable phthalates
-  3 easy to use control buttons
-  Comprehensive 12-month guarantee
-  Discreet delivery in plain packaging
-  Comes with a plug top power supply unit making it easy to use while traveling with a travel  plug adapter
 
Dimensions:
Power Cord: 12 ft
7.48 in. head circumference to fit all standard sized wand attachments</itemDescription> <htmlitemdescriptioninbase64format>LSAgUG93ZXJmdWwgIGJvZHkgbWFzc2FnZXIgdG8gc3RpbXVsYXRlLCByZWxheCBtdXNjbGVzIGFuZCByZWxpZXZlIGFjaGVzIGFuZCBwYWluczxicj4NCi0gIFBpbmsgYm9keTxicj4NCi0gIFZhcmlhYmxlIHNwZWVkIGZyb20gYXBwcm94LiAzMDAwIHJwbSB0byA5MDAwIHJwbTxicj4NCi0gIFZhcmlhYmxlIGVzY2FsYXRpbmcgcHVsc2Ugc2V0dGluZzxicj4NCi0gIFRoZSBzb2Z0IGhlYWQgY292ZXJpbmcgaXMgbWFkZSBmcm9tIGEgaHlwb2FsbGVyZ2VuaWMgbm9uLXBvcm91cyBQVkMgdGhhdCBpcyBmcmVlIGZyb20gbGF0ZXggb3IgdW5kZXNpcmFibGUgcGh0aGFsYXRlczxicj4NCi0gIDMgZWFzeSB0byB1c2UgY29udHJvbCBidXR0b25zPGJyPg0KLSAgQ29tcHJlaGVuc2l2ZSAxMi1tb250aCBndWFyYW50ZWU8YnI+DQotICBEaXNjcmVldCBkZWxpdmVyeSBpbiBwbGFpbiBwYWNrYWdpbmc8YnI+DQotICBDb21lcyB3aXRoIGEgcGx1ZyB0b3AgcG93ZXIgc3VwcGx5IHVuaXQgbWFraW5nIGl0IGVhc3kgdG8gdXNlIHdoaWxlIHRyYXZlbGluZyB3aXRoIGEgdHJhdmVsICBwbHVnIGFkYXB0ZXI8YnI+PGJyPg0KIA0KRGltZW5zaW9uczo8YnI+DQpQb3dlciBDb3JkOiAxMiBmdDxicj4NCjcuNDggaW4uIGhlYWQgY2lyY3VtZmVyZW5jZSB0byBmaXQgYWxsIHN0YW5kYXJkIHNpemVkIHdhbmQgYXR0YWNobWVudHM8YnI+PGJyPg==</htmlitemdescriptioninbase64format>												
				<upc>702565868827</upc>			
				<dateUpdated>12/24/2020 12:01:18 PM</dateUpdated>	
				<itemweight><![CDATA[1.92]]></itemweight>		
				<dateCreated>10/12/2018 2:30:17 PM</dateCreated>			
				<deliveryallowed><![CDATA[0]]></deliveryallowed>	

					
						<categoriesV2>

											
							<categoritem>
								
									<mastercategories><![CDATA[Massagers]]></mastercategories>
								
									<subcategories><![CDATA[Body Massager|Multifunction|Multispeed|Pink|Plug In Jack|Vibrating]]></subcategories>
														
							</categoritem>					
												
						</categoriesV2>
						
					<alternatetitle><![CDATA[Doxy Original Wand Body Massager - Pink]]></alternatetitle>
					<height><![CDATA[2.75]]></height>
					<width><![CDATA[3.75]]></width>
					<length><![CDATA[19]]></length>
					<marketplacerestrictions><![CDATA[0]]></marketplacerestrictions>
					<discontinued>No</discontinued>
					
						<regulations />
												
													
			</item>
				
			<item>
				<title><![CDATA[Doxy Massager Purple]]></title>
				<releaseDate>01/07/2019</releaseDate>				
				<itemSKU>DOXYUS-PU</itemSKU>
				<itemID>56692</itemID>		
				<standardPrice>65.0000</standardPrice>		
				<mapPrice>110</mapPrice>
				<msrpPrice>130</msrpPrice>			
				<stock>Available Now</stock>
				<multiplesOF>1</multiplesOF> 
									<imageLargeFront><![CDATA[https://s3.amazonaws.com/ecn-watermarks/effex/56692_1.jpg]]></imageLargeFront>
								
									<imageLargeBack><![CDATA[https://s3.amazonaws.com/ecn-watermarks/effex/56692_2.jpg]]></imageLargeBack>
								
									<imageMediumFront><![CDATA[https://s3.amazonaws.com/ecn-watermarks/effex/56692_5.jpg]]></imageMediumFront>
								
									<imageMediumBack><![CDATA[https://s3.amazonaws.com/ecn-watermarks/effex/56692_6.jpg]]></imageMediumBack>
								
									<imageThumbnailFront><![CDATA[https://s3.amazonaws.com/ecn-watermarks/effex/56692_9.jpg]]></imageThumbnailFront>
								
									<imageThumbnailBack><![CDATA[https://s3.amazonaws.com/ecn-watermarks/effex/56692_10.jpg]]></imageThumbnailBack>
									
				<manufacturer><![CDATA[Cmg Lesiure Ltd]]></manufacturer>
				<categories>UNISEX ITEMS,MASSAGERS,VIBRATING MULTI-SPEED,</categories>
				<itemDescription>-  Powerful  body massager to stimulate, relax muscles and relieve aches and pains
-  Purple body
-  Variable speed from approx. 3000 rpm to 9000 rpm
-  Variable escalating pulse setting
-  The soft head covering is made from a hypoallergenic non-porous PVC that is free from latex or undesirable phthalates
-  3 easy to use control buttons
-  Comprehensive 12-month guarantee
-  Discreet delivery in plain packaging
-  Comes with a plug top power supply unit making it easy to use while traveling with a travel  plug adapter

Dimensions:
Power Cord:  12 ft
7.48 in. head circumference to fit all standard sized wand attachments</itemDescription> <htmlitemdescriptioninbase64format>LSAgUG93ZXJmdWwgIGJvZHkgbWFzc2FnZXIgdG8gc3RpbXVsYXRlLCByZWxheCBtdXNjbGVzIGFuZCByZWxpZXZlIGFjaGVzIGFuZCBwYWluczxicj4NCi0gIFB1cnBsZSBib2R5PGJyPg0KLSAgVmFyaWFibGUgc3BlZWQgZnJvbSBhcHByb3guIDMwMDAgcnBtIHRvIDkwMDAgcnBtPGJyPg0KLSAgVmFyaWFibGUgZXNjYWxhdGluZyBwdWxzZSBzZXR0aW5nPGJyPg0KLSAgVGhlIHNvZnQgaGVhZCBjb3ZlcmluZyBpcyBtYWRlIGZyb20gYSBoeXBvYWxsZXJnZW5pYyBub24tcG9yb3VzIFBWQyB0aGF0IGlzIGZyZWUgZnJvbSBsYXRleCBvciB1bmRlc2lyYWJsZSBwaHRoYWxhdGVzPGJyPg0KLSAgMyBlYXN5IHRvIHVzZSBjb250cm9sIGJ1dHRvbnM8YnI+DQotICBDb21wcmVoZW5zaXZlIDEyLW1vbnRoIGd1YXJhbnRlZTxicj4NCi0gIERpc2NyZWV0IGRlbGl2ZXJ5IGluIHBsYWluIHBhY2thZ2luZzxicj4NCi0gIENvbWVzIHdpdGggYSBwbHVnIHRvcCBwb3dlciBzdXBwbHkgdW5pdCBtYWtpbmcgaXQgZWFzeSB0byB1c2Ugd2hpbGUgdHJhdmVsaW5nIHdpdGggYSB0cmF2ZWwgIHBsdWcgYWRhcHRlcjxicj48YnI+DQoNCkRpbWVuc2lvbnM6PGJyPg0KUG93ZXIgQ29yZDogIDEyIGZ0PGJyPg0KNy40OCBpbi4gaGVhZCBjaXJjdW1mZXJlbmNlIHRvIGZpdCBhbGwgc3RhbmRhcmQgc2l6ZWQgd2FuZCBhdHRhY2htZW50czxicj48YnI+</htmlitemdescriptioninbase64format>												
				<upc>702565868889</upc>			
				<dateUpdated>12/24/2020 12:01:18 PM</dateUpdated>	
				<itemweight><![CDATA[1.92]]></itemweight>		
				<dateCreated>10/12/2018 2:30:17 PM</dateCreated>			
				<deliveryallowed><![CDATA[0]]></deliveryallowed>	

					
						<categoriesV2>

											
							<categoritem>
								
									<mastercategories><![CDATA[Massagers]]></mastercategories>
								
									<subcategories><![CDATA[Body Massager|Multifunction|Multispeed|Plug In Jack|Purple|Vibrating]]></subcategories>
														
							</categoritem>					
												
						</categoriesV2>
						
					<alternatetitle><![CDATA[Doxy Original Wand Body Massager - Purple]]></alternatetitle>
					<height><![CDATA[2.75]]></height>
					<width><![CDATA[3.75]]></width>
					<length><![CDATA[19]]></length>
					<marketplacerestrictions><![CDATA[0]]></marketplacerestrictions>
					<discontinued>No</discontinued>
					
						<regulations />
												
													
			</item>
				
			<item>
				<title><![CDATA[Shi Shi Sugar/sugar 2 Set Pink]]></title>
				<releaseDate>10/19/2018</releaseDate>				
				<itemSKU>NS0221-24</itemSKU>
				<itemID>56710</itemID>		
				<standardPrice>23.5500</standardPrice>		
				<mapPrice>0</mapPrice>
				<msrpPrice>47</msrpPrice>			
				<stock>Available Now</stock>
				<multiplesOF>1</multiplesOF> 
									<imageLargeFront><![CDATA[https://s3.amazonaws.com/ecn-watermarks/effex/56710_1.jpg]]></imageLargeFront>
								
									<imageLargeBack><![CDATA[https://s3.amazonaws.com/ecn-watermarks/effex/56710_2.jpg]]></imageLargeBack>
								
									<imageMediumFront><![CDATA[https://s3.amazonaws.com/ecn-watermarks/effex/56710_5.jpg]]></imageMediumFront>
								
									<imageMediumBack><![CDATA[https://s3.amazonaws.com/ecn-watermarks/effex/56710_6.jpg]]></imageMediumBack>
								
									<imageThumbnailFront><![CDATA[https://s3.amazonaws.com/ecn-watermarks/effex/56710_9.jpg]]></imageThumbnailFront>
								
									<imageThumbnailBack><![CDATA[https://s3.amazonaws.com/ecn-watermarks/effex/56710_10.jpg]]></imageThumbnailBack>
									
				<manufacturer><![CDATA[New Sensations]]></manufacturer>
				<categories>SILICONE,SEX TOYS FOR LESBIANS,DILDOS and DONGS,NON VIBRATING,</categories>
				<itemDescription>Love is always sweeter with a little Sugar/Sugar. Harness-ready and curved for maximum stimulation, Sugar/Sugar silicone dong sets are velvet smooth to the touch and uber sturdy for deep and vigorous penetration. Includes 5-inch and 6-inch sizes, available in pink and black. Suitable with all lubricants. 

Dimensions:
Product:   5 x 1.9 x 1.9 and 6 x 2.1 x 2.1 in.
Package:  8.2 x 6.1 x 2.6 in.</itemDescription> <htmlitemdescriptioninbase64format>TG92ZSBpcyBhbHdheXMgc3dlZXRlciB3aXRoIGEgbGl0dGxlIFN1Z2FyL1N1Z2FyLiBIYXJuZXNzLXJlYWR5IGFuZCBjdXJ2ZWQgZm9yIG1heGltdW0gc3RpbXVsYXRpb24sIFN1Z2FyL1N1Z2FyIHNpbGljb25lIGRvbmcgc2V0cyBhcmUgdmVsdmV0IHNtb290aCB0byB0aGUgdG91Y2ggYW5kIHViZXIgc3R1cmR5IGZvciBkZWVwIGFuZCB2aWdvcm91cyBwZW5ldHJhdGlvbi4gSW5jbHVkZXMgNS1pbmNoIGFuZCA2LWluY2ggc2l6ZXMsIGF2YWlsYWJsZSBpbiBwaW5rIGFuZCBibGFjay4gU3VpdGFibGUgd2l0aCBhbGwgbHVicmljYW50cy4gPGJyPjxicj4NCg0KRGltZW5zaW9uczo8YnI+DQpQcm9kdWN0OiAgIDUgeCAxLjkgeCAxLjkgYW5kIDYgeCAyLjEgeCAyLjEgaW4uPGJyPg0KUGFja2FnZTogIDguMiB4IDYuMSB4IDIuNiBpbi48YnI+PGJyPg==</htmlitemdescriptioninbase64format>												
				<upc>657447099861</upc>			
				<dateUpdated>12/24/2020 12:01:18 PM</dateUpdated>	
				<itemweight><![CDATA[0.98]]></itemweight>		
				<dateCreated>10/15/2018 9:00:28 AM</dateCreated>			
				<deliveryallowed><![CDATA[0]]></deliveryallowed>	

					
						<categoriesV2>

											
							<categoritem>
								
									<mastercategories><![CDATA[Dildos & Dongs]]></mastercategories>
								
									<subcategories><![CDATA[Non-vibrating|Pink|Silicone|Harness Accessories]]></subcategories>
														
							</categoritem>					
												
						</categoriesV2>
						
					<alternatetitle><![CDATA[Shi/Shi Sugar/Sugar Silicone Strap-on Compatible Dong (2 Per Set) - Pink]]></alternatetitle>
					<height><![CDATA[2.5]]></height>
					<width><![CDATA[6]]></width>
					<length><![CDATA[8]]></length>
					<marketplacerestrictions><![CDATA[0]]></marketplacerestrictions>
					<discontinued>No</discontinued>
					
						<regulations />
												
													
			</item>
				
			<item>
				<title><![CDATA[Mighty Mini Plug]]></title>
				<releaseDate>12/06/2018</releaseDate>				
				<itemSKU>EN-3206</itemSKU>
				<itemID>56965</itemID>		
				<standardPrice>19.9900</standardPrice>		
				<mapPrice>0</mapPrice>
				<msrpPrice>0</msrpPrice>			
				<stock>Available Now</stock>
				<multiplesOF>1</multiplesOF> 
									<imageLargeFront><![CDATA[https://s3.amazonaws.com/ecn-watermarks/effex/56965_1.jpg]]></imageLargeFront>
								
									<imageLargeBack><![CDATA[https://s3.amazonaws.com/ecn-watermarks/effex/56965_2.jpg]]></imageLargeBack>
								
									<imageMediumFront><![CDATA[https://s3.amazonaws.com/ecn-watermarks/effex/56965_5.jpg]]></imageMediumFront>
								
									<imageMediumBack><![CDATA[https://s3.amazonaws.com/ecn-watermarks/effex/56965_6.jpg]]></imageMediumBack>
								
									<imageThumbnailFront><![CDATA[https://s3.amazonaws.com/ecn-watermarks/effex/56965_9.jpg]]></imageThumbnailFront>
								
									<imageThumbnailBack><![CDATA[https://s3.amazonaws.com/ecn-watermarks/effex/56965_10.jpg]]></imageThumbnailBack>
									
				<manufacturer><![CDATA[Evolved Novelties]]></manufacturer>
				<categories>UNISEX ITEMS,ANAL PLAY,BUTT PLUGS VIBRATING,RECHARGABLE,</categories>
				<itemDescription>This compact, creamy smooth butt plug is perfect for beginners and advanced anal players alike! Lube up the classic bulbous shape, and start with the tapered tip as you relax and enjoy the unique feeling and find the vibration level that helps bring you to a powerful climax. Clean with Evolved toy cleaner and a hot water rinse.


Powerful vibrating butt plug
Perfect for beginner or advanced anal play
20 vibrating functions and speeds
Easy to use 1-button control
Made from creamy smooth silicone
LED light on button at base
Waterproof and submersible
Phthalate and latex free
Rechargeable, USB cable included


Dimensions:
Height: 3.5 in.
Depth: 1 in.
Width: 1 in.</itemDescription> <htmlitemdescriptioninbase64format>VGhpcyBjb21wYWN0LCBjcmVhbXkgc21vb3RoIGJ1dHQgcGx1ZyBpcyBwZXJmZWN0IGZvciBiZWdpbm5lcnMgYW5kIGFkdmFuY2VkIGFuYWwgcGxheWVycyBhbGlrZSEgTHViZSB1cCB0aGUgY2xhc3NpYyBidWxib3VzIHNoYXBlLCBhbmQgc3RhcnQgd2l0aCB0aGUgdGFwZXJlZCB0aXAgYXMgeW91IHJlbGF4IGFuZCBlbmpveSB0aGUgdW5pcXVlIGZlZWxpbmcgYW5kIGZpbmQgdGhlIHZpYnJhdGlvbiBsZXZlbCB0aGF0IGhlbHBzIGJyaW5nIHlvdSB0byBhIHBvd2VyZnVsIGNsaW1heC4gQ2xlYW4gd2l0aCBFdm9sdmVkIHRveSBjbGVhbmVyIGFuZCBhIGhvdCB3YXRlciByaW5zZS48YnI+PGJyPg0KDQo8dWw+DQo8bGk+UG93ZXJmdWwgdmlicmF0aW5nIGJ1dHQgcGx1ZzwvbGk+DQo8bGk+UGVyZmVjdCBmb3IgYmVnaW5uZXIgb3IgYWR2YW5jZWQgYW5hbCBwbGF5PC9saT4NCjxsaT4yMCB2aWJyYXRpbmcgZnVuY3Rpb25zICYgc3BlZWRzPC9saT4NCjxsaT5FYXN5IHRvIHVzZSAxLWJ1dHRvbiBjb250cm9sPC9saT4NCjxsaT5NYWRlIGZyb20gY3JlYW15IHNtb290aCBzaWxpY29uZTwvbGk+DQo8bGk+TEVEIGxpZ2h0IG9uIGJ1dHRvbiBhdCBiYXNlPC9saT4NCjxsaT5XYXRlcnByb29mIGFuZCBzdWJtZXJzaWJsZTwvbGk+DQo8bGk+UGh0aGFsYXRlICYgbGF0ZXggZnJlZTwvbGk+DQo8bGk+UmVjaGFyZ2VhYmxlLCBVU0IgY2FibGUgaW5jbHVkZWQ8L2xpPg0KPC91bD4NCg0KRGltZW5zaW9uczo8YnI+DQpIZWlnaHQ6IDMuNSBpbi48YnI+DQpEZXB0aDogMSBpbi48YnI+DQpXaWR0aDogMSBpbi48YnI+PGJyPg==</htmlitemdescriptioninbase64format>												
				<upc>844477013206</upc>			
				<dateUpdated>12/24/2020 12:01:18 PM</dateUpdated>	
				<itemweight><![CDATA[0.16]]></itemweight>		
				<dateCreated>11/26/2018 2:29:52 PM</dateCreated>			
				<deliveryallowed><![CDATA[0]]></deliveryallowed>	

					
						<categoriesV2>

											
							<categoritem>
								
									<mastercategories><![CDATA[Anal]]></mastercategories>
								
									<subcategories><![CDATA[Anal Plug|Multifunction|Multispeed|Silicone|Vibrating|Waterproof|Beginner|Usb Rechargeable]]></subcategories>
														
							</categoritem>					
												
						</categoriesV2>
						
					<alternatetitle><![CDATA[Mighty Mini Rechargeable Silicone Anal Plug With 20 Functions And Speeds - Black]]></alternatetitle>
					<height><![CDATA[1.75]]></height>
					<width><![CDATA[1.75]]></width>
					<length><![CDATA[5.75]]></length>
					<marketplacerestrictions><![CDATA[0]]></marketplacerestrictions>
					<discontinued>No</discontinued>
					
						<regulations />
												
													
			</item>
				
			<item>
				<title><![CDATA[Goodhead Deep Throat To Go Watermelon]]></title>
				<releaseDate>12/14/2018</releaseDate>				
				<itemSKU>DJ-1360-40-2</itemSKU>
				<itemID>57059</itemID>		
				<standardPrice>4.8300</standardPrice>		
				<mapPrice>0</mapPrice>
				<msrpPrice>9</msrpPrice>			
				<stock>Available Now</stock>
				<multiplesOF>1</multiplesOF> 
									<imageLargeFront><![CDATA[https://s3.amazonaws.com/ecn-watermarks/effex/57059_1.jpg]]></imageLargeFront>
								
									<imageLargeBack><![CDATA[https://s3.amazonaws.com/ecn-watermarks/effex/57059_2.jpg]]></imageLargeBack>
								
									<imageMediumFront><![CDATA[https://s3.amazonaws.com/ecn-watermarks/effex/57059_5.jpg]]></imageMediumFront>
								
									<imageMediumBack><![CDATA[https://s3.amazonaws.com/ecn-watermarks/effex/57059_6.jpg]]></imageMediumBack>
								
									<imageThumbnailFront><![CDATA[https://s3.amazonaws.com/ecn-watermarks/effex/57059_9.jpg]]></imageThumbnailFront>
								
									<imageThumbnailBack><![CDATA[https://s3.amazonaws.com/ecn-watermarks/effex/57059_10.jpg]]></imageThumbnailBack>
									
				<manufacturer><![CDATA[Doc Johnson Enterprises]]></manufacturer>
				<categories>EDIBLES,FLAVORED,EDIBLES,UNISEX ITEMS,</categories>
				<itemDescription>Go down easier. GoodHead Deep Throat Spray mildly numbs the back of the throat and suppresses the gag reflex to allow deep oral penetration without discomfort. This functional, flavorful spray in a convenient travel size is formulated for minimal medicinal taste and maximum effect in a variety of mouthwatering flavors.

 Delicious Throat Desensitizer
 Helps Minimize Gag Reflex
 Mild Numbing Agent
 Pocket-Sized
 Freshens Breath
 Easy-To-Use Spray Application
 Proudly Made in America</itemDescription> <htmlitemdescriptioninbase64format>R28gZG93biBlYXNpZXIuIEdvb2RIZWFkIERlZXAgVGhyb2F0IFNwcmF5IG1pbGRseSBudW1icyB0aGUgYmFjayBvZiB0aGUgdGhyb2F0IGFuZCBzdXBwcmVzc2VzIHRoZSBnYWcgcmVmbGV4IHRvIGFsbG93IGRlZXAgb3JhbCBwZW5ldHJhdGlvbiB3aXRob3V0IGRpc2NvbWZvcnQuIFRoaXMgZnVuY3Rpb25hbCwgZmxhdm9yZnVsIHNwcmF5IGluIGEgY29udmVuaWVudCB0cmF2ZWwgc2l6ZSBpcyBmb3JtdWxhdGVkIGZvciBtaW5pbWFsIG1lZGljaW5hbCB0YXN0ZSBhbmQgbWF4aW11bSBlZmZlY3QgaW4gYSB2YXJpZXR5IG9mIG1vdXRod2F0ZXJpbmcgZmxhdm9ycy48YnI+PGJyPg0KDQo/IERlbGljaW91cyBUaHJvYXQgRGVzZW5zaXRpemVyPGJyPg0KPyBIZWxwcyBNaW5pbWl6ZSBHYWcgUmVmbGV4PGJyPg0KPyBNaWxkIE51bWJpbmcgQWdlbnQ8YnI+DQo/IFBvY2tldC1TaXplZDxicj4NCj8gRnJlc2hlbnMgQnJlYXRoPGJyPg0KPyBFYXN5LVRvLVVzZSBTcHJheSBBcHBsaWNhdGlvbjxicj4NCj8gUHJvdWRseSBNYWRlIGluIEFtZXJpY2E8YnI+PGJyPg==</htmlitemdescriptioninbase64format>												
				<upc>782421069247</upc>			
				<dateUpdated>12/24/2020 12:01:18 PM</dateUpdated>	
				<itemweight><![CDATA[0.08]]></itemweight>		
				<dateCreated>12/07/2018 12:30:14 PM</dateCreated>			
				<deliveryallowed><![CDATA[0]]></deliveryallowed>	

					
						<categoriesV2>

											
							<categoritem>
								
									<mastercategories></mastercategories>
								
									<subcategories><![CDATA[Desensitizing Spray|Spray|Vegan|Oral Indulgence|Flavored]]></subcategories>
														
							</categoritem>					
												
						</categoriesV2>
						
					<alternatetitle><![CDATA[Goodhead Deep Throat To Go-Oral Anesthetic Spray Wild Watermelon .33oz]]></alternatetitle>
					<height><![CDATA[0.75]]></height>
					<width><![CDATA[3.5]]></width>
					<length><![CDATA[7.5]]></length>
					<marketplacerestrictions><![CDATA[0]]></marketplacerestrictions>
					<discontinued>No</discontinued>
					
						<regulations />
												
													
			</item>
				
			<item>
				<title><![CDATA[Three Amigos]]></title>
				<releaseDate>01/10/2019</releaseDate>				
				<itemSKU>ZT-3312</itemSKU>
				<itemID>57244</itemID>		
				<standardPrice>2.9900</standardPrice>		
				<mapPrice>0</mapPrice>
				<msrpPrice>0</msrpPrice>			
				<stock>Available Now</stock>
				<multiplesOF>1</multiplesOF> 
									<imageLargeFront><![CDATA[https://s3.amazonaws.com/ecn-watermarks/effex/57244_1.jpg]]></imageLargeFront>
								
									<imageLargeBack><![CDATA[https://s3.amazonaws.com/ecn-watermarks/effex/57244_2.jpg]]></imageLargeBack>
								
									<imageMediumFront><![CDATA[https://s3.amazonaws.com/ecn-watermarks/effex/57244_5.jpg]]></imageMediumFront>
								
									<imageMediumBack><![CDATA[https://s3.amazonaws.com/ecn-watermarks/effex/57244_6.jpg]]></imageMediumBack>
								
									<imageThumbnailFront><![CDATA[https://s3.amazonaws.com/ecn-watermarks/effex/57244_9.jpg]]></imageThumbnailFront>
								
									<imageThumbnailBack><![CDATA[https://s3.amazonaws.com/ecn-watermarks/effex/57244_10.jpg]]></imageThumbnailBack>
									
				<manufacturer><![CDATA[Zero Tolerance]]></manufacturer>
				<categories>SEX TOYS FOR MEN,COCKRINGS,NON VIBRATING,</categories>
				<itemDescription>Three rings in one set means you can experiment with finding the perfect fit, or use the size that suits your mood - mellow or more sensually daring! Slide the ring to the base of the shaft to experience harder, longer lasting erections and let the pleasure beads gently massage you for added erotic stimulation. Clean with Zero Tolerance toy cleaner and a warm water rinse.

-  3 beaded cock rings for longer lasting, harder erections
-  Beads in each ring add unique pleasure
-  Made from stretchy and pliable TPE
-  Chic translucent smoke color

Dimensions:
Small -  Length:  1.23 in., Depth:  .34 in., Width:  1.23 in.
Medium - Length:  1.33 in.,  Depth:  .34 in.,  Width: 1.33 in.
Large - Length:  1.48 in.,  Depth:  .37 in.,  Width: 1.48 in.</itemDescription> <htmlitemdescriptioninbase64format>VGhyZWUgcmluZ3MgaW4gb25lIHNldCBtZWFucyB5b3UgY2FuIGV4cGVyaW1lbnQgd2l0aCBmaW5kaW5nIHRoZSBwZXJmZWN0IGZpdCwgb3IgdXNlIHRoZSBzaXplIHRoYXQgc3VpdHMgeW91ciBtb29kIC0gbWVsbG93IG9yIG1vcmUgc2Vuc3VhbGx5IGRhcmluZyEgU2xpZGUgdGhlIHJpbmcgdG8gdGhlIGJhc2Ugb2YgdGhlIHNoYWZ0IHRvIGV4cGVyaWVuY2UgaGFyZGVyLCBsb25nZXIgbGFzdGluZyBlcmVjdGlvbnMgYW5kIGxldCB0aGUgcGxlYXN1cmUgYmVhZHMgZ2VudGx5IG1hc3NhZ2UgeW91IGZvciBhZGRlZCBlcm90aWMgc3RpbXVsYXRpb24uIENsZWFuIHdpdGggWmVybyBUb2xlcmFuY2UgdG95IGNsZWFuZXIgYW5kIGEgd2FybSB3YXRlciByaW5zZS48YnI+PGJyPg0KDQotICAzIGJlYWRlZCBjb2NrIHJpbmdzIGZvciBsb25nZXIgbGFzdGluZywgaGFyZGVyIGVyZWN0aW9uczxicj4NCi0gIEJlYWRzIGluIGVhY2ggcmluZyBhZGQgdW5pcXVlIHBsZWFzdXJlPGJyPg0KLSAgTWFkZSBmcm9tIHN0cmV0Y2h5IGFuZCBwbGlhYmxlIFRQRTxicj4NCi0gIENoaWMgdHJhbnNsdWNlbnQgc21va2UgY29sb3I8YnI+PGJyPg0KDQpEaW1lbnNpb25zOjxicj4NClNtYWxsIC0gIExlbmd0aDogIDEuMjMgaW4uLCBEZXB0aDogIC4zNCBpbi4sIFdpZHRoOiAgMS4yMyBpbi48YnI+DQpNZWRpdW0gLSBMZW5ndGg6ICAxLjMzIGluLiwgIERlcHRoOiAgLjM0IGluLiwgIFdpZHRoOiAxLjMzIGluLjxicj4NCkxhcmdlIC0gTGVuZ3RoOiAgMS40OCBpbi4sICBEZXB0aDogIC4zNyBpbi4sICBXaWR0aDogMS40OCBpbi48YnI+PGJyPg==</htmlitemdescriptioninbase64format>												
				<upc>844477013312</upc>			
				<dateUpdated>12/24/2020 12:01:18 PM</dateUpdated>	
				<itemweight><![CDATA[0.04]]></itemweight>		
				<dateCreated>01/02/2019 3:00:13 PM</dateCreated>			
				<deliveryallowed><![CDATA[0]]></deliveryallowed>	

					
						<categoriesV2>

											
							<categoritem>
								
									<mastercategories><![CDATA[Cockrings|Kit]]></mastercategories>
								
									<subcategories><![CDATA[Non-vibrating|Smoke|Waterproof|Beaded]]></subcategories>
														
							</categoritem>					
												
						</categoriesV2>
						
					<alternatetitle><![CDATA[Zero Tolerance Three Amigos Beaded Cock Ring Kit (3 Piece Kit) - Smoke]]></alternatetitle>
					<height><![CDATA[0.5]]></height>
					<width><![CDATA[3]]></width>
					<length><![CDATA[4.5]]></length>
					<marketplacerestrictions><![CDATA[0]]></marketplacerestrictions>
					<discontinued>No</discontinued>
					
						<regulations />
												
													
			</item>
				
			<item>
				<title><![CDATA[Teal Tickler Cocking]]></title>
				<releaseDate>02/15/2019</releaseDate>				
				<itemSKU>ZT-3282</itemSKU>
				<itemID>57249</itemID>		
				<standardPrice>8.9900</standardPrice>		
				<mapPrice>0</mapPrice>
				<msrpPrice>0</msrpPrice>			
				<stock>Available Now</stock>
				<multiplesOF>1</multiplesOF> 
									<imageLargeFront><![CDATA[https://s3.amazonaws.com/ecn-watermarks/effex/57249_1.jpg]]></imageLargeFront>
								
									<imageLargeBack><![CDATA[https://s3.amazonaws.com/ecn-watermarks/effex/57249_2.jpg]]></imageLargeBack>
								
									<imageMediumFront><![CDATA[https://s3.amazonaws.com/ecn-watermarks/effex/57249_5.jpg]]></imageMediumFront>
								
									<imageMediumBack><![CDATA[https://s3.amazonaws.com/ecn-watermarks/effex/57249_6.jpg]]></imageMediumBack>
								
									<imageThumbnailFront><![CDATA[https://s3.amazonaws.com/ecn-watermarks/effex/57249_9.jpg]]></imageThumbnailFront>
								
									<imageThumbnailBack><![CDATA[https://s3.amazonaws.com/ecn-watermarks/effex/57249_10.jpg]]></imageThumbnailBack>
									
				<manufacturer><![CDATA[Zero Tolerance]]></manufacturer>
				<categories>SILICONE,VIBRATING SINGLE SPEED,SEX TOYS FOR MEN,COCKRINGS,</categories>
				<itemDescription>Keep it up in style with this supple, stretchy and stylish cock ring that gives her the ride of her life! With a powerful bullet buzzing between you, she feels the pleasure nubs right where she wants them, and your erection is harder and lasts longer, making every stroke count. The easy-to-use single button means no fussing with motor controls, so the focus stays where it should. Clean with Zero Tolerance toy cleaner and a warm water rinse.

-  Silicone cock ring for longer lasting, harder erections
-  Strategically placed tickling nubs for her pleasure
-  Great for simultaneous orgasms
-  Made from creamy smooth silicone
-  Bullet made from durable ABS plastic
-  Powerful 1-speed motor
-  Easy to use one-button control
-  Requires 2 LR-41 batteries, included
-  Phthalate and latex free
-  Waterproof and submersible

Dimensions:
Length:  2.125 in.
Depth:  1.31 in.
Width: 1.66 in. </itemDescription> <htmlitemdescriptioninbase64format>S2VlcCBpdCB1cCBpbiBzdHlsZSB3aXRoIHRoaXMgc3VwcGxlLCBzdHJldGNoeSBhbmQgc3R5bGlzaCBjb2NrIHJpbmcgdGhhdCBnaXZlcyBoZXIgdGhlIHJpZGUgb2YgaGVyIGxpZmUhIFdpdGggYSBwb3dlcmZ1bCBidWxsZXQgYnV6emluZyBiZXR3ZWVuIHlvdSwgc2hlIGZlZWxzIHRoZSBwbGVhc3VyZSBudWJzIHJpZ2h0IHdoZXJlIHNoZSB3YW50cyB0aGVtLCBhbmQgeW91ciBlcmVjdGlvbiBpcyBoYXJkZXIgYW5kIGxhc3RzIGxvbmdlciwgbWFraW5nIGV2ZXJ5IHN0cm9rZSBjb3VudC4gVGhlIGVhc3ktdG8tdXNlIHNpbmdsZSBidXR0b24gbWVhbnMgbm8gZnVzc2luZyB3aXRoIG1vdG9yIGNvbnRyb2xzLCBzbyB0aGUgZm9jdXMgc3RheXMgd2hlcmUgaXQgc2hvdWxkLiBDbGVhbiB3aXRoIFplcm8gVG9sZXJhbmNlIHRveSBjbGVhbmVyIGFuZCBhIHdhcm0gd2F0ZXIgcmluc2UuPGJyPjxicj4NCg0KLSAgU2lsaWNvbmUgY29jayByaW5nIGZvciBsb25nZXIgbGFzdGluZywgaGFyZGVyIGVyZWN0aW9uczxicj4NCi0gIFN0cmF0ZWdpY2FsbHkgcGxhY2VkIHRpY2tsaW5nIG51YnMgZm9yIGhlciBwbGVhc3VyZTxicj4NCi0gIEdyZWF0IGZvciBzaW11bHRhbmVvdXMgb3JnYXNtczxicj4NCi0gIE1hZGUgZnJvbSBjcmVhbXkgc21vb3RoIHNpbGljb25lPGJyPg0KLSAgQnVsbGV0IG1hZGUgZnJvbSBkdXJhYmxlIEFCUyBwbGFzdGljPGJyPg0KLSAgUG93ZXJmdWwgMS1zcGVlZCBtb3Rvcjxicj4NCi0gIEVhc3kgdG8gdXNlIG9uZS1idXR0b24gY29udHJvbDxicj4NCi0gIFJlcXVpcmVzIDIgTFItNDEgYmF0dGVyaWVzLCBpbmNsdWRlZDxicj4NCi0gIFBodGhhbGF0ZSBhbmQgbGF0ZXggZnJlZTxicj4NCi0gIFdhdGVycHJvb2YgYW5kIHN1Ym1lcnNpYmxlPGJyPjxicj4NCg0KRGltZW5zaW9uczo8YnI+DQpMZW5ndGg6ICAyLjEyNSBpbi48YnI+DQpEZXB0aDogIDEuMzEgaW4uPGJyPg0KV2lkdGg6IDEuNjYgaW4uIDxicj48YnI+</htmlitemdescriptioninbase64format>												
				<upc>844477013282</upc>			
				<dateUpdated>12/24/2020 12:01:18 PM</dateUpdated>	
				<itemweight><![CDATA[0.06]]></itemweight>		
				<dateCreated>01/02/2019 3:30:10 PM</dateCreated>			
				<deliveryallowed><![CDATA[0]]></deliveryallowed>	

					
						<categoriesV2>

											
							<categoritem>
								
									<mastercategories><![CDATA[Cockrings]]></mastercategories>
								
									<subcategories><![CDATA[Silicone|Teal|Waterproof]]></subcategories>
														
							</categoritem>					
												
						</categoriesV2>
						
					<alternatetitle><![CDATA[Zero Tolerance Teal Tickler Silicone Vibrating Cock Ring - Teal]]></alternatetitle>
					<height><![CDATA[1.5]]></height>
					<width><![CDATA[3]]></width>
					<length><![CDATA[4.5]]></length>
					<marketplacerestrictions><![CDATA[0]]></marketplacerestrictions>
					<discontinued>No</discontinued>
					
						<regulations />
												
													
			</item>
				
			<item>
				<title><![CDATA[Ffh Her Ultimate Pleasure Purple]]></title>
				<releaseDate>02/25/2019</releaseDate>				
				<itemSKU>PD4943-12</itemSKU>
				<itemID>57323</itemID>		
				<standardPrice>75.0000</standardPrice>		
				<mapPrice>0</mapPrice>
				<msrpPrice>149.99</msrpPrice>			
				<stock>Available Now</stock>
				<multiplesOF>1</multiplesOF> 
									<imageLargeFront><![CDATA[https://s3.amazonaws.com/ecn-watermarks/effex/57323_1.jpg]]></imageLargeFront>
								
									<imageLargeBack><![CDATA[https://s3.amazonaws.com/ecn-watermarks/effex/57323_2.jpg]]></imageLargeBack>
								
									<imageMediumFront><![CDATA[https://s3.amazonaws.com/ecn-watermarks/effex/57323_5.jpg]]></imageMediumFront>
								
									<imageMediumBack><![CDATA[https://s3.amazonaws.com/ecn-watermarks/effex/57323_6.jpg]]></imageMediumBack>
								
									<imageThumbnailFront><![CDATA[https://s3.amazonaws.com/ecn-watermarks/effex/57323_9.jpg]]></imageThumbnailFront>
								
									<imageThumbnailBack><![CDATA[https://s3.amazonaws.com/ecn-watermarks/effex/57323_10.jpg]]></imageThumbnailBack>
									
				<manufacturer><![CDATA[Pipedream Products,inc.]]></manufacturer>
				<categories>MULTI FUCTION,VIBRATORS,SEX TOYS FOR WOMEN,VIBRATING MULTI-SPEED,</categories>
				<itemDescription>-  Intense Suction with 2 Pleasure Attachments:  Customize your experience with a round and oval option for your erogenous areas.
-  4 Powerful Motors Offer 3 Suction Patterns, 7 Tongue Motion Patterns and 10 Vibration Patterns:  Choose your pleasure with tongue stimulation, vibration, and suction separately or together. 
-  Silicone Tongue with Soft TPE Sleeve:  Personalize your sensations with or without the soft TPE tongue sleeve. 
-  Magnetic USB Charger:  Ready when you are! Conveniently rechargeable, offering hours of enjoyment. 
-  Vibrating Silicone Handle Offers Powerful G-Spot Stimulation:  Equipped with its own motor, the ergonomic handle provides comfort and incredible G-spot stimulation!</itemDescription> <htmlitemdescriptioninbase64format>LSAgSW50ZW5zZSBTdWN0aW9uIHdpdGggMiBQbGVhc3VyZSBBdHRhY2htZW50czogIEN1c3RvbWl6ZSB5b3VyIGV4cGVyaWVuY2Ugd2l0aCBhIHJvdW5kIGFuZCBvdmFsIG9wdGlvbiBmb3IgeW91ciBlcm9nZW5vdXMgYXJlYXMuPGJyPg0KLSAgNCBQb3dlcmZ1bCBNb3RvcnMgT2ZmZXIgMyBTdWN0aW9uIFBhdHRlcm5zLCA3IFRvbmd1ZSBNb3Rpb24gUGF0dGVybnMgJiAxMCBWaWJyYXRpb24gUGF0dGVybnM6ICBDaG9vc2UgeW91ciBwbGVhc3VyZSB3aXRoIHRvbmd1ZSBzdGltdWxhdGlvbiwgdmlicmF0aW9uLCBhbmQgc3VjdGlvbiBzZXBhcmF0ZWx5IG9yIHRvZ2V0aGVyLiA8YnI+DQotICBTaWxpY29uZSBUb25ndWUgd2l0aCBTb2Z0IFRQRSBTbGVldmU6ICBQZXJzb25hbGl6ZSB5b3VyIHNlbnNhdGlvbnMgd2l0aCBvciB3aXRob3V0IHRoZSBzb2Z0IFRQRSB0b25ndWUgc2xlZXZlLiA8YnI+DQotICBNYWduZXRpYyBVU0IgQ2hhcmdlcjogIFJlYWR5IHdoZW4geW91IGFyZSEgQ29udmVuaWVudGx5IHJlY2hhcmdlYWJsZSwgb2ZmZXJpbmcgaG91cnMgb2YgZW5qb3ltZW50LiA8YnI+DQotICBWaWJyYXRpbmcgU2lsaWNvbmUgSGFuZGxlIE9mZmVycyBQb3dlcmZ1bCBHLVNwb3QgU3RpbXVsYXRpb246ICBFcXVpcHBlZCB3aXRoIGl0cyBvd24gbW90b3IsIHRoZSBlcmdvbm9taWMgaGFuZGxlIHByb3ZpZGVzIGNvbWZvcnQgYW5kIGluY3JlZGlibGUgRy1zcG90IHN0aW11bGF0aW9uITxicj48YnI+</htmlitemdescriptioninbase64format>												
				<upc>603912757446</upc>			
				<dateUpdated>12/24/2020 12:01:18 PM</dateUpdated>	
				<itemweight><![CDATA[0.78]]></itemweight>		
				<dateCreated>01/14/2019 2:30:10 PM</dateCreated>			
				<deliveryallowed><![CDATA[0]]></deliveryallowed>	

					
						<categoriesV2>

											
							<categoritem>
								
									<mastercategories><![CDATA[Clitoral Stimulation|G-spot]]></mastercategories>
								
									<subcategories><![CDATA[Multispeed|Vibrating]]></subcategories>
														
							</categoritem>					
												
						</categoriesV2>
						
					<alternatetitle><![CDATA[Fantasy For Her Her Ultimate Pleasure Silicone Vibrating Multi Speed USB Rechargeable Clit Stimulator Waterproof Purple]]></alternatetitle>
					<height><![CDATA[2.25]]></height>
					<width><![CDATA[4.5]]></width>
					<length><![CDATA[11]]></length>
					<marketplacerestrictions><![CDATA[0]]></marketplacerestrictions>
					<discontinued>No</discontinued>
					
						<regulations />
												
													
			</item>
				
			<item>
				<title><![CDATA[Queen]]></title>
				<releaseDate>01/31/2019</releaseDate>				
				<itemSKU>EN-3213</itemSKU>
				<itemID>57451</itemID>		
				<standardPrice>24.9900</standardPrice>		
				<mapPrice>0</mapPrice>
				<msrpPrice>0</msrpPrice>			
				<stock>Available Now</stock>
				<multiplesOF>1</multiplesOF> 
									<imageLargeFront><![CDATA[https://s3.amazonaws.com/ecn-watermarks/effex/57451_1.jpg]]></imageLargeFront>
								
									<imageLargeBack><![CDATA[https://s3.amazonaws.com/ecn-watermarks/effex/57451_2.jpg]]></imageLargeBack>
								
									<imageMediumFront><![CDATA[https://s3.amazonaws.com/ecn-watermarks/effex/57451_5.jpg]]></imageMediumFront>
								
									<imageMediumBack><![CDATA[https://s3.amazonaws.com/ecn-watermarks/effex/57451_6.jpg]]></imageMediumBack>
								
									<imageThumbnailFront><![CDATA[https://s3.amazonaws.com/ecn-watermarks/effex/57451_9.jpg]]></imageThumbnailFront>
								
									<imageThumbnailBack><![CDATA[https://s3.amazonaws.com/ecn-watermarks/effex/57451_10.jpg]]></imageThumbnailBack>
									
				<manufacturer><![CDATA[Evolved Novelties]]></manufacturer>
				<categories>VIBRATORS,WATERPROOF MUTI FUNCTION,SEX TOYS FOR WOMEN,RECHARGABLE,</categories>
				<itemDescription>This bulbous beauty blends power and convenience in a compact yet mighty little rocket shape! Its swelled head gives your pleasure an erotic edge as it buzzes its way to the top of your nightstand choices. Fully submersible in water with an easy-grip flared base, it`s the ultimate in discretion and strength. Clean with Evolved toy cleaner and a warm water rinse.


Powerful mini vibrator
Sensual bulbous bullet shape
20 vibrating speeds and functions
Easy to use one button control at base
Flared base for safety and stress-free handling
LED light on button at base
Made from creamy smooth silicone
Waterproof and submersible
Rechargeable, USB cable included


Dimensions:
Height:  4.5 in.
Depth:  1.1 in.
Width: 1.1 in.</itemDescription> <htmlitemdescriptioninbase64format>VGhpcyBidWxib3VzIGJlYXV0eSBibGVuZHMgcG93ZXIgYW5kIGNvbnZlbmllbmNlIGluIGEgY29tcGFjdCB5ZXQgbWlnaHR5IGxpdHRsZSByb2NrZXQgc2hhcGUhIEl0cyBzd2VsbGVkIGhlYWQgZ2l2ZXMgeW91ciBwbGVhc3VyZSBhbiBlcm90aWMgZWRnZSBhcyBpdCBidXp6ZXMgaXRzIHdheSB0byB0aGUgdG9wIG9mIHlvdXIgbmlnaHRzdGFuZCBjaG9pY2VzLiBGdWxseSBzdWJtZXJzaWJsZSBpbiB3YXRlciB3aXRoIGFuIGVhc3ktZ3JpcCBmbGFyZWQgYmFzZSwgaXQncyB0aGUgdWx0aW1hdGUgaW4gZGlzY3JldGlvbiBhbmQgc3RyZW5ndGguIENsZWFuIHdpdGggRXZvbHZlZCB0b3kgY2xlYW5lciBhbmQgYSB3YXJtIHdhdGVyIHJpbnNlLjxicj48YnI+DQoNCjx1bD4NCjxsaT5Qb3dlcmZ1bCBtaW5pIHZpYnJhdG9yPC9saT4NCjxsaT5TZW5zdWFsIGJ1bGJvdXMgYnVsbGV0IHNoYXBlPC9saT4NCjxsaT4yMCB2aWJyYXRpbmcgc3BlZWRzIGFuZCBmdW5jdGlvbnM8L2xpPg0KPGxpPkVhc3kgdG8gdXNlIG9uZSBidXR0b24gY29udHJvbCBhdCBiYXNlPC9saT4NCjxsaT5GbGFyZWQgYmFzZSBmb3Igc2FmZXR5IGFuZCBzdHJlc3MtZnJlZSBoYW5kbGluZzwvbGk+DQo8bGk+TEVEIGxpZ2h0IG9uIGJ1dHRvbiBhdCBiYXNlPC9saT4NCjxsaT5NYWRlIGZyb20gY3JlYW15IHNtb290aCBzaWxpY29uZTwvbGk+DQo8bGk+V2F0ZXJwcm9vZiBhbmQgc3VibWVyc2libGU8L2xpPg0KPGxpPlJlY2hhcmdlYWJsZSwgVVNCIGNhYmxlIGluY2x1ZGVkPC9saT4NCjwvdWw+DQoNCkRpbWVuc2lvbnM6PGJyPg0KSGVpZ2h0OiAgNC41IGluLjxicj4NCkRlcHRoOiAgMS4xIGluLjxicj4NCldpZHRoOiAxLjEgaW4uPGJyPjxicj4=</htmlitemdescriptioninbase64format>												
				<upc>844477013213</upc>			
				<dateUpdated>12/24/2020 12:01:18 PM</dateUpdated>	
				<itemweight><![CDATA[0.26]]></itemweight>		
				<dateCreated>01/25/2019 4:29:50 PM</dateCreated>			
				<deliveryallowed><![CDATA[0]]></deliveryallowed>	

					
						<categoriesV2>

											
							<categoritem>
								
									<mastercategories><![CDATA[Vibrators]]></mastercategories>
								
									<subcategories><![CDATA[Multifunction|Non Latex|Pink|Waterproof|Usb Rechargeable]]></subcategories>
														
							</categoritem>					
												
						</categoriesV2>
						
					<alternatetitle><![CDATA[The Queen Rechargeable Silicone Vibrator - Pink]]></alternatetitle>
					<height><![CDATA[2]]></height>
					<width><![CDATA[2]]></width>
					<length><![CDATA[6]]></length>
					<marketplacerestrictions><![CDATA[0]]></marketplacerestrictions>
					<discontinued>No</discontinued>
					
						<regulations />
												
													
			</item>
				
			<item>
				<title><![CDATA[Zt Night Rider Black]]></title>
				<releaseDate>04/03/2019</releaseDate>				
				<itemSKU>ZT-3411</itemSKU>
				<itemID>58346</itemID>		
				<standardPrice>13.9900</standardPrice>		
				<mapPrice>0</mapPrice>
				<msrpPrice>0</msrpPrice>			
				<stock>Available Now</stock>
				<multiplesOF>1</multiplesOF> 
									<imageLargeFront><![CDATA[https://s3.amazonaws.com/ecn-watermarks/effex/58346_1.jpg]]></imageLargeFront>
								
									<imageLargeBack><![CDATA[https://s3.amazonaws.com/ecn-watermarks/effex/58346_2.jpg]]></imageLargeBack>
								
									<imageMediumFront><![CDATA[https://s3.amazonaws.com/ecn-watermarks/effex/58346_5.jpg]]></imageMediumFront>
								
									<imageMediumBack><![CDATA[https://s3.amazonaws.com/ecn-watermarks/effex/58346_6.jpg]]></imageMediumBack>
								
									<imageThumbnailFront><![CDATA[https://s3.amazonaws.com/ecn-watermarks/effex/58346_9.jpg]]></imageThumbnailFront>
								
									<imageThumbnailBack><![CDATA[https://s3.amazonaws.com/ecn-watermarks/effex/58346_10.jpg]]></imageThumbnailBack>
									
				<manufacturer><![CDATA[Zero Tolerance]]></manufacturer>
				<categories>SILICONE,COCKRINGS NON VIBRATING,SEX TOYS FOR MEN,COCKRINGS,</categories>
				<itemDescription>Simplicity at its finest! An elegant oblong design gives her the stimulation she needs to experience mind-blowing climaxes during sex, and the creamy smooth silicone ring keeps him harder and lasting longer. It`s the perfect couples toy for travel with its discreet size, and it`s ideal for bath play since it`s completely submersible! Clean-up is easy with Zero Tolerance Toy Cleaner and a warm water rinse.

-  Cock ring for longer, harder erections
-  Powerful clitoral stimulator for her
-  Perfect for couples play
-  Great for simultaneous orgasms
-  Made from creamy smooth silicone
-  Easy to use 1-button control
-  20 different vibration functions
-  Phthalate and latex free
-  Waterproof and submersible
-  Rechargeable, USB cable included

Dimensions:
Height:  2.65 in.
Depth:  1.12 in.
Width:  1.8 in.</itemDescription> <htmlitemdescriptioninbase64format>U2ltcGxpY2l0eSBhdCBpdHMgZmluZXN0ISBBbiBlbGVnYW50IG9ibG9uZyBkZXNpZ24gZ2l2ZXMgaGVyIHRoZSBzdGltdWxhdGlvbiBzaGUgbmVlZHMgdG8gZXhwZXJpZW5jZSBtaW5kLWJsb3dpbmcgY2xpbWF4ZXMgZHVyaW5nIHNleCwgYW5kIHRoZSBjcmVhbXkgc21vb3RoIHNpbGljb25lIHJpbmcga2VlcHMgaGltIGhhcmRlciBhbmQgbGFzdGluZyBsb25nZXIuIEl0J3MgdGhlIHBlcmZlY3QgY291cGxlcyB0b3kgZm9yIHRyYXZlbCB3aXRoIGl0cyBkaXNjcmVldCBzaXplLCBhbmQgaXQncyBpZGVhbCBmb3IgYmF0aCBwbGF5IHNpbmNlIGl0J3MgY29tcGxldGVseSBzdWJtZXJzaWJsZSEgQ2xlYW4tdXAgaXMgZWFzeSB3aXRoIFplcm8gVG9sZXJhbmNlIFRveSBDbGVhbmVyIGFuZCBhIHdhcm0gd2F0ZXIgcmluc2UuPGJyPjxicj4NCg0KLSAgQ29jayByaW5nIGZvciBsb25nZXIsIGhhcmRlciBlcmVjdGlvbnM8YnI+DQotICBQb3dlcmZ1bCBjbGl0b3JhbCBzdGltdWxhdG9yIGZvciBoZXI8YnI+DQotICBQZXJmZWN0IGZvciBjb3VwbGVzIHBsYXk8YnI+DQotICBHcmVhdCBmb3Igc2ltdWx0YW5lb3VzIG9yZ2FzbXM8YnI+DQotICBNYWRlIGZyb20gY3JlYW15IHNtb290aCBzaWxpY29uZTxicj4NCi0gIEVhc3kgdG8gdXNlIDEtYnV0dG9uIGNvbnRyb2w8YnI+DQotICAyMCBkaWZmZXJlbnQgdmlicmF0aW9uIGZ1bmN0aW9uczxicj4NCi0gIFBodGhhbGF0ZSAmIGxhdGV4IGZyZWU8YnI+DQotICBXYXRlcnByb29mICYgc3VibWVyc2libGU8YnI+DQotICBSZWNoYXJnZWFibGUsIFVTQiBjYWJsZSBpbmNsdWRlZDxicj48YnI+DQoNCkRpbWVuc2lvbnM6PGJyPg0KSGVpZ2h0OiAgMi42NSBpbi48YnI+DQpEZXB0aDogIDEuMTIgaW4uPGJyPg0KV2lkdGg6ICAxLjggaW4uPGJyPjxicj4=</htmlitemdescriptioninbase64format>												
				<upc>844477013411</upc>			
				<dateUpdated>12/24/2020 12:01:18 PM</dateUpdated>	
				<itemweight><![CDATA[0.16]]></itemweight>		
				<dateCreated>03/25/2019 10:30:11 AM</dateCreated>			
				<deliveryallowed><![CDATA[0]]></deliveryallowed>	

					
						<categoriesV2>

											
							<categoritem>
								
									<mastercategories><![CDATA[Cockrings]]></mastercategories>
								
									<subcategories><![CDATA[Rechargeable|Silicone]]></subcategories>
														
							</categoritem>					
												
						</categoriesV2>
						
					<alternatetitle><![CDATA[Zero Tolerance Night Rider Rechargeable Silicone Cock Ring - Black]]></alternatetitle>
					<height><![CDATA[1.5]]></height>
					<width><![CDATA[3.25]]></width>
					<length><![CDATA[4.5]]></length>
					<marketplacerestrictions><![CDATA[0]]></marketplacerestrictions>
					<discontinued>No</discontinued>
					
						<regulations />
												
													
			</item>
				
			<item>
				<title><![CDATA[Sensuelle Trinitii Suction Tongue E-blue]]></title>
				<releaseDate>07/17/2019</releaseDate>				
				<itemSKU>NCBT-W65EBL</itemSKU>
				<itemID>58791</itemID>		
				<standardPrice>50.0000</standardPrice>		
				<mapPrice>99.99</mapPrice>
				<msrpPrice>99.99</msrpPrice>			
				<stock>Available Now</stock>
				<multiplesOF>1</multiplesOF> 
									<imageLargeFront><![CDATA[https://s3.amazonaws.com/ecn-watermarks/effex/58791_1.jpg]]></imageLargeFront>
								
									<imageLargeBack><![CDATA[https://s3.amazonaws.com/ecn-watermarks/effex/58791_2.jpg]]></imageLargeBack>
								
									<imageMediumFront><![CDATA[https://s3.amazonaws.com/ecn-watermarks/effex/58791_5.jpg]]></imageMediumFront>
								
									<imageMediumBack><![CDATA[https://s3.amazonaws.com/ecn-watermarks/effex/58791_6.jpg]]></imageMediumBack>
								
									<imageThumbnailFront><![CDATA[https://s3.amazonaws.com/ecn-watermarks/effex/58791_9.jpg]]></imageThumbnailFront>
								
									<imageThumbnailBack><![CDATA[https://s3.amazonaws.com/ecn-watermarks/effex/58791_10.jpg]]></imageThumbnailBack>
									
				<manufacturer><![CDATA[Novel Creations Usa Inc]]></manufacturer>
				<categories>MULTI FUCTION,CLIT STIMULATION,SEX TOYS FOR WOMEN,</categories>
				<itemDescription>The n&amp;#xfc; Sensuelle Trinitii takes you on a journey to toe-curling heaven. With a full range of suction modes, 15 vibration speeds and four flickering tongue teases, this new-generation adult toy will fulfill your most exotic fantasies in a completely personalized way. Fully rechargeable for your most insatiable desires!


15 different rhythm and speed patterns
7 suction modes from gentle to intense
4 flickering tongue speeds
Ergonomically designed
Fully rechargeable
Prop 65 compliant
Phthalates Free
RoHS Approved CE Approved


Dimensions:
Length:  9 in.
Tip Width:  1.125 in.
Top of Shaft Width:  1 in.
Base Width:  1.5 in.</itemDescription> <htmlitemdescriptioninbase64format>VGhlIG78IFNlbnN1ZWxsZSBUcmluaXRpaSB0YWtlcyB5b3Ugb24gYSBqb3VybmV5IHRvIHRvZS1jdXJsaW5nIGhlYXZlbi4gV2l0aCBhIGZ1bGwgcmFuZ2Ugb2Ygc3VjdGlvbiBtb2RlcywgMTUgdmlicmF0aW9uIHNwZWVkcyBhbmQgZm91ciBmbGlja2VyaW5nIHRvbmd1ZSB0ZWFzZXMsIHRoaXMgbmV3LWdlbmVyYXRpb24gYWR1bHQgdG95IHdpbGwgZnVsZmlsbCB5b3VyIG1vc3QgZXhvdGljIGZhbnRhc2llcyBpbiBhIGNvbXBsZXRlbHkgcGVyc29uYWxpemVkIHdheS4gRnVsbHkgcmVjaGFyZ2VhYmxlIGZvciB5b3VyIG1vc3QgaW5zYXRpYWJsZSBkZXNpcmVzITxicj48YnI+Cgo8dWw+CjxsaT4xNSBkaWZmZXJlbnQgcmh5dGhtIGFuZCBzcGVlZCBwYXR0ZXJuczwvbGk+CjxsaT43IHN1Y3Rpb24gbW9kZXMgZnJvbSBnZW50bGUgdG8gaW50ZW5zZTwvbGk+CjxsaT40IGZsaWNrZXJpbmcgdG9uZ3VlIHNwZWVkczwvbGk+CjxsaT5Fcmdvbm9taWNhbGx5IGRlc2lnbmVkPC9saT4KPGxpPkZ1bGx5IHJlY2hhcmdlYWJsZTwvbGk+CjxsaT5Qcm9wIDY1IGNvbXBsaWFudDwvbGk+CjxsaT5QaHRoYWxhdGVzIEZyZWU8L2xpPgo8bGk+Um9IUyBBcHByb3ZlZCBDRSBBcHByb3ZlZDwvbGk+CjwvdWw+CgpEaW1lbnNpb25zOjxicj4KTGVuZ3RoOiAgOSBpbi48YnI+ClRpcCBXaWR0aDogIDEuMTI1IGluLjxicj4KVG9wIG9mIFNoYWZ0IFdpZHRoOiAgMSBpbi48YnI+CkJhc2UgV2lkdGg6ICAxLjUgaW4u</htmlitemdescriptioninbase64format>												
				<upc>9342851002712</upc>			
				<dateUpdated>12/24/2020 12:01:18 PM</dateUpdated>	
				<itemweight><![CDATA[1.02]]></itemweight>		
				<dateCreated>05/23/2019 3:30:08 PM</dateCreated>			
				<deliveryallowed><![CDATA[0]]></deliveryallowed>	

					
						<categoriesV2>

											
							<categoritem>
								
									<mastercategories><![CDATA[Clitoral Stimulation]]></mastercategories>
								
									<subcategories><![CDATA[Blue|Multifunction|Vibrating|Suction]]></subcategories>
														
							</categoritem>					
												
						</categoriesV2>
						
					<alternatetitle><![CDATA[Nu Sensuelle Trinitii Rechargeable Silicone Vibrator - Electric Blue]]></alternatetitle>
					<height><![CDATA[9]]></height>
					<width><![CDATA[5.5]]></width>
					<length><![CDATA[9]]></length>
					<marketplacerestrictions><![CDATA[1]]></marketplacerestrictions>
					<discontinued>No</discontinued>
					
						<regulations />
												
													
			</item>
				
			<item>
				<title><![CDATA[Sensuelle Trinitii Suction Tongue U-viol]]></title>
				<releaseDate>07/17/2019</releaseDate>				
				<itemSKU>NCBT-W65UV</itemSKU>
				<itemID>58794</itemID>		
				<standardPrice>50.0000</standardPrice>		
				<mapPrice>99.99</mapPrice>
				<msrpPrice>99.99</msrpPrice>			
				<stock>Available Now</stock>
				<multiplesOF>1</multiplesOF> 
									<imageLargeFront><![CDATA[https://s3.amazonaws.com/ecn-watermarks/effex/58794_1.jpg]]></imageLargeFront>
								
									<imageLargeBack><![CDATA[https://s3.amazonaws.com/ecn-watermarks/effex/58794_2.jpg]]></imageLargeBack>
								
									<imageMediumFront><![CDATA[https://s3.amazonaws.com/ecn-watermarks/effex/58794_5.jpg]]></imageMediumFront>
								
									<imageMediumBack><![CDATA[https://s3.amazonaws.com/ecn-watermarks/effex/58794_6.jpg]]></imageMediumBack>
								
									<imageThumbnailFront><![CDATA[https://s3.amazonaws.com/ecn-watermarks/effex/58794_9.jpg]]></imageThumbnailFront>
								
									<imageThumbnailBack><![CDATA[https://s3.amazonaws.com/ecn-watermarks/effex/58794_10.jpg]]></imageThumbnailBack>
									
				<manufacturer><![CDATA[Novel Creations Usa Inc]]></manufacturer>
				<categories>MULTI FUCTION,CLIT STIMULATION,SEX TOYS FOR WOMEN,</categories>
				<itemDescription>The n&amp;#xfc; Sensuelle Trinitii takes you on a journey to toe-curling heaven. With a full range of suction modes, 15 vibration speeds and four flickering tongue teases, this new-generation adult toy will fulfill your most exotic fantasies in a completely personalized way. Fully rechargeable for your most insatiable desires!


15 different rhythm and speed patterns
7 suction modes from gentle to intense
4 flickering tongue speeds
Ergonomically designed
Fully rechargeable
Prop 65 compliant
Phthalates Free
RoHS Approved CE Approved


Dimensions:
Length:  9 in.
Tip Width:  1.125 in.
Top of Shaft Width:  1 in.
Base Width:  1.5 in.</itemDescription> <htmlitemdescriptioninbase64format>VGhlIG78IFNlbnN1ZWxsZSBUcmluaXRpaSB0YWtlcyB5b3Ugb24gYSBqb3VybmV5IHRvIHRvZS1jdXJsaW5nIGhlYXZlbi4gV2l0aCBhIGZ1bGwgcmFuZ2Ugb2Ygc3VjdGlvbiBtb2RlcywgMTUgdmlicmF0aW9uIHNwZWVkcyBhbmQgZm91ciBmbGlja2VyaW5nIHRvbmd1ZSB0ZWFzZXMsIHRoaXMgbmV3LWdlbmVyYXRpb24gYWR1bHQgdG95IHdpbGwgZnVsZmlsbCB5b3VyIG1vc3QgZXhvdGljIGZhbnRhc2llcyBpbiBhIGNvbXBsZXRlbHkgcGVyc29uYWxpemVkIHdheS4gRnVsbHkgcmVjaGFyZ2VhYmxlIGZvciB5b3VyIG1vc3QgaW5zYXRpYWJsZSBkZXNpcmVzITxicj48YnI+Cgo8dWw+CjxsaT4xNSBkaWZmZXJlbnQgcmh5dGhtIGFuZCBzcGVlZCBwYXR0ZXJuczwvbGk+CjxsaT43IHN1Y3Rpb24gbW9kZXMgZnJvbSBnZW50bGUgdG8gaW50ZW5zZTwvbGk+CjxsaT40IGZsaWNrZXJpbmcgdG9uZ3VlIHNwZWVkczwvbGk+CjxsaT5Fcmdvbm9taWNhbGx5IGRlc2lnbmVkPC9saT4KPGxpPkZ1bGx5IHJlY2hhcmdlYWJsZTwvbGk+CjxsaT5Qcm9wIDY1IGNvbXBsaWFudDwvbGk+CjxsaT5QaHRoYWxhdGVzIEZyZWU8L2xpPgo8bGk+Um9IUyBBcHByb3ZlZCBDRSBBcHByb3ZlZDwvbGk+CjwvdWw+CgpEaW1lbnNpb25zOjxicj4KTGVuZ3RoOiAgOSBpbi48YnI+ClRpcCBXaWR0aDogIDEuMTI1IGluLjxicj4KVG9wIG9mIFNoYWZ0IFdpZHRoOiAgMSBpbi48YnI+CkJhc2UgV2lkdGg6ICAxLjUgaW4u</htmlitemdescriptioninbase64format>												
				<upc>9342851002729</upc>			
				<dateUpdated>12/24/2020 12:01:18 PM</dateUpdated>	
				<itemweight><![CDATA[1.02]]></itemweight>		
				<dateCreated>05/23/2019 3:30:08 PM</dateCreated>			
				<deliveryallowed><![CDATA[0]]></deliveryallowed>	

					
						<categoriesV2>

											
							<categoritem>
								
									<mastercategories><![CDATA[Clitoral Stimulation]]></mastercategories>
								
									<subcategories><![CDATA[Multifunction|Purple|Vibrating|Suction]]></subcategories>
														
							</categoritem>					
												
						</categoriesV2>
						
					<alternatetitle><![CDATA[Nu Sensuelle Trinitii Rechargeable Silicone Vibrator - Ultra Violet]]></alternatetitle>
					<height><![CDATA[2]]></height>
					<width><![CDATA[5.5]]></width>
					<length><![CDATA[9]]></length>
					<marketplacerestrictions><![CDATA[1]]></marketplacerestrictions>
					<discontinued>No</discontinued>
					
						<regulations />
												
													
			</item>
				
			<item>
				<title><![CDATA[Sensuelle Baelii Xlr8 E-blue]]></title>
				<releaseDate>07/17/2019</releaseDate>				
				<itemSKU>NCBT-W68EBL</itemSKU>
				<itemID>58797</itemID>		
				<standardPrice>33.5000</standardPrice>		
				<mapPrice>66.99</mapPrice>
				<msrpPrice>66.99</msrpPrice>			
				<stock>Available Now</stock>
				<multiplesOF>1</multiplesOF> 
									<imageLargeFront><![CDATA[https://s3.amazonaws.com/ecn-watermarks/effex/58797_1.jpg]]></imageLargeFront>
								
									<imageLargeBack><![CDATA[https://s3.amazonaws.com/ecn-watermarks/effex/58797_2.jpg]]></imageLargeBack>
								
									<imageMediumFront><![CDATA[https://s3.amazonaws.com/ecn-watermarks/effex/58797_5.jpg]]></imageMediumFront>
								
									<imageMediumBack><![CDATA[https://s3.amazonaws.com/ecn-watermarks/effex/58797_6.jpg]]></imageMediumBack>
								
									<imageThumbnailFront><![CDATA[https://s3.amazonaws.com/ecn-watermarks/effex/58797_9.jpg]]></imageThumbnailFront>
								
									<imageThumbnailBack><![CDATA[https://s3.amazonaws.com/ecn-watermarks/effex/58797_10.jpg]]></imageThumbnailBack>
									
				<manufacturer><![CDATA[Novel Creations Usa Inc]]></manufacturer>
				<categories>MULTI FUCTION,VIBRATORS,SEX TOYS FOR WOMEN,</categories>
				<itemDescription>The NU Sensuelle Baelii XLR8 is a super-strong vibe that`s flexible to bend with you. The curved tip makes Baelii XLR8 ideal as a slim G-spot toy or to pinpoint sensation on any part of the body. Baelii XLR8 features 15 power-packed vibration functions. Plus, the Turbo Boost function kicks the intensity up to 9000 RPMas strong as the most powerful wand vibratorfor 12 seconds at a time. 


Powerful small vibrator
15 vibration functions
Turbo Boost function takes XLR8 to 9000 RPM for 12 seconds
Curved tip for G-spot or clitoral stimulation
Silky silicone with stylish metallic accent on base
Body-safe and easy to clean
Waterproof submersible for use in bath or shower
Flexible for comfort
USB rechargeable
1-year factory warranty
Prop 65 compliant
Phthalates Free
RoHS Approved CE Approved


Dimensions:
Length: 3.75 in.
Top  of Shaft Width: .75 in.
Base Width:  .875 in.</itemDescription> <htmlitemdescriptioninbase64format>VGhlIE5VIFNlbnN1ZWxsZSBCYWVsaWkgWExSOCBpcyBhIHN1cGVyLXN0cm9uZyB2aWJlIHRoYXQ/cyBmbGV4aWJsZSB0byBiZW5kIHdpdGggeW91LiBUaGUgY3VydmVkIHRpcCBtYWtlcyBCYWVsaWkgWExSOCBpZGVhbCBhcyBhIHNsaW0gRy1zcG90IHRveSBvciB0byBwaW5wb2ludCBzZW5zYXRpb24gb24gYW55IHBhcnQgb2YgdGhlIGJvZHkuIEJhZWxpaSBYTFI4IGZlYXR1cmVzIDE1IHBvd2VyLXBhY2tlZCB2aWJyYXRpb24gZnVuY3Rpb25zLiBQbHVzLCB0aGUgVHVyYm8gQm9vc3QgZnVuY3Rpb24ga2lja3MgdGhlIGludGVuc2l0eSB1cCB0byA5MDAwIFJQTT9hcyBzdHJvbmcgYXMgdGhlIG1vc3QgcG93ZXJmdWwgd2FuZCB2aWJyYXRvcj9mb3IgMTIgc2Vjb25kcyBhdCBhIHRpbWUuIDxicj48YnI+DQoNCjx1bD4NCjxsaT5Qb3dlcmZ1bCBzbWFsbCB2aWJyYXRvcjwvbGk+DQo8bGk+MTUgdmlicmF0aW9uIGZ1bmN0aW9uczwvbGk+DQo8bGk+VHVyYm8gQm9vc3QgZnVuY3Rpb24gdGFrZXMgWExSOCB0byA5MDAwIFJQTSBmb3IgMTIgc2Vjb25kczwvbGk+DQo8bGk+Q3VydmVkIHRpcCBmb3IgRy1zcG90IG9yIGNsaXRvcmFsIHN0aW11bGF0aW9uPC9saT4NCjxsaT5TaWxreSBzaWxpY29uZSB3aXRoIHN0eWxpc2ggbWV0YWxsaWMgYWNjZW50IG9uIGJhc2U8L2xpPg0KPGxpPkJvZHktc2FmZSBhbmQgZWFzeSB0byBjbGVhbjwvbGk+DQo8bGk+V2F0ZXJwcm9vZiBzdWJtZXJzaWJsZSBmb3IgdXNlIGluIGJhdGggb3Igc2hvd2VyPC9saT4NCjxsaT5GbGV4aWJsZSBmb3IgY29tZm9ydDwvbGk+DQo8bGk+VVNCIHJlY2hhcmdlYWJsZTwvbGk+DQo8bGk+MS15ZWFyIGZhY3Rvcnkgd2FycmFudHk8L2xpPg0KPGxpPlByb3AgNjUgY29tcGxpYW50PC9saT4NCjxsaT5QaHRoYWxhdGVzIEZyZWU8L2xpPg0KPGxpPlJvSFMgQXBwcm92ZWQgQ0UgQXBwcm92ZWQ8L2xpPg0KPC91bD4NCg0KRGltZW5zaW9uczo8YnI+DQpMZW5ndGg6IDMuNzUgaW4uPGJyPg0KVG9wICBvZiBTaGFmdCBXaWR0aDogLjc1IGluLjxicj4NCkJhc2UgV2lkdGg6ICAuODc1IGluLjxicj48YnI+</htmlitemdescriptioninbase64format>												
				<upc>9342851002774</upc>			
				<dateUpdated>12/24/2020 12:01:18 PM</dateUpdated>	
				<itemweight><![CDATA[0.60]]></itemweight>		
				<dateCreated>05/23/2019 4:00:06 PM</dateCreated>			
				<deliveryallowed><![CDATA[0]]></deliveryallowed>	

					
						<categoriesV2>

											
							<categoritem>
								
									<mastercategories><![CDATA[Vibrators]]></mastercategories>
								
									<subcategories><![CDATA[Blue|Multifunction]]></subcategories>
														
							</categoritem>					
												
						</categoriesV2>
						
					<alternatetitle><![CDATA[Nu Sensuelle Baelii XLR8 Rechargeable Silicone G-Spot Vibrator - Electric Blue]]></alternatetitle>
					<height><![CDATA[1.5]]></height>
					<width><![CDATA[4.25]]></width>
					<length><![CDATA[7]]></length>
					<marketplacerestrictions><![CDATA[1]]></marketplacerestrictions>
					<discontinued>No</discontinued>
					
						<regulations />
												
													
			</item>
				
			<item>
				<title><![CDATA[Kangaroo Pink Shot 60ml Bottle]]></title>
				<releaseDate>01/29/2021</releaseDate>				
				<itemSKU>CJDKG-P-S</itemSKU>
				<itemID>58953</itemID>		
				<standardPrice>4.9900</standardPrice>		
				<mapPrice>0</mapPrice>
				<msrpPrice>0</msrpPrice>			
				<stock>Short Wait</stock>
				<multiplesOF>12</multiplesOF> 
									<imageLargeFront><![CDATA[https://s3.amazonaws.com/ecn-watermarks/effex/58953_1.jpg]]></imageLargeFront>
								
								<imageLargeBack></imageLargeBack>
							
									<imageMediumFront><![CDATA[https://s3.amazonaws.com/ecn-watermarks/effex/58953_5.jpg]]></imageMediumFront>
								
								<imageMediumBack></imageMediumBack>
							
									<imageThumbnailFront><![CDATA[https://s3.amazonaws.com/ecn-watermarks/effex/58953_9.jpg]]></imageThumbnailFront>
								
								<imageThumbnailBack></imageThumbnailBack>
								
				<manufacturer><![CDATA[Kangaroo]]></manufacturer>
				<categories>PILLS and STIMULANTS,SEX TOYS FOR WOMEN,</categories>
				<itemDescription> </itemDescription> <htmlitemdescriptioninbase64format> </htmlitemdescriptioninbase64format>												
				<upc>80004688755</upc>			
				<dateUpdated>12/24/2020 12:01:18 PM</dateUpdated>	
				<itemweight><![CDATA[1.12]]></itemweight>		
				<dateCreated>06/14/2019 10:00:06 AM</dateCreated>			
				<deliveryallowed><![CDATA[0]]></deliveryallowed>	

					
						<categoriesV2>

											
							<categoritem>
								
									<mastercategories><![CDATA[Displays|Supplements, Enhancers & Drinks]]></mastercategories>
								
									<subcategories><![CDATA[Women|Drinks]]></subcategories>
														
							</categoritem>					
												
						</categoriesV2>
						
					<alternatetitle><![CDATA[Kangaroo Pink Female Sexual Enhancement Shot Watermelon 1oz]]></alternatetitle>
					<height><![CDATA[3.5]]></height>
					<width><![CDATA[3]]></width>
					<length><![CDATA[4.75]]></length>
					<marketplacerestrictions><![CDATA[0]]></marketplacerestrictions>
					<discontinued>No</discontinued>
					
						<regulations />
												
													
			</item>
				
			<item>
				<title><![CDATA[Hidden Pleasure Black]]></title>
				<releaseDate>09/19/2019</releaseDate>				
				<itemSKU>EN-3664</itemSKU>
				<itemID>59432</itemID>		
				<standardPrice>39.9900</standardPrice>		
				<mapPrice>0</mapPrice>
				<msrpPrice>0</msrpPrice>			
				<stock>Available Now</stock>
				<multiplesOF>1</multiplesOF> 
									<imageLargeFront><![CDATA[https://s3.amazonaws.com/ecn-watermarks/effex/59432_1.jpg]]></imageLargeFront>
								
									<imageLargeBack><![CDATA[https://s3.amazonaws.com/ecn-watermarks/effex/59432_2.jpg]]></imageLargeBack>
								
									<imageMediumFront><![CDATA[https://s3.amazonaws.com/ecn-watermarks/effex/59432_5.jpg]]></imageMediumFront>
								
									<imageMediumBack><![CDATA[https://s3.amazonaws.com/ecn-watermarks/effex/59432_6.jpg]]></imageMediumBack>
								
									<imageThumbnailFront><![CDATA[https://s3.amazonaws.com/ecn-watermarks/effex/59432_9.jpg]]></imageThumbnailFront>
								
									<imageThumbnailBack><![CDATA[https://s3.amazonaws.com/ecn-watermarks/effex/59432_10.jpg]]></imageThumbnailBack>
									
				<manufacturer><![CDATA[Evolved Novelties]]></manufacturer>
				<categories>VIBRATING PANTIES,SEX TOYS FOR WOMEN,MASSAGERS,REMOTE CONTROL,</categories>
				<itemDescription>No one would ever guess that these sexy satin-tie peek-a-boo panties are capable of mind-blowing orgasms! With a discreet silicone vibe nestled into a panty pocket to stay in place, ignite your pleasure hands-free with the easy to use remote control! Find the right hidden buzz for you by choosing from seven powerful speeds and functions that drive you wild no matter where your are - at the movies, on a date,  or just relaxing at home! Or give the remote to your lover for an erotic surprise! Once those panty ties come loose, take your secret into the bath or shower as it`s completely submersible. Clean your vibe with Evolved toy cleaner and a warm water rinse.


Remote control vibrating panties
Silicone vibrator tucks inside panty pocket
7 powerful vibrating speeds and functions
Sexy peek-a-boo opening in back
Vibrator made from creamy smooth silicone
Remote made from durable ABS plastic and silicone
Wireless controller lets you play from 40 ft away
Panty made from lace, elastic and satin ribbon
Blue LED lights illuminate vibe and remote buttons
Phthalate and latex free
Waterproof and submersible
USB rechargeable, cable included


Dimensions:
Panty vibe - 1.63 W x 2.8 H x .86 D
Remote - 1.26 W x 2.44 H x .69 D
Panty ties at side for adjustable fit (fits 24-72 waist)</itemDescription> <htmlitemdescriptioninbase64format>Tm8gb25lIHdvdWxkIGV2ZXIgZ3Vlc3MgdGhhdCB0aGVzZSBzZXh5IHNhdGluLXRpZSBwZWVrLWEtYm9vIHBhbnRpZXMgYXJlIGNhcGFibGUgb2YgbWluZC1ibG93aW5nIG9yZ2FzbXMhIFdpdGggYSBkaXNjcmVldCBzaWxpY29uZSB2aWJlIG5lc3RsZWQgaW50byBhIHBhbnR5IHBvY2tldCB0byBzdGF5IGluIHBsYWNlLCBpZ25pdGUgeW91ciBwbGVhc3VyZSBoYW5kcy1mcmVlIHdpdGggdGhlIGVhc3kgdG8gdXNlIHJlbW90ZSBjb250cm9sISBGaW5kIHRoZSByaWdodCBoaWRkZW4gYnV6eiBmb3IgeW91IGJ5IGNob29zaW5nIGZyb20gc2V2ZW4gcG93ZXJmdWwgc3BlZWRzIGFuZCBmdW5jdGlvbnMgdGhhdCBkcml2ZSB5b3Ugd2lsZCBubyBtYXR0ZXIgd2hlcmUgeW91ciBhcmUgLSBhdCB0aGUgbW92aWVzLCBvbiBhIGRhdGUsICBvciBqdXN0IHJlbGF4aW5nIGF0IGhvbWUhIE9yIGdpdmUgdGhlIHJlbW90ZSB0byB5b3VyIGxvdmVyIGZvciBhbiBlcm90aWMgc3VycHJpc2UhIE9uY2UgdGhvc2UgcGFudHkgdGllcyBjb21lIGxvb3NlLCB0YWtlIHlvdXIgc2VjcmV0IGludG8gdGhlIGJhdGggb3Igc2hvd2VyIGFzIGl0J3MgY29tcGxldGVseSBzdWJtZXJzaWJsZS4gQ2xlYW4geW91ciB2aWJlIHdpdGggRXZvbHZlZCB0b3kgY2xlYW5lciBhbmQgYSB3YXJtIHdhdGVyIHJpbnNlLjxicj48YnI+DQoNCjx1bD4NCjxsaT5SZW1vdGUgY29udHJvbCB2aWJyYXRpbmcgcGFudGllczwvbGk+DQo8bGk+U2lsaWNvbmUgdmlicmF0b3IgdHVja3MgaW5zaWRlIHBhbnR5IHBvY2tldDwvbGk+DQo8bGk+NyBwb3dlcmZ1bCB2aWJyYXRpbmcgc3BlZWRzICYgZnVuY3Rpb25zPC9saT4NCjxsaT5TZXh5IHBlZWstYS1ib28gb3BlbmluZyBpbiBiYWNrPC9saT4NCjxsaT5WaWJyYXRvciBtYWRlIGZyb20gY3JlYW15IHNtb290aCBzaWxpY29uZTwvbGk+DQo8bGk+UmVtb3RlIG1hZGUgZnJvbSBkdXJhYmxlIEFCUyBwbGFzdGljICYgc2lsaWNvbmU8L2xpPg0KPGxpPldpcmVsZXNzIGNvbnRyb2xsZXIgbGV0cyB5b3UgcGxheSBmcm9tIDQwIGZ0IGF3YXk8L2xpPg0KPGxpPlBhbnR5IG1hZGUgZnJvbSBsYWNlLCBlbGFzdGljICYgc2F0aW4gcmliYm9uPC9saT4NCjxsaT5CbHVlIExFRCBsaWdodHMgaWxsdW1pbmF0ZSB2aWJlICYgcmVtb3RlIGJ1dHRvbnM8L2xpPg0KPGxpPlBodGhhbGF0ZSAmIGxhdGV4IGZyZWU8L2xpPg0KPGxpPldhdGVycHJvb2YgJiBzdWJtZXJzaWJsZTwvbGk+DQo8bGk+VVNCIHJlY2hhcmdlYWJsZSwgY2FibGUgaW5jbHVkZWQ8L2xpPg0KPC91bD4NCg0KRGltZW5zaW9uczo8YnI+DQpQYW50eSB2aWJlIC0gMS42MyIgVyB4IDIuOCIgSCB4IC44NiIgRDxicj4NClJlbW90ZSAtIDEuMjYiIFcgeCAyLjQ0IiBIIHggLjY5IiBEPGJyPg0KUGFudHkgdGllcyBhdCBzaWRlIGZvciBhZGp1c3RhYmxlIGZpdCAoZml0cyAyNC03MiIgd2Fpc3QpPGJyPjxicj4=</htmlitemdescriptioninbase64format>												
				<upc>844477013664</upc>			
				<dateUpdated>12/24/2020 12:01:18 PM</dateUpdated>	
				<itemweight><![CDATA[0.28]]></itemweight>		
				<dateCreated>07/22/2019 1:30:12 PM</dateCreated>			
				<deliveryallowed><![CDATA[0]]></deliveryallowed>	

					
						<categoriesV2>

											
							<categoritem>
								
									<mastercategories><![CDATA[Massagers]]></mastercategories>
								
									<subcategories><![CDATA[Multifunction|Remote Control|Silicone|Vibrating Panties & Thongs|Waterproof|Wireless|Usb Rechargeable]]></subcategories>
														
							</categoritem>					
												
						</categoriesV2>
						
					<alternatetitle><![CDATA[Hidden Pleasure Rechargeable Silicone Vibrating Panty With Remote Control - Black]]></alternatetitle>
					<height><![CDATA[2.25]]></height>
					<width><![CDATA[3.5]]></width>
					<length><![CDATA[7]]></length>
					<marketplacerestrictions><![CDATA[0]]></marketplacerestrictions>
					<discontinued>No</discontinued>
					
						<regulations />
												
													
			</item>
				
			<item>
				<title><![CDATA[Aande Adams Vibrating Triple Probe]]></title>
				<releaseDate>08/08/2019</releaseDate>				
				<itemSKU>EN-AE-4593</itemSKU>
				<itemID>59452</itemID>		
				<standardPrice>22.9900</standardPrice>		
				<mapPrice>0</mapPrice>
				<msrpPrice>0</msrpPrice>			
				<stock>Available Now</stock>
				<multiplesOF>1</multiplesOF> 
									<imageLargeFront><![CDATA[https://s3.amazonaws.com/ecn-watermarks/effex/59452_1.jpg]]></imageLargeFront>
								
									<imageLargeBack><![CDATA[https://s3.amazonaws.com/ecn-watermarks/effex/59452_2.jpg]]></imageLargeBack>
								
									<imageMediumFront><![CDATA[https://s3.amazonaws.com/ecn-watermarks/effex/59452_5.jpg]]></imageMediumFront>
								
									<imageMediumBack><![CDATA[https://s3.amazonaws.com/ecn-watermarks/effex/59452_6.jpg]]></imageMediumBack>
								
									<imageThumbnailFront><![CDATA[https://s3.amazonaws.com/ecn-watermarks/effex/59452_9.jpg]]></imageThumbnailFront>
								
									<imageThumbnailBack><![CDATA[https://s3.amazonaws.com/ecn-watermarks/effex/59452_10.jpg]]></imageThumbnailBack>
									
				<manufacturer><![CDATA[Adam and Eve]]></manufacturer>
				<categories>PROSTATE MASSAGERS,SEX TOYS FOR MEN,VIBRATING,RECHARGABLE,</categories>
				<itemDescription>This rump-rocking prostate vibe delivers intense and deeply satisfying orgasms with 2 ergonomically angled shafts and a powerful 7-speed  motor. A sloping, vibrating arc with a bulbous tip at the end targets the P-spot for mild-to-wild stimulation. At the same time, a shorter shaft teases the perineum (or taint) for total, body-quaking release. Bring this waterproof toy into the bath or shower for uninhibited play. For best results use plenty of water-based lubricant. Clean with Adam and Eve toy cleaner and a hot water rinse.

-  Prostate massager for men
-  Gently angled shaft with bulbous tip + perineum stimulator
-  7 vibrating speeds and functions
-  Flared safety base also holds vibe in place
-  Made from smooth body-safe silicone and firm ABS plastic
-  USB rechargeable, cable included
-  Waterproof and completely submersible

Dimensions:
Length:  4.76 in.
Width:  1.4 in.</itemDescription> <htmlitemdescriptioninbase64format>VGhpcyBydW1wLXJvY2tpbmcgcHJvc3RhdGUgdmliZSBkZWxpdmVycyBpbnRlbnNlICYgZGVlcGx5IHNhdGlzZnlpbmcgb3JnYXNtcyB3aXRoIDIgZXJnb25vbWljYWxseSBhbmdsZWQgc2hhZnRzIGFuZCBhIHBvd2VyZnVsIDctc3BlZWQgIG1vdG9yLiBBIHNsb3BpbmcsIHZpYnJhdGluZyBhcmMgd2l0aCBhIGJ1bGJvdXMgdGlwIGF0IHRoZSBlbmQgdGFyZ2V0cyB0aGUgUC1zcG90IGZvciBtaWxkLXRvLXdpbGQgc3RpbXVsYXRpb24uIEF0IHRoZSBzYW1lIHRpbWUsIGEgc2hvcnRlciBzaGFmdCB0ZWFzZXMgdGhlIHBlcmluZXVtIChvciAidGFpbnQiKSBmb3IgdG90YWwsIGJvZHktcXVha2luZyByZWxlYXNlLiBCcmluZyB0aGlzIHdhdGVycHJvb2YgdG95IGludG8gdGhlIGJhdGggb3Igc2hvd2VyIGZvciB1bmluaGliaXRlZCBwbGF5LiBGb3IgYmVzdCByZXN1bHRzIHVzZSBwbGVudHkgb2Ygd2F0ZXItYmFzZWQgbHVicmljYW50LiBDbGVhbiB3aXRoIEFkYW0gJiBFdmUgdG95IGNsZWFuZXIgYW5kIGEgaG90IHdhdGVyIHJpbnNlLjxicj48YnI+DQoNCi0gIFByb3N0YXRlIG1hc3NhZ2VyIGZvciBtZW48YnI+DQotICBHZW50bHkgYW5nbGVkIHNoYWZ0IHdpdGggYnVsYm91cyB0aXAgKyBwZXJpbmV1bSBzdGltdWxhdG9yPGJyPg0KLSAgNyB2aWJyYXRpbmcgc3BlZWRzICYgZnVuY3Rpb25zPGJyPg0KLSAgRmxhcmVkIHNhZmV0eSBiYXNlIGFsc28gaG9sZHMgdmliZSBpbiBwbGFjZTxicj4NCi0gIE1hZGUgZnJvbSBzbW9vdGggYm9keS1zYWZlIHNpbGljb25lICYgZmlybSBBQlMgcGxhc3RpYzxicj4NCi0gIFVTQiByZWNoYXJnZWFibGUsIGNhYmxlIGluY2x1ZGVkPGJyPg0KLSAgV2F0ZXJwcm9vZiAmIGNvbXBsZXRlbHkgc3VibWVyc2libGU8YnI+PGJyPg0KDQpEaW1lbnNpb25zOjxicj4NCkxlbmd0aDogIDQuNzYgaW4uPGJyPg0KV2lkdGg6ICAxLjQgaW4uPGJyPjxicj4=</htmlitemdescriptioninbase64format>												
				<upc>844477014593</upc>			
				<dateUpdated>12/24/2020 12:01:18 PM</dateUpdated>	
				<itemweight><![CDATA[0.30]]></itemweight>		
				<dateCreated>07/22/2019 4:30:13 PM</dateCreated>			
				<deliveryallowed><![CDATA[0]]></deliveryallowed>	

					
						<categoriesV2>

											
							<categoritem>
								
									<mastercategories><![CDATA[Anal]]></mastercategories>
								
									<subcategories><![CDATA[Probe|Prostate Stimulators|Silicone|Vibrating|Waterproof|Usb Rechargeable]]></subcategories>
														
							</categoritem>					
												
						</categoriesV2>
						
					<alternatetitle><![CDATA[Adam and Eve Adam`s Vibrating Triple Probe Rechargeable Silicone Prostate Massager - Black]]></alternatetitle>
					<height><![CDATA[1.5]]></height>
					<width><![CDATA[5]]></width>
					<length><![CDATA[5.5]]></length>
					<marketplacerestrictions><![CDATA[0]]></marketplacerestrictions>
					<discontinued>No</discontinued>
					
						<regulations />
												
													
			</item>
				
			<item>
				<title><![CDATA[Weekender Kit Original]]></title>
				<releaseDate>01/23/2020</releaseDate>				
				<itemSKU>KS10007-A</itemSKU>
				<itemID>59624</itemID>		
				<standardPrice>11.0000</standardPrice>		
				<mapPrice>18.39</mapPrice>
				<msrpPrice>22.99</msrpPrice>			
				<stock>Available Now</stock>
				<multiplesOF>1</multiplesOF> 
									<imageLargeFront><![CDATA[https://s3.amazonaws.com/ecn-watermarks/effex/59624_1.jpg]]></imageLargeFront>
								
									<imageLargeBack><![CDATA[https://s3.amazonaws.com/ecn-watermarks/effex/59624_2.jpg]]></imageLargeBack>
								
									<imageMediumFront><![CDATA[https://s3.amazonaws.com/ecn-watermarks/effex/59624_5.jpg]]></imageMediumFront>
								
									<imageMediumBack><![CDATA[https://s3.amazonaws.com/ecn-watermarks/effex/59624_6.jpg]]></imageMediumBack>
								
									<imageThumbnailFront><![CDATA[https://s3.amazonaws.com/ecn-watermarks/effex/59624_9.jpg]]></imageThumbnailFront>
								
									<imageThumbnailBack><![CDATA[https://s3.amazonaws.com/ecn-watermarks/effex/59624_10.jpg]]></imageThumbnailBack>
									
				<manufacturer><![CDATA[Kama Sutra Company]]></manufacturer>
				<categories>SEX TOYS FOR COUPLES,OILS, LOTIONS and CREAMS,</categories>
				<itemDescription>The all new Weekender Kit is here! Be ready for spontaneous romance with these petite sensual Kama Sutra luxuries. Perfect portions fit comfortably in a pocket, luggage, bag or purse for a weekend away - now available in SIX different flavors!

Includes:

OIL OF LOVE: Kissable, water-based body oil. Size: 0.20 fl oz.
HONEY DUST: Kissable body powder with feather tickler for application. Size: 0.125 oz.
2 AROMATICS/NATURALS MASSAGE OIL Packets: Size: A rich, emollient formula makes it a pleasure to give or receive a sensuous massage. Size: 0.10 fl oz.
2 LOVE LIQUID Classic Packets: Personal, water-based lubricant. Size: 0.10 fl oz.
EROTIC PLAY CARDS: 6 play cards that include positions, actions and commands for erotic adventures and sexy play.
</itemDescription> <htmlitemdescriptioninbase64format>VGhlIGFsbCBuZXcgV2Vla2VuZGVyIEtpdCBpcyBoZXJlISBCZSByZWFkeSBmb3Igc3BvbnRhbmVvdXMgcm9tYW5jZSB3aXRoIHRoZXNlIHBldGl0ZSBzZW5zdWFsIEthbWEgU3V0cmEgbHV4dXJpZXMuIFBlcmZlY3QgcG9ydGlvbnMgZml0IGNvbWZvcnRhYmx5IGluIGEgcG9ja2V0LCBsdWdnYWdlLCBiYWcgb3IgcHVyc2UgZm9yIGEgd2Vla2VuZCBhd2F5IC0gbm93IGF2YWlsYWJsZSBpbiBTSVggZGlmZmVyZW50IGZsYXZvcnMhPGJyPjxicj4NCg0KSW5jbHVkZXM6PGJyPg0KPHVsPg0KPGxpPk9JTCBPRiBMT1ZFOiBLaXNzYWJsZSwgd2F0ZXItYmFzZWQgYm9keSBvaWwuIFNpemU6IDAuMjAgZmwgb3ouPC9saT4NCjxsaT5IT05FWSBEVVNUOiBLaXNzYWJsZSBib2R5IHBvd2RlciB3aXRoIGZlYXRoZXIgdGlja2xlciBmb3IgYXBwbGljYXRpb24uIFNpemU6IDAuMTI1IG96LjwvbGk+DQo8bGk+MiBBUk9NQVRJQ1MvTkFUVVJBTFMgTUFTU0FHRSBPSUwgUGFja2V0czogU2l6ZTogQSByaWNoLCBlbW9sbGllbnQgZm9ybXVsYSBtYWtlcyBpdCBhIHBsZWFzdXJlIHRvIGdpdmUgb3IgcmVjZWl2ZSBhIHNlbnN1b3VzIG1hc3NhZ2UuIFNpemU6IDAuMTAgZmwgb3ouPC9saT4NCjxsaT4yIExPVkUgTElRVUlEIENsYXNzaWMgUGFja2V0czogUGVyc29uYWwsIHdhdGVyLWJhc2VkIGx1YnJpY2FudC4gU2l6ZTogMC4xMCBmbCBvei48L2xpPg0KPGxpPkVST1RJQyBQTEFZIENBUkRTOiA2IHBsYXkgY2FyZHMgdGhhdCBpbmNsdWRlIHBvc2l0aW9ucywgYWN0aW9ucyBhbmQgY29tbWFuZHMgZm9yIGVyb3RpYyBhZHZlbnR1cmVzIGFuZCBzZXh5IHBsYXkuPC9saT4NCjwvdWw+</htmlitemdescriptioninbase64format>												
				<upc>739122000079</upc>			
				<dateUpdated>12/24/2020 12:01:18 PM</dateUpdated>	
				<itemweight><![CDATA[0.26]]></itemweight>		
				<dateCreated>07/31/2019 11:00:09 AM</dateCreated>			
				<deliveryallowed><![CDATA[0]]></deliveryallowed>	

					
						<categoriesV2>

											
							<categoritem>
								
									<mastercategories><![CDATA[Bath & Body|Kit|Lubricants, Massage Oils, Gels & Creams|Romance]]></mastercategories>
								
									<subcategories><![CDATA[Bath & Shower Gels|Couples|Massage Lotions, Oils, Gels & Creams]]></subcategories>
														
							</categoritem>					
												
						</categoriesV2>
						
					<alternatetitle><![CDATA[Kama Sutra Weekender Kit - Original]]></alternatetitle>
					<height><![CDATA[1]]></height>
					<width><![CDATA[2.75]]></width>
					<length><![CDATA[3.5]]></length>
					<marketplacerestrictions><![CDATA[1]]></marketplacerestrictions>
					<discontinued>No</discontinued>
					
						<regulations />
												
													
			</item>
				
			<item>
				<title><![CDATA[Booty Sparks Lucky Clover Gem Sm]]></title>
				<releaseDate>08/16/2019</releaseDate>				
				<itemSKU>XR-AG185-SM</itemSKU>
				<itemID>59668</itemID>		
				<standardPrice>6.6800</standardPrice>		
				<mapPrice>0</mapPrice>
				<msrpPrice>13</msrpPrice>			
				<stock>Available Now</stock>
				<multiplesOF>1</multiplesOF> 
									<imageLargeFront><![CDATA[https://s3.amazonaws.com/ecn-watermarks/effex/59668_1.jpg]]></imageLargeFront>
								
									<imageLargeBack><![CDATA[https://s3.amazonaws.com/ecn-watermarks/effex/59668_2.jpg]]></imageLargeBack>
								
									<imageMediumFront><![CDATA[https://s3.amazonaws.com/ecn-watermarks/effex/59668_5.jpg]]></imageMediumFront>
								
									<imageMediumBack><![CDATA[https://s3.amazonaws.com/ecn-watermarks/effex/59668_6.jpg]]></imageMediumBack>
								
									<imageThumbnailFront><![CDATA[https://s3.amazonaws.com/ecn-watermarks/effex/59668_9.jpg]]></imageThumbnailFront>
								
									<imageThumbnailBack><![CDATA[https://s3.amazonaws.com/ecn-watermarks/effex/59668_10.jpg]]></imageThumbnailBack>
									
				<manufacturer><![CDATA[Xr Llc]]></manufacturer>
				<categories>ANAL PLAY,BUTT PLUGS NON VIBRATING,SEX TOYS FOR WOMEN,</categories>
				<itemDescription>Make that booty get lucky with this petite metal anal plug with a clover jewel design at the base! Pop this lucky charm in your pot-o-gold to appreciate the comfortable weight inside your body, thanks to the nickel-free aluminum alloy material. Great for temperature play, you can warm it or cool it in water before ion. The attractive shape of the base will surprise your partner when you bend over. Shake that shamrock! Use with any lubricant of your choosing and clean after use with mild soap or toy cleaner.

Dimensions:
Total Length: 2.6 in.
Insertable Length:  2.4 in.
Widest Diameter:  1 in.
Diameter at Stem:  .4 in.</itemDescription> <htmlitemdescriptioninbase64format>TWFrZSB0aGF0IGJvb3R5IGdldCBsdWNreSB3aXRoIHRoaXMgcGV0aXRlIG1ldGFsIGFuYWwgcGx1ZyB3aXRoIGEgY2xvdmVyIGpld2VsIGRlc2lnbiBhdCB0aGUgYmFzZSEgUG9wIHRoaXMgbHVja3kgY2hhcm0gaW4geW91ciBwb3Qtby1nb2xkIHRvIGFwcHJlY2lhdGUgdGhlIGNvbWZvcnRhYmxlIHdlaWdodCBpbnNpZGUgeW91ciBib2R5LCB0aGFua3MgdG8gdGhlIG5pY2tlbC1mcmVlIGFsdW1pbnVtIGFsbG95IG1hdGVyaWFsLiBHcmVhdCBmb3IgdGVtcGVyYXR1cmUgcGxheSwgeW91IGNhbiB3YXJtIGl0IG9yIGNvb2wgaXQgaW4gd2F0ZXIgYmVmb3JlIGluc2VydGlvbi4gVGhlIGF0dHJhY3RpdmUgc2hhcGUgb2YgdGhlIGJhc2Ugd2lsbCBzdXJwcmlzZSB5b3VyIHBhcnRuZXIgd2hlbiB5b3UgYmVuZCBvdmVyLiBTaGFrZSB0aGF0IHNoYW1yb2NrISBVc2Ugd2l0aCBhbnkgbHVicmljYW50IG9mIHlvdXIgY2hvb3NpbmcgYW5kIGNsZWFuIGFmdGVyIHVzZSB3aXRoIG1pbGQgc29hcCBvciB0b3kgY2xlYW5lci48YnI+PGJyPg0KDQpEaW1lbnNpb25zOjxicj4NClRvdGFsIExlbmd0aDogMi42IGluLjxicj4NCkluc2VydGFibGUgTGVuZ3RoOiAgMi40IGluLjxicj4NCldpZGVzdCBEaWFtZXRlcjogIDEgaW4uPGJyPg0KRGlhbWV0ZXIgYXQgU3RlbTogIC40IGluLjxicj48YnI+</htmlitemdescriptioninbase64format>												
				<upc>848518033710</upc>			
				<dateUpdated>12/24/2020 12:01:18 PM</dateUpdated>	
				<itemweight><![CDATA[0.18]]></itemweight>		
				<dateCreated>08/01/2019 3:30:05 PM</dateCreated>			
				<deliveryallowed><![CDATA[0]]></deliveryallowed>	

					
						<categoriesV2>

											
							<categoritem>
								
									<mastercategories><![CDATA[Anal]]></mastercategories>
								
									<subcategories><![CDATA[Anal Plug|Non-vibrating|Small]]></subcategories>
														
							</categoritem>					
												
						</categoriesV2>
						
					<alternatetitle><![CDATA[Booty Sparks Lucky Clover Gem Small Anal Plug - Green]]></alternatetitle>
					<height><![CDATA[5.25]]></height>
					<width><![CDATA[3.25]]></width>
					<length><![CDATA[2.25]]></length>
					<marketplacerestrictions><![CDATA[0]]></marketplacerestrictions>
					<discontinued>No</discontinued>
					
						<regulations />
												
													
			</item>
				
			<item>
				<title><![CDATA[Bootysparks Emerald Gem Plug Set]]></title>
				<releaseDate>09/19/2019</releaseDate>				
				<itemSKU>XR-AG190</itemSKU>
				<itemID>59669</itemID>		
				<standardPrice>19.9800</standardPrice>		
				<mapPrice>0</mapPrice>
				<msrpPrice>39.96</msrpPrice>			
				<stock>Available Now</stock>
				<multiplesOF>1</multiplesOF> 
									<imageLargeFront><![CDATA[https://s3.amazonaws.com/ecn-watermarks/effex/59669_1.jpg]]></imageLargeFront>
								
									<imageLargeBack><![CDATA[https://s3.amazonaws.com/ecn-watermarks/effex/59669_2.jpg]]></imageLargeBack>
								
									<imageMediumFront><![CDATA[https://s3.amazonaws.com/ecn-watermarks/effex/59669_5.jpg]]></imageMediumFront>
								
									<imageMediumBack><![CDATA[https://s3.amazonaws.com/ecn-watermarks/effex/59669_6.jpg]]></imageMediumBack>
								
									<imageThumbnailFront><![CDATA[https://s3.amazonaws.com/ecn-watermarks/effex/59669_9.jpg]]></imageThumbnailFront>
								
									<imageThumbnailBack><![CDATA[https://s3.amazonaws.com/ecn-watermarks/effex/59669_10.jpg]]></imageThumbnailBack>
									
				<manufacturer><![CDATA[Xr Llc]]></manufacturer>
				<categories>UNISEX ITEMS,ANAL PLAY,BUTT PLUGS NON VIBRATING,KIT,</categories>
				<itemDescription>Train that booty with 3 beautiful metal plugs adorned with sparkling emerald gems! Bend over and surprise your partner with a peek of green between your cheeks. Three different plug sizes allow you to take anal play at your own pace, or choose based on what you are in the mood for! Pop in each sleek plug to appreciate the comfortable weight inside your body, thanks to the nickel-free aluminum alloy material. Great for temperature play, you can warm or cool them in water before ion. The glimmering jewel at the base will draw your partner in to give you more anal attention and pleasure. Use with any lubricant of your choosing and clean after use with mild soap or toy cleaner.

Dimensions:
Small plug is 2.6 inches in total length, 2.4 inches able length, 1 inch at widest diameter, .4 inches in diameter at stem.

Medium plug is 3.2 inches in total length, 3 inches able length, 1.3 inches at widest diameter, .45 inches in diameter at stem.

Large plug is 3.8 inches in total length, 3.4 inches able length, 1.6 inches at widest diameter, .48 inches in diameter at stem. </itemDescription> <htmlitemdescriptioninbase64format>VHJhaW4gdGhhdCBib290eSB3aXRoIDMgYmVhdXRpZnVsIG1ldGFsIHBsdWdzIGFkb3JuZWQgd2l0aCBzcGFya2xpbmcgZW1lcmFsZCBnZW1zISBCZW5kIG92ZXIgYW5kIHN1cnByaXNlIHlvdXIgcGFydG5lciB3aXRoIGEgcGVlayBvZiBncmVlbiBiZXR3ZWVuIHlvdXIgY2hlZWtzLiBUaHJlZSBkaWZmZXJlbnQgcGx1ZyBzaXplcyBhbGxvdyB5b3UgdG8gdGFrZSBhbmFsIHBsYXkgYXQgeW91ciBvd24gcGFjZSwgb3IgY2hvb3NlIGJhc2VkIG9uIHdoYXQgeW91IGFyZSBpbiB0aGUgbW9vZCBmb3IhIFBvcCBpbiBlYWNoIHNsZWVrIHBsdWcgdG8gYXBwcmVjaWF0ZSB0aGUgY29tZm9ydGFibGUgd2VpZ2h0IGluc2lkZSB5b3VyIGJvZHksIHRoYW5rcyB0byB0aGUgbmlja2VsLWZyZWUgYWx1bWludW0gYWxsb3kgbWF0ZXJpYWwuIEdyZWF0IGZvciB0ZW1wZXJhdHVyZSBwbGF5LCB5b3UgY2FuIHdhcm0gb3IgY29vbCB0aGVtIGluIHdhdGVyIGJlZm9yZSBpbnNlcnRpb24uIFRoZSBnbGltbWVyaW5nIGpld2VsIGF0IHRoZSBiYXNlIHdpbGwgZHJhdyB5b3VyIHBhcnRuZXIgaW4gdG8gZ2l2ZSB5b3UgbW9yZSBhbmFsIGF0dGVudGlvbiBhbmQgcGxlYXN1cmUuIFVzZSB3aXRoIGFueSBsdWJyaWNhbnQgb2YgeW91ciBjaG9vc2luZyBhbmQgY2xlYW4gYWZ0ZXIgdXNlIHdpdGggbWlsZCBzb2FwIG9yIHRveSBjbGVhbmVyLjxicj48YnI+DQoNCkRpbWVuc2lvbnM6PGJyPg0KU21hbGwgcGx1ZyBpcyAyLjYgaW5jaGVzIGluIHRvdGFsIGxlbmd0aCwgMi40IGluY2hlcyBpbnNlcnRhYmxlIGxlbmd0aCwgMSBpbmNoIGF0IHdpZGVzdCBkaWFtZXRlciwgLjQgaW5jaGVzIGluIGRpYW1ldGVyIGF0IHN0ZW0uPGJyPjxicj4NCg0KTWVkaXVtIHBsdWcgaXMgMy4yIGluY2hlcyBpbiB0b3RhbCBsZW5ndGgsIDMgaW5jaGVzIGluc2VydGFibGUgbGVuZ3RoLCAxLjMgaW5jaGVzIGF0IHdpZGVzdCBkaWFtZXRlciwgLjQ1IGluY2hlcyBpbiBkaWFtZXRlciBhdCBzdGVtLjxicj48YnI+DQoNCkxhcmdlIHBsdWcgaXMgMy44IGluY2hlcyBpbiB0b3RhbCBsZW5ndGgsIDMuNCBpbmNoZXMgaW5zZXJ0YWJsZSBsZW5ndGgsIDEuNiBpbmNoZXMgYXQgd2lkZXN0IGRpYW1ldGVyLCAuNDggaW5jaGVzIGluIGRpYW1ldGVyIGF0IHN0ZW0uIDxicj48YnI+</htmlitemdescriptioninbase64format>												
				<upc>848518033789</upc>			
				<dateUpdated>12/24/2020 12:01:18 PM</dateUpdated>	
				<itemweight><![CDATA[0.82]]></itemweight>		
				<dateCreated>08/01/2019 4:00:05 PM</dateCreated>			
				<deliveryallowed><![CDATA[0]]></deliveryallowed>	

					
						<categoriesV2>

											
							<categoritem>
								
									<mastercategories><![CDATA[Anal|Kit]]></mastercategories>
								
									<subcategories><![CDATA[Anal Plug|Green|Non-vibrating]]></subcategories>
														
							</categoritem>					
												
						</categoriesV2>
						
					<alternatetitle><![CDATA[Booty Sparks Emerald Gem Anal Plug Set - Green]]></alternatetitle>
					<height><![CDATA[2.5]]></height>
					<width><![CDATA[5.5]]></width>
					<length><![CDATA[5.75]]></length>
					<marketplacerestrictions><![CDATA[0]]></marketplacerestrictions>
					<discontinued>No</discontinued>
					
						<regulations />
												
													
			</item>
				
			<item>
				<title><![CDATA[Bootysparks Pink Heart Gem Plug Set]]></title>
				<releaseDate>09/19/2019</releaseDate>				
				<itemSKU>XR-AG191</itemSKU>
				<itemID>59670</itemID>		
				<standardPrice>21.6700</standardPrice>		
				<mapPrice>0</mapPrice>
				<msrpPrice>43.34</msrpPrice>			
				<stock>Available Now</stock>
				<multiplesOF>1</multiplesOF> 
									<imageLargeFront><![CDATA[https://s3.amazonaws.com/ecn-watermarks/effex/59670_1.jpg]]></imageLargeFront>
								
									<imageLargeBack><![CDATA[https://s3.amazonaws.com/ecn-watermarks/effex/59670_2.jpg]]></imageLargeBack>
								
									<imageMediumFront><![CDATA[https://s3.amazonaws.com/ecn-watermarks/effex/59670_5.jpg]]></imageMediumFront>
								
									<imageMediumBack><![CDATA[https://s3.amazonaws.com/ecn-watermarks/effex/59670_6.jpg]]></imageMediumBack>
								
									<imageThumbnailFront><![CDATA[https://s3.amazonaws.com/ecn-watermarks/effex/59670_9.jpg]]></imageThumbnailFront>
								
									<imageThumbnailBack><![CDATA[https://s3.amazonaws.com/ecn-watermarks/effex/59670_10.jpg]]></imageThumbnailBack>
									
				<manufacturer><![CDATA[Xr Llc]]></manufacturer>
				<categories>UNISEX ITEMS,ANAL PLAY,BUTT PLUGS NON VIBRATING,KIT,</categories>
				<itemDescription>When love is in the air, adorn your derriere! These heart-shaped plugs are simultaneously sweet and sexy. Three different plug sizes allow you to take anal play at your own pace, or choose based on what you are in the mood for! Pop in each sleek plug to appreciate the comfortable weight inside your body, thanks to the nickel-free aluminum alloy material. Great for temperature play, you can warm or cool them in water before ion. The sparkling charm at the base will be a romantic and exciting surprise for your partner when you bend over. Use with any lubricant of your choosing and clean after use with mild soap or toy cleaner.

Dimensions:
Small plug is 2.6 inches in total length, 2.4 inches able length, 1 inch at widest diameter, .4 inches in diameter at stem. 

Medium plug is 3.2 inches in total length, 3 inches able length, 1.3 inches at widest diameter, .45 inches in diameter at stem.

Large plug is 3.8 inches in total length, 3.4 inches able length, 1.6 inches at widest diameter, .48 inches in diameter at stem.</itemDescription> <htmlitemdescriptioninbase64format>V2hlbiBsb3ZlIGlzIGluIHRoZSBhaXIsIGFkb3JuIHlvdXIgZGVycmllcmUhIFRoZXNlIGhlYXJ0LXNoYXBlZCBwbHVncyBhcmUgc2ltdWx0YW5lb3VzbHkgc3dlZXQgYW5kIHNleHkuIFRocmVlIGRpZmZlcmVudCBwbHVnIHNpemVzIGFsbG93IHlvdSB0byB0YWtlIGFuYWwgcGxheSBhdCB5b3VyIG93biBwYWNlLCBvciBjaG9vc2UgYmFzZWQgb24gd2hhdCB5b3UgYXJlIGluIHRoZSBtb29kIGZvciEgUG9wIGluIGVhY2ggc2xlZWsgcGx1ZyB0byBhcHByZWNpYXRlIHRoZSBjb21mb3J0YWJsZSB3ZWlnaHQgaW5zaWRlIHlvdXIgYm9keSwgdGhhbmtzIHRvIHRoZSBuaWNrZWwtZnJlZSBhbHVtaW51bSBhbGxveSBtYXRlcmlhbC4gR3JlYXQgZm9yIHRlbXBlcmF0dXJlIHBsYXksIHlvdSBjYW4gd2FybSBvciBjb29sIHRoZW0gaW4gd2F0ZXIgYmVmb3JlIGluc2VydGlvbi4gVGhlIHNwYXJrbGluZyBjaGFybSBhdCB0aGUgYmFzZSB3aWxsIGJlIGEgcm9tYW50aWMgYW5kIGV4Y2l0aW5nIHN1cnByaXNlIGZvciB5b3VyIHBhcnRuZXIgd2hlbiB5b3UgYmVuZCBvdmVyLiBVc2Ugd2l0aCBhbnkgbHVicmljYW50IG9mIHlvdXIgY2hvb3NpbmcgYW5kIGNsZWFuIGFmdGVyIHVzZSB3aXRoIG1pbGQgc29hcCBvciB0b3kgY2xlYW5lci48YnI+PGJyPg0KDQpEaW1lbnNpb25zOjxicj4NClNtYWxsIHBsdWcgaXMgMi42IGluY2hlcyBpbiB0b3RhbCBsZW5ndGgsIDIuNCBpbmNoZXMgaW5zZXJ0YWJsZSBsZW5ndGgsIDEgaW5jaCBhdCB3aWRlc3QgZGlhbWV0ZXIsIC40IGluY2hlcyBpbiBkaWFtZXRlciBhdCBzdGVtLiA8YnI+PGJyPg0KDQpNZWRpdW0gcGx1ZyBpcyAzLjIgaW5jaGVzIGluIHRvdGFsIGxlbmd0aCwgMyBpbmNoZXMgaW5zZXJ0YWJsZSBsZW5ndGgsIDEuMyBpbmNoZXMgYXQgd2lkZXN0IGRpYW1ldGVyLCAuNDUgaW5jaGVzIGluIGRpYW1ldGVyIGF0IHN0ZW0uPGJyPjxicj4NCg0KTGFyZ2UgcGx1ZyBpcyAzLjggaW5jaGVzIGluIHRvdGFsIGxlbmd0aCwgMy40IGluY2hlcyBpbnNlcnRhYmxlIGxlbmd0aCwgMS42IGluY2hlcyBhdCB3aWRlc3QgZGlhbWV0ZXIsIC40OCBpbmNoZXMgaW4gZGlhbWV0ZXIgYXQgc3RlbS48YnI+PGJyPg==</htmlitemdescriptioninbase64format>												
				<upc>848518033796</upc>			
				<dateUpdated>12/24/2020 12:01:18 PM</dateUpdated>	
				<itemweight><![CDATA[0.82]]></itemweight>		
				<dateCreated>08/01/2019 4:00:05 PM</dateCreated>			
				<deliveryallowed><![CDATA[0]]></deliveryallowed>	

					
						<categoriesV2>

											
							<categoritem>
								
									<mastercategories><![CDATA[Anal|Kit]]></mastercategories>
								
									<subcategories><![CDATA[Anal Plug|Non-vibrating|Pink]]></subcategories>
														
							</categoritem>					
												
						</categoriesV2>
						
					<alternatetitle><![CDATA[Booty Sparks Heart Gem Anal Plug Set - Pink]]></alternatetitle>
					<height><![CDATA[2.5]]></height>
					<width><![CDATA[5.5]]></width>
					<length><![CDATA[5.75]]></length>
					<marketplacerestrictions><![CDATA[0]]></marketplacerestrictions>
					<discontinued>No</discontinued>
					
						<regulations />
												
													
			</item>
				
			<item>
				<title><![CDATA[Bootyspark Violet Flower Gem Plug Set]]></title>
				<releaseDate>09/19/2019</releaseDate>				
				<itemSKU>XR-AG205</itemSKU>
				<itemID>59671</itemID>		
				<standardPrice>22.4800</standardPrice>		
				<mapPrice>0</mapPrice>
				<msrpPrice>44.96</msrpPrice>			
				<stock>Available Now</stock>
				<multiplesOF>1</multiplesOF> 
									<imageLargeFront><![CDATA[https://s3.amazonaws.com/ecn-watermarks/effex/59671_1.jpg]]></imageLargeFront>
								
									<imageLargeBack><![CDATA[https://s3.amazonaws.com/ecn-watermarks/effex/59671_2.jpg]]></imageLargeBack>
								
									<imageMediumFront><![CDATA[https://s3.amazonaws.com/ecn-watermarks/effex/59671_5.jpg]]></imageMediumFront>
								
									<imageMediumBack><![CDATA[https://s3.amazonaws.com/ecn-watermarks/effex/59671_6.jpg]]></imageMediumBack>
								
									<imageThumbnailFront><![CDATA[https://s3.amazonaws.com/ecn-watermarks/effex/59671_9.jpg]]></imageThumbnailFront>
								
									<imageThumbnailBack><![CDATA[https://s3.amazonaws.com/ecn-watermarks/effex/59671_10.jpg]]></imageThumbnailBack>
									
				<manufacturer><![CDATA[Xr Llc]]></manufacturer>
				<categories>UNISEX ITEMS,ANAL PLAY,BUTT PLUGS NON VIBRATING,KIT,</categories>
				<itemDescription>Who doesn`t love flowers for a special occasion? The difference with this bouquet is that these violets will never wilt! Three different plug sizes allow you to take anal play at your own pace, or choose based on what you are in the mood for! Pop in each sleek plug to appreciate the comfortable weight inside your body, thanks to the nickel-free aluminum alloy material. Great for temperature play, you can warm or cool them in water before ion. The attractive charm at the base will be a surprise for your partner when you bend over. Use with any lubricant of your choosing and clean after use with mild soap or toy cleaner.

Measurements:
Small plug is 2.6 inches in total length, 2.4 inches able length, 1 inch at widest diameter, .4 inches in diameter at stem.

Medium plug is 3.2 inches in total length, 3 inches able length, 1.3 inches at widest diameter, .45 inches in diameter at stem.

Large plug is 3.8 inches in total length, 3.4 inches able length, 1.6 inches at widest diameter, .48 inches in diameter at stem. </itemDescription> <htmlitemdescriptioninbase64format>V2hvIGRvZXNuJ3QgbG92ZSBmbG93ZXJzIGZvciBhIHNwZWNpYWwgb2NjYXNpb24/IFRoZSBkaWZmZXJlbmNlIHdpdGggdGhpcyBib3VxdWV0IGlzIHRoYXQgdGhlc2UgdmlvbGV0cyB3aWxsIG5ldmVyIHdpbHQhIFRocmVlIGRpZmZlcmVudCBwbHVnIHNpemVzIGFsbG93IHlvdSB0byB0YWtlIGFuYWwgcGxheSBhdCB5b3VyIG93biBwYWNlLCBvciBjaG9vc2UgYmFzZWQgb24gd2hhdCB5b3UgYXJlIGluIHRoZSBtb29kIGZvciEgUG9wIGluIGVhY2ggc2xlZWsgcGx1ZyB0byBhcHByZWNpYXRlIHRoZSBjb21mb3J0YWJsZSB3ZWlnaHQgaW5zaWRlIHlvdXIgYm9keSwgdGhhbmtzIHRvIHRoZSBuaWNrZWwtZnJlZSBhbHVtaW51bSBhbGxveSBtYXRlcmlhbC4gR3JlYXQgZm9yIHRlbXBlcmF0dXJlIHBsYXksIHlvdSBjYW4gd2FybSBvciBjb29sIHRoZW0gaW4gd2F0ZXIgYmVmb3JlIGluc2VydGlvbi4gVGhlIGF0dHJhY3RpdmUgY2hhcm0gYXQgdGhlIGJhc2Ugd2lsbCBiZSBhIHN1cnByaXNlIGZvciB5b3VyIHBhcnRuZXIgd2hlbiB5b3UgYmVuZCBvdmVyLiBVc2Ugd2l0aCBhbnkgbHVicmljYW50IG9mIHlvdXIgY2hvb3NpbmcgYW5kIGNsZWFuIGFmdGVyIHVzZSB3aXRoIG1pbGQgc29hcCBvciB0b3kgY2xlYW5lci48YnI+PGJyPg0KDQpNZWFzdXJlbWVudHM6PGJyPg0KU21hbGwgcGx1ZyBpcyAyLjYgaW5jaGVzIGluIHRvdGFsIGxlbmd0aCwgMi40IGluY2hlcyBpbnNlcnRhYmxlIGxlbmd0aCwgMSBpbmNoIGF0IHdpZGVzdCBkaWFtZXRlciwgLjQgaW5jaGVzIGluIGRpYW1ldGVyIGF0IHN0ZW0uPGJyPjxicj4NCg0KTWVkaXVtIHBsdWcgaXMgMy4yIGluY2hlcyBpbiB0b3RhbCBsZW5ndGgsIDMgaW5jaGVzIGluc2VydGFibGUgbGVuZ3RoLCAxLjMgaW5jaGVzIGF0IHdpZGVzdCBkaWFtZXRlciwgLjQ1IGluY2hlcyBpbiBkaWFtZXRlciBhdCBzdGVtLjxicj48YnI+DQoNCkxhcmdlIHBsdWcgaXMgMy44IGluY2hlcyBpbiB0b3RhbCBsZW5ndGgsIDMuNCBpbmNoZXMgaW5zZXJ0YWJsZSBsZW5ndGgsIDEuNiBpbmNoZXMgYXQgd2lkZXN0IGRpYW1ldGVyLCAuNDggaW5jaGVzIGluIGRpYW1ldGVyIGF0IHN0ZW0uIDxicj48YnI+</htmlitemdescriptioninbase64format>												
				<upc>848518033932</upc>			
				<dateUpdated>12/24/2020 12:01:18 PM</dateUpdated>	
				<itemweight><![CDATA[0.82]]></itemweight>		
				<dateCreated>08/01/2019 4:00:05 PM</dateCreated>			
				<deliveryallowed><![CDATA[0]]></deliveryallowed>	

					
						<categoriesV2>

											
							<categoritem>
								
									<mastercategories><![CDATA[Anal|Kit]]></mastercategories>
								
									<subcategories><![CDATA[Anal Plug|Non-vibrating|Purple]]></subcategories>
														
							</categoritem>					
												
						</categoriesV2>
						
					<alternatetitle><![CDATA[Booty Sparks Violet Flower Gem Anal Plug Set - Silver]]></alternatetitle>
					<height><![CDATA[2.5]]></height>
					<width><![CDATA[5.5]]></width>
					<length><![CDATA[5.75]]></length>
					<marketplacerestrictions><![CDATA[0]]></marketplacerestrictions>
					<discontinued>No</discontinued>
					
						<regulations />
												
													
			</item>
				
			<item>
				<title><![CDATA[Satisfyer Rings 2]]></title>
				<releaseDate>11/14/2019</releaseDate>				
				<itemSKU>EIS051</itemSKU>
				<itemID>60972</itemID>		
				<standardPrice>14.9500</standardPrice>		
				<mapPrice>24.95</mapPrice>
				<msrpPrice>29.95</msrpPrice>			
				<stock>Available Now</stock>
				<multiplesOF>1</multiplesOF> 
									<imageLargeFront><![CDATA[https://s3.amazonaws.com/ecn-watermarks/effex/60972_1.jpg]]></imageLargeFront>
								
								<imageLargeBack></imageLargeBack>
							
									<imageMediumFront><![CDATA[https://s3.amazonaws.com/ecn-watermarks/effex/60972_5.jpg]]></imageMediumFront>
								
								<imageMediumBack></imageMediumBack>
							
									<imageThumbnailFront><![CDATA[https://s3.amazonaws.com/ecn-watermarks/effex/60972_9.jpg]]></imageThumbnailFront>
								
								<imageThumbnailBack></imageThumbnailBack>
								
				<manufacturer><![CDATA[Satisfyer]]></manufacturer>
				<categories>SEX TOYS FOR COUPLES,COCKRINGS,WATERPROOF MUTI FUNCTION,RECHARGABLE,</categories>
				<itemDescription>This halo lovingly caresses your manhood, but what you do with it is anything but innocent! The Satisfyer Ring gives your manhood a sensual upgrade, ensuring you and your partner enjoy a lasting, tingling pleasurable sensation. This little joy bringer is great for using together and will add many a joyful experience to your love life! At the same time, the clitoral stimulator offers 10 intense vibration settings to stimulate your lady`s love bead at the touch of a button. But even during steamy solo sessions, it will seduce you with its deep vibes and catapult you unerringly to climax.</itemDescription> <htmlitemdescriptioninbase64format>VGhpcyBoYWxvIGxvdmluZ2x5IGNhcmVzc2VzIHlvdXIgbWFuaG9vZCwgYnV0IHdoYXQgeW91IGRvIHdpdGggaXQgaXMgYW55dGhpbmcgYnV0IGlubm9jZW50ISBUaGUgU2F0aXNmeWVyIFJpbmcgZ2l2ZXMgeW91ciBtYW5ob29kIGEgc2Vuc3VhbCB1cGdyYWRlLCBlbnN1cmluZyB5b3UgYW5kIHlvdXIgcGFydG5lciBlbmpveSBhIGxhc3RpbmcsIHRpbmdsaW5nIHBsZWFzdXJhYmxlIHNlbnNhdGlvbi4gVGhpcyBsaXR0bGUgam95IGJyaW5nZXIgaXMgZ3JlYXQgZm9yIHVzaW5nIHRvZ2V0aGVyIGFuZCB3aWxsIGFkZCBtYW55IGEgam95ZnVsIGV4cGVyaWVuY2UgdG8geW91ciBsb3ZlIGxpZmUhIEF0IHRoZSBzYW1lIHRpbWUsIHRoZSBjbGl0b3JhbCBzdGltdWxhdG9yIG9mZmVycyAxMCBpbnRlbnNlIHZpYnJhdGlvbiBzZXR0aW5ncyB0byBzdGltdWxhdGUgeW91ciBsYWR5P3MgbG92ZSBiZWFkIGF0IHRoZSB0b3VjaCBvZiBhIGJ1dHRvbi4gQnV0IGV2ZW4gZHVyaW5nIHN0ZWFteSBzb2xvIHNlc3Npb25zLCBpdCB3aWxsIHNlZHVjZSB5b3Ugd2l0aCBpdHMgZGVlcCB2aWJlcyBhbmQgY2F0YXB1bHQgeW91IHVuZXJyaW5nbHkgdG8gY2xpbWF4Ljxicj48YnI+</htmlitemdescriptioninbase64format>												
				<upc>4061504000886</upc>			
				<dateUpdated>12/24/2020 12:01:18 PM</dateUpdated>	
				<itemweight><![CDATA[0.18]]></itemweight>		
				<dateCreated>10/28/2019 4:00:15 PM</dateCreated>			
				<deliveryallowed><![CDATA[0]]></deliveryallowed>	

					
						<categoriesV2>

											
							<categoritem>
								
									<mastercategories><![CDATA[Cockrings]]></mastercategories>
								
									<subcategories><![CDATA[Blue|Clit Stimulating Cock Rings|Multifunction|Silicone|Vibrating|Waterproof|Usb Rechargeable]]></subcategories>
														
							</categoritem>					
												
						</categoriesV2>
						
					<alternatetitle><![CDATA[Satisryer Rings 2 Silicone Magnetic Recharge USB Couples Cockring Waterproof Blue]]></alternatetitle>
					<height><![CDATA[1.5]]></height>
					<width><![CDATA[3.75]]></width>
					<length><![CDATA[4]]></length>
					<marketplacerestrictions><![CDATA[0]]></marketplacerestrictions>
					<discontinued>No</discontinued>
					
						<regulations />
												
													
			</item>
				
			<item>
				<title><![CDATA[Anal Adv Platinum Wave Plug Black]]></title>
				<releaseDate>01/14/2020</releaseDate>				
				<itemSKU>BL-10495</itemSKU>
				<itemID>61360</itemID>		
				<standardPrice>7.9000</standardPrice>		
				<mapPrice>0</mapPrice>
				<msrpPrice>17.38</msrpPrice>			
				<stock>Available Now</stock>
				<multiplesOF>1</multiplesOF> 
									<imageLargeFront><![CDATA[https://s3.amazonaws.com/ecn-watermarks/effex/61360_1.jpg]]></imageLargeFront>
								
									<imageLargeBack><![CDATA[https://s3.amazonaws.com/ecn-watermarks/effex/61360_2.jpg]]></imageLargeBack>
								
									<imageMediumFront><![CDATA[https://s3.amazonaws.com/ecn-watermarks/effex/61360_5.jpg]]></imageMediumFront>
								
									<imageMediumBack><![CDATA[https://s3.amazonaws.com/ecn-watermarks/effex/61360_6.jpg]]></imageMediumBack>
								
									<imageThumbnailFront><![CDATA[https://s3.amazonaws.com/ecn-watermarks/effex/61360_9.jpg]]></imageThumbnailFront>
								
									<imageThumbnailBack><![CDATA[https://s3.amazonaws.com/ecn-watermarks/effex/61360_10.jpg]]></imageThumbnailBack>
									
				<manufacturer><![CDATA[Blush Novelties]]></manufacturer>
				<categories>SILICONE,UNISEX ITEMS,ANAL PLAY,NON VIBRATING,</categories>
				<itemDescription>For anyone looking to explore new anal sensations alone or with a partner! Anal Adventures Platinum provides anatomically targeted options, all made of 100% satin smooth, platinum cured silicone. Wave Plug`s small tip is easy to , while the body will gently stretch your opening. The anchor base is designed to rest comfortably between your cheeks!

Dimensions:
Length:  4.5 in.
Insertable:  4 in.
Width:  1.3 in.</itemDescription> <htmlitemdescriptioninbase64format>Rm9yIGFueW9uZSBsb29raW5nIHRvIGV4cGxvcmUgbmV3IGFuYWwgc2Vuc2F0aW9ucyBhbG9uZSBvciB3aXRoIGEgcGFydG5lciEgQW5hbCBBZHZlbnR1cmVzIFBsYXRpbnVtIHByb3ZpZGVzIGFuYXRvbWljYWxseSB0YXJnZXRlZCBvcHRpb25zLCBhbGwgbWFkZSBvZiAxMDAlIHNhdGluIHNtb290aCwgcGxhdGludW0gY3VyZWQgc2lsaWNvbmUuIFdhdmUgUGx1ZydzIHNtYWxsIHRpcCBpcyBlYXN5IHRvIGluc2VydCwgd2hpbGUgdGhlIGJvZHkgd2lsbCBnZW50bHkgc3RyZXRjaCB5b3VyIG9wZW5pbmcuIFRoZSBhbmNob3IgYmFzZSBpcyBkZXNpZ25lZCB0byByZXN0IGNvbWZvcnRhYmx5IGJldHdlZW4geW91ciBjaGVla3MhPGJyPjxicj4NCg0KRGltZW5zaW9uczo8YnI+DQpMZW5ndGg6ICA0LjUgaW4uPGJyPg0KSW5zZXJ0YWJsZTogIDQgaW4uPGJyPg0KV2lkdGg6ICAxLjMgaW4uPGJyPjxicj4=</htmlitemdescriptioninbase64format>												
				<upc>819835025986</upc>			
				<dateUpdated>12/24/2020 12:01:18 PM</dateUpdated>	
				<itemweight><![CDATA[0.16]]></itemweight>		
				<dateCreated>12/23/2019 9:30:13 AM</dateCreated>			
				<deliveryallowed><![CDATA[0]]></deliveryallowed>	

					
						<categoriesV2>

											
							<categoritem>
								
									<mastercategories><![CDATA[Anal]]></mastercategories>
								
									<subcategories><![CDATA[Anal Plug|Black|Non-vibrating|Silicone|Textured]]></subcategories>
														
							</categoritem>					
												
						</categoriesV2>
						
					<alternatetitle><![CDATA[Anal Adventures Platinum Wave Silicone Butt Plug - Black]]></alternatetitle>
					<height><![CDATA[1.25]]></height>
					<width><![CDATA[3]]></width>
					<length><![CDATA[5.25]]></length>
					<marketplacerestrictions><![CDATA[0]]></marketplacerestrictions>
					<discontinued>No</discontinued>
					
						<regulations />
												
													
			</item>
				
			<item>
				<title><![CDATA[Anal Adv Platinum Small Anal Beads Black]]></title>
				<releaseDate>01/14/2020</releaseDate>				
				<itemSKU>BL-10695</itemSKU>
				<itemID>61361</itemID>		
				<standardPrice>7.9000</standardPrice>		
				<mapPrice>0</mapPrice>
				<msrpPrice>17.38</msrpPrice>			
				<stock>Available Now</stock>
				<multiplesOF>1</multiplesOF> 
									<imageLargeFront><![CDATA[https://s3.amazonaws.com/ecn-watermarks/effex/61361_1.jpg]]></imageLargeFront>
								
									<imageLargeBack><![CDATA[https://s3.amazonaws.com/ecn-watermarks/effex/61361_2.jpg]]></imageLargeBack>
								
									<imageMediumFront><![CDATA[https://s3.amazonaws.com/ecn-watermarks/effex/61361_5.jpg]]></imageMediumFront>
								
									<imageMediumBack><![CDATA[https://s3.amazonaws.com/ecn-watermarks/effex/61361_6.jpg]]></imageMediumBack>
								
									<imageThumbnailFront><![CDATA[https://s3.amazonaws.com/ecn-watermarks/effex/61361_9.jpg]]></imageThumbnailFront>
								
									<imageThumbnailBack><![CDATA[https://s3.amazonaws.com/ecn-watermarks/effex/61361_10.jpg]]></imageThumbnailBack>
									
				<manufacturer><![CDATA[Blush Novelties]]></manufacturer>
				<categories>SILICONE,UNISEX ITEMS,ANAL PLAY,ANAL BEADS,</categories>
				<itemDescription>For anyone looking to explore new anal sensations alone or with a partner! Anal Adventures Platinum provides anatomically targeted options, all made of 100% satin smooth, platinum cured silicone. The Small Anal Beads` three beads will curve with your body, while the anchor base rests comfortably between your cheeks.</itemDescription> <htmlitemdescriptioninbase64format>Rm9yIGFueW9uZSBsb29raW5nIHRvIGV4cGxvcmUgbmV3IGFuYWwgc2Vuc2F0aW9ucyBhbG9uZSBvciB3aXRoIGEgcGFydG5lciEgQW5hbCBBZHZlbnR1cmVzIFBsYXRpbnVtIHByb3ZpZGVzIGFuYXRvbWljYWxseSB0YXJnZXRlZCBvcHRpb25zLCBhbGwgbWFkZSBvZiAxMDAlIHNhdGluIHNtb290aCwgcGxhdGludW0gY3VyZWQgc2lsaWNvbmUuIFRoZSBTbWFsbCBBbmFsIEJlYWRzJyB0aHJlZSBiZWFkcyB3aWxsIGN1cnZlIHdpdGggeW91ciBib2R5LCB3aGlsZSB0aGUgYW5jaG9yIGJhc2UgcmVzdHMgY29tZm9ydGFibHkgYmV0d2VlbiB5b3VyIGNoZWVrcy4=</htmlitemdescriptioninbase64format>												
				<upc>819835025993</upc>			
				<dateUpdated>12/24/2020 12:01:18 PM</dateUpdated>	
				<itemweight><![CDATA[0.16]]></itemweight>		
				<dateCreated>12/23/2019 10:00:16 AM</dateCreated>			
				<deliveryallowed><![CDATA[0]]></deliveryallowed>	

					
						<categoriesV2>

											
							<categoritem>
								
									<mastercategories><![CDATA[Anal]]></mastercategories>
								
									<subcategories><![CDATA[Anal Beads|Black|Non-vibrating|Silicone|Small]]></subcategories>
														
							</categoritem>					
												
						</categoriesV2>
						
					<alternatetitle><![CDATA[Anal Adventures Platinum Silicone Anal Beads - Black]]></alternatetitle>
					<height><![CDATA[1.25]]></height>
					<width><![CDATA[3]]></width>
					<length><![CDATA[5.25]]></length>
					<marketplacerestrictions><![CDATA[0]]></marketplacerestrictions>
					<discontinued>No</discontinued>
					
						<regulations />
												
													
			</item>
				
			<item>
				<title><![CDATA[Stay Hard Triple Stretch 3pk Crings]]></title>
				<releaseDate>03/09/2020</releaseDate>				
				<itemSKU>BL-00369</itemSKU>
				<itemID>61667</itemID>		
				<standardPrice>3.4500</standardPrice>		
				<mapPrice>0</mapPrice>
				<msrpPrice>7.59</msrpPrice>			
				<stock>Available Now</stock>
				<multiplesOF>1</multiplesOF> 
									<imageLargeFront><![CDATA[https://s3.amazonaws.com/ecn-watermarks/effex/61667_1.jpg]]></imageLargeFront>
								
									<imageLargeBack><![CDATA[https://s3.amazonaws.com/ecn-watermarks/effex/61667_2.jpg]]></imageLargeBack>
								
									<imageMediumFront><![CDATA[https://s3.amazonaws.com/ecn-watermarks/effex/61667_5.jpg]]></imageMediumFront>
								
									<imageMediumBack><![CDATA[https://s3.amazonaws.com/ecn-watermarks/effex/61667_6.jpg]]></imageMediumBack>
								
									<imageThumbnailFront><![CDATA[https://s3.amazonaws.com/ecn-watermarks/effex/61667_9.jpg]]></imageThumbnailFront>
								
									<imageThumbnailBack><![CDATA[https://s3.amazonaws.com/ecn-watermarks/effex/61667_10.jpg]]></imageThumbnailBack>
									
				<manufacturer><![CDATA[Blush Novelties]]></manufacturer>
				<categories>SEX TOYS FOR MEN,COCKRINGS,NON VIBRATING,</categories>
				<itemDescription>Play hard, play comfortable! The Stay Hard Triple Stretch 3 Pack Cock Rings gives you three rings that all feel good, look sexy, build pressure, and expand your orgasmic possibilities. They are also stretchy, easy to put on, super comfortable, and reusable. Made of premium TPE, they`re phthalate-free and simple to clean.</itemDescription> <htmlitemdescriptioninbase64format>UGxheSBoYXJkLCBwbGF5IGNvbWZvcnRhYmxlISBUaGUgU3RheSBIYXJkIFRyaXBsZSBTdHJldGNoIDMgUGFjayBDb2NrIFJpbmdzIGdpdmVzIHlvdSB0aHJlZSByaW5ncyB0aGF0IGFsbCBmZWVsIGdvb2QsIGxvb2sgc2V4eSwgYnVpbGQgcHJlc3N1cmUsIGFuZCBleHBhbmQgeW91ciBvcmdhc21pYyBwb3NzaWJpbGl0aWVzLiBUaGV5IGFyZSBhbHNvIHN0cmV0Y2h5LCBlYXN5IHRvIHB1dCBvbiwgc3VwZXIgY29tZm9ydGFibGUsIGFuZCByZXVzYWJsZS4gTWFkZSBvZiBwcmVtaXVtIFRQRSwgdGhleSdyZSBwaHRoYWxhdGUtZnJlZSBhbmQgc2ltcGxlIHRvIGNsZWFuLg==</htmlitemdescriptioninbase64format>												
				<upc>850002870374</upc>			
				<dateUpdated>12/24/2020 12:01:18 PM</dateUpdated>	
				<itemweight><![CDATA[0.10]]></itemweight>		
				<dateCreated>01/23/2020 3:30:05 PM</dateCreated>			
				<deliveryallowed><![CDATA[0]]></deliveryallowed>	

					
						<categoriesV2>

											
							<categoritem>
								
									<mastercategories><![CDATA[Cockrings]]></mastercategories>
								
									<subcategories><![CDATA[Assorted Colors|Non Latex]]></subcategories>
														
							</categoritem>					
												
						</categoriesV2>
						
					<alternatetitle><![CDATA[Stay Hard Triple Stretch Cock Rings (3 Pack) - Multiple Colors]]></alternatetitle>
					<height><![CDATA[1]]></height>
					<width><![CDATA[4.205]]></width>
					<length><![CDATA[5.5]]></length>
					<marketplacerestrictions><![CDATA[0]]></marketplacerestrictions>
					<discontinued>No</discontinued>
					
						<regulations />
												
													
			</item>
				
			<item>
				<title><![CDATA[Steel Beaded Silicone Ring X-lg]]></title>
				<releaseDate>02/21/2020</releaseDate>				
				<itemSKU>SE-1437-20-2</itemSKU>
				<itemID>61909</itemID>		
				<standardPrice>4.3500</standardPrice>		
				<mapPrice>0</mapPrice>
				<msrpPrice>8.99</msrpPrice>			
				<stock>Available Now</stock>
				<multiplesOF>1</multiplesOF> 
									<imageLargeFront><![CDATA[https://s3.amazonaws.com/ecn-watermarks/effex/61909_1.jpg]]></imageLargeFront>
								
									<imageLargeBack><![CDATA[https://s3.amazonaws.com/ecn-watermarks/effex/61909_2.jpg]]></imageLargeBack>
								
									<imageMediumFront><![CDATA[https://s3.amazonaws.com/ecn-watermarks/effex/61909_5.jpg]]></imageMediumFront>
								
									<imageMediumBack><![CDATA[https://s3.amazonaws.com/ecn-watermarks/effex/61909_6.jpg]]></imageMediumBack>
								
									<imageThumbnailFront><![CDATA[https://s3.amazonaws.com/ecn-watermarks/effex/61909_9.jpg]]></imageThumbnailFront>
								
									<imageThumbnailBack><![CDATA[https://s3.amazonaws.com/ecn-watermarks/effex/61909_10.jpg]]></imageThumbnailBack>
									
				<manufacturer><![CDATA[California Exotic Novelties, Llc]]></manufacturer>
				<categories>SILICONE,ACCESSORIES,SEX TOYS FOR MEN,COCKRINGS,</categories>
				<itemDescription>FEATURES:

Stretchy Silicone enhancer ring with steel stimulation beads
Provides strong and sturdy support
Thick and durable
Beaded for intense pleasure


Dimensions:
Extra Large Ring Diameter:  2 in.
Package:  0.75 x 3.5 x 5.25 in.</itemDescription> <htmlitemdescriptioninbase64format>RkVBVFVSRVM6DQo8dWw+DQo8bGk+U3RyZXRjaHkgU2lsaWNvbmUgZW5oYW5jZXIgcmluZyB3aXRoIHN0ZWVsIHN0aW11bGF0aW9uIGJlYWRzPC9saT4NCjxsaT5Qcm92aWRlcyBzdHJvbmcgYW5kIHN0dXJkeSBzdXBwb3J0PC9saT4NCjxsaT5UaGljayBhbmQgZHVyYWJsZTwvbGk+DQo8bGk+QmVhZGVkIGZvciBpbnRlbnNlIHBsZWFzdXJlPC9saT4NCjwvdWw+DQoNCkRpbWVuc2lvbnM6PGJyPg0KRXh0cmEgTGFyZ2UgUmluZyBEaWFtZXRlcjogIDIgaW4uPGJyPg0KUGFja2FnZTogIDAuNzUgeCAzLjUgeCA1LjI1IGluLjxicj48YnI+</htmlitemdescriptioninbase64format>												
				<upc>716770094230</upc>			
				<dateUpdated>12/24/2020 12:01:18 PM</dateUpdated>	
				<itemweight><![CDATA[0.08]]></itemweight>		
				<dateCreated>01/31/2020 10:00:11 AM</dateCreated>			
				<deliveryallowed><![CDATA[0]]></deliveryallowed>	

					
						<categoriesV2>

											
							<categoritem>
								
									<mastercategories><![CDATA[Cockrings]]></mastercategories>
								
									<subcategories><![CDATA[Silicone|Xlarge|Beaded|Stainless Steel]]></subcategories>
														
							</categoritem>					
												
						</categoriesV2>
						
					<alternatetitle><![CDATA[Steel Beaded Silicone Cock Ring - X-Large - Clear]]></alternatetitle>
					<height><![CDATA[0.5]]></height>
					<width><![CDATA[3.25]]></width>
					<length><![CDATA[5.25]]></length>
					<marketplacerestrictions><![CDATA[0]]></marketplacerestrictions>
					<discontinued>No</discontinued>
					
						<regulations />
												
													
			</item>
				
			<item>
				<title><![CDATA[Shit Face Chocolate Flavored Poop Pop]]></title>
				<releaseDate>02/05/2020</releaseDate>				
				<itemSKU>WT3304</itemSKU>
				<itemID>61921</itemID>		
				<standardPrice>1.8000</standardPrice>		
				<mapPrice>0</mapPrice>
				<msrpPrice>3</msrpPrice>			
				<stock>Available Now</stock>
				<multiplesOF>1</multiplesOF> 
									<imageLargeFront><![CDATA[https://s3.amazonaws.com/ecn-watermarks/effex/61921_1.jpg]]></imageLargeFront>
								
									<imageLargeBack><![CDATA[https://s3.amazonaws.com/ecn-watermarks/effex/61921_2.jpg]]></imageLargeBack>
								
									<imageMediumFront><![CDATA[https://s3.amazonaws.com/ecn-watermarks/effex/61921_5.jpg]]></imageMediumFront>
								
									<imageMediumBack><![CDATA[https://s3.amazonaws.com/ecn-watermarks/effex/61921_6.jpg]]></imageMediumBack>
								
									<imageThumbnailFront><![CDATA[https://s3.amazonaws.com/ecn-watermarks/effex/61921_9.jpg]]></imageThumbnailFront>
								
									<imageThumbnailBack><![CDATA[https://s3.amazonaws.com/ecn-watermarks/effex/61921_10.jpg]]></imageThumbnailBack>
									
				<manufacturer><![CDATA[Hott Products]]></manufacturer>
				<categories>CANDY,UNISEX ITEMS,LOLLYPOPS,</categories>
				<itemDescription>Chocolate flavored Lollipop. Shit Face - A pile of poop with a face.

Features:

Pile of Poop shape
Chocolate
Great Taste


INGREDIENTS: SUGAR, GLUCOSE SYRUP, WATER, ARTIFICIAL FLAVORS, ARTIFICIAL COLORS: (FDandC Yellow 5, FDandC Yellow 6,Titanium Dioxide).</itemDescription> <htmlitemdescriptioninbase64format>Q2hvY29sYXRlIGZsYXZvcmVkIExvbGxpcG9wLiBTaGl0IEZhY2UgLSBBIHBpbGUgb2YgcG9vcCB3aXRoIGEgZmFjZS48YnI+PGJyPg0KDQpGZWF0dXJlczoNCjx1bD4NCjxsaT5QaWxlIG9mIFBvb3Agc2hhcGU8L2xpPg0KPGxpPkNob2NvbGF0ZTwvbGk+DQo8bGk+R3JlYXQgVGFzdGU8L2xpPg0KPC91bD4NCg0KSU5HUkVESUVOVFM6IFNVR0FSLCBHTFVDT1NFIFNZUlVQLCBXQVRFUiwgQVJUSUZJQ0lBTCBGTEFWT1JTLCBBUlRJRklDSUFMIENPTE9SUzogKEZEJkMgWWVsbG93IDUsIEZEJkMgWWVsbG93IDYsVGl0YW5pdW0gRGlveGlkZSkuPGJyPjxicj4=</htmlitemdescriptioninbase64format>												
				<upc>818631033041</upc>			
				<dateUpdated>12/24/2020 12:01:18 PM</dateUpdated>	
				<itemweight><![CDATA[0.14]]></itemweight>		
				<dateCreated>01/31/2020 11:00:05 AM</dateCreated>			
				<deliveryallowed><![CDATA[0]]></deliveryallowed>	

					
						<categoriesV2>

											
							<categoritem>
								
									<mastercategories><![CDATA[Candy & Edibles|Novelty, Gag Gifts & Party Supplies]]></mastercategories>
								
									<subcategories><![CDATA[Chocolate|Lollipop|Novelty Items|Flavored]]></subcategories>
														
							</categoritem>					
												
						</categoriesV2>
						
					<alternatetitle><![CDATA[]]></alternatetitle>
					<height><![CDATA[1]]></height>
					<width><![CDATA[3.75]]></width>
					<length><![CDATA[7.75]]></length>
					<marketplacerestrictions><![CDATA[0]]></marketplacerestrictions>
					<discontinued>No</discontinued>
					
						<regulations />
												
													
			</item>
				
			<item>
				<title><![CDATA[Onyx+/pearl2 Couple Set Purple]]></title>
				<releaseDate>03/16/2020</releaseDate>				
				<itemSKU>KIIR11022</itemSKU>
				<itemID>62043</itemID>		
				<standardPrice>155.0000</standardPrice>		
				<mapPrice>0</mapPrice>
				<msrpPrice>299</msrpPrice>			
				<stock>Available Now</stock>
				<multiplesOF>1</multiplesOF> 
									<imageLargeFront><![CDATA[https://s3.amazonaws.com/ecn-watermarks/effex/62043_1.jpg]]></imageLargeFront>
								
								<imageLargeBack></imageLargeBack>
							
									<imageMediumFront><![CDATA[https://s3.amazonaws.com/ecn-watermarks/effex/62043_5.jpg]]></imageMediumFront>
								
								<imageMediumBack></imageMediumBack>
							
									<imageThumbnailFront><![CDATA[https://s3.amazonaws.com/ecn-watermarks/effex/62043_9.jpg]]></imageThumbnailFront>
								
								<imageThumbnailBack></imageThumbnailBack>
								
				<manufacturer><![CDATA[Kiiroo Bv]]></manufacturer>
				<categories>SEX TOYS FOR COUPLES,VIBRATING,MASTURBATORS,RECHARGABLE,</categories>
				<itemDescription>Why should you play alone if your partner can play with you? With the KIIROO&amp;#xae; ONYX+ Pearl2 Couple Set you can get all the feels from anywhere in the world. KIIROO&amp;#xae; Pearl2 is a technologically advanced G-spot vibrator enabled with touch-sensitive technology.  The KIIROO&amp;#xae; Onyx+ is a male masturbator designed with discretion and luxury in mind. The third-generation Onyx can reach up to 140 strokes per minute, allowing for maximum pleasure and stimulation. The new design also features a new rotating motor that continuously works in an up-and-down motion simulating intercourse. You can even control your partner`s KIIROO&amp;#xae; Pearl2 from the touch-sensitive pad on KIIROO&amp;#xae; Onyx+.</itemDescription> <htmlitemdescriptioninbase64format>V2h5IHNob3VsZCB5b3UgcGxheSBhbG9uZSBpZiB5b3VyIHBhcnRuZXIgY2FuIHBsYXkgd2l0aCB5b3U/IFdpdGggdGhlIEtJSVJPT64gT05ZWCsgUGVhcmwyPyBDb3VwbGUgU2V0IHlvdSBjYW4gZ2V0IGFsbCB0aGUgZmVlbHMgZnJvbSBhbnl3aGVyZSBpbiB0aGUgd29ybGQuPGJyPjxicj4gS0lJUk9PriBQZWFybDI/IGlzIGEgdGVjaG5vbG9naWNhbGx5IGFkdmFuY2VkIEctc3BvdCB2aWJyYXRvciBlbmFibGVkIHdpdGggdG91Y2gtc2Vuc2l0aXZlIHRlY2hub2xvZ3kuIDxicj48YnI+IFRoZSBLSUlST0+uIE9ueXgrIGlzIGEgbWFsZSBtYXN0dXJiYXRvciBkZXNpZ25lZCB3aXRoIGRpc2NyZXRpb24gYW5kIGx1eHVyeSBpbiBtaW5kLiBUaGUgdGhpcmQtZ2VuZXJhdGlvbiBPbnl4IGNhbiByZWFjaCB1cCB0byAxNDAgc3Ryb2tlcyBwZXIgbWludXRlLCBhbGxvd2luZyBmb3IgbWF4aW11bSBwbGVhc3VyZSBhbmQgc3RpbXVsYXRpb24uIFRoZSBuZXcgZGVzaWduIGFsc28gZmVhdHVyZXMgYSBuZXcgcm90YXRpbmcgbW90b3IgdGhhdCBjb250aW51b3VzbHkgd29ya3MgaW4gYW4gdXAtYW5kLWRvd24gbW90aW9uIHNpbXVsYXRpbmcgaW50ZXJjb3Vyc2UuIFlvdSBjYW4gZXZlbiBjb250cm9sIHlvdXIgcGFydG5lcj9zIEtJSVJPT64gUGVhcmwyPyBmcm9tIHRoZSB0b3VjaC1zZW5zaXRpdmUgcGFkIG9uIEtJSVJPT64gT255eCsu</htmlitemdescriptioninbase64format>												
				<upc>8719324994781</upc>			
				<dateUpdated>12/24/2020 12:01:18 PM</dateUpdated>	
				<itemweight><![CDATA[4.26]]></itemweight>		
				<dateCreated>02/05/2020 4:00:07 PM</dateCreated>			
				<deliveryallowed><![CDATA[0]]></deliveryallowed>	

					
						<categoriesV2>

											
							<categoritem>
								
									<mastercategories><![CDATA[Kit|Masturbators & Strokers|Vibrators]]></mastercategories>
								
									<subcategories><![CDATA[Couples|Multifunction|Purple|Usb Rechargeable|Touch Sensory|Thrust|Interactive]]></subcategories>
														
							</categoritem>					
												
						</categoriesV2>
						
					<alternatetitle><![CDATA[Kiiroo Onyx+ and Pearl2 Couple Set Masturbator and Vibrator - Purple]]></alternatetitle>
					<height><![CDATA[4]]></height>
					<width><![CDATA[8.5]]></width>
					<length><![CDATA[12]]></length>
					<marketplacerestrictions><![CDATA[0]]></marketplacerestrictions>
					<discontinued>No</discontinued>
					
						<regulations />
												
													
			</item>
				
			<item>
				<title><![CDATA[Kink Power Wand Rechargeable Blk]]></title>
				<releaseDate>02/27/2020</releaseDate>				
				<itemSKU>DJ-2400-10-3</itemSKU>
				<itemID>62083</itemID>		
				<standardPrice>96.5700</standardPrice>		
				<mapPrice>0</mapPrice>
				<msrpPrice>193.14</msrpPrice>			
				<stock>Available Now</stock>
				<multiplesOF>1</multiplesOF> 
									<imageLargeFront><![CDATA[https://s3.amazonaws.com/ecn-watermarks/effex/62083_1.jpg]]></imageLargeFront>
								
									<imageLargeBack><![CDATA[https://s3.amazonaws.com/ecn-watermarks/effex/62083_2.jpg]]></imageLargeBack>
								
									<imageMediumFront><![CDATA[https://s3.amazonaws.com/ecn-watermarks/effex/62083_5.jpg]]></imageMediumFront>
								
									<imageMediumBack><![CDATA[https://s3.amazonaws.com/ecn-watermarks/effex/62083_6.jpg]]></imageMediumBack>
								
									<imageThumbnailFront><![CDATA[https://s3.amazonaws.com/ecn-watermarks/effex/62083_9.jpg]]></imageThumbnailFront>
								
									<imageThumbnailBack><![CDATA[https://s3.amazonaws.com/ecn-watermarks/effex/62083_10.jpg]]></imageThumbnailBack>
									
				<manufacturer><![CDATA[Doc Johnson Enterprises]]></manufacturer>
				<categories>UNISEX ITEMS,VIBRATING,MASSAGERS,RECHARGABLE,</categories>
				<itemDescription>Work your magic. We cut the cord and made the well-loved Kink Power Wand more versatile. This classic Power Wand has 8 speeds and 8 vibration patterns, for 64 unique sensations. The Kink by Doc Johnson Rechargeable Power Wand is ready for every satisfying solo session or to tease your tied-down partner. It comes with a discreet storage bag, charging cord, universal power adapter, and is operable while charging.


8 Powerful Vibration Patterns with 8 Adjustable Speed Options
11000 to 12000 RPM
64 Unique Sensations
Silicone Head and Flexible Neck
For Use with Kink Wand Attachments
Fits Most Wand Attachments
Convenient Cordless Design
Rechargeable - Cord Included
Operable While Charging - Charging Time 3 Hours, Usage Time 1.5 Hours
Includes Kink.com Storage Bag
Phthalate-Free, Body-Safe


Dimensions:
Total Length:  12.5 in.
Width/Diameter:  2.25 in.
Circumference:  7.5 in.</itemDescription> <htmlitemdescriptioninbase64format>V29yayB5b3VyIG1hZ2ljLiBXZSBjdXQgdGhlIGNvcmQgYW5kIG1hZGUgdGhlIHdlbGwtbG92ZWQgS2luayBQb3dlciBXYW5kIG1vcmUgdmVyc2F0aWxlLiBUaGlzIGNsYXNzaWMgUG93ZXIgV2FuZCBoYXMgOCBzcGVlZHMgYW5kIDggdmlicmF0aW9uIHBhdHRlcm5zLCBmb3IgNjQgdW5pcXVlIHNlbnNhdGlvbnMuIFRoZSBLaW5rIGJ5IERvYyBKb2huc29uIFJlY2hhcmdlYWJsZSBQb3dlciBXYW5kIGlzIHJlYWR5IGZvciBldmVyeSBzYXRpc2Z5aW5nIHNvbG8gc2Vzc2lvbiBvciB0byB0ZWFzZSB5b3VyIHRpZWQtZG93biBwYXJ0bmVyLiBJdCBjb21lcyB3aXRoIGEgZGlzY3JlZXQgc3RvcmFnZSBiYWcsIGNoYXJnaW5nIGNvcmQsIHVuaXZlcnNhbCBwb3dlciBhZGFwdGVyLCBhbmQgaXMgb3BlcmFibGUgd2hpbGUgY2hhcmdpbmcuPGJyPjxicj4NCg0KPHVsPg0KPGxpPjggUG93ZXJmdWwgVmlicmF0aW9uIFBhdHRlcm5zIHdpdGggOCBBZGp1c3RhYmxlIFNwZWVkIE9wdGlvbnM8L2xpPg0KPGxpPjExMDAwIHRvIDEyMDAwIFJQTTwvbGk+DQo8bGk+NjQgVW5pcXVlIFNlbnNhdGlvbnM8L2xpPg0KPGxpPlNpbGljb25lIEhlYWQgYW5kIEZsZXhpYmxlIE5lY2s8L2xpPg0KPGxpPkZvciBVc2Ugd2l0aCBLaW5rIFdhbmQgQXR0YWNobWVudHM8L2xpPg0KPGxpPkZpdHMgTW9zdCBXYW5kIEF0dGFjaG1lbnRzPC9saT4NCjxsaT5Db252ZW5pZW50IENvcmRsZXNzIERlc2lnbjwvbGk+DQo8bGk+UmVjaGFyZ2VhYmxlIC0gQ29yZCBJbmNsdWRlZDwvbGk+DQo8bGk+T3BlcmFibGUgV2hpbGUgQ2hhcmdpbmcgLSBDaGFyZ2luZyBUaW1lIDMgSG91cnMsIFVzYWdlIFRpbWUgMS41IEhvdXJzPC9saT4NCjxsaT5JbmNsdWRlcyBLaW5rLmNvbSBTdG9yYWdlIEJhZzwvbGk+DQo8bGk+UGh0aGFsYXRlLUZyZWUsIEJvZHktU2FmZTwvbGk+DQo8L3VsPg0KDQpEaW1lbnNpb25zOjxicj4NClRvdGFsIExlbmd0aDogIDEyLjUgaW4uPGJyPg0KV2lkdGgvRGlhbWV0ZXI6ICAyLjI1IGluLjxicj4NCkNpcmN1bWZlcmVuY2U6ICA3LjUgaW4u</htmlitemdescriptioninbase64format>												
				<upc>782421075903</upc>			
				<dateUpdated>12/24/2020 12:01:18 PM</dateUpdated>	
				<itemweight><![CDATA[2.12]]></itemweight>		
				<dateCreated>02/06/2020 12:00:10 PM</dateCreated>			
				<deliveryallowed><![CDATA[0]]></deliveryallowed>	

					
						<categoriesV2>

											
							<categoritem>
								
									<mastercategories><![CDATA[Massagers]]></mastercategories>
								
									<subcategories><![CDATA[Silicone|Vibrating|Usb Rechargeable]]></subcategories>
														
							</categoritem>					
												
						</categoriesV2>
						
					<alternatetitle><![CDATA[Kink Ultra Powerful Silicone Wand Massager  Rechargeable Black]]></alternatetitle>
					<height><![CDATA[5]]></height>
					<width><![CDATA[4]]></width>
					<length><![CDATA[14]]></length>
					<marketplacerestrictions><![CDATA[0]]></marketplacerestrictions>
					<discontinued>No</discontinued>
					
						<regulations />
												
													
			</item>
				
			<item>
				<title><![CDATA[Wand-er Woman White/chrome]]></title>
				<releaseDate>03/18/2020</releaseDate>				
				<itemSKU>EIS059</itemSKU>
				<itemID>62319</itemID>		
				<standardPrice>24.9500</standardPrice>		
				<mapPrice>0</mapPrice>
				<msrpPrice>49.95</msrpPrice>			
				<stock>Available Now</stock>
				<multiplesOF>1</multiplesOF> 
									<imageLargeFront><![CDATA[https://s3.amazonaws.com/ecn-watermarks/effex/62319_1.jpg]]></imageLargeFront>
								
								<imageLargeBack></imageLargeBack>
							
									<imageMediumFront><![CDATA[https://s3.amazonaws.com/ecn-watermarks/effex/62319_5.jpg]]></imageMediumFront>
								
								<imageMediumBack></imageMediumBack>
							
									<imageThumbnailFront><![CDATA[https://s3.amazonaws.com/ecn-watermarks/effex/62319_9.jpg]]></imageThumbnailFront>
								
								<imageThumbnailBack></imageThumbnailBack>
								
				<manufacturer><![CDATA[Satisfyer]]></manufacturer>
				<categories>WATERPROOF MUTI FUNCTION,SEX TOYS FOR WOMEN,MASSAGERS,RECHARGABLE,</categories>
				<itemDescription>Mirror mirror on the wall, why can`t I relax at all? Your new massager from Satisfyer provides the remedy: finally a companion that doesn`t complain about giving you a generous massage! Thanks to its impressive XXL size, 13 inches and the hidden power behind its seductive silicone head, the Wand-er Woman solves problems, relieves tension, and scratches any orgasmic itch. The shaft of the massager is made of medical grade silicone, which is especially soft and gentle against your skin. In addition, the rounded head skillfully reaches every part of the body craving relaxation. A relaxing solo, or the crowning highlight of a romantic spa session for two? The Satisfyer Wand-er Woman performs well in any situation thanks to its relaxing magic.Thanks to the power of a total of 50 different vibration combinations, the Wand-er Woman will dissolve any tension it encounters. Choose from 10 different vibration styles and combine them with 5 intensities: whatever kind of vibration you want, the Wand-er Woman has it! 

Medical grade silicone
Rechargeable including USB charging cable
Stimulating full-body massage
50 powerful vibration settings
Massage head for intensive stimulation

For maximum deep relaxation, you can also enjoy the massager`s magic in the bathtub because the toy is waterproof.</itemDescription> <htmlitemdescriptioninbase64format>TWlycm9yIG1pcnJvciBvbiB0aGUgd2FsbCwgd2h5IGNhbj90IEkgcmVsYXggYXQgYWxsPyBZb3VyIG5ldyBtYXNzYWdlciBmcm9tIFNhdGlzZnllciBwcm92aWRlcyB0aGUgcmVtZWR5OiBmaW5hbGx5IGEgY29tcGFuaW9uIHRoYXQgZG9lc24/dCBjb21wbGFpbiBhYm91dCBnaXZpbmcgeW91IGEgZ2VuZXJvdXMgbWFzc2FnZSEgVGhhbmtzIHRvIGl0cyBpbXByZXNzaXZlIFhYTCBzaXplLCAxMyBpbmNoZXMgYW5kIHRoZSBoaWRkZW4gcG93ZXIgYmVoaW5kIGl0cyBzZWR1Y3RpdmUgc2lsaWNvbmUgaGVhZCwgdGhlIFdhbmQtZXIgV29tYW4gc29sdmVzIHByb2JsZW1zLCByZWxpZXZlcyB0ZW5zaW9uLCBhbmQgc2NyYXRjaGVzIGFueSBvcmdhc21pYyBpdGNoLiBUaGUgc2hhZnQgb2YgdGhlIG1hc3NhZ2VyIGlzIG1hZGUgb2YgbWVkaWNhbCBncmFkZSBzaWxpY29uZSwgd2hpY2ggaXMgZXNwZWNpYWxseSBzb2Z0IGFuZCBnZW50bGUgYWdhaW5zdCB5b3VyIHNraW4uIEluIGFkZGl0aW9uLCB0aGUgcm91bmRlZCBoZWFkIHNraWxsZnVsbHkgcmVhY2hlcyBldmVyeSBwYXJ0IG9mIHRoZSBib2R5IGNyYXZpbmcgcmVsYXhhdGlvbi4gQSByZWxheGluZyBzb2xvLCBvciB0aGUgY3Jvd25pbmcgaGlnaGxpZ2h0IG9mIGEgcm9tYW50aWMgc3BhIHNlc3Npb24gZm9yIHR3bz8gVGhlIFNhdGlzZnllciBXYW5kLWVyIFdvbWFuIHBlcmZvcm1zIHdlbGwgaW4gYW55IHNpdHVhdGlvbiB0aGFua3MgdG8gaXRzIHJlbGF4aW5nIG1hZ2ljLjxicj48YnI+VGhhbmtzIHRvIHRoZSBwb3dlciBvZiBhIHRvdGFsIG9mIDUwIGRpZmZlcmVudCB2aWJyYXRpb24gY29tYmluYXRpb25zLCB0aGUgV2FuZC1lciBXb21hbiB3aWxsIGRpc3NvbHZlIGFueSB0ZW5zaW9uIGl0IGVuY291bnRlcnMuIENob29zZSBmcm9tIDEwIGRpZmZlcmVudCB2aWJyYXRpb24gc3R5bGVzIGFuZCBjb21iaW5lIHRoZW0gd2l0aCA1IGludGVuc2l0aWVzOiB3aGF0ZXZlciBraW5kIG9mIHZpYnJhdGlvbiB5b3Ugd2FudCwgdGhlIFdhbmQtZXIgV29tYW4gaGFzIGl0ISA8YnI+PGJyPgo8dWw+CjxsaT5NZWRpY2FsIGdyYWRlIHNpbGljb25lCjxsaT5SZWNoYXJnZWFibGUgaW5jbHVkaW5nIFVTQiBjaGFyZ2luZyBjYWJsZQo8bGk+U3RpbXVsYXRpbmcgZnVsbC1ib2R5IG1hc3NhZ2UKPGxpPjUwIHBvd2VyZnVsIHZpYnJhdGlvbiBzZXR0aW5ncwo8bGk+TWFzc2FnZSBoZWFkIGZvciBpbnRlbnNpdmUgc3RpbXVsYXRpb248L3VsPjxicj4KCkZvciBtYXhpbXVtIGRlZXAgcmVsYXhhdGlvbiwgeW91IGNhbiBhbHNvIGVuam95IHRoZSBtYXNzYWdlcj9zIG1hZ2ljIGluIHRoZSBiYXRodHViIGJlY2F1c2UgdGhlIHRveSBpcyB3YXRlcnByb29mLg==</htmlitemdescriptioninbase64format>												
				<upc>4061504001227</upc>			
				<dateUpdated>12/24/2020 12:01:18 PM</dateUpdated>	
				<itemweight><![CDATA[2.12]]></itemweight>		
				<dateCreated>02/25/2020 3:00:16 PM</dateCreated>			
				<deliveryallowed><![CDATA[0]]></deliveryallowed>	

					
						<categoriesV2>

											
							<categoritem>
								
									<mastercategories><![CDATA[Massagers]]></mastercategories>
								
									<subcategories><![CDATA[Body Massager|Multifunction|Silicone|Vibrating|Waterproof|White|Usb Rechargeable]]></subcategories>
														
							</categoritem>					
												
						</categoriesV2>
						
					<alternatetitle><![CDATA[Wand-er Woman USB Rechargeable Silicone Massager Waterproof White/Chrome 13 Inches]]></alternatetitle>
					<height><![CDATA[3]]></height>
					<width><![CDATA[4]]></width>
					<length><![CDATA[14.5]]></length>
					<marketplacerestrictions><![CDATA[0]]></marketplacerestrictions>
					<discontinued>No</discontinued>
					
						<regulations />
												
													
			</item>
				
			<item>
				<title><![CDATA[Great Extender Vibe Sleeve Blk]]></title>
				<releaseDate>05/26/2020</releaseDate>				
				<itemSKU>N2900-1</itemSKU>
				<itemID>62345</itemID>		
				<standardPrice>12.9500</standardPrice>		
				<mapPrice>0</mapPrice>
				<msrpPrice>0</msrpPrice>			
				<stock>Available Now</stock>
				<multiplesOF>1</multiplesOF> 
									<imageLargeFront><![CDATA[https://s3.amazonaws.com/ecn-watermarks/effex/62345_1.jpg]]></imageLargeFront>
								
									<imageLargeBack><![CDATA[https://s3.amazonaws.com/ecn-watermarks/effex/62345_2.jpg]]></imageLargeBack>
								
									<imageMediumFront><![CDATA[https://s3.amazonaws.com/ecn-watermarks/effex/62345_5.jpg]]></imageMediumFront>
								
									<imageMediumBack><![CDATA[https://s3.amazonaws.com/ecn-watermarks/effex/62345_6.jpg]]></imageMediumBack>
								
									<imageThumbnailFront><![CDATA[https://s3.amazonaws.com/ecn-watermarks/effex/62345_9.jpg]]></imageThumbnailFront>
								
									<imageThumbnailBack><![CDATA[https://s3.amazonaws.com/ecn-watermarks/effex/62345_10.jpg]]></imageThumbnailBack>
									
				<manufacturer><![CDATA[Novelties By Nass-walk Inc]]></manufacturer>
				<categories>SEX TOYS FOR COUPLES,SLEEVES and EXTENDERS,VIBRATING,</categories>
				<itemDescription>
Vibrates and adds length
Flexible and stretchy
Tight cockring with scrotum cradle
Phthalates free
RoHS compliant
Materials: Sleeve  TPR, Bullet  ABS
2 LR44 (AG13) batteries included.


Length:  6.5 in.</itemDescription> <htmlitemdescriptioninbase64format>PHVsPg0KPGxpPlZpYnJhdGVzIGFuZCBhZGRzIGxlbmd0aDwvbGk+DQo8bGk+RmxleGlibGUgYW5kIHN0cmV0Y2h5PC9saT4NCjxsaT5UaWdodCBjb2NrcmluZyB3aXRoIHNjcm90dW0gY3JhZGxlPC9saT4NCjxsaT5QaHRoYWxhdGVzIGZyZWU8L2xpPg0KPGxpPlJvSFMgY29tcGxpYW50PC9saT4NCjxsaT5NYXRlcmlhbHM6IFNsZWV2ZSA/IFRQUiwgQnVsbGV0ID8gQUJTPC9saT4NCjxsaT4yIExSNDQgKEFHMTMpIGJhdHRlcmllcyBpbmNsdWRlZC48L2xpPg0KPC91bD4NCg0KTGVuZ3RoOiAgNi41IGluLg==</htmlitemdescriptioninbase64format>												
				<upc>782631290011</upc>			
				<dateUpdated>12/24/2020 12:01:18 PM</dateUpdated>	
				<itemweight><![CDATA[0.22]]></itemweight>		
				<dateCreated>02/27/2020 3:30:11 PM</dateCreated>			
				<deliveryallowed><![CDATA[0]]></deliveryallowed>	

					
						<categoriesV2>

											
							<categoritem>
								
									<mastercategories><![CDATA[Penis Extensions & Sleeves]]></mastercategories>
								
									<subcategories><![CDATA[Black|Vibrator Sleeves|Textured]]></subcategories>
														
							</categoritem>					
												
						</categoriesV2>
						
					<alternatetitle><![CDATA[Great Extender Vibrating Sleeve Cock Ring and Ball Craddle - Black]]></alternatetitle>
					<height><![CDATA[2.25]]></height>
					<width><![CDATA[3.5]]></width>
					<length><![CDATA[8]]></length>
					<marketplacerestrictions><![CDATA[0]]></marketplacerestrictions>
					<discontinued>No</discontinued>
					
						<regulations />
												
													
			</item>
				
			<item>
				<title><![CDATA[Naughty Bits Bad Bitch Lipstick Vibe]]></title>
				<releaseDate>03/16/2020</releaseDate>				
				<itemSKU>SE-4410-00-3</itemSKU>
				<itemID>62398</itemID>		
				<standardPrice>15.5000</standardPrice>		
				<mapPrice>0</mapPrice>
				<msrpPrice>31.99</msrpPrice>			
				<stock>Available Now</stock>
				<multiplesOF>1</multiplesOF> 
									<imageLargeFront><![CDATA[https://s3.amazonaws.com/ecn-watermarks/effex/62398_1.jpg]]></imageLargeFront>
								
									<imageLargeBack><![CDATA[https://s3.amazonaws.com/ecn-watermarks/effex/62398_2.jpg]]></imageLargeBack>
								
									<imageMediumFront><![CDATA[https://s3.amazonaws.com/ecn-watermarks/effex/62398_5.jpg]]></imageMediumFront>
								
									<imageMediumBack><![CDATA[https://s3.amazonaws.com/ecn-watermarks/effex/62398_6.jpg]]></imageMediumBack>
								
									<imageThumbnailFront><![CDATA[https://s3.amazonaws.com/ecn-watermarks/effex/62398_9.jpg]]></imageThumbnailFront>
								
									<imageThumbnailBack><![CDATA[https://s3.amazonaws.com/ecn-watermarks/effex/62398_10.jpg]]></imageThumbnailBack>
									
				<manufacturer><![CDATA[California Exotic Novelties, Llc]]></manufacturer>
				<categories>VIBRATORS,SEX TOYS FOR WOMEN,VIBRATING MULTI-SPEED,</categories>
				<itemDescription>
This Bad Bitch is throwing your new favorite shade!
Compact and discreet lipstick vibrator
Extremely powerful, whisper-quiet tungsten motor
10 functions of vibration, pulsation and escalation
State-of-the-art memory chip resumes on last function used
Easy push-button control  hold for 3 seconds to turn on or off
Security travel lock feature
USB rechargeable  charging cord included
Complete charge in 2 hours
Runs 1 hour on high speed and 2 hours on low speed


Dimensions:
Lipstick:  3 x 0.75 in.
Stimulator:  0.75 x 0.5 in.
Package: 1.5 x 4.5 x 8.25 in.</itemDescription> <htmlitemdescriptioninbase64format>PHVsPg0KPGxpPlRoaXMgQmFkIEJpdGNoIGlzIHRocm93aW5nIHlvdXIgbmV3IGZhdm9yaXRlIHNoYWRlITwvbGk+DQo8bGk+Q29tcGFjdCBhbmQgZGlzY3JlZXQgbGlwc3RpY2sgdmlicmF0b3I8L2xpPg0KPGxpPkV4dHJlbWVseSBwb3dlcmZ1bCwgd2hpc3Blci1xdWlldCB0dW5nc3RlbiBtb3RvcjwvbGk+DQo8bGk+MTAgZnVuY3Rpb25zIG9mIHZpYnJhdGlvbiwgcHVsc2F0aW9uIGFuZCBlc2NhbGF0aW9uPC9saT4NCjxsaT5TdGF0ZS1vZi10aGUtYXJ0IG1lbW9yeSBjaGlwIHJlc3VtZXMgb24gbGFzdCBmdW5jdGlvbiB1c2VkPC9saT4NCjxsaT5FYXN5IHB1c2gtYnV0dG9uIGNvbnRyb2wgPyBob2xkIGZvciAzIHNlY29uZHMgdG8gdHVybiBvbiBvciBvZmY8L2xpPg0KPGxpPlNlY3VyaXR5IHRyYXZlbCBsb2NrIGZlYXR1cmU8L2xpPg0KPGxpPlVTQiByZWNoYXJnZWFibGUgPyBjaGFyZ2luZyBjb3JkIGluY2x1ZGVkPC9saT4NCjxsaT5Db21wbGV0ZSBjaGFyZ2UgaW4gMiBob3VyczwvbGk+DQo8bGk+UnVucyAxIGhvdXIgb24gaGlnaCBzcGVlZCBhbmQgMiBob3VycyBvbiBsb3cgc3BlZWQ8L2xpPg0KPC91bD4NCg0KRGltZW5zaW9uczo8YnI+DQpMaXBzdGljazogIDMgeCAwLjc1IGluLjxicj4NClN0aW11bGF0b3I6ICAwLjc1IHggMC41IGluLjxicj4NClBhY2thZ2U6IDEuNSB4IDQuNSB4IDguMjUgaW4u</htmlitemdescriptioninbase64format>												
				<upc>716770094292</upc>			
				<dateUpdated>12/24/2020 12:01:18 PM</dateUpdated>	
				<itemweight><![CDATA[0.24]]></itemweight>		
				<dateCreated>03/04/2020 3:30:07 PM</dateCreated>			
				<deliveryallowed><![CDATA[0]]></deliveryallowed>	

					
						<categoriesV2>

											
							<categoritem>
								
									<mastercategories><![CDATA[Vibrators]]></mastercategories>
								
									<subcategories><![CDATA[Discreet Vibrators|Multispeed]]></subcategories>
														
							</categoritem>					
												
						</categoriesV2>
						
					<alternatetitle><![CDATA[Naughty Bits Bad Bitch Lipstick Bullet Vibrator - Purple]]></alternatetitle>
					<height><![CDATA[1.5]]></height>
					<width><![CDATA[4.5]]></width>
					<length><![CDATA[8.25]]></length>
					<marketplacerestrictions><![CDATA[0]]></marketplacerestrictions>
					<discontinued>No</discontinued>
					
						<regulations />
												
													
			</item>
				
			<item>
				<title><![CDATA[After Dark Essential Water Lube 2oz]]></title>
				<releaseDate>05/06/2020</releaseDate>				
				<itemSKU>ADE-1028</itemSKU>
				<itemID>62496</itemID>		
				<standardPrice>4.9000</standardPrice>		
				<mapPrice>0</mapPrice>
				<msrpPrice>9.79</msrpPrice>			
				<stock>Available Now</stock>
				<multiplesOF>1</multiplesOF> 
									<imageLargeFront><![CDATA[https://s3.amazonaws.com/ecn-watermarks/effex/62496_1.jpg]]></imageLargeFront>
								
								<imageLargeBack></imageLargeBack>
							
									<imageMediumFront><![CDATA[https://s3.amazonaws.com/ecn-watermarks/effex/62496_5.jpg]]></imageMediumFront>
								
								<imageMediumBack></imageMediumBack>
							
									<imageThumbnailFront><![CDATA[https://s3.amazonaws.com/ecn-watermarks/effex/62496_9.jpg]]></imageThumbnailFront>
								
								<imageThumbnailBack></imageThumbnailBack>
								
				<manufacturer><![CDATA[Private Label Productions Llc]]></manufacturer>
				<categories>LUBES,UNISEX ITEMS,WATER BASED LUBES,</categories>
				<itemDescription>AFTER DARK ESSENTIALS Water-based, enhanced personal lubricant is a super-slick, moisture-retaining, premium quality personal product. Free from artificial fragrances and colorants, our personal lubricants are PH-friendly and hypoallergenic. Compatible with natural rubber latex and polyisoprene condoms (do not use with polyurethane condoms). Suitable for vaginal, oral, anal sex, and safe for toys.</itemDescription> <htmlitemdescriptioninbase64format>QUZURVIgREFSSyBFU1NFTlRJQUxTIFdhdGVyLWJhc2VkLCBlbmhhbmNlZCBwZXJzb25hbCBsdWJyaWNhbnQgaXMgYSBzdXBlci1zbGljaywgbW9pc3R1cmUtcmV0YWluaW5nLCBwcmVtaXVtIHF1YWxpdHkgcGVyc29uYWwgcHJvZHVjdC4gRnJlZSBmcm9tIGFydGlmaWNpYWwgZnJhZ3JhbmNlcyBhbmQgY29sb3JhbnRzLCBvdXIgcGVyc29uYWwgbHVicmljYW50cyBhcmUgUEgtZnJpZW5kbHkgYW5kIGh5cG9hbGxlcmdlbmljLiBDb21wYXRpYmxlIHdpdGggbmF0dXJhbCBydWJiZXIgbGF0ZXggYW5kIHBvbHlpc29wcmVuZSBjb25kb21zIChkbyBub3QgdXNlIHdpdGggcG9seXVyZXRoYW5lIGNvbmRvbXMpLiBTdWl0YWJsZSBmb3IgdmFnaW5hbCwgb3JhbCwgYW5hbCBzZXgsIGFuZCBzYWZlIGZvciB0b3lzLg==</htmlitemdescriptioninbase64format>												
				<upc>850004688434</upc>			
				<dateUpdated>12/24/2020 12:01:18 PM</dateUpdated>	
				<itemweight><![CDATA[0.16]]></itemweight>		
				<dateCreated>04/28/2020 10:00:13 AM</dateCreated>			
				<deliveryallowed><![CDATA[0]]></deliveryallowed>	

					
						<categoriesV2>

											
							<categoritem>
								
									<mastercategories><![CDATA[Lubricants, Massage Oils, Gels & Creams]]></mastercategories>
								
									<subcategories><![CDATA[Water Based Lubricant]]></subcategories>
														
							</categoritem>					
												
						</categoriesV2>
						
					<alternatetitle><![CDATA[After Dark Essential Water-Base Lubricant 2oz]]></alternatetitle>
					<height><![CDATA[1.25]]></height>
					<width><![CDATA[1.25]]></width>
					<length><![CDATA[4.5]]></length>
					<marketplacerestrictions><![CDATA[0]]></marketplacerestrictions>
					<discontinued>No</discontinued>
					
						<regulations />
												
													
			</item>
				
			<item>
				<title><![CDATA[Ami Remote Control Bullet 12/disp]]></title>
				<releaseDate>07/24/2020</releaseDate>				
				<itemSKU>SAVVI-B0500</itemSKU>
				<itemID>62675</itemID>		
				<standardPrice>156.0000</standardPrice>		
				<mapPrice>26.99</mapPrice>
				<msrpPrice>29.99</msrpPrice>			
				<stock>Available Now</stock>
				<multiplesOF>1</multiplesOF> 
									<imageLargeFront><![CDATA[https://s3.amazonaws.com/ecn-watermarks/effex/62675_1.jpg]]></imageLargeFront>
								
								<imageLargeBack></imageLargeBack>
							
									<imageMediumFront><![CDATA[https://s3.amazonaws.com/ecn-watermarks/effex/62675_5.jpg]]></imageMediumFront>
								
								<imageMediumBack></imageMediumBack>
							
									<imageThumbnailFront><![CDATA[https://s3.amazonaws.com/ecn-watermarks/effex/62675_9.jpg]]></imageThumbnailFront>
								
								<imageThumbnailBack></imageThumbnailBack>
								
				<manufacturer><![CDATA[Vedo Toys]]></manufacturer>
				<categories>SEX TOYS FOR WOMEN,BULLETS and EGGS,</categories>
				<itemDescription>ami REMOTE CONTROL BULLETS boast 10 vibration modes and are perfectly shaped for easy ion. Lightweight, powerful and designed for discreet pleasure anywhere, anytime. Made of silky smooth silicone, these vibes comes with a sleek wired remote. And don`t be afraid to jump in the tub with the bullet - it`s completely submersible, but not the remote.


Travel lock
Usage time: 10 min.
Vibration Modes:  10
Remote control requires 2 x AAA batteries


Display includes:
(4) Purple
(4) Pink
(4) Turquoise</itemDescription> <htmlitemdescriptioninbase64format>YW1pIFJFTU9URSBDT05UUk9MIEJVTExFVFMgYm9hc3QgMTAgdmlicmF0aW9uIG1vZGVzIGFuZCBhcmUgcGVyZmVjdGx5IHNoYXBlZCBmb3IgZWFzeSBpbnNlcnRpb24uIExpZ2h0d2VpZ2h0LCBwb3dlcmZ1bCBhbmQgZGVzaWduZWQgZm9yIGRpc2NyZWV0IHBsZWFzdXJlIGFueXdoZXJlLCBhbnl0aW1lLiBNYWRlIG9mIHNpbGt5IHNtb290aCBzaWxpY29uZSwgdGhlc2UgdmliZXMgY29tZXMgd2l0aCBhIHNsZWVrIHdpcmVkIHJlbW90ZS4gQW5kIGRvbj90IGJlIGFmcmFpZCB0byBqdW1wIGluIHRoZSB0dWIgd2l0aCB0aGUgYnVsbGV0IC0gaXQ/cyBjb21wbGV0ZWx5IHN1Ym1lcnNpYmxlLCBidXQgbm90IHRoZSByZW1vdGUuPGJyPjxicj4KCjx1bD4KPGxpPlRyYXZlbCBsb2NrPC9saT4KPGxpPlVzYWdlIHRpbWU6IDEwIG1pbi48L2xpPgo8bGk+VmlicmF0aW9uIE1vZGVzOiAgMTA8L2xpPgo8bGk+UmVtb3RlIGNvbnRyb2wgcmVxdWlyZXMgMiB4IEFBQSBiYXR0ZXJpZXM8L2xpPgo8L3VsPgoKRGlzcGxheSBpbmNsdWRlczo8YnI+Cig0KSBQdXJwbGU8YnI+Cig0KSBQaW5rPGJyPgooNCkgVHVycXVvaXNl</htmlitemdescriptioninbase64format>												
				<upc>716053727633</upc>			
				<dateUpdated>12/24/2020 12:01:18 PM</dateUpdated>	
				<itemweight><![CDATA[2.54]]></itemweight>		
				<dateCreated>07/01/2020 5:00:09 PM</dateCreated>			
				<deliveryallowed><![CDATA[0]]></deliveryallowed>	

					
						<categoriesV2>

											
							<categoritem>
								
									<mastercategories><![CDATA[Displays|Eggs & Bullets]]></mastercategories>
								
									<subcategories><![CDATA[Counter Display|Remote Control]]></subcategories>
														
							</categoritem>					
												
						</categoriesV2>
						
					<alternatetitle><![CDATA[VeDO Ami Remote Control Silicone Bullet Vibrator (12 Pieces Per Display) - Assorted]]></alternatetitle>
					<height><![CDATA[5.5]]></height>
					<width><![CDATA[5.5]]></width>
					<length><![CDATA[6.25]]></length>
					<marketplacerestrictions><![CDATA[1]]></marketplacerestrictions>
					<discontinued>No</discontinued>
					
						<regulations />
												
													
			</item>
				
			<item>
				<title><![CDATA[Kiwi Recharge Insertable Bullet Turquois]]></title>
				<releaseDate>07/24/2020</releaseDate>				
				<itemSKU>SAVVI-B0601</itemSKU>
				<itemID>62676</itemID>		
				<standardPrice>30.5000</standardPrice>		
				<mapPrice>60.99</mapPrice>
				<msrpPrice>69.99</msrpPrice>			
				<stock>Available Now</stock>
				<multiplesOF>1</multiplesOF> 
									<imageLargeFront><![CDATA[https://s3.amazonaws.com/ecn-watermarks/effex/62676_1.jpg]]></imageLargeFront>
								
									<imageLargeBack><![CDATA[https://s3.amazonaws.com/ecn-watermarks/effex/62676_2.jpg]]></imageLargeBack>
								
									<imageMediumFront><![CDATA[https://s3.amazonaws.com/ecn-watermarks/effex/62676_5.jpg]]></imageMediumFront>
								
									<imageMediumBack><![CDATA[https://s3.amazonaws.com/ecn-watermarks/effex/62676_6.jpg]]></imageMediumBack>
								
									<imageThumbnailFront><![CDATA[https://s3.amazonaws.com/ecn-watermarks/effex/62676_9.jpg]]></imageThumbnailFront>
								
									<imageThumbnailBack><![CDATA[https://s3.amazonaws.com/ecn-watermarks/effex/62676_10.jpg]]></imageThumbnailBack>
									
				<manufacturer><![CDATA[Vedo Toys]]></manufacturer>
				<categories>SEX TOYS FOR WOMEN,BULLETS and EGGS,RECHARGABLE,</categories>
				<itemDescription>kiwi RECHARGEABLE INSERTABLE BULLET boasts 10 vibration modes and 6 intensity levels and is designed to discreetly pleasure you anywhere, anytime. Made of silky, smooth silicone, this vibe comes with a sleek remote control with 3 soft touch buttons. Whisper quiet and completely submersible - nobody will know how much fun you`re having in the tub.


Rechargeable with USB cable (included)
Easy to grip handle for easy removal
Vibration Modes:  10
Intensity Levels:  6
Charge Time:  60 min.
Usage Time:  45 min.
</itemDescription> <htmlitemdescriptioninbase64format>a2l3aSBSRUNIQVJHRUFCTEUgSU5TRVJUQUJMRSBCVUxMRVQgYm9hc3RzIDEwIHZpYnJhdGlvbiBtb2RlcyBhbmQgNiBpbnRlbnNpdHkgbGV2ZWxzIGFuZCBpcyBkZXNpZ25lZCB0byBkaXNjcmVldGx5IHBsZWFzdXJlIHlvdSBhbnl3aGVyZSwgYW55dGltZS4gTWFkZSBvZiBzaWxreSwgc21vb3RoIHNpbGljb25lLCB0aGlzIHZpYmUgY29tZXMgd2l0aCBhIHNsZWVrIHJlbW90ZSBjb250cm9sIHdpdGggMyBzb2Z0IHRvdWNoIGJ1dHRvbnMuIFdoaXNwZXIgcXVpZXQgYW5kIGNvbXBsZXRlbHkgc3VibWVyc2libGUgLSBub2JvZHkgd2lsbCBrbm93IGhvdyBtdWNoIGZ1biB5b3U/cmUgaGF2aW5nIGluIHRoZSB0dWIuPGJyPjxicj4KCjx1bD4KPGxpPlJlY2hhcmdlYWJsZSB3aXRoIFVTQiBjYWJsZSAoaW5jbHVkZWQpPC9saT4KPGxpPkVhc3kgdG8gZ3JpcCBoYW5kbGUgZm9yIGVhc3kgcmVtb3ZhbDwvbGk+CjxsaT5WaWJyYXRpb24gTW9kZXM6ICAxMDwvbGk+CjxsaT5JbnRlbnNpdHkgTGV2ZWxzOiAgNjwvbGk+CjxsaT5DaGFyZ2UgVGltZTogIDYwIG1pbi48L2xpPgo8bGk+VXNhZ2UgVGltZTogIDQ1IG1pbi48L2xpPgo8L3VsPg==</htmlitemdescriptioninbase64format>												
				<upc>716053727565</upc>			
				<dateUpdated>12/24/2020 12:01:18 PM</dateUpdated>	
				<itemweight><![CDATA[0.34]]></itemweight>		
				<dateCreated>07/02/2020 8:30:06 AM</dateCreated>			
				<deliveryallowed><![CDATA[0]]></deliveryallowed>	

					
						<categoriesV2>

											
							<categoritem>
								
									<mastercategories><![CDATA[Eggs & Bullets]]></mastercategories>
								
									<subcategories><![CDATA[Usb Rechargeable]]></subcategories>
														
							</categoritem>					
												
						</categoriesV2>
						
					<alternatetitle><![CDATA[VeDO Kiwi Rechargeable Silicone Insertable Bullet Vibrator - Tease Me Turquoise]]></alternatetitle>
					<height><![CDATA[2]]></height>
					<width><![CDATA[3.75]]></width>
					<length><![CDATA[7.75]]></length>
					<marketplacerestrictions><![CDATA[1]]></marketplacerestrictions>
					<discontinued>No</discontinued>
					
						<regulations />
												
													
			</item>
				
			<item>
				<title><![CDATA[Vivi Rechargeable Finger Vibe Turquoise]]></title>
				<releaseDate>10/08/2020</releaseDate>				
				<itemSKU>SAVVI-F0801</itemSKU>
				<itemID>62679</itemID>		
				<standardPrice>22.0000</standardPrice>		
				<mapPrice>43.99</mapPrice>
				<msrpPrice>49.99</msrpPrice>			
				<stock>Available Now</stock>
				<multiplesOF>1</multiplesOF> 
									<imageLargeFront><![CDATA[https://s3.amazonaws.com/ecn-watermarks/effex/62679_1.jpg]]></imageLargeFront>
								
									<imageLargeBack><![CDATA[https://s3.amazonaws.com/ecn-watermarks/effex/62679_2.jpg]]></imageLargeBack>
								
									<imageMediumFront><![CDATA[https://s3.amazonaws.com/ecn-watermarks/effex/62679_5.jpg]]></imageMediumFront>
								
									<imageMediumBack><![CDATA[https://s3.amazonaws.com/ecn-watermarks/effex/62679_6.jpg]]></imageMediumBack>
								
									<imageThumbnailFront><![CDATA[https://s3.amazonaws.com/ecn-watermarks/effex/62679_9.jpg]]></imageThumbnailFront>
								
									<imageThumbnailBack><![CDATA[https://s3.amazonaws.com/ecn-watermarks/effex/62679_10.jpg]]></imageThumbnailBack>
									
				<manufacturer><![CDATA[Vedo Toys]]></manufacturer>
				<categories>FINGER MASSAGER,SEX TOYS FOR WOMEN,RECHARGABLE,</categories>
				<itemDescription>vivi RECHARGEABLE FINGER VIBE boasts a super powerful motor with 10 vibration modes. It`s sleekly designed for effortless control. The finger handle fits easily between your index and middle fingers so you can maneuver the silky silicone bullet over your entire clitoris for maximum pleasure. And don`t be afraid to jump in the tub - it`s completely submersible.


Textured surface for clitoral stimulation
Travel lock
Rechargeable with USB cable (included)
Vibration Modes:  10
Charge Time:  60 min.
Usage Time:  45 min.
</itemDescription> <htmlitemdescriptioninbase64format>dml2aSBSRUNIQVJHRUFCTEUgRklOR0VSIFZJQkUgYm9hc3RzIGEgc3VwZXIgcG93ZXJmdWwgbW90b3Igd2l0aCAxMCB2aWJyYXRpb24gbW9kZXMuIEl0P3Mgc2xlZWtseSBkZXNpZ25lZCBmb3IgZWZmb3J0bGVzcyBjb250cm9sLiBUaGUgZmluZ2VyIGhhbmRsZSBmaXRzIGVhc2lseSBiZXR3ZWVuIHlvdXIgaW5kZXggYW5kIG1pZGRsZSBmaW5nZXJzIHNvIHlvdSBjYW4gbWFuZXV2ZXIgdGhlIHNpbGt5IHNpbGljb25lIGJ1bGxldCBvdmVyIHlvdXIgZW50aXJlIGNsaXRvcmlzIGZvciBtYXhpbXVtIHBsZWFzdXJlLiBBbmQgZG9uP3QgYmUgYWZyYWlkIHRvIGp1bXAgaW4gdGhlIHR1YiAtIGl0P3MgY29tcGxldGVseSBzdWJtZXJzaWJsZS48YnI+PGJyPgoKPHVsPgo8bGk+VGV4dHVyZWQgc3VyZmFjZSBmb3IgY2xpdG9yYWwgc3RpbXVsYXRpb248L2xpPgo8bGk+VHJhdmVsIGxvY2s8L2xpPgo8bGk+UmVjaGFyZ2VhYmxlIHdpdGggVVNCIGNhYmxlIChpbmNsdWRlZCk8L2xpPgo8bGk+VmlicmF0aW9uIE1vZGVzOiAgMTA8L2xpPgo8bGk+Q2hhcmdlIFRpbWU6ICA2MCBtaW4uPC9saT4KPGxpPlVzYWdlIFRpbWU6ICA0NSBtaW4uPC9saT4KPC91bD4=</htmlitemdescriptioninbase64format>												
				<upc>716053727701</upc>			
				<dateUpdated>12/24/2020 12:01:18 PM</dateUpdated>	
				<itemweight><![CDATA[0.28]]></itemweight>		
				<dateCreated>07/02/2020 9:00:04 AM</dateCreated>			
				<deliveryallowed><![CDATA[0]]></deliveryallowed>	

					
						<categoriesV2>

											
							<categoritem>
								
									<mastercategories><![CDATA[Vibrators]]></mastercategories>
								
									<subcategories><![CDATA[Finger Massager|Usb Rechargeable]]></subcategories>
														
							</categoritem>					
												
						</categoriesV2>
						
					<alternatetitle><![CDATA[VeDO Vivi Rechargeable Silicone Finger Vibrator - Tease Me Turquoise]]></alternatetitle>
					<height><![CDATA[5]]></height>
					<width><![CDATA[1.75]]></width>
					<length><![CDATA[3]]></length>
					<marketplacerestrictions><![CDATA[1]]></marketplacerestrictions>
					<discontinued>No</discontinued>
					
						<regulations />
												
													
			</item>
				
			<item>
				<title><![CDATA[Vivi Rechargeable Finger Vibe Purple]]></title>
				<releaseDate>10/08/2020</releaseDate>				
				<itemSKU>SAVVI-F0813</itemSKU>
				<itemID>62680</itemID>		
				<standardPrice>22.0000</standardPrice>		
				<mapPrice>43.99</mapPrice>
				<msrpPrice>49.99</msrpPrice>			
				<stock>Available Now</stock>
				<multiplesOF>1</multiplesOF> 
									<imageLargeFront><![CDATA[https://s3.amazonaws.com/ecn-watermarks/effex/62680_1.jpg]]></imageLargeFront>
								
									<imageLargeBack><![CDATA[https://s3.amazonaws.com/ecn-watermarks/effex/62680_2.jpg]]></imageLargeBack>
								
									<imageMediumFront><![CDATA[https://s3.amazonaws.com/ecn-watermarks/effex/62680_5.jpg]]></imageMediumFront>
								
									<imageMediumBack><![CDATA[https://s3.amazonaws.com/ecn-watermarks/effex/62680_6.jpg]]></imageMediumBack>
								
									<imageThumbnailFront><![CDATA[https://s3.amazonaws.com/ecn-watermarks/effex/62680_9.jpg]]></imageThumbnailFront>
								
									<imageThumbnailBack><![CDATA[https://s3.amazonaws.com/ecn-watermarks/effex/62680_10.jpg]]></imageThumbnailBack>
									
				<manufacturer><![CDATA[Vedo Toys]]></manufacturer>
				<categories>FINGER MASSAGER,SEX TOYS FOR WOMEN,RECHARGABLE,</categories>
				<itemDescription>vivi RECHARGEABLE FINGER VIBE boasts a super powerful motor with 10 vibration modes. It`s sleekly designed for effortless control. The finger handle fits easily between your index and middle fingers so you can maneuver the silky silicone bullet over your entire clitoris for maximum pleasure. And don`t be afraid to jump in the tub - it`s completely submersible.


Textured surface for clitoral stimulation
Travel lock
Rechargeable with USB cable (included)
Vibration Modes:  10
Charge Time:  60 min.
Usage Time:  45 min.
</itemDescription> <htmlitemdescriptioninbase64format>dml2aSBSRUNIQVJHRUFCTEUgRklOR0VSIFZJQkUgYm9hc3RzIGEgc3VwZXIgcG93ZXJmdWwgbW90b3Igd2l0aCAxMCB2aWJyYXRpb24gbW9kZXMuIEl0P3Mgc2xlZWtseSBkZXNpZ25lZCBmb3IgZWZmb3J0bGVzcyBjb250cm9sLiBUaGUgZmluZ2VyIGhhbmRsZSBmaXRzIGVhc2lseSBiZXR3ZWVuIHlvdXIgaW5kZXggYW5kIG1pZGRsZSBmaW5nZXJzIHNvIHlvdSBjYW4gbWFuZXV2ZXIgdGhlIHNpbGt5IHNpbGljb25lIGJ1bGxldCBvdmVyIHlvdXIgZW50aXJlIGNsaXRvcmlzIGZvciBtYXhpbXVtIHBsZWFzdXJlLiBBbmQgZG9uP3QgYmUgYWZyYWlkIHRvIGp1bXAgaW4gdGhlIHR1YiAtIGl0P3MgY29tcGxldGVseSBzdWJtZXJzaWJsZS48YnI+PGJyPgoKPHVsPgo8bGk+VGV4dHVyZWQgc3VyZmFjZSBmb3IgY2xpdG9yYWwgc3RpbXVsYXRpb248L2xpPgo8bGk+VHJhdmVsIGxvY2s8L2xpPgo8bGk+UmVjaGFyZ2VhYmxlIHdpdGggVVNCIGNhYmxlIChpbmNsdWRlZCk8L2xpPgo8bGk+VmlicmF0aW9uIE1vZGVzOiAgMTA8L2xpPgo8bGk+Q2hhcmdlIFRpbWU6ICA2MCBtaW4uPC9saT4KPGxpPlVzYWdlIFRpbWU6ICA0NSBtaW4uPC9saT4KPC91bD4=</htmlitemdescriptioninbase64format>												
				<upc>716053727718</upc>			
				<dateUpdated>12/24/2020 12:01:18 PM</dateUpdated>	
				<itemweight><![CDATA[0.28]]></itemweight>		
				<dateCreated>07/02/2020 11:00:05 AM</dateCreated>			
				<deliveryallowed><![CDATA[0]]></deliveryallowed>	

					
						<categoriesV2>

											
							<categoritem>
								
									<mastercategories><![CDATA[Vibrators]]></mastercategories>
								
									<subcategories><![CDATA[Finger Massager|Usb Rechargeable]]></subcategories>
														
							</categoritem>					
												
						</categoriesV2>
						
					<alternatetitle><![CDATA[VeDO Vivi Rechargeable Silicone Finger Vibrator - Deep Purple]]></alternatetitle>
					<height><![CDATA[5]]></height>
					<width><![CDATA[1.75]]></width>
					<length><![CDATA[3]]></length>
					<marketplacerestrictions><![CDATA[1]]></marketplacerestrictions>
					<discontinued>No</discontinued>
					
						<regulations />
												
													
			</item>
				
			<item>
				<title><![CDATA[Vivi Rechargeable Finger Vibe Pink]]></title>
				<releaseDate>10/08/2020</releaseDate>				
				<itemSKU>SAVVI-F0809</itemSKU>
				<itemID>62681</itemID>		
				<standardPrice>22.0000</standardPrice>		
				<mapPrice>43.99</mapPrice>
				<msrpPrice>49.99</msrpPrice>			
				<stock>Available Now</stock>
				<multiplesOF>1</multiplesOF> 
									<imageLargeFront><![CDATA[https://s3.amazonaws.com/ecn-watermarks/effex/62681_1.jpg]]></imageLargeFront>
								
									<imageLargeBack><![CDATA[https://s3.amazonaws.com/ecn-watermarks/effex/62681_2.jpg]]></imageLargeBack>
								
									<imageMediumFront><![CDATA[https://s3.amazonaws.com/ecn-watermarks/effex/62681_5.jpg]]></imageMediumFront>
								
									<imageMediumBack><![CDATA[https://s3.amazonaws.com/ecn-watermarks/effex/62681_6.jpg]]></imageMediumBack>
								
									<imageThumbnailFront><![CDATA[https://s3.amazonaws.com/ecn-watermarks/effex/62681_9.jpg]]></imageThumbnailFront>
								
									<imageThumbnailBack><![CDATA[https://s3.amazonaws.com/ecn-watermarks/effex/62681_10.jpg]]></imageThumbnailBack>
									
				<manufacturer><![CDATA[Vedo Toys]]></manufacturer>
				<categories>FINGER MASSAGER,SEX TOYS FOR WOMEN,RECHARGABLE,</categories>
				<itemDescription>vivi RECHARGEABLE FINGER VIBE boasts a super powerful motor with 10 vibration modes. It`s sleekly designed for effortless control. The finger handle fits easily between your index and middle fingers so you can maneuver the silky silicone bullet over your entire clitoris for maximum pleasure. And don`t be afraid to jump in the tub - it`s completely submersible.


Textured surface for clitoral stimulation
Travel lock
Rechargeable with USB cable (included)
Vibration Modes:  10
Charge Time:  60 min.
Usage Time:  45 min.
</itemDescription> <htmlitemdescriptioninbase64format>dml2aSBSRUNIQVJHRUFCTEUgRklOR0VSIFZJQkUgYm9hc3RzIGEgc3VwZXIgcG93ZXJmdWwgbW90b3Igd2l0aCAxMCB2aWJyYXRpb24gbW9kZXMuIEl0P3Mgc2xlZWtseSBkZXNpZ25lZCBmb3IgZWZmb3J0bGVzcyBjb250cm9sLiBUaGUgZmluZ2VyIGhhbmRsZSBmaXRzIGVhc2lseSBiZXR3ZWVuIHlvdXIgaW5kZXggYW5kIG1pZGRsZSBmaW5nZXJzIHNvIHlvdSBjYW4gbWFuZXV2ZXIgdGhlIHNpbGt5IHNpbGljb25lIGJ1bGxldCBvdmVyIHlvdXIgZW50aXJlIGNsaXRvcmlzIGZvciBtYXhpbXVtIHBsZWFzdXJlLiBBbmQgZG9uP3QgYmUgYWZyYWlkIHRvIGp1bXAgaW4gdGhlIHR1YiAtIGl0P3MgY29tcGxldGVseSBzdWJtZXJzaWJsZS48YnI+PGJyPgoKPHVsPgo8bGk+VGV4dHVyZWQgc3VyZmFjZSBmb3IgY2xpdG9yYWwgc3RpbXVsYXRpb248L2xpPgo8bGk+VHJhdmVsIGxvY2s8L2xpPgo8bGk+UmVjaGFyZ2VhYmxlIHdpdGggVVNCIGNhYmxlIChpbmNsdWRlZCk8L2xpPgo8bGk+VmlicmF0aW9uIE1vZGVzOiAgMTA8L2xpPgo8bGk+Q2hhcmdlIFRpbWU6ICA2MCBtaW4uPC9saT4KPGxpPlVzYWdlIFRpbWU6ICA0NSBtaW4uPC9saT4KPC91bD4=</htmlitemdescriptioninbase64format>												
				<upc>716053727725</upc>			
				<dateUpdated>12/24/2020 12:01:18 PM</dateUpdated>	
				<itemweight><![CDATA[0.28]]></itemweight>		
				<dateCreated>07/02/2020 11:00:05 AM</dateCreated>			
				<deliveryallowed><![CDATA[0]]></deliveryallowed>	

					
						<categoriesV2>

											
							<categoritem>
								
									<mastercategories><![CDATA[Vibrators]]></mastercategories>
								
									<subcategories><![CDATA[Finger Massager|Usb Rechargeable]]></subcategories>
														
							</categoritem>					
												
						</categoriesV2>
						
					<alternatetitle><![CDATA[VeDO Vivi Rechargeable Silicone Finger Vibrator - Foxy Pink]]></alternatetitle>
					<height><![CDATA[5]]></height>
					<width><![CDATA[1.75]]></width>
					<length><![CDATA[3]]></length>
					<marketplacerestrictions><![CDATA[1]]></marketplacerestrictions>
					<discontinued>No</discontinued>
					
						<regulations />
												
													
			</item>
				
			<item>
				<title><![CDATA[Suki Recharge Sonic Vibe Turquoise]]></title>
				<releaseDate>07/24/2020</releaseDate>				
				<itemSKU>SAVVI-F0701</itemSKU>
				<itemID>62683</itemID>		
				<standardPrice>26.0000</standardPrice>		
				<mapPrice>51.99</mapPrice>
				<msrpPrice>59.99</msrpPrice>			
				<stock>Available Now</stock>
				<multiplesOF>1</multiplesOF> 
									<imageLargeFront><![CDATA[https://s3.amazonaws.com/ecn-watermarks/effex/62683_1.jpg]]></imageLargeFront>
								
									<imageLargeBack><![CDATA[https://s3.amazonaws.com/ecn-watermarks/effex/62683_2.jpg]]></imageLargeBack>
								
									<imageMediumFront><![CDATA[https://s3.amazonaws.com/ecn-watermarks/effex/62683_5.jpg]]></imageMediumFront>
								
									<imageMediumBack><![CDATA[https://s3.amazonaws.com/ecn-watermarks/effex/62683_6.jpg]]></imageMediumBack>
								
									<imageThumbnailFront><![CDATA[https://s3.amazonaws.com/ecn-watermarks/effex/62683_9.jpg]]></imageThumbnailFront>
								
									<imageThumbnailBack><![CDATA[https://s3.amazonaws.com/ecn-watermarks/effex/62683_10.jpg]]></imageThumbnailBack>
									
				<manufacturer><![CDATA[Vedo Toys]]></manufacturer>
				<categories>MULTI FUCTION,CLIT STIMULATION,SEX TOYS FOR WOMEN,RECHARGABLE,</categories>
				<itemDescription>suki RECHARGEABLE SONIC VIBE sends powerful pulsating waves while simultaneously vibrating your entire clitoris. With 10 pulsating/vibrating modes and 6 intensity levels, this vibe keeps you wanting more. The sleek design lends itself to effortless control as the fingerholder easily fits between your index and middle fingers, allowing you to maneuver the silky, smooth silicone mouth over your clitoris for maximum pleasure. Completely submersible, this pulsating vibe is up for any type of water play - night in and night out.


Rechargeable with USB charger (included)
Suction tip for clitoral stimulation
Travel lock
Charge Time: 180 min.
Usage Time:  80 min.
Vibration Modes:  10
Intensity Levels:  6
</itemDescription> <htmlitemdescriptioninbase64format>c3VraSBSRUNIQVJHRUFCTEUgU09OSUMgVklCRSBzZW5kcyBwb3dlcmZ1bCBwdWxzYXRpbmcgd2F2ZXMgd2hpbGUgc2ltdWx0YW5lb3VzbHkgdmlicmF0aW5nIHlvdXIgZW50aXJlIGNsaXRvcmlzLiBXaXRoIDEwIHB1bHNhdGluZy92aWJyYXRpbmcgbW9kZXMgYW5kIDYgaW50ZW5zaXR5IGxldmVscywgdGhpcyB2aWJlIGtlZXBzIHlvdSB3YW50aW5nIG1vcmUuIFRoZSBzbGVlayBkZXNpZ24gbGVuZHMgaXRzZWxmIHRvIGVmZm9ydGxlc3MgY29udHJvbCBhcyB0aGUgZmluZ2VyaG9sZGVyIGVhc2lseSBmaXRzIGJldHdlZW4geW91ciBpbmRleCBhbmQgbWlkZGxlIGZpbmdlcnMsIGFsbG93aW5nIHlvdSB0byBtYW5ldXZlciB0aGUgc2lsa3ksIHNtb290aCBzaWxpY29uZSBtb3V0aCBvdmVyIHlvdXIgY2xpdG9yaXMgZm9yIG1heGltdW0gcGxlYXN1cmUuIENvbXBsZXRlbHkgc3VibWVyc2libGUsIHRoaXMgcHVsc2F0aW5nIHZpYmUgaXMgdXAgZm9yIGFueSB0eXBlIG9mIHdhdGVyIHBsYXkgLSBuaWdodCBpbiBhbmQgbmlnaHQgb3V0Ljxicj48YnI+Cgo8dWw+CjxsaT5SZWNoYXJnZWFibGUgd2l0aCBVU0IgY2hhcmdlciAoaW5jbHVkZWQpPC9saT4KPGxpPlN1Y3Rpb24gdGlwIGZvciBjbGl0b3JhbCBzdGltdWxhdGlvbjwvbGk+CjxsaT5UcmF2ZWwgbG9jazwvbGk+CjxsaT5DaGFyZ2UgVGltZTogMTgwIG1pbi48L2xpPgo8bGk+VXNhZ2UgVGltZTogIDgwIG1pbi48L2xpPgo8bGk+VmlicmF0aW9uIE1vZGVzOiAgMTA8L2xpPgo8bGk+SW50ZW5zaXR5IExldmVsczogIDY8L2xpPgo8L3VsPg==</htmlitemdescriptioninbase64format>												
				<upc>789185757151</upc>			
				<dateUpdated>12/24/2020 12:01:18 PM</dateUpdated>	
				<itemweight><![CDATA[0.42]]></itemweight>		
				<dateCreated>07/02/2020 11:00:05 AM</dateCreated>			
				<deliveryallowed><![CDATA[0]]></deliveryallowed>	

					
						<categoriesV2>

											
							<categoritem>
								
									<mastercategories><![CDATA[Clitoral Stimulation|Massagers]]></mastercategories>
								
									<subcategories><![CDATA[Multifunction|Vibrating|Usb Rechargeable|Suction]]></subcategories>
														
							</categoritem>					
												
						</categoriesV2>
						
					<alternatetitle><![CDATA[VeDO Suki Rechargeable Silicone Sonic Vibrator - Tease Me Turquoise]]></alternatetitle>
					<height><![CDATA[2.5]]></height>
					<width><![CDATA[3]]></width>
					<length><![CDATA[5]]></length>
					<marketplacerestrictions><![CDATA[1]]></marketplacerestrictions>
					<discontinued>No</discontinued>
					
						<regulations />
												
													
			</item>
				
			<item>
				<title><![CDATA[Niki Recharge Panty Vibe Turquoise]]></title>
				<releaseDate>10/08/2020</releaseDate>				
				<itemSKU>SAVVI-P1601</itemSKU>
				<itemID>62687</itemID>		
				<standardPrice>30.5000</standardPrice>		
				<mapPrice>60.99</mapPrice>
				<msrpPrice>69.99</msrpPrice>			
				<stock>Available Now</stock>
				<multiplesOF>1</multiplesOF> 
									<imageLargeFront><![CDATA[https://s3.amazonaws.com/ecn-watermarks/effex/62687_1.jpg]]></imageLargeFront>
								
									<imageLargeBack><![CDATA[https://s3.amazonaws.com/ecn-watermarks/effex/62687_2.jpg]]></imageLargeBack>
								
									<imageMediumFront><![CDATA[https://s3.amazonaws.com/ecn-watermarks/effex/62687_5.jpg]]></imageMediumFront>
								
									<imageMediumBack><![CDATA[https://s3.amazonaws.com/ecn-watermarks/effex/62687_6.jpg]]></imageMediumBack>
								
									<imageThumbnailFront><![CDATA[https://s3.amazonaws.com/ecn-watermarks/effex/62687_9.jpg]]></imageThumbnailFront>
								
									<imageThumbnailBack><![CDATA[https://s3.amazonaws.com/ecn-watermarks/effex/62687_10.jpg]]></imageThumbnailBack>
									
				<manufacturer><![CDATA[Vedo Toys]]></manufacturer>
				<categories>PANTIES,SEX TOYS FOR WOMEN,MASSAGERS,RECHARGABLE,</categories>
				<itemDescription>niki RECHARGEABLE PANTY VIBE discreetly delights with 10 powerful vibration modes and 6 intensity levels. Sleek, sexy and completely flexible, this vibe is designed to fit your pleasure button the way a panty vibe should - comfortably. With a magnet to securely hold the vibe in place and sleek remote control, it`s a must have for a fun night out or in. Whisper quiet and completely submersible, you can also take niki for a swim. Only you will know how much fun you`re having.


Rechargeable with USB cable (included)
Vibration Modes:  10
Intensity Levels:  6
Magnet to hold securely in place
Sleek bendable shape to fit all shapes and sizes
Charge Time:  180 min.
Usage Time:  45 min.
Nub tip for clitoral stimulation
</itemDescription> <htmlitemdescriptioninbase64format>bmlraSBSRUNIQVJHRUFCTEUgUEFOVFkgVklCRSBkaXNjcmVldGx5IGRlbGlnaHRzIHdpdGggMTAgcG93ZXJmdWwgdmlicmF0aW9uIG1vZGVzIGFuZCA2IGludGVuc2l0eSBsZXZlbHMuIFNsZWVrLCBzZXh5IGFuZCBjb21wbGV0ZWx5IGZsZXhpYmxlLCB0aGlzIHZpYmUgaXMgZGVzaWduZWQgdG8gZml0IHlvdXIgcGxlYXN1cmUgYnV0dG9uIHRoZSB3YXkgYSBwYW50eSB2aWJlIHNob3VsZCAtIGNvbWZvcnRhYmx5LiBXaXRoIGEgbWFnbmV0IHRvIHNlY3VyZWx5IGhvbGQgdGhlIHZpYmUgaW4gcGxhY2UgYW5kIHNsZWVrIHJlbW90ZSBjb250cm9sLCBpdD9zIGEgbXVzdCBoYXZlIGZvciBhIGZ1biBuaWdodCBvdXQgb3IgaW4uIFdoaXNwZXIgcXVpZXQgYW5kIGNvbXBsZXRlbHkgc3VibWVyc2libGUsIHlvdSBjYW4gYWxzbyB0YWtlIG5pa2kgZm9yIGEgc3dpbS4gT25seSB5b3Ugd2lsbCBrbm93IGhvdyBtdWNoIGZ1biB5b3U/cmUgaGF2aW5nLjxicj48YnI+Cgo8dWw+CjxsaT5SZWNoYXJnZWFibGUgd2l0aCBVU0IgY2FibGUgKGluY2x1ZGVkKTwvbGk+CjxsaT5WaWJyYXRpb24gTW9kZXM6ICAxMDwvbGk+CjxsaT5JbnRlbnNpdHkgTGV2ZWxzOiAgNjwvbGk+CjxsaT5NYWduZXQgdG8gaG9sZCBzZWN1cmVseSBpbiBwbGFjZTwvbGk+CjxsaT5TbGVlayBiZW5kYWJsZSBzaGFwZSB0byBmaXQgYWxsIHNoYXBlcyBhbmQgc2l6ZXM8L2xpPgo8bGk+Q2hhcmdlIFRpbWU6ICAxODAgbWluLjwvbGk+CjxsaT5Vc2FnZSBUaW1lOiAgNDUgbWluLjwvbGk+CjxsaT5OdWIgdGlwIGZvciBjbGl0b3JhbCBzdGltdWxhdGlvbjwvbGk+CjwvdWw+</htmlitemdescriptioninbase64format>												
				<upc>789185756918</upc>			
				<dateUpdated>12/24/2020 12:01:18 PM</dateUpdated>	
				<itemweight><![CDATA[0.38]]></itemweight>		
				<dateCreated>07/02/2020 2:00:07 PM</dateCreated>			
				<deliveryallowed><![CDATA[0]]></deliveryallowed>	

					
						<categoriesV2>

											
							<categoritem>
								
									<mastercategories></mastercategories>
								
									<subcategories><![CDATA[Panty Massager|Usb Rechargeable]]></subcategories>
														
							</categoritem>					
												
						</categoriesV2>
						
					<alternatetitle><![CDATA[VeDO Niki Rechargeable Silicone Panty Vibrator - Tease Me Turquoise]]></alternatetitle>
					<height><![CDATA[5]]></height>
					<width><![CDATA[2.5]]></width>
					<length><![CDATA[3]]></length>
					<marketplacerestrictions><![CDATA[1]]></marketplacerestrictions>
					<discontinued>No</discontinued>
					
						<regulations />
												
													
			</item>
				
			<item>
				<title><![CDATA[Niki Recharge Panty Vibe Deep Purple]]></title>
				<releaseDate>10/08/2020</releaseDate>				
				<itemSKU>SAVVI-P1613</itemSKU>
				<itemID>62689</itemID>		
				<standardPrice>30.5000</standardPrice>		
				<mapPrice>60.99</mapPrice>
				<msrpPrice>69.99</msrpPrice>			
				<stock>Available Now</stock>
				<multiplesOF>1</multiplesOF> 
									<imageLargeFront><![CDATA[https://s3.amazonaws.com/ecn-watermarks/effex/62689_1.jpg]]></imageLargeFront>
								
									<imageLargeBack><![CDATA[https://s3.amazonaws.com/ecn-watermarks/effex/62689_2.jpg]]></imageLargeBack>
								
									<imageMediumFront><![CDATA[https://s3.amazonaws.com/ecn-watermarks/effex/62689_5.jpg]]></imageMediumFront>
								
									<imageMediumBack><![CDATA[https://s3.amazonaws.com/ecn-watermarks/effex/62689_6.jpg]]></imageMediumBack>
								
									<imageThumbnailFront><![CDATA[https://s3.amazonaws.com/ecn-watermarks/effex/62689_9.jpg]]></imageThumbnailFront>
								
									<imageThumbnailBack><![CDATA[https://s3.amazonaws.com/ecn-watermarks/effex/62689_10.jpg]]></imageThumbnailBack>
									
				<manufacturer><![CDATA[Vedo Toys]]></manufacturer>
				<categories>PANTIES,SEX TOYS FOR WOMEN,MASSAGERS,RECHARGABLE,</categories>
				<itemDescription>niki RECHARGEABLE PANTY VIBE discreetly delights with 10 powerful vibration modes and 6 intensity levels. Sleek, sexy and completely flexible, this vibe is designed to fit your pleasure button the way a panty vibe should - comfortably. With a magnet to securely hold the vibe in place and sleek remote control, it`s a must have for a fun night out or in. Whisper quiet and completely submersible, you can also take niki for a swim. Only you will know how much fun you`re having.


Rechargeable with USB cable (included)
Vibration Modes:  10
Intensity Levels:  6
Magnet to hold securely in place
Sleek bendable shape to fit all shapes and sizes
Charge Time:  180 min.
Usage Time:  45 min.
Nub tip for clitoral stimulation
</itemDescription> <htmlitemdescriptioninbase64format>bmlraSBSRUNIQVJHRUFCTEUgUEFOVFkgVklCRSBkaXNjcmVldGx5IGRlbGlnaHRzIHdpdGggMTAgcG93ZXJmdWwgdmlicmF0aW9uIG1vZGVzIGFuZCA2IGludGVuc2l0eSBsZXZlbHMuIFNsZWVrLCBzZXh5IGFuZCBjb21wbGV0ZWx5IGZsZXhpYmxlLCB0aGlzIHZpYmUgaXMgZGVzaWduZWQgdG8gZml0IHlvdXIgcGxlYXN1cmUgYnV0dG9uIHRoZSB3YXkgYSBwYW50eSB2aWJlIHNob3VsZCAtIGNvbWZvcnRhYmx5LiBXaXRoIGEgbWFnbmV0IHRvIHNlY3VyZWx5IGhvbGQgdGhlIHZpYmUgaW4gcGxhY2UgYW5kIHNsZWVrIHJlbW90ZSBjb250cm9sLCBpdD9zIGEgbXVzdCBoYXZlIGZvciBhIGZ1biBuaWdodCBvdXQgb3IgaW4uIFdoaXNwZXIgcXVpZXQgYW5kIGNvbXBsZXRlbHkgc3VibWVyc2libGUsIHlvdSBjYW4gYWxzbyB0YWtlIG5pa2kgZm9yIGEgc3dpbS4gT25seSB5b3Ugd2lsbCBrbm93IGhvdyBtdWNoIGZ1biB5b3U/cmUgaGF2aW5nLjxicj48YnI+Cgo8dWw+CjxsaT5SZWNoYXJnZWFibGUgd2l0aCBVU0IgY2FibGUgKGluY2x1ZGVkKTwvbGk+CjxsaT5WaWJyYXRpb24gTW9kZXM6ICAxMDwvbGk+CjxsaT5JbnRlbnNpdHkgTGV2ZWxzOiAgNjwvbGk+CjxsaT5NYWduZXQgdG8gaG9sZCBzZWN1cmVseSBpbiBwbGFjZTwvbGk+CjxsaT5TbGVlayBiZW5kYWJsZSBzaGFwZSB0byBmaXQgYWxsIHNoYXBlcyBhbmQgc2l6ZXM8L2xpPgo8bGk+Q2hhcmdlIFRpbWU6ICAxODAgbWluLjwvbGk+CjxsaT5Vc2FnZSBUaW1lOiAgNDUgbWluLjwvbGk+CjxsaT5OdWIgdGlwIGZvciBjbGl0b3JhbCBzdGltdWxhdGlvbjwvbGk+CjwvdWw+</htmlitemdescriptioninbase64format>												
				<upc>789185757137</upc>			
				<dateUpdated>12/24/2020 12:01:18 PM</dateUpdated>	
				<itemweight><![CDATA[0.38]]></itemweight>		
				<dateCreated>07/02/2020 2:00:07 PM</dateCreated>			
				<deliveryallowed><![CDATA[0]]></deliveryallowed>	

					
						<categoriesV2>

											
							<categoritem>
								
									<mastercategories></mastercategories>
								
									<subcategories><![CDATA[Panty Massager|Usb Rechargeable]]></subcategories>
														
							</categoritem>					
												
						</categoriesV2>
						
					<alternatetitle><![CDATA[VeDO Niki Rechargeable Silicone Panty Vibrator - Deep Purple]]></alternatetitle>
					<height><![CDATA[5]]></height>
					<width><![CDATA[2.5]]></width>
					<length><![CDATA[3]]></length>
					<marketplacerestrictions><![CDATA[1]]></marketplacerestrictions>
					<discontinued>No</discontinued>
					
						<regulations />
												
													
			</item>
				
			<item>
				<title><![CDATA[Frisky Bunny Recharge Vibe Ring Purple]]></title>
				<releaseDate>07/24/2020</releaseDate>				
				<itemSKU>SAVBU-0103</itemSKU>
				<itemID>62703</itemID>		
				<standardPrice>16.0000</standardPrice>		
				<mapPrice>31.99</mapPrice>
				<msrpPrice>39.99</msrpPrice>			
				<stock>Available Now</stock>
				<multiplesOF>1</multiplesOF> 
									<imageLargeFront><![CDATA[https://s3.amazonaws.com/ecn-watermarks/effex/62703_1.jpg]]></imageLargeFront>
								
									<imageLargeBack><![CDATA[https://s3.amazonaws.com/ecn-watermarks/effex/62703_2.jpg]]></imageLargeBack>
								
									<imageMediumFront><![CDATA[https://s3.amazonaws.com/ecn-watermarks/effex/62703_5.jpg]]></imageMediumFront>
								
									<imageMediumBack><![CDATA[https://s3.amazonaws.com/ecn-watermarks/effex/62703_6.jpg]]></imageMediumBack>
								
									<imageThumbnailFront><![CDATA[https://s3.amazonaws.com/ecn-watermarks/effex/62703_9.jpg]]></imageThumbnailFront>
								
									<imageThumbnailBack><![CDATA[https://s3.amazonaws.com/ecn-watermarks/effex/62703_10.jpg]]></imageThumbnailBack>
									
				<manufacturer><![CDATA[Vedo Toys]]></manufacturer>
				<categories>COCKRINGS W/CLIT STIMULATION,SEX TOYS FOR COUPLES,VIBRATING MULTI-SPEED,RECHARGABLE,</categories>
				<itemDescription>FRISKY BUNNY will ensure your partner never feels jealous of your bunny love. Designed to help him stay harder longer, while the vibrating ears massage her clitoris with every sensual move.

PRODUCT FEATURES

Powerful motors
5 vibration modes
One button easy control
Extremely quiet
Velvety smooth silicone
Splash proof  suitable for shower
Rechargeable (USB cable included)
Running time:  1 hour


Dimensions:
Height:  3.07
Inner Diameter:  1.25 in.</itemDescription> <htmlitemdescriptioninbase64format>RlJJU0tZIEJVTk5ZIHdpbGwgZW5zdXJlIHlvdXIgcGFydG5lciBuZXZlciBmZWVscyBqZWFsb3VzIG9mIHlvdXIgYnVubnkgbG92ZS4gRGVzaWduZWQgdG8gaGVscCBoaW0gc3RheSBoYXJkZXIgbG9uZ2VyLCB3aGlsZSB0aGUgdmlicmF0aW5nIGVhcnMgbWFzc2FnZSBoZXIgY2xpdG9yaXMgd2l0aCBldmVyeSBzZW5zdWFsIG1vdmUuPGJyPjxicj4KClBST0RVQ1QgRkVBVFVSRVMKPHVsPgo8bGk+UG93ZXJmdWwgbW90b3JzPC9saT4KPGxpPjUgdmlicmF0aW9uIG1vZGVzPC9saT4KPGxpPk9uZSBidXR0b24gZWFzeSBjb250cm9sPzwvbGk+CjxsaT5FeHRyZW1lbHkgcXVpZXQ8L2xpPgo8bGk+VmVsdmV0eSBzbW9vdGggc2lsaWNvbmU8L2xpPgo8bGk+U3BsYXNoIHByb29mID8gc3VpdGFibGUgZm9yIHNob3dlcjwvbGk+CjxsaT5SZWNoYXJnZWFibGUgKFVTQiBjYWJsZSBpbmNsdWRlZCk8L2xpPgo8bGk+UnVubmluZyB0aW1lOiAgMSBob3VyPC9saT4KPC91bD4KCkRpbWVuc2lvbnM6PGJyPgpIZWlnaHQ6ICAzLjA3PGJyPgpJbm5lciBEaWFtZXRlcjogIDEuMjUgaW4u</htmlitemdescriptioninbase64format>												
				<upc>731882511376</upc>			
				<dateUpdated>12/24/2020 12:01:18 PM</dateUpdated>	
				<itemweight><![CDATA[0.30]]></itemweight>		
				<dateCreated>07/07/2020 9:00:10 AM</dateCreated>			
				<deliveryallowed><![CDATA[0]]></deliveryallowed>	

					
						<categoriesV2>

											
							<categoritem>
								
									<mastercategories><![CDATA[Cockrings]]></mastercategories>
								
									<subcategories><![CDATA[Clit Stimulating Cock Rings|Rechargeable|Vibrating]]></subcategories>
														
							</categoritem>					
												
						</categoriesV2>
						
					<alternatetitle><![CDATA[VeDO Frisky Bunny Rechargeable Silicone Vibrating Cock Ring - Purple]]></alternatetitle>
					<height><![CDATA[2.5]]></height>
					<width><![CDATA[3]]></width>
					<length><![CDATA[5]]></length>
					<marketplacerestrictions><![CDATA[1]]></marketplacerestrictions>
					<discontinued>No</discontinued>
					
						<regulations />
												
													
			</item>
				
			<item>
				<title><![CDATA[Frisky Bunny Recharge Vibe Ring Black]]></title>
				<releaseDate>07/24/2020</releaseDate>				
				<itemSKU>SAVBU-0104</itemSKU>
				<itemID>62704</itemID>		
				<standardPrice>16.0000</standardPrice>		
				<mapPrice>31.99</mapPrice>
				<msrpPrice>39.99</msrpPrice>			
				<stock>Available Now</stock>
				<multiplesOF>1</multiplesOF> 
									<imageLargeFront><![CDATA[https://s3.amazonaws.com/ecn-watermarks/effex/62704_1.jpg]]></imageLargeFront>
								
									<imageLargeBack><![CDATA[https://s3.amazonaws.com/ecn-watermarks/effex/62704_2.jpg]]></imageLargeBack>
								
									<imageMediumFront><![CDATA[https://s3.amazonaws.com/ecn-watermarks/effex/62704_5.jpg]]></imageMediumFront>
								
									<imageMediumBack><![CDATA[https://s3.amazonaws.com/ecn-watermarks/effex/62704_6.jpg]]></imageMediumBack>
								
									<imageThumbnailFront><![CDATA[https://s3.amazonaws.com/ecn-watermarks/effex/62704_9.jpg]]></imageThumbnailFront>
								
									<imageThumbnailBack><![CDATA[https://s3.amazonaws.com/ecn-watermarks/effex/62704_10.jpg]]></imageThumbnailBack>
									
				<manufacturer><![CDATA[Vedo Toys]]></manufacturer>
				<categories>COCKRINGS W/CLIT STIMULATION,SEX TOYS FOR COUPLES,VIBRATING MULTI-SPEED,RECHARGABLE,</categories>
				<itemDescription>FRISKY BUNNY will ensure your partner never feels jealous of your bunny love. Designed to help him stay harder longer, while the vibrating ears massage her clitoris with every sensual move.

PRODUCT FEATURES

Powerful motors
5 vibration modes
One button easy control
Extremely quiet
Velvety smooth silicone
Splash proof  suitable for shower
Rechargeable (USB cable included)
Running time:  1 hour


Dimensions:
Height:  3.07
Inner Diameter:  1.25 in.</itemDescription> <htmlitemdescriptioninbase64format>RlJJU0tZIEJVTk5ZIHdpbGwgZW5zdXJlIHlvdXIgcGFydG5lciBuZXZlciBmZWVscyBqZWFsb3VzIG9mIHlvdXIgYnVubnkgbG92ZS4gRGVzaWduZWQgdG8gaGVscCBoaW0gc3RheSBoYXJkZXIgbG9uZ2VyLCB3aGlsZSB0aGUgdmlicmF0aW5nIGVhcnMgbWFzc2FnZSBoZXIgY2xpdG9yaXMgd2l0aCBldmVyeSBzZW5zdWFsIG1vdmUuPGJyPjxicj4KClBST0RVQ1QgRkVBVFVSRVMKPHVsPgo8bGk+UG93ZXJmdWwgbW90b3JzPC9saT4KPGxpPjUgdmlicmF0aW9uIG1vZGVzPC9saT4KPGxpPk9uZSBidXR0b24gZWFzeSBjb250cm9sPzwvbGk+CjxsaT5FeHRyZW1lbHkgcXVpZXQ8L2xpPgo8bGk+VmVsdmV0eSBzbW9vdGggc2lsaWNvbmU8L2xpPgo8bGk+U3BsYXNoIHByb29mID8gc3VpdGFibGUgZm9yIHNob3dlcjwvbGk+CjxsaT5SZWNoYXJnZWFibGUgKFVTQiBjYWJsZSBpbmNsdWRlZCk8L2xpPgo8bGk+UnVubmluZyB0aW1lOiAgMSBob3VyPC9saT4KPC91bD4KCkRpbWVuc2lvbnM6PGJyPgpIZWlnaHQ6ICAzLjA3PGJyPgpJbm5lciBEaWFtZXRlcjogIDEuMjUgaW4u</htmlitemdescriptioninbase64format>												
				<upc>731882511369</upc>			
				<dateUpdated>12/24/2020 12:01:18 PM</dateUpdated>	
				<itemweight><![CDATA[0.34]]></itemweight>		
				<dateCreated>07/07/2020 9:30:12 AM</dateCreated>			
				<deliveryallowed><![CDATA[0]]></deliveryallowed>	

					
						<categoriesV2>

											
							<categoritem>
								
									<mastercategories><![CDATA[Cockrings]]></mastercategories>
								
									<subcategories><![CDATA[Clit Stimulating Cock Rings|Rechargeable|Vibrating]]></subcategories>
														
							</categoritem>					
												
						</categoriesV2>
						
					<alternatetitle><![CDATA[VeDO Frisky Bunny Rechargeable Silicone Vibrating Cock Ring - Black]]></alternatetitle>
					<height><![CDATA[2.5]]></height>
					<width><![CDATA[3]]></width>
					<length><![CDATA[5]]></length>
					<marketplacerestrictions><![CDATA[1]]></marketplacerestrictions>
					<discontinued>No</discontinued>
					
						<regulations />
												
													
			</item>
				
			<item>
				<title><![CDATA[Kinky Bunny Plus Recharge Vibe Deep Purp]]></title>
				<releaseDate>07/24/2020</releaseDate>				
				<itemSKU>SAVBU-0405</itemSKU>
				<itemID>62708</itemID>		
				<standardPrice>32.5000</standardPrice>		
				<mapPrice>68.99</mapPrice>
				<msrpPrice>74.99</msrpPrice>			
				<stock>Available Now</stock>
				<multiplesOF>1</multiplesOF> 
									<imageLargeFront><![CDATA[https://s3.amazonaws.com/ecn-watermarks/effex/62708_1.jpg]]></imageLargeFront>
								
									<imageLargeBack><![CDATA[https://s3.amazonaws.com/ecn-watermarks/effex/62708_2.jpg]]></imageLargeBack>
								
									<imageMediumFront><![CDATA[https://s3.amazonaws.com/ecn-watermarks/effex/62708_5.jpg]]></imageMediumFront>
								
									<imageMediumBack><![CDATA[https://s3.amazonaws.com/ecn-watermarks/effex/62708_6.jpg]]></imageMediumBack>
								
									<imageThumbnailFront><![CDATA[https://s3.amazonaws.com/ecn-watermarks/effex/62708_9.jpg]]></imageThumbnailFront>
								
									<imageThumbnailBack><![CDATA[https://s3.amazonaws.com/ecn-watermarks/effex/62708_10.jpg]]></imageThumbnailBack>
									
				<manufacturer><![CDATA[Vedo Toys]]></manufacturer>
				<categories>VIBRATORS WITH CLIT STIMULATIO,SEX TOYS FOR WOMEN,RECHARGABLE,</categories>
				<itemDescription>KINKY BUNNY plus rechargeable dual motor vibrator delivers mind blowing pleasure to both the G-spot and clitoris simultaneously. While the thin shaft and bulbous head taps into your G-spot, the ribbed tickler and flexible tip electrifies your clitoris. The unique shape of this game changer, boasts 10 powerful functions with a simple touch of the remote. Giddy-up girls and take a ride you`ll never forget.

PRODUCT FEATURES

2 powerful motors
12 + 12 vibration modes
One button easy control
Extremely quiet
Velvety smooth silicone
Rechargeable (USB cable included)
Flexible arm
Submersible
Travel lock feature
Running time:  1 hour


Dimensions:
Height:  7.28 in.
Max Diameter:  1.25 in.</itemDescription> <htmlitemdescriptioninbase64format>S0lOS1kgQlVOTlkgcGx1cyByZWNoYXJnZWFibGUgZHVhbCBtb3RvciB2aWJyYXRvciBkZWxpdmVycyBtaW5kIGJsb3dpbmcgcGxlYXN1cmUgdG8gYm90aCB0aGUgRy1zcG90IGFuZCBjbGl0b3JpcyBzaW11bHRhbmVvdXNseS4gV2hpbGUgdGhlIHRoaW4gc2hhZnQgYW5kIGJ1bGJvdXMgaGVhZCB0YXBzIGludG8geW91ciBHLXNwb3QsIHRoZSByaWJiZWQgdGlja2xlciBhbmQgZmxleGlibGUgdGlwIGVsZWN0cmlmaWVzIHlvdXIgY2xpdG9yaXMuIFRoZSB1bmlxdWUgc2hhcGUgb2YgdGhpcyBnYW1lIGNoYW5nZXIsIGJvYXN0cyAxMCBwb3dlcmZ1bCBmdW5jdGlvbnMgd2l0aCBhIHNpbXBsZSB0b3VjaCBvZiB0aGUgcmVtb3RlLiBHaWRkeS11cCBnaXJscyBhbmQgdGFrZSBhIHJpZGUgeW91P2xsIG5ldmVyIGZvcmdldC48YnI+PGJyPgoKUFJPRFVDVCBGRUFUVVJFUwo8dWw+CjxsaT4yIHBvd2VyZnVsIG1vdG9yczwvbGk+CjxsaT4xMiArIDEyIHZpYnJhdGlvbiBtb2RlczwvbGk+CjxsaT5PbmUgYnV0dG9uIGVhc3kgY29udHJvbD88L2xpPgo8bGk+RXh0cmVtZWx5IHF1aWV0PC9saT4KPGxpPlZlbHZldHkgc21vb3RoIHNpbGljb25lPC9saT4KPGxpPlJlY2hhcmdlYWJsZSAoVVNCIGNhYmxlIGluY2x1ZGVkKTwvbGk+CjxsaT5GbGV4aWJsZSBhcm08L2xpPgo8bGk+U3VibWVyc2libGU8L2xpPgo8bGk+VHJhdmVsIGxvY2sgZmVhdHVyZTwvbGk+CjxsaT5SdW5uaW5nIHRpbWU6ICAxIGhvdXI8L2xpPgo8L3VsPgoKRGltZW5zaW9uczo8YnI+CkhlaWdodDogIDcuMjggaW4uPGJyPgpNYXggRGlhbWV0ZXI6ICAxLjI1IGluLg==</htmlitemdescriptioninbase64format>												
				<upc>789185757052</upc>			
				<dateUpdated>12/24/2020 12:01:18 PM</dateUpdated>	
				<itemweight><![CDATA[0.76]]></itemweight>		
				<dateCreated>07/07/2020 10:30:09 AM</dateCreated>			
				<deliveryallowed><![CDATA[0]]></deliveryallowed>	

					
						<categoriesV2>

											
							<categoritem>
								
									<mastercategories><![CDATA[Clitoral Stimulation|Vibrators]]></mastercategories>
								
									<subcategories><![CDATA[Rabbits|Usb Rechargeable]]></subcategories>
														
							</categoritem>					
												
						</categoriesV2>
						
					<alternatetitle><![CDATA[VeDO Kinky Bunny Plus Rechargeable Silicone Rabbit Vibrator - Deep Purple]]></alternatetitle>
					<height><![CDATA[2]]></height>
					<width><![CDATA[3.75]]></width>
					<length><![CDATA[9.5]]></length>
					<marketplacerestrictions><![CDATA[1]]></marketplacerestrictions>
					<discontinued>No</discontinued>
					
						<regulations />
												
													
			</item>
				
			<item>
				<title><![CDATA[Thunder Bunny Recharge Dual Ring Purple]]></title>
				<releaseDate>07/27/2020</releaseDate>				
				<itemSKU>SAVBU-0605</itemSKU>
				<itemID>62715</itemID>		
				<standardPrice>26.0000</standardPrice>		
				<mapPrice>51.99</mapPrice>
				<msrpPrice>59.99</msrpPrice>			
				<stock>Available Now</stock>
				<multiplesOF>1</multiplesOF> 
									<imageLargeFront><![CDATA[https://s3.amazonaws.com/ecn-watermarks/effex/62715_1.jpg]]></imageLargeFront>
								
									<imageLargeBack><![CDATA[https://s3.amazonaws.com/ecn-watermarks/effex/62715_2.jpg]]></imageLargeBack>
								
									<imageMediumFront><![CDATA[https://s3.amazonaws.com/ecn-watermarks/effex/62715_5.jpg]]></imageMediumFront>
								
									<imageMediumBack><![CDATA[https://s3.amazonaws.com/ecn-watermarks/effex/62715_6.jpg]]></imageMediumBack>
								
									<imageThumbnailFront><![CDATA[https://s3.amazonaws.com/ecn-watermarks/effex/62715_9.jpg]]></imageThumbnailFront>
								
									<imageThumbnailBack><![CDATA[https://s3.amazonaws.com/ecn-watermarks/effex/62715_10.jpg]]></imageThumbnailBack>
									
				<manufacturer><![CDATA[Vedo Toys]]></manufacturer>
				<categories>COCKRINGS W/CLIT STIMULATION,SEX TOYS FOR COUPLES,VIBRATING MULTI-SPEED,RECHARGABLE,</categories>
				<itemDescription>Thunder Bunny rechargeable vibrating ring hops into action with its super powerful motor and 10 vibration modes. Designed to help him stay harder, longer. Simply slide the smaller ring down your shaft, pull the larger ring around your boys and let the vibrating bunny ears work their magic. They will tickle and excite all your partner`s erogenous zones. And don`t be afraid to let your bunny loose in the water, he`s completely submersible.

PRODUCT FEATURES

Extremely powerful motor
Rechargeable (USB cable included)
10 vibration modes
One button easy control
Extremely quiet
Velvety smooth silicone
Submersible
Running time:  45 mins


Dimensions:
Length:  3.74 in.
Inner Diameter:  1.25 in.</itemDescription> <htmlitemdescriptioninbase64format>VGh1bmRlciBCdW5ueSByZWNoYXJnZWFibGUgdmlicmF0aW5nIHJpbmcgaG9wcyBpbnRvIGFjdGlvbiB3aXRoIGl0cyBzdXBlciBwb3dlcmZ1bCBtb3RvciBhbmQgMTAgdmlicmF0aW9uIG1vZGVzLiBEZXNpZ25lZCB0byBoZWxwIGhpbSBzdGF5IGhhcmRlciwgbG9uZ2VyLiBTaW1wbHkgc2xpZGUgdGhlIHNtYWxsZXIgcmluZyBkb3duIHlvdXIgc2hhZnQsIHB1bGwgdGhlIGxhcmdlciByaW5nIGFyb3VuZCB5b3VyIGJveXMgYW5kIGxldCB0aGUgdmlicmF0aW5nIGJ1bm55IGVhcnMgd29yayB0aGVpciBtYWdpYy4gVGhleSB3aWxsIHRpY2tsZSBhbmQgZXhjaXRlIGFsbCB5b3VyIHBhcnRuZXI/cyBlcm9nZW5vdXMgem9uZXMuIEFuZCBkb24/dCBiZSBhZnJhaWQgdG8gbGV0IHlvdXIgYnVubnkgbG9vc2UgaW4gdGhlIHdhdGVyLCBoZT9zIGNvbXBsZXRlbHkgc3VibWVyc2libGUuPGJyPjxicj4KClBST0RVQ1QgRkVBVFVSRVMKPHVsPgo8bGk+RXh0cmVtZWx5IHBvd2VyZnVsIG1vdG9yPC9saT4KPGxpPlJlY2hhcmdlYWJsZSAoVVNCIGNhYmxlIGluY2x1ZGVkKTwvbGk+CjxsaT4xMCB2aWJyYXRpb24gbW9kZXM8L2xpPgo8bGk+T25lIGJ1dHRvbiBlYXN5IGNvbnRyb2w/PC9saT4KPGxpPkV4dHJlbWVseSBxdWlldDwvbGk+CjxsaT5WZWx2ZXR5IHNtb290aCBzaWxpY29uZTwvbGk+CjxsaT5TdWJtZXJzaWJsZTwvbGk+CjxsaT5SdW5uaW5nIHRpbWU6ICA0NSBtaW5zPC9saT4KPC91bD4KCkRpbWVuc2lvbnM6PGJyPgpMZW5ndGg6ICAzLjc0IGluLjxicj4KSW5uZXIgRGlhbWV0ZXI6ICAxLjI1IGluLg==</htmlitemdescriptioninbase64format>												
				<upc>789185756857</upc>			
				<dateUpdated>12/24/2020 12:01:18 PM</dateUpdated>	
				<itemweight><![CDATA[0.38]]></itemweight>		
				<dateCreated>07/07/2020 11:30:14 AM</dateCreated>			
				<deliveryallowed><![CDATA[0]]></deliveryallowed>	

					
						<categoriesV2>

											
							<categoritem>
								
									<mastercategories><![CDATA[Cockrings]]></mastercategories>
								
									<subcategories><![CDATA[Clit Stimulating Cock Rings|Rechargeable|Vibrating]]></subcategories>
														
							</categoritem>					
												
						</categoriesV2>
						
					<alternatetitle><![CDATA[VeDO Thunder Bunny Rechargeable Silicone Dual Cock Ring - Deep Purple]]></alternatetitle>
					<height><![CDATA[2.5]]></height>
					<width><![CDATA[3]]></width>
					<length><![CDATA[5]]></length>
					<marketplacerestrictions><![CDATA[1]]></marketplacerestrictions>
					<discontinued>No</discontinued>
					
						<regulations />
												
													
			</item>
				
			<item>
				<title><![CDATA[Peach Recharge Egg Vibe Indigo]]></title>
				<releaseDate>07/24/2020</releaseDate>				
				<itemSKU>SAVVI-B0303</itemSKU>
				<itemID>62717</itemID>		
				<standardPrice>24.0000</standardPrice>		
				<mapPrice>47.99</mapPrice>
				<msrpPrice>54.99</msrpPrice>			
				<stock>Available Now</stock>
				<multiplesOF>1</multiplesOF> 
									<imageLargeFront><![CDATA[https://s3.amazonaws.com/ecn-watermarks/effex/62717_1.jpg]]></imageLargeFront>
								
									<imageLargeBack><![CDATA[https://s3.amazonaws.com/ecn-watermarks/effex/62717_2.jpg]]></imageLargeBack>
								
									<imageMediumFront><![CDATA[https://s3.amazonaws.com/ecn-watermarks/effex/62717_5.jpg]]></imageMediumFront>
								
									<imageMediumBack><![CDATA[https://s3.amazonaws.com/ecn-watermarks/effex/62717_6.jpg]]></imageMediumBack>
								
									<imageThumbnailFront><![CDATA[https://s3.amazonaws.com/ecn-watermarks/effex/62717_9.jpg]]></imageThumbnailFront>
								
									<imageThumbnailBack><![CDATA[https://s3.amazonaws.com/ecn-watermarks/effex/62717_10.jpg]]></imageThumbnailBack>
									
				<manufacturer><![CDATA[Vedo Toys]]></manufacturer>
				<categories>PELVIC EXERCISERS,SEX TOYS FOR WOMEN,</categories>
				<itemDescription>PEACH rechargeable egg delivers discreet and deeply gratifying sensations. This remote controlled egg allows you to change any of the 10 vibration modes with a touch of a button. Designed to provide you with pleasurable vibrations while building and toning pelvic muscles.

PRODUCT FEATURES

Powerful motor
Remote control
10 vibration modes
One button easy control
Extremely quiet
Velvety smooth silicone
Splash proof  suitable for shower
Rechargeable (USB cable included)
Running time:  1 hour


Dimensions:
Height:  5.90 in.
Max Diameter:  1.37 in.</itemDescription> <htmlitemdescriptioninbase64format>UEVBQ0ggcmVjaGFyZ2VhYmxlIGVnZyBkZWxpdmVycyBkaXNjcmVldCBhbmQgZGVlcGx5IGdyYXRpZnlpbmcgc2Vuc2F0aW9ucy4gVGhpcyByZW1vdGUgY29udHJvbGxlZCBlZ2cgYWxsb3dzIHlvdSB0byBjaGFuZ2UgYW55IG9mIHRoZSAxMCB2aWJyYXRpb24gbW9kZXMgd2l0aCBhIHRvdWNoIG9mIGEgYnV0dG9uLiBEZXNpZ25lZCB0byBwcm92aWRlIHlvdSB3aXRoIHBsZWFzdXJhYmxlIHZpYnJhdGlvbnMgd2hpbGUgYnVpbGRpbmcgYW5kIHRvbmluZyBwZWx2aWMgbXVzY2xlcy48YnI+PGJyPgoKUFJPRFVDVCBGRUFUVVJFUwo8dWw+CjxsaT5Qb3dlcmZ1bCBtb3RvcjwvbGk+CjxsaT5SZW1vdGUgY29udHJvbDwvbGk+CjxsaT4xMCB2aWJyYXRpb24gbW9kZXM8L2xpPgo8bGk+T25lIGJ1dHRvbiBlYXN5IGNvbnRyb2w/PC9saT4KPGxpPkV4dHJlbWVseSBxdWlldDwvbGk+CjxsaT5WZWx2ZXR5IHNtb290aCBzaWxpY29uZTwvbGk+CjxsaT5TcGxhc2ggcHJvb2YgPyBzdWl0YWJsZSBmb3Igc2hvd2VyPC9saT4KPGxpPlJlY2hhcmdlYWJsZSAoVVNCIGNhYmxlIGluY2x1ZGVkKTwvbGk+CjxsaT5SdW5uaW5nIHRpbWU6ICAxIGhvdXI8L2xpPgo8L3VsPgoKRGltZW5zaW9uczo8YnI+CkhlaWdodDogIDUuOTAgaW4uPGJyPgpNYXggRGlhbWV0ZXI6ICAxLjM3IGluLg==</htmlitemdescriptioninbase64format>												
				<upc>731882511505</upc>			
				<dateUpdated>12/24/2020 12:01:18 PM</dateUpdated>	
				<itemweight><![CDATA[0.34]]></itemweight>		
				<dateCreated>07/07/2020 12:00:08 PM</dateCreated>			
				<deliveryallowed><![CDATA[0]]></deliveryallowed>	

					
						<categoriesV2>

											
							<categoritem>
								
									<mastercategories><![CDATA[Eggs & Bullets|Kegel & Pelvic Exerciser]]></mastercategories>
								
									<subcategories><![CDATA[Usb Rechargeable]]></subcategories>
														
							</categoritem>					
												
						</categoriesV2>
						
					<alternatetitle><![CDATA[VeDO Peach Rechargeable Silicone Egg Vibrator - Into You Indigo]]></alternatetitle>
					<height><![CDATA[2]]></height>
					<width><![CDATA[3.75]]></width>
					<length><![CDATA[7.75]]></length>
					<marketplacerestrictions><![CDATA[1]]></marketplacerestrictions>
					<discontinued>No</discontinued>
					
						<regulations />
												
													
			</item>
				
			<item>
				<title><![CDATA[Peach Recharge Egg Vibe Pink]]></title>
				<releaseDate>07/24/2020</releaseDate>				
				<itemSKU>SAVVI-B0309</itemSKU>
				<itemID>62719</itemID>		
				<standardPrice>24.0000</standardPrice>		
				<mapPrice>47.99</mapPrice>
				<msrpPrice>54.99</msrpPrice>			
				<stock>Available Now</stock>
				<multiplesOF>1</multiplesOF> 
									<imageLargeFront><![CDATA[https://s3.amazonaws.com/ecn-watermarks/effex/62719_1.jpg]]></imageLargeFront>
								
									<imageLargeBack><![CDATA[https://s3.amazonaws.com/ecn-watermarks/effex/62719_2.jpg]]></imageLargeBack>
								
									<imageMediumFront><![CDATA[https://s3.amazonaws.com/ecn-watermarks/effex/62719_5.jpg]]></imageMediumFront>
								
									<imageMediumBack><![CDATA[https://s3.amazonaws.com/ecn-watermarks/effex/62719_6.jpg]]></imageMediumBack>
								
									<imageThumbnailFront><![CDATA[https://s3.amazonaws.com/ecn-watermarks/effex/62719_9.jpg]]></imageThumbnailFront>
								
									<imageThumbnailBack><![CDATA[https://s3.amazonaws.com/ecn-watermarks/effex/62719_10.jpg]]></imageThumbnailBack>
									
				<manufacturer><![CDATA[Vedo Toys]]></manufacturer>
				<categories>PELVIC EXERCISERS,SEX TOYS FOR WOMEN,</categories>
				<itemDescription>PEACH rechargeable egg delivers discreet and deeply gratifying sensations. This remote controlled egg allows you to change any of the 10 vibration modes with a touch of a button. Designed to provide you with pleasurable vibrations while building and toning pelvic muscles.

PRODUCT FEATURES

Powerful motor
Remote control
10 vibration modes
One button easy control
Extremely quiet
Velvety smooth silicone
Splash proof  suitable for shower
Rechargeable (USB cable included)
Running time:  1 hour


Dimensions:
Height:  5.90 in.
Max Diameter:  1.37 in.</itemDescription> <htmlitemdescriptioninbase64format>UEVBQ0ggcmVjaGFyZ2VhYmxlIGVnZyBkZWxpdmVycyBkaXNjcmVldCBhbmQgZGVlcGx5IGdyYXRpZnlpbmcgc2Vuc2F0aW9ucy4gVGhpcyByZW1vdGUgY29udHJvbGxlZCBlZ2cgYWxsb3dzIHlvdSB0byBjaGFuZ2UgYW55IG9mIHRoZSAxMCB2aWJyYXRpb24gbW9kZXMgd2l0aCBhIHRvdWNoIG9mIGEgYnV0dG9uLiBEZXNpZ25lZCB0byBwcm92aWRlIHlvdSB3aXRoIHBsZWFzdXJhYmxlIHZpYnJhdGlvbnMgd2hpbGUgYnVpbGRpbmcgYW5kIHRvbmluZyBwZWx2aWMgbXVzY2xlcy48YnI+PGJyPgoKUFJPRFVDVCBGRUFUVVJFUwo8dWw+CjxsaT5Qb3dlcmZ1bCBtb3RvcjwvbGk+CjxsaT5SZW1vdGUgY29udHJvbDwvbGk+CjxsaT4xMCB2aWJyYXRpb24gbW9kZXM8L2xpPgo8bGk+T25lIGJ1dHRvbiBlYXN5IGNvbnRyb2w/PC9saT4KPGxpPkV4dHJlbWVseSBxdWlldDwvbGk+CjxsaT5WZWx2ZXR5IHNtb290aCBzaWxpY29uZTwvbGk+CjxsaT5TcGxhc2ggcHJvb2YgPyBzdWl0YWJsZSBmb3Igc2hvd2VyPC9saT4KPGxpPlJlY2hhcmdlYWJsZSAoVVNCIGNhYmxlIGluY2x1ZGVkKTwvbGk+CjxsaT5SdW5uaW5nIHRpbWU6ICAxIGhvdXI8L2xpPgo8L3VsPgoKRGltZW5zaW9uczo8YnI+CkhlaWdodDogIDUuOTAgaW4uPGJyPgpNYXggRGlhbWV0ZXI6ICAxLjM3IGluLg==</htmlitemdescriptioninbase64format>												
				<upc>731882511499</upc>			
				<dateUpdated>12/24/2020 12:01:18 PM</dateUpdated>	
				<itemweight><![CDATA[0.34]]></itemweight>		
				<dateCreated>07/07/2020 12:00:08 PM</dateCreated>			
				<deliveryallowed><![CDATA[0]]></deliveryallowed>	

					
						<categoriesV2>

											
							<categoritem>
								
									<mastercategories><![CDATA[Eggs & Bullets|Kegel & Pelvic Exerciser]]></mastercategories>
								
									<subcategories><![CDATA[Usb Rechargeable]]></subcategories>
														
							</categoritem>					
												
						</categoriesV2>
						
					<alternatetitle><![CDATA[VeDO Peach Rechargeable Silicone Egg Vibrator - Foxy Pink]]></alternatetitle>
					<height><![CDATA[2]]></height>
					<width><![CDATA[3.75]]></width>
					<length><![CDATA[7.75]]></length>
					<marketplacerestrictions><![CDATA[1]]></marketplacerestrictions>
					<discontinued>No</discontinued>
					
						<regulations />
												
													
			</item>
				
			<item>
				<title><![CDATA[Bam Recharge Bullet Turquoise]]></title>
				<releaseDate>07/24/2020</releaseDate>				
				<itemSKU>SAVVI-F0301</itemSKU>
				<itemID>62725</itemID>		
				<standardPrice>20.0000</standardPrice>		
				<mapPrice>39.99</mapPrice>
				<msrpPrice>44.99</msrpPrice>			
				<stock>Available Now</stock>
				<multiplesOF>1</multiplesOF> 
									<imageLargeFront><![CDATA[https://s3.amazonaws.com/ecn-watermarks/effex/62725_1.jpg]]></imageLargeFront>
								
									<imageLargeBack><![CDATA[https://s3.amazonaws.com/ecn-watermarks/effex/62725_2.jpg]]></imageLargeBack>
								
									<imageMediumFront><![CDATA[https://s3.amazonaws.com/ecn-watermarks/effex/62725_5.jpg]]></imageMediumFront>
								
									<imageMediumBack><![CDATA[https://s3.amazonaws.com/ecn-watermarks/effex/62725_6.jpg]]></imageMediumBack>
								
									<imageThumbnailFront><![CDATA[https://s3.amazonaws.com/ecn-watermarks/effex/62725_9.jpg]]></imageThumbnailFront>
								
									<imageThumbnailBack><![CDATA[https://s3.amazonaws.com/ecn-watermarks/effex/62725_10.jpg]]></imageThumbnailBack>
									
				<manufacturer><![CDATA[Vedo Toys]]></manufacturer>
				<categories>SEX TOYS FOR WOMEN,BULLETS and EGGS,RECHARGABLE,</categories>
				<itemDescription>BAM rechargeable bullet packs one helluva punch. As one of the most powerful bullets available, this bad boy has 10 supercharged vibration modes. Sleek and sexy, this bullet gives intense mind blowing pleasure and the feel of the silky smooth silicone always leaves you wanting more. For those who like to get wet and wild while they play, this vibe is completely waterproof. Don`t be fooled by its size, this mighty bullet will always satisfy your every desire.

PRODUCT FEATURES

Extremely powerful motor
Rechargeable (USB cable included)
10 vibration modes
One button easy control
Extremely quiet
Velvety smooth silicone
Designed for an easy ion
Submersible
Running time: 2 hours


Dimensions:
Height:  3.81 in.
Max Diameter:  0.94 in.</itemDescription> <htmlitemdescriptioninbase64format>QkFNIHJlY2hhcmdlYWJsZSBidWxsZXQgcGFja3Mgb25lIGhlbGx1dmEgcHVuY2guIEFzIG9uZSBvZiB0aGUgbW9zdCBwb3dlcmZ1bCBidWxsZXRzIGF2YWlsYWJsZSwgdGhpcyBiYWQgYm95IGhhcyAxMCBzdXBlcmNoYXJnZWQgdmlicmF0aW9uIG1vZGVzLiBTbGVlayBhbmQgc2V4eSwgdGhpcyBidWxsZXQgZ2l2ZXMgaW50ZW5zZSBtaW5kIGJsb3dpbmcgcGxlYXN1cmUgYW5kIHRoZSBmZWVsIG9mIHRoZSBzaWxreSBzbW9vdGggc2lsaWNvbmUgYWx3YXlzIGxlYXZlcyB5b3Ugd2FudGluZyBtb3JlLiBGb3IgdGhvc2Ugd2hvIGxpa2UgdG8gZ2V0IHdldCBhbmQgd2lsZCB3aGlsZSB0aGV5IHBsYXksIHRoaXMgdmliZSBpcyBjb21wbGV0ZWx5IHdhdGVycHJvb2YuIERvbj90IGJlIGZvb2xlZCBieSBpdHMgc2l6ZSwgdGhpcyBtaWdodHkgYnVsbGV0IHdpbGwgYWx3YXlzIHNhdGlzZnkgeW91ciBldmVyeSBkZXNpcmUuPGJyPjxicj4KClBST0RVQ1QgRkVBVFVSRVMKPHVsPgo8bGk+RXh0cmVtZWx5IHBvd2VyZnVsIG1vdG9yPC9saT4KPGxpPlJlY2hhcmdlYWJsZSAoVVNCIGNhYmxlIGluY2x1ZGVkKTwvbGk+CjxsaT4xMCB2aWJyYXRpb24gbW9kZXM8L2xpPgo8bGk+T25lIGJ1dHRvbiBlYXN5IGNvbnRyb2w/PC9saT4KPGxpPkV4dHJlbWVseSBxdWlldDwvbGk+CjxsaT5WZWx2ZXR5IHNtb290aCBzaWxpY29uZTwvbGk+CjxsaT5EZXNpZ25lZCBmb3IgYW4gZWFzeSBpbnNlcnRpb248L2xpPgo8bGk+U3VibWVyc2libGU8L2xpPgo8bGk+UnVubmluZyB0aW1lOiAyIGhvdXJzPC9saT4KPC91bD4KCkRpbWVuc2lvbnM6PGJyPgpIZWlnaHQ6ICAzLjgxIGluLjxicj4KTWF4IERpYW1ldGVyOiAgMC45NCBpbi4=</htmlitemdescriptioninbase64format>												
				<upc>731882511550</upc>			
				<dateUpdated>12/24/2020 12:01:18 PM</dateUpdated>	
				<itemweight><![CDATA[0.30]]></itemweight>		
				<dateCreated>07/07/2020 12:30:08 PM</dateCreated>			
				<deliveryallowed><![CDATA[0]]></deliveryallowed>	

					
						<categoriesV2>

											
							<categoritem>
								
									<mastercategories><![CDATA[Eggs & Bullets]]></mastercategories>
								
									<subcategories><![CDATA[Usb Rechargeable]]></subcategories>
														
							</categoritem>					
												
						</categoriesV2>
						
					<alternatetitle><![CDATA[VeDO Bam Rechargeable Silicone Bullet Vibrator - Tease Me Turquoise]]></alternatetitle>
					<height><![CDATA[1.75]]></height>
					<width><![CDATA[3]]></width>
					<length><![CDATA[6.25]]></length>
					<marketplacerestrictions><![CDATA[1]]></marketplacerestrictions>
					<discontinued>No</discontinued>
					
						<regulations />
												
													
			</item>
				
			<item>
				<title><![CDATA[Bam Recharge Bullet Indigo]]></title>
				<releaseDate>07/24/2020</releaseDate>				
				<itemSKU>SAVVI-F0303</itemSKU>
				<itemID>62726</itemID>		
				<standardPrice>20.0000</standardPrice>		
				<mapPrice>39.99</mapPrice>
				<msrpPrice>44.99</msrpPrice>			
				<stock>Available Now</stock>
				<multiplesOF>1</multiplesOF> 
									<imageLargeFront><![CDATA[https://s3.amazonaws.com/ecn-watermarks/effex/62726_1.jpg]]></imageLargeFront>
								
									<imageLargeBack><![CDATA[https://s3.amazonaws.com/ecn-watermarks/effex/62726_2.jpg]]></imageLargeBack>
								
									<imageMediumFront><![CDATA[https://s3.amazonaws.com/ecn-watermarks/effex/62726_5.jpg]]></imageMediumFront>
								
									<imageMediumBack><![CDATA[https://s3.amazonaws.com/ecn-watermarks/effex/62726_6.jpg]]></imageMediumBack>
								
									<imageThumbnailFront><![CDATA[https://s3.amazonaws.com/ecn-watermarks/effex/62726_9.jpg]]></imageThumbnailFront>
								
									<imageThumbnailBack><![CDATA[https://s3.amazonaws.com/ecn-watermarks/effex/62726_10.jpg]]></imageThumbnailBack>
									
				<manufacturer><![CDATA[Vedo Toys]]></manufacturer>
				<categories>SEX TOYS FOR WOMEN,BULLETS and EGGS,RECHARGABLE,</categories>
				<itemDescription>BAM rechargeable bullet packs one helluva punch. As one of the most powerful bullets available, this bad boy has 10 supercharged vibration modes. Sleek and sexy, this bullet gives intense mind blowing pleasure and the feel of the silky smooth silicone always leaves you wanting more. For those who like to get wet and wild while they play, this vibe is completely waterproof. Don`t be fooled by its size, this mighty bullet will always satisfy your every desire.

PRODUCT FEATURES

Extremely powerful motor
Rechargeable (USB cable included)
10 vibration modes
One button easy control
Extremely quiet
Velvety smooth silicone
Designed for an easy ion
Submersible
Running time: 2 hours


Dimensions:
Height:  3.81 in.
Max Diameter:  0.94 in.</itemDescription> <htmlitemdescriptioninbase64format>QkFNIHJlY2hhcmdlYWJsZSBidWxsZXQgcGFja3Mgb25lIGhlbGx1dmEgcHVuY2guIEFzIG9uZSBvZiB0aGUgbW9zdCBwb3dlcmZ1bCBidWxsZXRzIGF2YWlsYWJsZSwgdGhpcyBiYWQgYm95IGhhcyAxMCBzdXBlcmNoYXJnZWQgdmlicmF0aW9uIG1vZGVzLiBTbGVlayBhbmQgc2V4eSwgdGhpcyBidWxsZXQgZ2l2ZXMgaW50ZW5zZSBtaW5kIGJsb3dpbmcgcGxlYXN1cmUgYW5kIHRoZSBmZWVsIG9mIHRoZSBzaWxreSBzbW9vdGggc2lsaWNvbmUgYWx3YXlzIGxlYXZlcyB5b3Ugd2FudGluZyBtb3JlLiBGb3IgdGhvc2Ugd2hvIGxpa2UgdG8gZ2V0IHdldCBhbmQgd2lsZCB3aGlsZSB0aGV5IHBsYXksIHRoaXMgdmliZSBpcyBjb21wbGV0ZWx5IHdhdGVycHJvb2YuIERvbj90IGJlIGZvb2xlZCBieSBpdHMgc2l6ZSwgdGhpcyBtaWdodHkgYnVsbGV0IHdpbGwgYWx3YXlzIHNhdGlzZnkgeW91ciBldmVyeSBkZXNpcmUuPGJyPjxicj4KClBST0RVQ1QgRkVBVFVSRVMKPHVsPgo8bGk+RXh0cmVtZWx5IHBvd2VyZnVsIG1vdG9yPC9saT4KPGxpPlJlY2hhcmdlYWJsZSAoVVNCIGNhYmxlIGluY2x1ZGVkKTwvbGk+CjxsaT4xMCB2aWJyYXRpb24gbW9kZXM8L2xpPgo8bGk+T25lIGJ1dHRvbiBlYXN5IGNvbnRyb2w/PC9saT4KPGxpPkV4dHJlbWVseSBxdWlldDwvbGk+CjxsaT5WZWx2ZXR5IHNtb290aCBzaWxpY29uZTwvbGk+CjxsaT5EZXNpZ25lZCBmb3IgYW4gZWFzeSBpbnNlcnRpb248L2xpPgo8bGk+U3VibWVyc2libGU8L2xpPgo8bGk+UnVubmluZyB0aW1lOiAyIGhvdXJzPC9saT4KPC91bD4KCkRpbWVuc2lvbnM6PGJyPgpIZWlnaHQ6ICAzLjgxIGluLjxicj4KTWF4IERpYW1ldGVyOiAgMC45NCBpbi4=</htmlitemdescriptioninbase64format>												
				<upc>731882511543</upc>			
				<dateUpdated>12/24/2020 12:01:18 PM</dateUpdated>	
				<itemweight><![CDATA[0.30]]></itemweight>		
				<dateCreated>07/07/2020 12:30:08 PM</dateCreated>			
				<deliveryallowed><![CDATA[0]]></deliveryallowed>	

					
						<categoriesV2>

											
							<categoritem>
								
									<mastercategories><![CDATA[Eggs & Bullets]]></mastercategories>
								
									<subcategories><![CDATA[Usb Rechargeable]]></subcategories>
														
							</categoritem>					
												
						</categoriesV2>
						
					<alternatetitle><![CDATA[VeDO Bam Rechargeable Silicone Bullet Vibrator - Into You Indigo]]></alternatetitle>
					<height><![CDATA[1.75]]></height>
					<width><![CDATA[3]]></width>
					<length><![CDATA[6.25]]></length>
					<marketplacerestrictions><![CDATA[1]]></marketplacerestrictions>
					<discontinued>No</discontinued>
					
						<regulations />
												
													
			</item>
				
			<item>
				<title><![CDATA[Bam Recharge Bullet Pink]]></title>
				<releaseDate>07/24/2020</releaseDate>				
				<itemSKU>SAVVI-F0309</itemSKU>
				<itemID>62727</itemID>		
				<standardPrice>20.0000</standardPrice>		
				<mapPrice>39.99</mapPrice>
				<msrpPrice>44.99</msrpPrice>			
				<stock>Available Now</stock>
				<multiplesOF>1</multiplesOF> 
									<imageLargeFront><![CDATA[https://s3.amazonaws.com/ecn-watermarks/effex/62727_1.jpg]]></imageLargeFront>
								
									<imageLargeBack><![CDATA[https://s3.amazonaws.com/ecn-watermarks/effex/62727_2.jpg]]></imageLargeBack>
								
									<imageMediumFront><![CDATA[https://s3.amazonaws.com/ecn-watermarks/effex/62727_5.jpg]]></imageMediumFront>
								
									<imageMediumBack><![CDATA[https://s3.amazonaws.com/ecn-watermarks/effex/62727_6.jpg]]></imageMediumBack>
								
									<imageThumbnailFront><![CDATA[https://s3.amazonaws.com/ecn-watermarks/effex/62727_9.jpg]]></imageThumbnailFront>
								
									<imageThumbnailBack><![CDATA[https://s3.amazonaws.com/ecn-watermarks/effex/62727_10.jpg]]></imageThumbnailBack>
									
				<manufacturer><![CDATA[Vedo Toys]]></manufacturer>
				<categories>SEX TOYS FOR WOMEN,BULLETS and EGGS,RECHARGABLE,</categories>
				<itemDescription>BAM rechargeable bullet packs one helluva punch. As one of the most powerful bullets available, this bad boy has 10 supercharged vibration modes. Sleek and sexy, this bullet gives intense mind blowing pleasure and the feel of the silky smooth silicone always leaves you wanting more. For those who like to get wet and wild while they play, this vibe is completely waterproof. Don`t be fooled by its size, this mighty bullet will always satisfy your every desire.

PRODUCT FEATURES

Extremely powerful motor
Rechargeable (USB cable included)
10 vibration modes
One button easy control
Extremely quiet
Velvety smooth silicone
Designed for an easy ion
Submersible
Running time: 2 hours


Dimensions:
Height:  3.81 in.
Max Diameter:  0.94 in.</itemDescription> <htmlitemdescriptioninbase64format>QkFNIHJlY2hhcmdlYWJsZSBidWxsZXQgcGFja3Mgb25lIGhlbGx1dmEgcHVuY2guIEFzIG9uZSBvZiB0aGUgbW9zdCBwb3dlcmZ1bCBidWxsZXRzIGF2YWlsYWJsZSwgdGhpcyBiYWQgYm95IGhhcyAxMCBzdXBlcmNoYXJnZWQgdmlicmF0aW9uIG1vZGVzLiBTbGVlayBhbmQgc2V4eSwgdGhpcyBidWxsZXQgZ2l2ZXMgaW50ZW5zZSBtaW5kIGJsb3dpbmcgcGxlYXN1cmUgYW5kIHRoZSBmZWVsIG9mIHRoZSBzaWxreSBzbW9vdGggc2lsaWNvbmUgYWx3YXlzIGxlYXZlcyB5b3Ugd2FudGluZyBtb3JlLiBGb3IgdGhvc2Ugd2hvIGxpa2UgdG8gZ2V0IHdldCBhbmQgd2lsZCB3aGlsZSB0aGV5IHBsYXksIHRoaXMgdmliZSBpcyBjb21wbGV0ZWx5IHdhdGVycHJvb2YuIERvbj90IGJlIGZvb2xlZCBieSBpdHMgc2l6ZSwgdGhpcyBtaWdodHkgYnVsbGV0IHdpbGwgYWx3YXlzIHNhdGlzZnkgeW91ciBldmVyeSBkZXNpcmUuPGJyPjxicj4KClBST0RVQ1QgRkVBVFVSRVMKPHVsPgo8bGk+RXh0cmVtZWx5IHBvd2VyZnVsIG1vdG9yPC9saT4KPGxpPlJlY2hhcmdlYWJsZSAoVVNCIGNhYmxlIGluY2x1ZGVkKTwvbGk+CjxsaT4xMCB2aWJyYXRpb24gbW9kZXM8L2xpPgo8bGk+T25lIGJ1dHRvbiBlYXN5IGNvbnRyb2w/PC9saT4KPGxpPkV4dHJlbWVseSBxdWlldDwvbGk+CjxsaT5WZWx2ZXR5IHNtb290aCBzaWxpY29uZTwvbGk+CjxsaT5EZXNpZ25lZCBmb3IgYW4gZWFzeSBpbnNlcnRpb248L2xpPgo8bGk+U3VibWVyc2libGU8L2xpPgo8bGk+UnVubmluZyB0aW1lOiAyIGhvdXJzPC9saT4KPC91bD4KCkRpbWVuc2lvbnM6PGJyPgpIZWlnaHQ6ICAzLjgxIGluLjxicj4KTWF4IERpYW1ldGVyOiAgMC45NCBpbi4=</htmlitemdescriptioninbase64format>												
				<upc>731882511536</upc>			
				<dateUpdated>12/24/2020 12:01:18 PM</dateUpdated>	
				<itemweight><![CDATA[0.30]]></itemweight>		
				<dateCreated>07/07/2020 12:30:08 PM</dateCreated>			
				<deliveryallowed><![CDATA[0]]></deliveryallowed>	

					
						<categoriesV2>

											
							<categoritem>
								
									<mastercategories><![CDATA[Eggs & Bullets]]></mastercategories>
								
									<subcategories><![CDATA[Usb Rechargeable]]></subcategories>
														
							</categoritem>					
												
						</categoriesV2>
						
					<alternatetitle><![CDATA[VeDO Bam Rechargeable Silicone Bullet Vibrator - Foxy Pink]]></alternatetitle>
					<height><![CDATA[1.75]]></height>
					<width><![CDATA[3]]></width>
					<length><![CDATA[6]]></length>
					<marketplacerestrictions><![CDATA[1]]></marketplacerestrictions>
					<discontinued>No</discontinued>
					
						<regulations />
												
													
			</item>
				
			<item>
				<title><![CDATA[Izzy Recharge Clitoral Vibe Turquoise]]></title>
				<releaseDate>07/24/2020</releaseDate>				
				<itemSKU>SAVVI-F0401</itemSKU>
				<itemID>62729</itemID>		
				<standardPrice>21.5000</standardPrice>		
				<mapPrice>42.99</mapPrice>
				<msrpPrice>48.99</msrpPrice>			
				<stock>Available Now</stock>
				<multiplesOF>1</multiplesOF> 
									<imageLargeFront><![CDATA[https://s3.amazonaws.com/ecn-watermarks/effex/62729_1.jpg]]></imageLargeFront>
								
									<imageLargeBack><![CDATA[https://s3.amazonaws.com/ecn-watermarks/effex/62729_2.jpg]]></imageLargeBack>
								
									<imageMediumFront><![CDATA[https://s3.amazonaws.com/ecn-watermarks/effex/62729_5.jpg]]></imageMediumFront>
								
									<imageMediumBack><![CDATA[https://s3.amazonaws.com/ecn-watermarks/effex/62729_6.jpg]]></imageMediumBack>
								
									<imageThumbnailFront><![CDATA[https://s3.amazonaws.com/ecn-watermarks/effex/62729_9.jpg]]></imageThumbnailFront>
								
									<imageThumbnailBack><![CDATA[https://s3.amazonaws.com/ecn-watermarks/effex/62729_10.jpg]]></imageThumbnailBack>
									
				<manufacturer><![CDATA[Vedo Toys]]></manufacturer>
				<categories>CLIT STIMULATION,SEX TOYS FOR WOMEN,</categories>
				<itemDescription>IZZY rechargeable clitoral vibe boasts 10 extremely powerful vibration modes. This uniquely designed vibrator lends itself to effortless control as it fits easily into the palm of your hand. The silky smooth silicone, flexible body and nub tip allows you to pinpoint your pleasure zones as you tease and please all your hot spots. Whisper quiet and completely submersible, this discrete vibrator is a must have for all.

PRODUCT FEATURES

Extremely powerful motor
Rechargeable (USB cable included)
10 vibration modes
One button easy control
Extremely quiet
Velvety smooth silicone
Designed for an easy ion
Submersible
Running time:  1 hour


Dimensions:
Height:  3.74 in.
Max Diameter:  1.18 in.</itemDescription> <htmlitemdescriptioninbase64format>SVpaWSByZWNoYXJnZWFibGUgY2xpdG9yYWwgdmliZSBib2FzdHMgMTAgZXh0cmVtZWx5IHBvd2VyZnVsIHZpYnJhdGlvbiBtb2Rlcy4gVGhpcyB1bmlxdWVseSBkZXNpZ25lZCB2aWJyYXRvciBsZW5kcyBpdHNlbGYgdG8gZWZmb3J0bGVzcyBjb250cm9sIGFzIGl0IGZpdHMgZWFzaWx5IGludG8gdGhlIHBhbG0gb2YgeW91ciBoYW5kLiBUaGUgc2lsa3kgc21vb3RoIHNpbGljb25lLCBmbGV4aWJsZSBib2R5IGFuZCBudWIgdGlwIGFsbG93cyB5b3UgdG8gcGlucG9pbnQgeW91ciBwbGVhc3VyZSB6b25lcyBhcyB5b3UgdGVhc2UgYW5kIHBsZWFzZSBhbGwgeW91ciBob3Qgc3BvdHMuIFdoaXNwZXIgcXVpZXQgYW5kIGNvbXBsZXRlbHkgc3VibWVyc2libGUsIHRoaXMgZGlzY3JldGUgdmlicmF0b3IgaXMgYSBtdXN0IGhhdmUgZm9yIGFsbC48YnI+PGJyPgoKUFJPRFVDVCBGRUFUVVJFUwo8dWw+CjxsaT5FeHRyZW1lbHkgcG93ZXJmdWwgbW90b3I8L2xpPgo8bGk+UmVjaGFyZ2VhYmxlIChVU0IgY2FibGUgaW5jbHVkZWQpPC9saT4KPGxpPjEwIHZpYnJhdGlvbiBtb2RlczwvbGk+CjxsaT5PbmUgYnV0dG9uIGVhc3kgY29udHJvbD88L2xpPgo8bGk+RXh0cmVtZWx5IHF1aWV0PC9saT4KPGxpPlZlbHZldHkgc21vb3RoIHNpbGljb25lPC9saT4KPGxpPkRlc2lnbmVkIGZvciBhbiBlYXN5IGluc2VydGlvbjwvbGk+CjxsaT5TdWJtZXJzaWJsZTwvbGk+CjxsaT5SdW5uaW5nIHRpbWU6ICAxIGhvdXI8L2xpPgo8L3VsPgoKRGltZW5zaW9uczo8YnI+CkhlaWdodDogIDMuNzQgaW4uPGJyPgpNYXggRGlhbWV0ZXI6ICAxLjE4IGluLg==</htmlitemdescriptioninbase64format>												
				<upc>789185757243</upc>			
				<dateUpdated>12/24/2020 12:01:18 PM</dateUpdated>	
				<itemweight><![CDATA[0.38]]></itemweight>		
				<dateCreated>07/07/2020 2:00:10 PM</dateCreated>			
				<deliveryallowed><![CDATA[0]]></deliveryallowed>	

					
						<categoriesV2>

											
							<categoritem>
								
									<mastercategories><![CDATA[Clitoral Stimulation|Vibrators]]></mastercategories>
								
									<subcategories><![CDATA[Rechargeable]]></subcategories>
														
							</categoritem>					
												
						</categoriesV2>
						
					<alternatetitle><![CDATA[VeDO Izzy Rechargeable Silicone Clitoral Vibrator - Tease Me Turquoise]]></alternatetitle>
					<height><![CDATA[1.75]]></height>
					<width><![CDATA[3]]></width>
					<length><![CDATA[6.25]]></length>
					<marketplacerestrictions><![CDATA[1]]></marketplacerestrictions>
					<discontinued>No</discontinued>
					
						<regulations />
												
													
			</item>
				
			<item>
				<title><![CDATA[Izzy Recharge Clitoral Vibe Violet]]></title>
				<releaseDate>07/24/2020</releaseDate>				
				<itemSKU>SAVVI-F0410</itemSKU>
				<itemID>62730</itemID>		
				<standardPrice>21.5000</standardPrice>		
				<mapPrice>42.99</mapPrice>
				<msrpPrice>48.99</msrpPrice>			
				<stock>Available Now</stock>
				<multiplesOF>1</multiplesOF> 
									<imageLargeFront><![CDATA[https://s3.amazonaws.com/ecn-watermarks/effex/62730_1.jpg]]></imageLargeFront>
								
									<imageLargeBack><![CDATA[https://s3.amazonaws.com/ecn-watermarks/effex/62730_2.jpg]]></imageLargeBack>
								
									<imageMediumFront><![CDATA[https://s3.amazonaws.com/ecn-watermarks/effex/62730_5.jpg]]></imageMediumFront>
								
									<imageMediumBack><![CDATA[https://s3.amazonaws.com/ecn-watermarks/effex/62730_6.jpg]]></imageMediumBack>
								
									<imageThumbnailFront><![CDATA[https://s3.amazonaws.com/ecn-watermarks/effex/62730_9.jpg]]></imageThumbnailFront>
								
									<imageThumbnailBack><![CDATA[https://s3.amazonaws.com/ecn-watermarks/effex/62730_10.jpg]]></imageThumbnailBack>
									
				<manufacturer><![CDATA[Vedo Toys]]></manufacturer>
				<categories>CLIT STIMULATION,SEX TOYS FOR WOMEN,</categories>
				<itemDescription>IZZY rechargeable clitoral vibe boasts 10 extremely powerful vibration modes. This uniquely designed vibrator lends itself to effortless control as it fits easily into the palm of your hand. The silky smooth silicone, flexible body and nub tip allows you to pinpoint your pleasure zones as you tease and please all your hot spots. Whisper quiet and completely submersible, this discrete vibrator is a must have for all.

PRODUCT FEATURES

Extremely powerful motor
Rechargeable (USB cable included)
10 vibration modes
One button easy control
Extremely quiet
Velvety smooth silicone
Designed for an easy ion
Submersible
Running time:  1 hour


Dimensions:
Height:  3.74 in.
Max Diameter:  1.18 in.</itemDescription> <htmlitemdescriptioninbase64format>SVpaWSByZWNoYXJnZWFibGUgY2xpdG9yYWwgdmliZSBib2FzdHMgMTAgZXh0cmVtZWx5IHBvd2VyZnVsIHZpYnJhdGlvbiBtb2Rlcy4gVGhpcyB1bmlxdWVseSBkZXNpZ25lZCB2aWJyYXRvciBsZW5kcyBpdHNlbGYgdG8gZWZmb3J0bGVzcyBjb250cm9sIGFzIGl0IGZpdHMgZWFzaWx5IGludG8gdGhlIHBhbG0gb2YgeW91ciBoYW5kLiBUaGUgc2lsa3kgc21vb3RoIHNpbGljb25lLCBmbGV4aWJsZSBib2R5IGFuZCBudWIgdGlwIGFsbG93cyB5b3UgdG8gcGlucG9pbnQgeW91ciBwbGVhc3VyZSB6b25lcyBhcyB5b3UgdGVhc2UgYW5kIHBsZWFzZSBhbGwgeW91ciBob3Qgc3BvdHMuIFdoaXNwZXIgcXVpZXQgYW5kIGNvbXBsZXRlbHkgc3VibWVyc2libGUsIHRoaXMgZGlzY3JldGUgdmlicmF0b3IgaXMgYSBtdXN0IGhhdmUgZm9yIGFsbC48YnI+PGJyPgoKUFJPRFVDVCBGRUFUVVJFUwo8dWw+CjxsaT5FeHRyZW1lbHkgcG93ZXJmdWwgbW90b3I8L2xpPgo8bGk+UmVjaGFyZ2VhYmxlIChVU0IgY2FibGUgaW5jbHVkZWQpPC9saT4KPGxpPjEwIHZpYnJhdGlvbiBtb2RlczwvbGk+CjxsaT5PbmUgYnV0dG9uIGVhc3kgY29udHJvbD88L2xpPgo8bGk+RXh0cmVtZWx5IHF1aWV0PC9saT4KPGxpPlZlbHZldHkgc21vb3RoIHNpbGljb25lPC9saT4KPGxpPkRlc2lnbmVkIGZvciBhbiBlYXN5IGluc2VydGlvbjwvbGk+CjxsaT5TdWJtZXJzaWJsZTwvbGk+CjxsaT5SdW5uaW5nIHRpbWU6ICAxIGhvdXI8L2xpPgo8L3VsPgoKRGltZW5zaW9uczo8YnI+CkhlaWdodDogIDMuNzQgaW4uPGJyPgpNYXggRGlhbWV0ZXI6ICAxLjE4IGluLg==</htmlitemdescriptioninbase64format>												
				<upc>789185757236</upc>			
				<dateUpdated>12/24/2020 12:01:18 PM</dateUpdated>	
				<itemweight><![CDATA[0.40]]></itemweight>		
				<dateCreated>07/07/2020 2:00:10 PM</dateCreated>			
				<deliveryallowed><![CDATA[0]]></deliveryallowed>	

					
						<categoriesV2>

											
							<categoritem>
								
									<mastercategories><![CDATA[Clitoral Stimulation|Vibrators]]></mastercategories>
								
									<subcategories><![CDATA[Rechargeable]]></subcategories>
														
							</categoritem>					
												
						</categoriesV2>
						
					<alternatetitle><![CDATA[VeDO Izzy Rechargeable Silicone Clitoral Vibrator - Vixen Violet]]></alternatetitle>
					<height><![CDATA[1.5]]></height>
					<width><![CDATA[3]]></width>
					<length><![CDATA[6.25]]></length>
					<marketplacerestrictions><![CDATA[1]]></marketplacerestrictions>
					<discontinued>No</discontinued>
					
						<regulations />
												
													
			</item>
				
			<item>
				<title><![CDATA[Eva Mini Vibe Pink]]></title>
				<releaseDate>07/24/2020</releaseDate>				
				<itemSKU>SAVVI-M0304</itemSKU>
				<itemID>62743</itemID>		
				<standardPrice>13.2000</standardPrice>		
				<mapPrice>26.99</mapPrice>
				<msrpPrice>29.99</msrpPrice>			
				<stock>Available Now</stock>
				<multiplesOF>1</multiplesOF> 
									<imageLargeFront><![CDATA[https://s3.amazonaws.com/ecn-watermarks/effex/62743_1.jpg]]></imageLargeFront>
								
									<imageLargeBack><![CDATA[https://s3.amazonaws.com/ecn-watermarks/effex/62743_2.jpg]]></imageLargeBack>
								
									<imageMediumFront><![CDATA[https://s3.amazonaws.com/ecn-watermarks/effex/62743_5.jpg]]></imageMediumFront>
								
									<imageMediumBack><![CDATA[https://s3.amazonaws.com/ecn-watermarks/effex/62743_6.jpg]]></imageMediumBack>
								
									<imageThumbnailFront><![CDATA[https://s3.amazonaws.com/ecn-watermarks/effex/62743_9.jpg]]></imageThumbnailFront>
								
									<imageThumbnailBack><![CDATA[https://s3.amazonaws.com/ecn-watermarks/effex/62743_10.jpg]]></imageThumbnailBack>
									
				<manufacturer><![CDATA[Vedo Toys]]></manufacturer>
				<categories>VIBRATORS,SEX TOYS FOR WOMEN,</categories>
				<itemDescription>evaandtrade; Mini Vibe teases and pleases all your hot spots. Designed to indulge your G-spot with a gently curved head while you electrify your clitoris with a flexible rabbit tickler. This mini vibe packs a powerful punch that`s sure to please.


Curved head to target G-spot
Flexible rabbit tickler
Waterproof seal
Vibration Modes:  10
Requires 1 AAA battery (not included)
</itemDescription> <htmlitemdescriptioninbase64format>ZXZhJnRyYWRlOyBNaW5pIFZpYmUgdGVhc2VzIGFuZCBwbGVhc2VzIGFsbCB5b3VyIGhvdCBzcG90cy4gRGVzaWduZWQgdG8gaW5kdWxnZSB5b3VyIEctc3BvdCB3aXRoIGEgZ2VudGx5IGN1cnZlZCBoZWFkIHdoaWxlIHlvdSBlbGVjdHJpZnkgeW91ciBjbGl0b3JpcyB3aXRoIGEgZmxleGlibGUgcmFiYml0IHRpY2tsZXIuIFRoaXMgbWluaSB2aWJlIHBhY2tzIGEgcG93ZXJmdWwgcHVuY2ggdGhhdCdzIHN1cmUgdG8gcGxlYXNlLjxicj48YnI+Cgo8dWw+CjxsaT5DdXJ2ZWQgaGVhZCB0byB0YXJnZXQgRy1zcG90PC9saT4KPGxpPkZsZXhpYmxlIHJhYmJpdCB0aWNrbGVyPC9saT4KPGxpPldhdGVycHJvb2Ygc2VhbDwvbGk+CjxsaT5WaWJyYXRpb24gTW9kZXM6ICAxMDwvbGk+CjxsaT5SZXF1aXJlcyAxIEFBQSBiYXR0ZXJ5IChub3QgaW5jbHVkZWQpPC9saT4KPC91bD4=</htmlitemdescriptioninbase64format>												
				<upc>854306004237</upc>			
				<dateUpdated>12/24/2020 12:01:18 PM</dateUpdated>	
				<itemweight><![CDATA[0.22]]></itemweight>		
				<dateCreated>07/07/2020 3:00:11 PM</dateCreated>			
				<deliveryallowed><![CDATA[0]]></deliveryallowed>	

					
						<categoriesV2>

											
							<categoritem>
								
									<mastercategories><![CDATA[Vibrators]]></mastercategories>
								
									<subcategories></subcategories>
														
							</categoritem>					
												
						</categoriesV2>
						
					<alternatetitle><![CDATA[VeDO Eva Silicone Mini Vibrator - Make Me Blush Pink]]></alternatetitle>
					<height><![CDATA[1.5]]></height>
					<width><![CDATA[3]]></width>
					<length><![CDATA[6.25]]></length>
					<marketplacerestrictions><![CDATA[1]]></marketplacerestrictions>
					<discontinued>No</discontinued>
					
						<regulations />
												
													
			</item>
				
			<item>
				<title><![CDATA[Eva Mini Vibe Orgasmic Orchid]]></title>
				<releaseDate>07/24/2020</releaseDate>				
				<itemSKU>SAVVI-M0305</itemSKU>
				<itemID>62744</itemID>		
				<standardPrice>13.2000</standardPrice>		
				<mapPrice>26.99</mapPrice>
				<msrpPrice>29.99</msrpPrice>			
				<stock>Available Now</stock>
				<multiplesOF>1</multiplesOF> 
									<imageLargeFront><![CDATA[https://s3.amazonaws.com/ecn-watermarks/effex/62744_1.jpg]]></imageLargeFront>
								
									<imageLargeBack><![CDATA[https://s3.amazonaws.com/ecn-watermarks/effex/62744_2.jpg]]></imageLargeBack>
								
									<imageMediumFront><![CDATA[https://s3.amazonaws.com/ecn-watermarks/effex/62744_5.jpg]]></imageMediumFront>
								
									<imageMediumBack><![CDATA[https://s3.amazonaws.com/ecn-watermarks/effex/62744_6.jpg]]></imageMediumBack>
								
									<imageThumbnailFront><![CDATA[https://s3.amazonaws.com/ecn-watermarks/effex/62744_9.jpg]]></imageThumbnailFront>
								
									<imageThumbnailBack><![CDATA[https://s3.amazonaws.com/ecn-watermarks/effex/62744_10.jpg]]></imageThumbnailBack>
									
				<manufacturer><![CDATA[Vedo Toys]]></manufacturer>
				<categories>VIBRATORS,SEX TOYS FOR WOMEN,</categories>
				<itemDescription>evaandtrade; Mini Vibe teases and pleases all your hot spots. Designed to indulge your G-spot with a gently curved head while you electrify your clitoris with a flexible rabbit tickler. This mini vibe packs a powerful punch that`s sure to please.


Curved head to target G-spot
Flexible rabbit tickler
Waterproof seal
Vibration Modes:  10
Requires 1 AAA battery (not included)
</itemDescription> <htmlitemdescriptioninbase64format>ZXZhJnRyYWRlOyBNaW5pIFZpYmUgdGVhc2VzIGFuZCBwbGVhc2VzIGFsbCB5b3VyIGhvdCBzcG90cy4gRGVzaWduZWQgdG8gaW5kdWxnZSB5b3VyIEctc3BvdCB3aXRoIGEgZ2VudGx5IGN1cnZlZCBoZWFkIHdoaWxlIHlvdSBlbGVjdHJpZnkgeW91ciBjbGl0b3JpcyB3aXRoIGEgZmxleGlibGUgcmFiYml0IHRpY2tsZXIuIFRoaXMgbWluaSB2aWJlIHBhY2tzIGEgcG93ZXJmdWwgcHVuY2ggdGhhdCdzIHN1cmUgdG8gcGxlYXNlLjxicj48YnI+Cgo8dWw+CjxsaT5DdXJ2ZWQgaGVhZCB0byB0YXJnZXQgRy1zcG90PC9saT4KPGxpPkZsZXhpYmxlIHJhYmJpdCB0aWNrbGVyPC9saT4KPGxpPldhdGVycHJvb2Ygc2VhbDwvbGk+CjxsaT5WaWJyYXRpb24gTW9kZXM6ICAxMDwvbGk+CjxsaT5SZXF1aXJlcyAxIEFBQSBiYXR0ZXJ5IChub3QgaW5jbHVkZWQpPC9saT4KPC91bD4=</htmlitemdescriptioninbase64format>												
				<upc>854306004220</upc>			
				<dateUpdated>12/24/2020 12:01:18 PM</dateUpdated>	
				<itemweight><![CDATA[0.22]]></itemweight>		
				<dateCreated>07/07/2020 3:00:11 PM</dateCreated>			
				<deliveryallowed><![CDATA[0]]></deliveryallowed>	

					
						<categoriesV2>

											
							<categoritem>
								
									<mastercategories><![CDATA[Vibrators]]></mastercategories>
								
									<subcategories></subcategories>
														
							</categoritem>					
												
						</categoriesV2>
						
					<alternatetitle><![CDATA[VeDO Eva Silicone Mini Vibrator - Orgasmic Orchid]]></alternatetitle>
					<height><![CDATA[1.75]]></height>
					<width><![CDATA[3]]></width>
					<length><![CDATA[6.25]]></length>
					<marketplacerestrictions><![CDATA[1]]></marketplacerestrictions>
					<discontinued>No</discontinued>
					
						<regulations />
												
													
			</item>
				
			<item>
				<title><![CDATA[Luv Mini Vibe Hot In Bed Pink]]></title>
				<releaseDate>07/24/2020</releaseDate>				
				<itemSKU>SAVVI-M0402</itemSKU>
				<itemID>62745</itemID>		
				<standardPrice>13.2000</standardPrice>		
				<mapPrice>26.99</mapPrice>
				<msrpPrice>29.99</msrpPrice>			
				<stock>Available Now</stock>
				<multiplesOF>1</multiplesOF> 
									<imageLargeFront><![CDATA[https://s3.amazonaws.com/ecn-watermarks/effex/62745_1.jpg]]></imageLargeFront>
								
									<imageLargeBack><![CDATA[https://s3.amazonaws.com/ecn-watermarks/effex/62745_2.jpg]]></imageLargeBack>
								
									<imageMediumFront><![CDATA[https://s3.amazonaws.com/ecn-watermarks/effex/62745_5.jpg]]></imageMediumFront>
								
									<imageMediumBack><![CDATA[https://s3.amazonaws.com/ecn-watermarks/effex/62745_6.jpg]]></imageMediumBack>
								
									<imageThumbnailFront><![CDATA[https://s3.amazonaws.com/ecn-watermarks/effex/62745_9.jpg]]></imageThumbnailFront>
								
									<imageThumbnailBack><![CDATA[https://s3.amazonaws.com/ecn-watermarks/effex/62745_10.jpg]]></imageThumbnailBack>
									
				<manufacturer><![CDATA[Vedo Toys]]></manufacturer>
				<categories>VIBRATORS,SEX TOYS FOR WOMEN,</categories>
				<itemDescription>luvandtrade; Mini Vibe tickles and delights your clitoris. The uniquely shaped cupped head and silky smooth silicone is designed to provide women with intense, toe curling pleasures.


Uniquely shaped head for targeted pleasure
Velvety smooth silicone body
Waterproof seal
Vibration Modes:  10
Requires 1 AAA battery (not included)
</itemDescription> <htmlitemdescriptioninbase64format>bHV2JnRyYWRlOyBNaW5pIFZpYmUgdGlja2xlcyBhbmQgZGVsaWdodHMgeW91ciBjbGl0b3Jpcy4gVGhlIHVuaXF1ZWx5IHNoYXBlZCBjdXBwZWQgaGVhZCBhbmQgc2lsa3kgc21vb3RoIHNpbGljb25lIGlzIGRlc2lnbmVkIHRvIHByb3ZpZGUgd29tZW4gd2l0aCBpbnRlbnNlLCB0b2UgY3VybGluZyBwbGVhc3VyZXMuPGJyPjxicj4KCjx1bD4KPGxpPlVuaXF1ZWx5IHNoYXBlZCBoZWFkIGZvciB0YXJnZXRlZCBwbGVhc3VyZTwvbGk+CjxsaT5WZWx2ZXR5IHNtb290aCBzaWxpY29uZSBib2R5PC9saT4KPGxpPldhdGVycHJvb2Ygc2VhbDwvbGk+CjxsaT5WaWJyYXRpb24gTW9kZXM6ICAxMDwvbGk+CjxsaT5SZXF1aXJlcyAxIEFBQSBiYXR0ZXJ5IChub3QgaW5jbHVkZWQpPC9saT4KPC91bD4=</htmlitemdescriptioninbase64format>												
				<upc>854306004268</upc>			
				<dateUpdated>12/24/2020 12:01:18 PM</dateUpdated>	
				<itemweight><![CDATA[0.18]]></itemweight>		
				<dateCreated>07/07/2020 3:00:11 PM</dateCreated>			
				<deliveryallowed><![CDATA[0]]></deliveryallowed>	

					
						<categoriesV2>

											
							<categoritem>
								
									<mastercategories><![CDATA[Vibrators]]></mastercategories>
								
									<subcategories></subcategories>
														
							</categoritem>					
												
						</categoriesV2>
						
					<alternatetitle><![CDATA[VeDO Luv Silicone Mini Vibrator - Hot In Bed Pink]]></alternatetitle>
					<height><![CDATA[1.75]]></height>
					<width><![CDATA[3]]></width>
					<length><![CDATA[6.25]]></length>
					<marketplacerestrictions><![CDATA[1]]></marketplacerestrictions>
					<discontinued>No</discontinued>
					
						<regulations />
												
													
			</item>
				
			<item>
				<title><![CDATA[Gee Plus Vibe  into You Indigo]]></title>
				<releaseDate>07/24/2020</releaseDate>				
				<itemSKU>SAVVI-M0603</itemSKU>
				<itemID>62750</itemID>		
				<standardPrice>22.0000</standardPrice>		
				<mapPrice>43.99</mapPrice>
				<msrpPrice>49.99</msrpPrice>			
				<stock>Available Now</stock>
				<multiplesOF>1</multiplesOF> 
									<imageLargeFront><![CDATA[https://s3.amazonaws.com/ecn-watermarks/effex/62750_1.jpg]]></imageLargeFront>
								
									<imageLargeBack><![CDATA[https://s3.amazonaws.com/ecn-watermarks/effex/62750_2.jpg]]></imageLargeBack>
								
									<imageMediumFront><![CDATA[https://s3.amazonaws.com/ecn-watermarks/effex/62750_5.jpg]]></imageMediumFront>
								
									<imageMediumBack><![CDATA[https://s3.amazonaws.com/ecn-watermarks/effex/62750_6.jpg]]></imageMediumBack>
								
									<imageThumbnailFront><![CDATA[https://s3.amazonaws.com/ecn-watermarks/effex/62750_9.jpg]]></imageThumbnailFront>
								
									<imageThumbnailBack><![CDATA[https://s3.amazonaws.com/ecn-watermarks/effex/62750_10.jpg]]></imageThumbnailBack>
									
				<manufacturer><![CDATA[Vedo Toys]]></manufacturer>
				<categories>SEX TOYS FOR WOMEN,BULLETS and EGGS,RECHARGABLE,</categories>
				<itemDescription>GEE Plus has gone into overdrive with its 10 supercharged vibration modes.With a perfectly curved shaft and round head, this powerhouse bullet is designed to tickle and delight your G-spot. The silky smooth silicone will always leave you wanting more. For those who like to get wet and wild while they play, GEE plus is completely submersible.

PRODUCT FEATURES

Extremely powerful motor
Rechargeable (USB cable included)
10 vibration modes
One button easy control
Extremely quiet
Velvety smooth silicone
Designed for an easy ion
Submersible
Running time: 2 hours


Dimensions:
Height:  4.72 in.
Max Diameter: 1.10 in.</itemDescription> <htmlitemdescriptioninbase64format>R0VFIFBsdXMgaGFzIGdvbmUgaW50byBvdmVyZHJpdmUgd2l0aCBpdHMgMTAgc3VwZXJjaGFyZ2VkIHZpYnJhdGlvbiBtb2Rlcy5XaXRoIGEgcGVyZmVjdGx5IGN1cnZlZCBzaGFmdCBhbmQgcm91bmQgaGVhZCwgdGhpcyBwb3dlcmhvdXNlIGJ1bGxldCBpcyBkZXNpZ25lZCB0byB0aWNrbGUgYW5kIGRlbGlnaHQgeW91ciBHLXNwb3QuIFRoZSBzaWxreSBzbW9vdGggc2lsaWNvbmUgd2lsbCBhbHdheXMgbGVhdmUgeW91IHdhbnRpbmcgbW9yZS4gRm9yIHRob3NlIHdobyBsaWtlIHRvIGdldCB3ZXQgYW5kIHdpbGQgd2hpbGUgdGhleSBwbGF5LCBHRUUgcGx1cyBpcyBjb21wbGV0ZWx5IHN1Ym1lcnNpYmxlLjxicj48YnI+CgpQUk9EVUNUIEZFQVRVUkVTCjx1bD4KPGxpPkV4dHJlbWVseSBwb3dlcmZ1bCBtb3RvcjwvbGk+CjxsaT5SZWNoYXJnZWFibGUgKFVTQiBjYWJsZSBpbmNsdWRlZCk8L2xpPgo8bGk+MTAgdmlicmF0aW9uIG1vZGVzPC9saT4KPGxpPk9uZSBidXR0b24gZWFzeSBjb250cm9sPzwvbGk+CjxsaT5FeHRyZW1lbHkgcXVpZXQ8L2xpPgo8bGk+VmVsdmV0eSBzbW9vdGggc2lsaWNvbmU8L2xpPgo8bGk+RGVzaWduZWQgZm9yIGFuIGVhc3kgaW5zZXJ0aW9uPC9saT4KPGxpPlN1Ym1lcnNpYmxlPC9saT4KPGxpPlJ1bm5pbmcgdGltZTogMiBob3VyczwvbGk+CjwvdWw+CgpEaW1lbnNpb25zOjxicj4KSGVpZ2h0OiAgNC43MiBpbi48YnI+Ck1heCBEaWFtZXRlcjogMS4xMCBpbi4=</htmlitemdescriptioninbase64format>												
				<upc>731882511710</upc>			
				<dateUpdated>12/24/2020 12:01:18 PM</dateUpdated>	
				<itemweight><![CDATA[0.38]]></itemweight>		
				<dateCreated>07/07/2020 3:30:10 PM</dateCreated>			
				<deliveryallowed><![CDATA[0]]></deliveryallowed>	

					
						<categoriesV2>

											
							<categoritem>
								
									<mastercategories><![CDATA[Eggs & Bullets]]></mastercategories>
								
									<subcategories><![CDATA[Usb Rechargeable]]></subcategories>
														
							</categoritem>					
												
						</categoriesV2>
						
					<alternatetitle><![CDATA[VeDO Gee Plus Rechargeable Silicone Bullet Vibrator - Into You Indigo]]></alternatetitle>
					<height><![CDATA[1.75]]></height>
					<width><![CDATA[3]]></width>
					<length><![CDATA[6]]></length>
					<marketplacerestrictions><![CDATA[1]]></marketplacerestrictions>
					<discontinued>No</discontinued>
					
						<regulations />
												
													
			</item>
				
			<item>
				<title><![CDATA[Luv Plus Vibe Tease Me Turquoise]]></title>
				<releaseDate>07/24/2020</releaseDate>				
				<itemSKU>SAVVI-M0701</itemSKU>
				<itemID>62751</itemID>		
				<standardPrice>21.5000</standardPrice>		
				<mapPrice>42.99</mapPrice>
				<msrpPrice>48.99</msrpPrice>			
				<stock>Available Now</stock>
				<multiplesOF>1</multiplesOF> 
									<imageLargeFront><![CDATA[https://s3.amazonaws.com/ecn-watermarks/effex/62751_1.jpg]]></imageLargeFront>
								
									<imageLargeBack><![CDATA[https://s3.amazonaws.com/ecn-watermarks/effex/62751_2.jpg]]></imageLargeBack>
								
									<imageMediumFront><![CDATA[https://s3.amazonaws.com/ecn-watermarks/effex/62751_5.jpg]]></imageMediumFront>
								
									<imageMediumBack><![CDATA[https://s3.amazonaws.com/ecn-watermarks/effex/62751_6.jpg]]></imageMediumBack>
								
									<imageThumbnailFront><![CDATA[https://s3.amazonaws.com/ecn-watermarks/effex/62751_9.jpg]]></imageThumbnailFront>
								
									<imageThumbnailBack><![CDATA[https://s3.amazonaws.com/ecn-watermarks/effex/62751_10.jpg]]></imageThumbnailBack>
									
				<manufacturer><![CDATA[Vedo Toys]]></manufacturer>
				<categories>SEX TOYS FOR WOMEN,BULLETS and EGGS,RECHARGABLE,</categories>
				<itemDescription>LUV plus rechargeable bullet will blow you away with its 10 supercharged vibration modes.With a uniquely shaped cupped head, this powerhouse bullet will tickle and delight your clitoris and deliver toe curling pleasures. The silky smooth silicone will always leave you wanting more. For those who like to get wet and wild while they play, LUV plus is completely submersible.

PRODUCT FEATURES

Extremely powerful motor
Rechargeable (USB cable included)
10 vibration modes
One button easy control
Extremely quiet
Velvety smooth silicone
Designed for an easy ion
Submersible
Running time:  2 hours


Dimensions:
Height:  4.52 in.
Max Diameter: 1.81 in.</itemDescription> <htmlitemdescriptioninbase64format>TFVWIHBsdXMgcmVjaGFyZ2VhYmxlIGJ1bGxldCB3aWxsIGJsb3cgeW91IGF3YXkgd2l0aCBpdHMgMTAgc3VwZXJjaGFyZ2VkIHZpYnJhdGlvbiBtb2Rlcy5XaXRoIGEgdW5pcXVlbHkgc2hhcGVkIGN1cHBlZCBoZWFkLCB0aGlzIHBvd2VyaG91c2UgYnVsbGV0IHdpbGwgdGlja2xlIGFuZCBkZWxpZ2h0IHlvdXIgY2xpdG9yaXMgYW5kIGRlbGl2ZXIgdG9lIGN1cmxpbmcgcGxlYXN1cmVzLiBUaGUgc2lsa3kgc21vb3RoIHNpbGljb25lIHdpbGwgYWx3YXlzIGxlYXZlIHlvdSB3YW50aW5nIG1vcmUuIEZvciB0aG9zZSB3aG8gbGlrZSB0byBnZXQgd2V0IGFuZCB3aWxkIHdoaWxlIHRoZXkgcGxheSwgTFVWIHBsdXMgaXMgY29tcGxldGVseSBzdWJtZXJzaWJsZS48YnI+PGJyPgoKUFJPRFVDVCBGRUFUVVJFUwo8dWw+CjxsaT5FeHRyZW1lbHkgcG93ZXJmdWwgbW90b3I8L2xpPgo8bGk+UmVjaGFyZ2VhYmxlIChVU0IgY2FibGUgaW5jbHVkZWQpPC9saT4KPGxpPjEwIHZpYnJhdGlvbiBtb2RlczwvbGk+CjxsaT5PbmUgYnV0dG9uIGVhc3kgY29udHJvbD88L2xpPgo8bGk+RXh0cmVtZWx5IHF1aWV0PC9saT4KPGxpPlZlbHZldHkgc21vb3RoIHNpbGljb25lPC9saT4KPGxpPkRlc2lnbmVkIGZvciBhbiBlYXN5IGluc2VydGlvbjwvbGk+CjxsaT5TdWJtZXJzaWJsZTwvbGk+CjxsaT5SdW5uaW5nIHRpbWU6ICAyIGhvdXJzPC9saT4KPC91bD4KCkRpbWVuc2lvbnM6PGJyPgpIZWlnaHQ6ICA0LjUyIGluLjxicj4KTWF4IERpYW1ldGVyOiAxLjgxIGluLg==</htmlitemdescriptioninbase64format>												
				<upc>731882511673</upc>			
				<dateUpdated>12/24/2020 12:01:18 PM</dateUpdated>	
				<itemweight><![CDATA[0.34]]></itemweight>		
				<dateCreated>07/07/2020 3:30:10 PM</dateCreated>			
				<deliveryallowed><![CDATA[0]]></deliveryallowed>	

					
						<categoriesV2>

											
							<categoritem>
								
									<mastercategories><![CDATA[Eggs & Bullets]]></mastercategories>
								
									<subcategories><![CDATA[Usb Rechargeable]]></subcategories>
														
							</categoritem>					
												
						</categoriesV2>
						
					<alternatetitle><![CDATA[VeDO Luv Plus Silicone Bullet Vibrator - Tease Me Turquoise]]></alternatetitle>
					<height><![CDATA[1.75]]></height>
					<width><![CDATA[3]]></width>
					<length><![CDATA[6.25]]></length>
					<marketplacerestrictions><![CDATA[1]]></marketplacerestrictions>
					<discontinued>No</discontinued>
					
						<regulations />
												
													
			</item>
				
			<item>
				<title><![CDATA[Joy Vibe Hot In Bed Pink]]></title>
				<releaseDate>07/24/2020</releaseDate>				
				<itemSKU>SAVVI-N0202</itemSKU>
				<itemID>62757</itemID>		
				<standardPrice>18.2000</standardPrice>		
				<mapPrice>36.99</mapPrice>
				<msrpPrice>42.99</msrpPrice>			
				<stock>Available Now</stock>
				<multiplesOF>1</multiplesOF> 
									<imageLargeFront><![CDATA[https://s3.amazonaws.com/ecn-watermarks/effex/62757_1.jpg]]></imageLargeFront>
								
									<imageLargeBack><![CDATA[https://s3.amazonaws.com/ecn-watermarks/effex/62757_2.jpg]]></imageLargeBack>
								
									<imageMediumFront><![CDATA[https://s3.amazonaws.com/ecn-watermarks/effex/62757_5.jpg]]></imageMediumFront>
								
									<imageMediumBack><![CDATA[https://s3.amazonaws.com/ecn-watermarks/effex/62757_6.jpg]]></imageMediumBack>
								
									<imageThumbnailFront><![CDATA[https://s3.amazonaws.com/ecn-watermarks/effex/62757_9.jpg]]></imageThumbnailFront>
								
									<imageThumbnailBack><![CDATA[https://s3.amazonaws.com/ecn-watermarks/effex/62757_10.jpg]]></imageThumbnailBack>
									
				<manufacturer><![CDATA[Vedo Toys]]></manufacturer>
				<categories>VIBRATORS,SEX TOYS FOR WOMEN,</categories>
				<itemDescription>Joy VIBE is sure to double your pleasure. Designed to stimulate the G-spot with the gently curved head while you electrify your clitoris with the flexible rabbit tickler. This vibe is perfectly paired for a ride you`ll never forget.

PRODUCT FEATURES

Powerful motor
12 vibration modes
Two button easy control
Extremely quiet
Velvety smooth silicone
Designed for G-spot pleasures
Waterproof
2 x AAA (not included)
Running time: 3 hours


Dimensions:
Length:  8.66 in.
Max Diameter:  1.37 in.</itemDescription> <htmlitemdescriptioninbase64format>Sm95IFZJQkUgaXMgc3VyZSB0byBkb3VibGUgeW91ciBwbGVhc3VyZS4gRGVzaWduZWQgdG8gc3RpbXVsYXRlIHRoZSBHLXNwb3Qgd2l0aCB0aGUgZ2VudGx5IGN1cnZlZCBoZWFkIHdoaWxlIHlvdSBlbGVjdHJpZnkgeW91ciBjbGl0b3JpcyB3aXRoIHRoZSBmbGV4aWJsZSByYWJiaXQgdGlja2xlci4gVGhpcyB2aWJlIGlzIHBlcmZlY3RseSBwYWlyZWQgZm9yIGEgcmlkZSB5b3U/bGwgbmV2ZXIgZm9yZ2V0Ljxicj48YnI+CgpQUk9EVUNUIEZFQVRVUkVTCjx1bD4KPGxpPlBvd2VyZnVsIG1vdG9yPC9saT4KPGxpPjEyIHZpYnJhdGlvbiBtb2RlczwvbGk+CjxsaT5Ud28gYnV0dG9uIGVhc3kgY29udHJvbD88L2xpPgo8bGk+RXh0cmVtZWx5IHF1aWV0PC9saT4KPGxpPlZlbHZldHkgc21vb3RoIHNpbGljb25lPC9saT4KPGxpPkRlc2lnbmVkIGZvciBHLXNwb3QgcGxlYXN1cmVzPC9saT4KPGxpPldhdGVycHJvb2Y8L2xpPgo8bGk+MiB4IEFBQSAobm90IGluY2x1ZGVkKTwvbGk+CjxsaT5SdW5uaW5nIHRpbWU6IDMgaG91cnM8L2xpPgo8L3VsPgoKRGltZW5zaW9uczo8YnI+Ckxlbmd0aDogIDguNjYgaW4uPGJyPgpNYXggRGlhbWV0ZXI6ICAxLjM3IGluLg==</htmlitemdescriptioninbase64format>												
				<upc>854306004398</upc>			
				<dateUpdated>12/24/2020 12:01:18 PM</dateUpdated>	
				<itemweight><![CDATA[0.44]]></itemweight>		
				<dateCreated>07/07/2020 5:00:14 PM</dateCreated>			
				<deliveryallowed><![CDATA[0]]></deliveryallowed>	

					
						<categoriesV2>

											
							<categoritem>
								
									<mastercategories><![CDATA[Vibrators]]></mastercategories>
								
									<subcategories></subcategories>
														
							</categoritem>					
												
						</categoriesV2>
						
					<alternatetitle><![CDATA[VeDO Joy Silicone Vibrator - Hot In Bed Pink]]></alternatetitle>
					<height><![CDATA[1.75]]></height>
					<width><![CDATA[3]]></width>
					<length><![CDATA[7.5]]></length>
					<marketplacerestrictions><![CDATA[1]]></marketplacerestrictions>
					<discontinued>No</discontinued>
					
						<regulations />
												
													
			</item>
				
			<item>
				<title><![CDATA[Joy Vibe Orgasmic Orchid]]></title>
				<releaseDate>07/24/2020</releaseDate>				
				<itemSKU>SAVVI-N0205</itemSKU>
				<itemID>62758</itemID>		
				<standardPrice>18.2000</standardPrice>		
				<mapPrice>36.99</mapPrice>
				<msrpPrice>42.99</msrpPrice>			
				<stock>Available Now</stock>
				<multiplesOF>1</multiplesOF> 
									<imageLargeFront><![CDATA[https://s3.amazonaws.com/ecn-watermarks/effex/62758_1.jpg]]></imageLargeFront>
								
									<imageLargeBack><![CDATA[https://s3.amazonaws.com/ecn-watermarks/effex/62758_2.jpg]]></imageLargeBack>
								
									<imageMediumFront><![CDATA[https://s3.amazonaws.com/ecn-watermarks/effex/62758_5.jpg]]></imageMediumFront>
								
									<imageMediumBack><![CDATA[https://s3.amazonaws.com/ecn-watermarks/effex/62758_6.jpg]]></imageMediumBack>
								
									<imageThumbnailFront><![CDATA[https://s3.amazonaws.com/ecn-watermarks/effex/62758_9.jpg]]></imageThumbnailFront>
								
									<imageThumbnailBack><![CDATA[https://s3.amazonaws.com/ecn-watermarks/effex/62758_10.jpg]]></imageThumbnailBack>
									
				<manufacturer><![CDATA[Vedo Toys]]></manufacturer>
				<categories>VIBRATORS,SEX TOYS FOR WOMEN,</categories>
				<itemDescription>Joy VIBE is sure to double your pleasure. Designed to stimulate the G-spot with the gently curved head while you electrify your clitoris with the flexible rabbit tickler. This vibe is perfectly paired for a ride you`ll never forget.

PRODUCT FEATURES

Powerful motor
12 vibration modes
Two button easy control
Extremely quiet
Velvety smooth silicone
Designed for G-spot pleasures
Waterproof
2 x AAA (not included)
Running time: 3 hours


Dimensions:
Length:  8.66 in.
Max Diameter:  1.37 in.</itemDescription> <htmlitemdescriptioninbase64format>Sm95IFZJQkUgaXMgc3VyZSB0byBkb3VibGUgeW91ciBwbGVhc3VyZS4gRGVzaWduZWQgdG8gc3RpbXVsYXRlIHRoZSBHLXNwb3Qgd2l0aCB0aGUgZ2VudGx5IGN1cnZlZCBoZWFkIHdoaWxlIHlvdSBlbGVjdHJpZnkgeW91ciBjbGl0b3JpcyB3aXRoIHRoZSBmbGV4aWJsZSByYWJiaXQgdGlja2xlci4gVGhpcyB2aWJlIGlzIHBlcmZlY3RseSBwYWlyZWQgZm9yIGEgcmlkZSB5b3U/bGwgbmV2ZXIgZm9yZ2V0Ljxicj48YnI+CgpQUk9EVUNUIEZFQVRVUkVTCjx1bD4KPGxpPlBvd2VyZnVsIG1vdG9yPC9saT4KPGxpPjEyIHZpYnJhdGlvbiBtb2RlczwvbGk+CjxsaT5Ud28gYnV0dG9uIGVhc3kgY29udHJvbD88L2xpPgo8bGk+RXh0cmVtZWx5IHF1aWV0PC9saT4KPGxpPlZlbHZldHkgc21vb3RoIHNpbGljb25lPC9saT4KPGxpPkRlc2lnbmVkIGZvciBHLXNwb3QgcGxlYXN1cmVzPC9saT4KPGxpPldhdGVycHJvb2Y8L2xpPgo8bGk+MiB4IEFBQSAobm90IGluY2x1ZGVkKTwvbGk+CjxsaT5SdW5uaW5nIHRpbWU6IDMgaG91cnM8L2xpPgo8L3VsPgoKRGltZW5zaW9uczo8YnI+Ckxlbmd0aDogIDguNjYgaW4uPGJyPgpNYXggRGlhbWV0ZXI6ICAxLjM3IGluLg==</htmlitemdescriptioninbase64format>												
				<upc>854306004374</upc>			
				<dateUpdated>12/24/2020 12:01:18 PM</dateUpdated>	
				<itemweight><![CDATA[0.44]]></itemweight>		
				<dateCreated>07/07/2020 5:00:14 PM</dateCreated>			
				<deliveryallowed><![CDATA[0]]></deliveryallowed>	

					
						<categoriesV2>

											
							<categoritem>
								
									<mastercategories><![CDATA[Vibrators]]></mastercategories>
								
									<subcategories></subcategories>
														
							</categoritem>					
												
						</categoriesV2>
						
					<alternatetitle><![CDATA[VeDO Joy Silicone Vibrator - Orgasmic Orchid]]></alternatetitle>
					<height><![CDATA[1.5]]></height>
					<width><![CDATA[3]]></width>
					<length><![CDATA[7.5]]></length>
					<marketplacerestrictions><![CDATA[1]]></marketplacerestrictions>
					<discontinued>No</discontinued>
					
						<regulations />
												
													
			</item>
				
			<item>
				<title><![CDATA[Quiver Vibe Hot In Bed Pink]]></title>
				<releaseDate>07/24/2020</releaseDate>				
				<itemSKU>SAVVI-P0102</itemSKU>
				<itemID>62759</itemID>		
				<standardPrice>16.5000</standardPrice>		
				<mapPrice>32.99</mapPrice>
				<msrpPrice>38.99</msrpPrice>			
				<stock>Available Now</stock>
				<multiplesOF>1</multiplesOF> 
									<imageLargeFront><![CDATA[https://s3.amazonaws.com/ecn-watermarks/effex/62759_1.jpg]]></imageLargeFront>
								
									<imageLargeBack><![CDATA[https://s3.amazonaws.com/ecn-watermarks/effex/62759_2.jpg]]></imageLargeBack>
								
									<imageMediumFront><![CDATA[https://s3.amazonaws.com/ecn-watermarks/effex/62759_5.jpg]]></imageMediumFront>
								
									<imageMediumBack><![CDATA[https://s3.amazonaws.com/ecn-watermarks/effex/62759_6.jpg]]></imageMediumBack>
								
									<imageThumbnailFront><![CDATA[https://s3.amazonaws.com/ecn-watermarks/effex/62759_9.jpg]]></imageThumbnailFront>
								
									<imageThumbnailBack><![CDATA[https://s3.amazonaws.com/ecn-watermarks/effex/62759_10.jpg]]></imageThumbnailBack>
									
				<manufacturer><![CDATA[Vedo Toys]]></manufacturer>
				<categories>VIBRATORS,SEX TOYS FOR WOMEN,</categories>
				<itemDescription>quiver Vibe tickles and targets your hot spots. The subtle bulbous form is perfect for targeting your G-spot. While the long, textured shaft and silky smooth body is designed for deeply satisfying pleasures.

Gently curved head and bulbous form for deep satisfying pleasures
Flexible silicone body with plenty of length
Velvety smooth silicone body
Waterproof seal
Vibration Modes: 10
Requires 2 AA batteries (not included)</itemDescription> <htmlitemdescriptioninbase64format>cXVpdmVyPyBWaWJlIHRpY2tsZXMgYW5kIHRhcmdldHMgeW91ciBob3Qgc3BvdHMuIFRoZSBzdWJ0bGUgYnVsYm91cyBmb3JtIGlzIHBlcmZlY3QgZm9yIHRhcmdldGluZyB5b3VyIEctc3BvdC4gV2hpbGUgdGhlIGxvbmcsIHRleHR1cmVkIHNoYWZ0IGFuZCBzaWxreSBzbW9vdGggYm9keSBpcyBkZXNpZ25lZCBmb3IgZGVlcGx5IHNhdGlzZnlpbmcgcGxlYXN1cmVzLgoKR2VudGx5IGN1cnZlZCBoZWFkIGFuZCBidWxib3VzIGZvcm0gZm9yIGRlZXAgc2F0aXNmeWluZyBwbGVhc3VyZXMKRmxleGlibGUgc2lsaWNvbmUgYm9keSB3aXRoIHBsZW50eSBvZiBsZW5ndGgKVmVsdmV0eSBzbW9vdGggc2lsaWNvbmUgYm9keQpXYXRlcnByb29mIHNlYWwKVmlicmF0aW9uIE1vZGVzOiAxMApSZXF1aXJlcyAyIEFBIGJhdHRlcmllcyAobm90IGluY2x1ZGVkKQ==</htmlitemdescriptioninbase64format>												
				<upc>854306004411</upc>			
				<dateUpdated>12/24/2020 12:01:18 PM</dateUpdated>	
				<itemweight><![CDATA[0.42]]></itemweight>		
				<dateCreated>07/07/2020 5:00:14 PM</dateCreated>			
				<deliveryallowed><![CDATA[0]]></deliveryallowed>	

					
						<categoriesV2>

											
							<categoritem>
								
									<mastercategories><![CDATA[Vibrators]]></mastercategories>
								
									<subcategories></subcategories>
														
							</categoritem>					
												
						</categoriesV2>
						
					<alternatetitle><![CDATA[VeDO Quiver Silicone Vibrator - Hot In Bed Pink]]></alternatetitle>
					<height><![CDATA[2]]></height>
					<width><![CDATA[3]]></width>
					<length><![CDATA[9.25]]></length>
					<marketplacerestrictions><![CDATA[1]]></marketplacerestrictions>
					<discontinued>No</discontinued>
					
						<regulations />
												
													
			</item>
				
			<item>
				<title><![CDATA[Quiver Vibe Into You Indigo]]></title>
				<releaseDate>07/24/2020</releaseDate>				
				<itemSKU>SAVVI-P0103</itemSKU>
				<itemID>62760</itemID>		
				<standardPrice>16.5000</standardPrice>		
				<mapPrice>32.99</mapPrice>
				<msrpPrice>38.99</msrpPrice>			
				<stock>Available Now</stock>
				<multiplesOF>1</multiplesOF> 
									<imageLargeFront><![CDATA[https://s3.amazonaws.com/ecn-watermarks/effex/62760_1.jpg]]></imageLargeFront>
								
									<imageLargeBack><![CDATA[https://s3.amazonaws.com/ecn-watermarks/effex/62760_2.jpg]]></imageLargeBack>
								
									<imageMediumFront><![CDATA[https://s3.amazonaws.com/ecn-watermarks/effex/62760_5.jpg]]></imageMediumFront>
								
									<imageMediumBack><![CDATA[https://s3.amazonaws.com/ecn-watermarks/effex/62760_6.jpg]]></imageMediumBack>
								
									<imageThumbnailFront><![CDATA[https://s3.amazonaws.com/ecn-watermarks/effex/62760_9.jpg]]></imageThumbnailFront>
								
									<imageThumbnailBack><![CDATA[https://s3.amazonaws.com/ecn-watermarks/effex/62760_10.jpg]]></imageThumbnailBack>
									
				<manufacturer><![CDATA[Vedo Toys]]></manufacturer>
				<categories>VIBRATORS,SEX TOYS FOR WOMEN,</categories>
				<itemDescription>quiverandtrade; Vibe tickles and targets your hot spots. The subtle bulbous form is perfect for targeting your G-spot. While the long, textured shaft and silky smooth body is designed for deeply satisfying pleasures.


Gently curved head and bulbous form for deep satisfying pleasures
Flexible silicone body with plenty of length
Velvety smooth silicone body
Waterproof seal
Vibration Modes:  10
Requires 2 AA batteries (not included)
</itemDescription> <htmlitemdescriptioninbase64format>cXVpdmVyJnRyYWRlOyBWaWJlIHRpY2tsZXMgYW5kIHRhcmdldHMgeW91ciBob3Qgc3BvdHMuIFRoZSBzdWJ0bGUgYnVsYm91cyBmb3JtIGlzIHBlcmZlY3QgZm9yIHRhcmdldGluZyB5b3VyIEctc3BvdC4gV2hpbGUgdGhlIGxvbmcsIHRleHR1cmVkIHNoYWZ0IGFuZCBzaWxreSBzbW9vdGggYm9keSBpcyBkZXNpZ25lZCBmb3IgZGVlcGx5IHNhdGlzZnlpbmcgcGxlYXN1cmVzLjxicj48YnI+Cgo8dWw+CjxsaT5HZW50bHkgY3VydmVkIGhlYWQgYW5kIGJ1bGJvdXMgZm9ybSBmb3IgZGVlcCBzYXRpc2Z5aW5nIHBsZWFzdXJlczwvbGk+CjxsaT5GbGV4aWJsZSBzaWxpY29uZSBib2R5IHdpdGggcGxlbnR5IG9mIGxlbmd0aDwvbGk+CjxsaT5WZWx2ZXR5IHNtb290aCBzaWxpY29uZSBib2R5PC9saT4KPGxpPldhdGVycHJvb2Ygc2VhbDwvbGk+CjxsaT5WaWJyYXRpb24gTW9kZXM6ICAxMDwvbGk+CjxsaT5SZXF1aXJlcyAyIEFBIGJhdHRlcmllcyAobm90IGluY2x1ZGVkKTwvbGk+CjwvdWw+</htmlitemdescriptioninbase64format>												
				<upc>854306004428</upc>			
				<dateUpdated>12/24/2020 12:01:18 PM</dateUpdated>	
				<itemweight><![CDATA[0.42]]></itemweight>		
				<dateCreated>07/07/2020 5:00:14 PM</dateCreated>			
				<deliveryallowed><![CDATA[0]]></deliveryallowed>	

					
						<categoriesV2>

											
							<categoritem>
								
									<mastercategories><![CDATA[Vibrators]]></mastercategories>
								
									<subcategories></subcategories>
														
							</categoritem>					
												
						</categoriesV2>
						
					<alternatetitle><![CDATA[VeDO Quiver Silicone Vibrator - Into You Indigo]]></alternatetitle>
					<height><![CDATA[2]]></height>
					<width><![CDATA[3]]></width>
					<length><![CDATA[9.25]]></length>
					<marketplacerestrictions><![CDATA[1]]></marketplacerestrictions>
					<discontinued>No</discontinued>
					
						<regulations />
												
													
			</item>
				
			<item>
				<title><![CDATA[Rockie Dual Vibe Into You Indigo]]></title>
				<releaseDate>07/24/2020</releaseDate>				
				<itemSKU>SAVVI-P1303</itemSKU>
				<itemID>62773</itemID>		
				<standardPrice>32.0000</standardPrice>		
				<mapPrice>63.99</mapPrice>
				<msrpPrice>74.99</msrpPrice>			
				<stock>Available Now</stock>
				<multiplesOF>1</multiplesOF> 
									<imageLargeFront><![CDATA[https://s3.amazonaws.com/ecn-watermarks/effex/62773_1.jpg]]></imageLargeFront>
								
									<imageLargeBack><![CDATA[https://s3.amazonaws.com/ecn-watermarks/effex/62773_2.jpg]]></imageLargeBack>
								
									<imageMediumFront><![CDATA[https://s3.amazonaws.com/ecn-watermarks/effex/62773_5.jpg]]></imageMediumFront>
								
									<imageMediumBack><![CDATA[https://s3.amazonaws.com/ecn-watermarks/effex/62773_6.jpg]]></imageMediumBack>
								
									<imageThumbnailFront><![CDATA[https://s3.amazonaws.com/ecn-watermarks/effex/62773_9.jpg]]></imageThumbnailFront>
								
									<imageThumbnailBack><![CDATA[https://s3.amazonaws.com/ecn-watermarks/effex/62773_10.jpg]]></imageThumbnailBack>
									
				<manufacturer><![CDATA[Vedo Toys]]></manufacturer>
				<categories>VIBRATORS,SEX TOYS FOR WOMEN,</categories>
				<itemDescription>ROCKIE rechargeable dual vibe runs on two independent, extremely powerful motors. The perfectly curved shaft will tickle and delight your G-spot with its 12 vibrating functions, while the uniquely designed flexible tickler and nub tip with its 12 vibrating functions will tease and tantalize your clitoris. Completely submersible, this dual vibrator is up for any type of play.

PRODUCT FEATURES

Extremely powerful motor
Rechargeable (USB cable included)
12 + 12 vibration modes
Extremely quiet
Velvety smooth silicone
Designed for an easy ion
Submersible
Running time:  90 mins


Dimensions:
Height:  8.66 in.
Max Diameter:  1.25 in.</itemDescription> <htmlitemdescriptioninbase64format>Uk9DS0lFIHJlY2hhcmdlYWJsZSBkdWFsIHZpYmUgcnVucyBvbiB0d28gaW5kZXBlbmRlbnQsIGV4dHJlbWVseSBwb3dlcmZ1bCBtb3RvcnMuIFRoZSBwZXJmZWN0bHkgY3VydmVkIHNoYWZ0IHdpbGwgdGlja2xlIGFuZCBkZWxpZ2h0IHlvdXIgRy1zcG90IHdpdGggaXRzIDEyIHZpYnJhdGluZyBmdW5jdGlvbnMsIHdoaWxlIHRoZSB1bmlxdWVseSBkZXNpZ25lZCBmbGV4aWJsZSB0aWNrbGVyIGFuZCBudWIgdGlwIHdpdGggaXRzIDEyIHZpYnJhdGluZyBmdW5jdGlvbnMgd2lsbCB0ZWFzZSBhbmQgdGFudGFsaXplIHlvdXIgY2xpdG9yaXMuIENvbXBsZXRlbHkgc3VibWVyc2libGUsIHRoaXMgZHVhbCB2aWJyYXRvciBpcyB1cCBmb3IgYW55IHR5cGUgb2YgcGxheS48YnI+PGJyPgoKUFJPRFVDVCBGRUFUVVJFUwo8dWw+CjxsaT5FeHRyZW1lbHkgcG93ZXJmdWwgbW90b3I8L2xpPgo8bGk+UmVjaGFyZ2VhYmxlIChVU0IgY2FibGUgaW5jbHVkZWQpPC9saT4KPGxpPjEyICsgMTIgdmlicmF0aW9uIG1vZGVzPC9saT4KPGxpPkV4dHJlbWVseSBxdWlldDwvbGk+CjxsaT5WZWx2ZXR5IHNtb290aCBzaWxpY29uZTwvbGk+CjxsaT5EZXNpZ25lZCBmb3IgYW4gZWFzeSBpbnNlcnRpb248L2xpPgo8bGk+U3VibWVyc2libGU8L2xpPgo8bGk+UnVubmluZyB0aW1lOiAgOTAgbWluczwvbGk+CjwvdWw+CgpEaW1lbnNpb25zOjxicj4KSGVpZ2h0OiAgOC42NiBpbi48YnI+Ck1heCBEaWFtZXRlcjogIDEuMjUgaW4u</htmlitemdescriptioninbase64format>												
				<upc>789185757205</upc>			
				<dateUpdated>12/24/2020 12:01:18 PM</dateUpdated>	
				<itemweight><![CDATA[0.74]]></itemweight>		
				<dateCreated>07/08/2020 9:30:07 AM</dateCreated>			
				<deliveryallowed><![CDATA[0]]></deliveryallowed>	

					
						<categoriesV2>

											
							<categoritem>
								
									<mastercategories><![CDATA[Vibrators]]></mastercategories>
								
									<subcategories></subcategories>
														
							</categoritem>					
												
						</categoriesV2>
						
					<alternatetitle><![CDATA[VeDO Rockie Rechargeable Silicone Dual Vibrator - Into You Indigo]]></alternatetitle>
					<height><![CDATA[2]]></height>
					<width><![CDATA[3.75]]></width>
					<length><![CDATA[9.5]]></length>
					<marketplacerestrictions><![CDATA[1]]></marketplacerestrictions>
					<discontinued>No</discontinued>
					
						<regulations />
												
													
			</item>
				
			<item>
				<title><![CDATA[Bam Mini  bullet Vibe 12/disp]]></title>
				<releaseDate>07/24/2020</releaseDate>				
				<itemSKU>SAVVI-P1400</itemSKU>
				<itemID>62776</itemID>		
				<standardPrice>156.0000</standardPrice>		
				<mapPrice>26.99</mapPrice>
				<msrpPrice>29.99</msrpPrice>			
				<stock>Available Now</stock>
				<multiplesOF>1</multiplesOF> 
									<imageLargeFront><![CDATA[https://s3.amazonaws.com/ecn-watermarks/effex/62776_1.jpg]]></imageLargeFront>
								
								<imageLargeBack></imageLargeBack>
							
									<imageMediumFront><![CDATA[https://s3.amazonaws.com/ecn-watermarks/effex/62776_5.jpg]]></imageMediumFront>
								
								<imageMediumBack></imageMediumBack>
							
									<imageThumbnailFront><![CDATA[https://s3.amazonaws.com/ecn-watermarks/effex/62776_9.jpg]]></imageThumbnailFront>
								
								<imageThumbnailBack></imageThumbnailBack>
								
				<manufacturer><![CDATA[Vedo Toys]]></manufacturer>
				<categories>SEX TOYS FOR WOMEN,BULLETS and EGGS,</categories>
				<itemDescription> </itemDescription> <htmlitemdescriptioninbase64format> </htmlitemdescriptioninbase64format>												
				<upc>789185757168</upc>			
				<dateUpdated>12/24/2020 12:01:18 PM</dateUpdated>	
				<itemweight><![CDATA[2.00]]></itemweight>		
				<dateCreated>07/08/2020 9:30:07 AM</dateCreated>			
				<deliveryallowed><![CDATA[0]]></deliveryallowed>	

					
						<categoriesV2>

											
							<categoritem>
								
									<mastercategories><![CDATA[Displays|Eggs & Bullets]]></mastercategories>
								
									<subcategories><![CDATA[Counter Display|Remote Control]]></subcategories>
														
							</categoritem>					
												
						</categoriesV2>
						
					<alternatetitle><![CDATA[VeDO Bam Mini Rechargeable Silicone Bullet Vibrator Assorted (12 per Display)]]></alternatetitle>
					<height><![CDATA[5.5]]></height>
					<width><![CDATA[5.5]]></width>
					<length><![CDATA[6.25]]></length>
					<marketplacerestrictions><![CDATA[1]]></marketplacerestrictions>
					<discontinued>No</discontinued>
					
						<regulations />
												
													
			</item>
				
			<item>
				<title><![CDATA[Bam Mini  bullet Vibe Foxy Pink]]></title>
				<releaseDate>07/24/2020</releaseDate>				
				<itemSKU>SAVVI-P1409</itemSKU>
				<itemID>62779</itemID>		
				<standardPrice>13.0000</standardPrice>		
				<mapPrice>24.99</mapPrice>
				<msrpPrice>29.99</msrpPrice>			
				<stock>Available Now</stock>
				<multiplesOF>1</multiplesOF> 
									<imageLargeFront><![CDATA[https://s3.amazonaws.com/ecn-watermarks/effex/62779_1.jpg]]></imageLargeFront>
								
									<imageLargeBack><![CDATA[https://s3.amazonaws.com/ecn-watermarks/effex/62779_2.jpg]]></imageLargeBack>
								
									<imageMediumFront><![CDATA[https://s3.amazonaws.com/ecn-watermarks/effex/62779_5.jpg]]></imageMediumFront>
								
									<imageMediumBack><![CDATA[https://s3.amazonaws.com/ecn-watermarks/effex/62779_6.jpg]]></imageMediumBack>
								
									<imageThumbnailFront><![CDATA[https://s3.amazonaws.com/ecn-watermarks/effex/62779_9.jpg]]></imageThumbnailFront>
								
									<imageThumbnailBack><![CDATA[https://s3.amazonaws.com/ecn-watermarks/effex/62779_10.jpg]]></imageThumbnailBack>
									
				<manufacturer><![CDATA[Vedo Toys]]></manufacturer>
				<categories>SEX TOYS FOR WOMEN,BULLETS and EGGS,</categories>
				<itemDescription>bamandtrade; Mini Rechargeable Bullet packs one helluva punch with 10 supercharged vibration modes. Sleek and sexy, this pint sized mini is extremely powerful, delivering intense mind blowing pleasure. Whisper quiet and completely submersible, this discrete mini vibrator is a must have for all.</itemDescription> <htmlitemdescriptioninbase64format>YmFtJnRyYWRlOyBNaW5pIFJlY2hhcmdlYWJsZSBCdWxsZXQgcGFja3Mgb25lIGhlbGx1dmEgcHVuY2ggd2l0aCAxMCBzdXBlcmNoYXJnZWQgdmlicmF0aW9uIG1vZGVzLiBTbGVlayBhbmQgc2V4eSwgdGhpcyBwaW50IHNpemVkIG1pbmkgaXMgZXh0cmVtZWx5IHBvd2VyZnVsLCBkZWxpdmVyaW5nIGludGVuc2UgbWluZCBibG93aW5nIHBsZWFzdXJlLiBXaGlzcGVyIHF1aWV0IGFuZCBjb21wbGV0ZWx5IHN1Ym1lcnNpYmxlLCB0aGlzIGRpc2NyZXRlIG1pbmkgdmlicmF0b3IgaXMgYSBtdXN0IGhhdmUgZm9yIGFsbC4=</htmlitemdescriptioninbase64format>												
				<upc>789185757212</upc>			
				<dateUpdated>12/24/2020 12:01:18 PM</dateUpdated>	
				<itemweight><![CDATA[0.14]]></itemweight>		
				<dateCreated>07/08/2020 10:00:10 AM</dateCreated>			
				<deliveryallowed><![CDATA[0]]></deliveryallowed>	

					
						<categoriesV2>

											
							<categoritem>
								
									<mastercategories><![CDATA[Eggs & Bullets]]></mastercategories>
								
									<subcategories></subcategories>
														
							</categoritem>					
												
						</categoriesV2>
						
					<alternatetitle><![CDATA[VeDO Bam Mini Rechargeable Silicone Bullet Vibrator - Foxy Pink]]></alternatetitle>
					<height><![CDATA[1.25]]></height>
					<width><![CDATA[1.5]]></width>
					<length><![CDATA[5]]></length>
					<marketplacerestrictions><![CDATA[1]]></marketplacerestrictions>
					<discontinued>No</discontinued>
					
						<regulations />
												
													
			</item>
				
			<item>
				<title><![CDATA[Drive Vibrating Ring Midnight Madness]]></title>
				<releaseDate>07/24/2020</releaseDate>				
				<itemSKU>SAVVI-R0306</itemSKU>
				<itemID>62785</itemID>		
				<standardPrice>8.2500</standardPrice>		
				<mapPrice>16.99</mapPrice>
				<msrpPrice>19.99</msrpPrice>			
				<stock>Available Now</stock>
				<multiplesOF>1</multiplesOF> 
									<imageLargeFront><![CDATA[https://s3.amazonaws.com/ecn-watermarks/effex/62785_1.jpg]]></imageLargeFront>
								
									<imageLargeBack><![CDATA[https://s3.amazonaws.com/ecn-watermarks/effex/62785_2.jpg]]></imageLargeBack>
								
									<imageMediumFront><![CDATA[https://s3.amazonaws.com/ecn-watermarks/effex/62785_5.jpg]]></imageMediumFront>
								
									<imageMediumBack><![CDATA[https://s3.amazonaws.com/ecn-watermarks/effex/62785_6.jpg]]></imageMediumBack>
								
									<imageThumbnailFront><![CDATA[https://s3.amazonaws.com/ecn-watermarks/effex/62785_9.jpg]]></imageThumbnailFront>
								
									<imageThumbnailBack><![CDATA[https://s3.amazonaws.com/ecn-watermarks/effex/62785_10.jpg]]></imageThumbnailBack>
									
				<manufacturer><![CDATA[Vedo Toys]]></manufacturer>
				<categories>SEX TOYS FOR MEN,COCKRINGS,VIBRATING,</categories>
				<itemDescription>driveandtrade; vibrating ring will send you into maximum overdrive through a single reusable motor. The curvy tip design fits perfectly against her clitoris. This badboy packs enough punch to satisfy any sexual appetite.


Curvy tip for clitoral stimulation
Smooth and elastic silicone that fits any girth
Requires two 3G-A CNB batteries (included)
</itemDescription> <htmlitemdescriptioninbase64format>ZHJpdmUmdHJhZGU7IHZpYnJhdGluZyByaW5nIHdpbGwgc2VuZCB5b3UgaW50byBtYXhpbXVtIG92ZXJkcml2ZSB0aHJvdWdoIGEgc2luZ2xlIHJldXNhYmxlIG1vdG9yLiBUaGUgY3VydnkgdGlwIGRlc2lnbiBmaXRzIHBlcmZlY3RseSBhZ2FpbnN0IGhlciBjbGl0b3Jpcy4gVGhpcyBiYWRib3kgcGFja3MgZW5vdWdoIHB1bmNoIHRvIHNhdGlzZnkgYW55IHNleHVhbCBhcHBldGl0ZS48YnI+PGJyPgoKPHVsPgo8bGk+Q3VydnkgdGlwIGZvciBjbGl0b3JhbCBzdGltdWxhdGlvbjwvbGk+CjxsaT5TbW9vdGggYW5kIGVsYXN0aWMgc2lsaWNvbmUgdGhhdCBmaXRzIGFueSBnaXJ0aDwvbGk+CjxsaT5SZXF1aXJlcyB0d28gM0ctQSBDTkIgYmF0dGVyaWVzIChpbmNsdWRlZCk8L2xpPgo8L3VsPg==</htmlitemdescriptioninbase64format>												
				<upc>854306004794</upc>			
				<dateUpdated>12/24/2020 12:01:18 PM</dateUpdated>	
				<itemweight><![CDATA[0.12]]></itemweight>		
				<dateCreated>07/08/2020 10:30:10 AM</dateCreated>			
				<deliveryallowed><![CDATA[0]]></deliveryallowed>	

					
						<categoriesV2>

											
							<categoritem>
								
									<mastercategories><![CDATA[Cockrings]]></mastercategories>
								
									<subcategories><![CDATA[Vibrating]]></subcategories>
														
							</categoritem>					
												
						</categoriesV2>
						
					<alternatetitle><![CDATA[VeDO Drive Vibrating Silicone Cock Ring - Midnight Madness]]></alternatetitle>
					<height><![CDATA[1.5]]></height>
					<width><![CDATA[3]]></width>
					<length><![CDATA[5]]></length>
					<marketplacerestrictions><![CDATA[1]]></marketplacerestrictions>
					<discontinued>No</discontinued>
					
						<regulations />
												
													
			</item>
				
			<item>
				<title><![CDATA[Drive Vibrating Ring Just Black]]></title>
				<releaseDate>07/24/2020</releaseDate>				
				<itemSKU>SAVVI-R0308</itemSKU>
				<itemID>62786</itemID>		
				<standardPrice>8.2500</standardPrice>		
				<mapPrice>16.99</mapPrice>
				<msrpPrice>19.99</msrpPrice>			
				<stock>Available Now</stock>
				<multiplesOF>1</multiplesOF> 
									<imageLargeFront><![CDATA[https://s3.amazonaws.com/ecn-watermarks/effex/62786_1.jpg]]></imageLargeFront>
								
									<imageLargeBack><![CDATA[https://s3.amazonaws.com/ecn-watermarks/effex/62786_2.jpg]]></imageLargeBack>
								
									<imageMediumFront><![CDATA[https://s3.amazonaws.com/ecn-watermarks/effex/62786_5.jpg]]></imageMediumFront>
								
									<imageMediumBack><![CDATA[https://s3.amazonaws.com/ecn-watermarks/effex/62786_6.jpg]]></imageMediumBack>
								
									<imageThumbnailFront><![CDATA[https://s3.amazonaws.com/ecn-watermarks/effex/62786_9.jpg]]></imageThumbnailFront>
								
									<imageThumbnailBack><![CDATA[https://s3.amazonaws.com/ecn-watermarks/effex/62786_10.jpg]]></imageThumbnailBack>
									
				<manufacturer><![CDATA[Vedo Toys]]></manufacturer>
				<categories>SEX TOYS FOR MEN,COCKRINGS,VIBRATING,</categories>
				<itemDescription>driveandtrade; vibrating ring will send you into maximum overdrive through a single reusable motor. The curvy tip design fits perfectly against her clitoris. This badboy packs enough punch to satisfy any sexual appetite.


Curvy tip for clitoral stimulation
Smooth and elastic silicone that fits any girth
Requires two 3G-A CNB batteries (included)
</itemDescription> <htmlitemdescriptioninbase64format>ZHJpdmUmdHJhZGU7IHZpYnJhdGluZyByaW5nIHdpbGwgc2VuZCB5b3UgaW50byBtYXhpbXVtIG92ZXJkcml2ZSB0aHJvdWdoIGEgc2luZ2xlIHJldXNhYmxlIG1vdG9yLiBUaGUgY3VydnkgdGlwIGRlc2lnbiBmaXRzIHBlcmZlY3RseSBhZ2FpbnN0IGhlciBjbGl0b3Jpcy4gVGhpcyBiYWRib3kgcGFja3MgZW5vdWdoIHB1bmNoIHRvIHNhdGlzZnkgYW55IHNleHVhbCBhcHBldGl0ZS48YnI+PGJyPgoKPHVsPgo8bGk+Q3VydnkgdGlwIGZvciBjbGl0b3JhbCBzdGltdWxhdGlvbjwvbGk+CjxsaT5TbW9vdGggYW5kIGVsYXN0aWMgc2lsaWNvbmUgdGhhdCBmaXRzIGFueSBnaXJ0aDwvbGk+CjxsaT5SZXF1aXJlcyB0d28gM0ctQSBDTkIgYmF0dGVyaWVzIChpbmNsdWRlZCk8L2xpPgo8L3VsPg==</htmlitemdescriptioninbase64format>												
				<upc>854306004800</upc>			
				<dateUpdated>12/24/2020 12:01:18 PM</dateUpdated>	
				<itemweight><![CDATA[0.12]]></itemweight>		
				<dateCreated>07/08/2020 10:30:10 AM</dateCreated>			
				<deliveryallowed><![CDATA[0]]></deliveryallowed>	

					
						<categoriesV2>

											
							<categoritem>
								
									<mastercategories><![CDATA[Cockrings]]></mastercategories>
								
									<subcategories><![CDATA[Vibrating]]></subcategories>
														
							</categoritem>					
												
						</categoriesV2>
						
					<alternatetitle><![CDATA[VeDO Drive Vibrating Silicone Cock Ring - Just Black]]></alternatetitle>
					<height><![CDATA[1.5]]></height>
					<width><![CDATA[3]]></width>
					<length><![CDATA[5]]></length>
					<marketplacerestrictions><![CDATA[1]]></marketplacerestrictions>
					<discontinued>No</discontinued>
					
						<regulations />
												
													
			</item>
				
			<item>
				<title><![CDATA[Overdrive+ Vibe Ring Just Black]]></title>
				<releaseDate>07/24/2020</releaseDate>				
				<itemSKU>SAVVI-R0608</itemSKU>
				<itemID>62790</itemID>		
				<standardPrice>17.5000</standardPrice>		
				<mapPrice>34.99</mapPrice>
				<msrpPrice>39.99</msrpPrice>			
				<stock>Available Now</stock>
				<multiplesOF>1</multiplesOF> 
									<imageLargeFront><![CDATA[https://s3.amazonaws.com/ecn-watermarks/effex/62790_1.jpg]]></imageLargeFront>
								
									<imageLargeBack><![CDATA[https://s3.amazonaws.com/ecn-watermarks/effex/62790_2.jpg]]></imageLargeBack>
								
									<imageMediumFront><![CDATA[https://s3.amazonaws.com/ecn-watermarks/effex/62790_5.jpg]]></imageMediumFront>
								
									<imageMediumBack><![CDATA[https://s3.amazonaws.com/ecn-watermarks/effex/62790_6.jpg]]></imageMediumBack>
								
									<imageThumbnailFront><![CDATA[https://s3.amazonaws.com/ecn-watermarks/effex/62790_9.jpg]]></imageThumbnailFront>
								
									<imageThumbnailBack><![CDATA[https://s3.amazonaws.com/ecn-watermarks/effex/62790_10.jpg]]></imageThumbnailBack>
									
				<manufacturer><![CDATA[Vedo Toys]]></manufacturer>
				<categories>SEX TOYS FOR MEN,COCKRINGS,VIBRATING,</categories>
				<itemDescription>OVERDRIVE rechargeable ring plus has been improved with a more powerful motor and sleeker, sexier design. Now boasting 10 super charged vibration modes, this badboy will make all lovers crave your stick shift. The silky smooth silicone and uniquely curved tip, not only feels great, but fits perfectly against all erogenous zones. So get behind the wheel, lift up your hood and take overdrive out for ride.

PRODUCT FEATURES

Powerful motor
10 vibration modes
One button easy control
Rechargeable (USB cable included)
Extremely quiet
Velvety smooth silicone
Travel lock feature
Splash proof  suitable for shower
Running time:  45 mins


Dimensions:
Height:  3.26 in.
Inner Diameter:   1.25 in.</itemDescription> <htmlitemdescriptioninbase64format>T1ZFUkRSSVZFIHJlY2hhcmdlYWJsZSByaW5nIHBsdXMgaGFzIGJlZW4gaW1wcm92ZWQgd2l0aCBhIG1vcmUgcG93ZXJmdWwgbW90b3IgYW5kIHNsZWVrZXIsIHNleGllciBkZXNpZ24uIE5vdyBib2FzdGluZyAxMCBzdXBlciBjaGFyZ2VkIHZpYnJhdGlvbiBtb2RlcywgdGhpcyBiYWRib3kgd2lsbCBtYWtlIGFsbCBsb3ZlcnMgY3JhdmUgeW91ciBzdGljayBzaGlmdC4gVGhlIHNpbGt5IHNtb290aCBzaWxpY29uZSBhbmQgdW5pcXVlbHkgY3VydmVkIHRpcCwgbm90IG9ubHkgZmVlbHMgZ3JlYXQsIGJ1dCBmaXRzIHBlcmZlY3RseSBhZ2FpbnN0IGFsbCBlcm9nZW5vdXMgem9uZXMuIFNvIGdldCBiZWhpbmQgdGhlIHdoZWVsLCBsaWZ0IHVwIHlvdXIgaG9vZCBhbmQgdGFrZSBvdmVyZHJpdmUgb3V0IGZvciByaWRlLjxicj48YnI+CgpQUk9EVUNUIEZFQVRVUkVTCjx1bD4KPGxpPlBvd2VyZnVsIG1vdG9yPC9saT4KPGxpPjEwIHZpYnJhdGlvbiBtb2RlczwvbGk+CjxsaT5PbmUgYnV0dG9uIGVhc3kgY29udHJvbD88L2xpPgo8bGk+UmVjaGFyZ2VhYmxlIChVU0IgY2FibGUgaW5jbHVkZWQpPC9saT4KPGxpPkV4dHJlbWVseSBxdWlldDwvbGk+CjxsaT5WZWx2ZXR5IHNtb290aCBzaWxpY29uZTwvbGk+CjxsaT5UcmF2ZWwgbG9jayBmZWF0dXJlPC9saT4KPGxpPlNwbGFzaCBwcm9vZiA/IHN1aXRhYmxlIGZvciBzaG93ZXI8L2xpPgo8bGk+UnVubmluZyB0aW1lOiAgNDUgbWluczwvbGk+CjwvdWw+CgpEaW1lbnNpb25zOjxicj4KSGVpZ2h0OiAgMy4yNiBpbi48YnI+CklubmVyIERpYW1ldGVyOiAgIDEuMjUgaW4u</htmlitemdescriptioninbase64format>												
				<upc>789185757038</upc>			
				<dateUpdated>12/24/2020 12:01:18 PM</dateUpdated>	
				<itemweight><![CDATA[0.30]]></itemweight>		
				<dateCreated>07/08/2020 11:00:07 AM</dateCreated>			
				<deliveryallowed><![CDATA[0]]></deliveryallowed>	

					
						<categoriesV2>

											
							<categoritem>
								
									<mastercategories><![CDATA[Cockrings]]></mastercategories>
								
									<subcategories><![CDATA[Vibrating]]></subcategories>
														
							</categoritem>					
												
						</categoriesV2>
						
					<alternatetitle><![CDATA[VeDO Overdrive Plus Rechargeable Vibrating Silicone Cock Ring - Just Black]]></alternatetitle>
					<height><![CDATA[2]]></height>
					<width><![CDATA[3]]></width>
					<length><![CDATA[5]]></length>
					<marketplacerestrictions><![CDATA[1]]></marketplacerestrictions>
					<discontinued>No</discontinued>
					
						<regulations />
												
													
			</item>
				
			<item>
				<title><![CDATA[Torpedo Stroker Glow In The Dark Black]]></title>
				<releaseDate>07/24/2020</releaseDate>				
				<itemSKU>SAVVI-S0308</itemSKU>
				<itemID>62796</itemID>		
				<standardPrice>65.0000</standardPrice>		
				<mapPrice>129.99</mapPrice>
				<msrpPrice>149.99</msrpPrice>			
				<stock>Available Now</stock>
				<multiplesOF>1</multiplesOF> 
									<imageLargeFront><![CDATA[https://s3.amazonaws.com/ecn-watermarks/effex/62796_1.jpg]]></imageLargeFront>
								
									<imageLargeBack><![CDATA[https://s3.amazonaws.com/ecn-watermarks/effex/62796_2.jpg]]></imageLargeBack>
								
									<imageMediumFront><![CDATA[https://s3.amazonaws.com/ecn-watermarks/effex/62796_5.jpg]]></imageMediumFront>
								
									<imageMediumBack><![CDATA[https://s3.amazonaws.com/ecn-watermarks/effex/62796_6.jpg]]></imageMediumBack>
								
									<imageThumbnailFront><![CDATA[https://s3.amazonaws.com/ecn-watermarks/effex/62796_9.jpg]]></imageThumbnailFront>
								
									<imageThumbnailBack><![CDATA[https://s3.amazonaws.com/ecn-watermarks/effex/62796_10.jpg]]></imageThumbnailBack>
									
				<manufacturer><![CDATA[Vedo Toys]]></manufacturer>
				<categories>SEX TOYS FOR MEN,GLOW IN THE DARK,VIBRATING,MASTURBATORS,</categories>
				<itemDescription>Torpedo rechargeable vibrating stroker delivers an intense sensation that will blow your mind. Powered by a triple motor system with 10 vibration modes, this supercharged stroker is designed for explosive solo play that`s not for the faint of heart. Easy to use, simply slip your poker into the ultra-textured sleeve, turn on the power and stroke away. For night strokers, enjoy the bonus glow-in-the-dark feature of the sleeve and for those who like to stroke in the shower, this bad boy is fully submersible. Stroke on!

PRODUCT FEATURES

Easy control for triple motor system
6 inches long able length
Super soft sleeve with textured channel
See through window while stroking
Glow in the dark sleeve
Rechargeable (USB cable included)
Waterproof
Running time:  1 hour


Dimensions:
Length:  9.25 in.
Insertable Length:  6.0 in.</itemDescription> <htmlitemdescriptioninbase64format>VG9ycGVkbyByZWNoYXJnZWFibGUgdmlicmF0aW5nIHN0cm9rZXIgZGVsaXZlcnMgYW4gaW50ZW5zZSBzZW5zYXRpb24gdGhhdCB3aWxsIGJsb3cgeW91ciBtaW5kLiBQb3dlcmVkIGJ5IGEgdHJpcGxlIG1vdG9yIHN5c3RlbSB3aXRoIDEwIHZpYnJhdGlvbiBtb2RlcywgdGhpcyBzdXBlcmNoYXJnZWQgc3Ryb2tlciBpcyBkZXNpZ25lZCBmb3IgZXhwbG9zaXZlIHNvbG8gcGxheSB0aGF0P3Mgbm90IGZvciB0aGUgZmFpbnQgb2YgaGVhcnQuIEVhc3kgdG8gdXNlLCBzaW1wbHkgc2xpcCB5b3VyIHBva2VyIGludG8gdGhlIHVsdHJhLXRleHR1cmVkIHNsZWV2ZSwgdHVybiBvbiB0aGUgcG93ZXIgYW5kIHN0cm9rZSBhd2F5LiBGb3IgbmlnaHQgc3Ryb2tlcnMsIGVuam95IHRoZSBib251cyBnbG93LWluLXRoZS1kYXJrIGZlYXR1cmUgb2YgdGhlIHNsZWV2ZSBhbmQgZm9yIHRob3NlIHdobyBsaWtlIHRvIHN0cm9rZSBpbiB0aGUgc2hvd2VyLCB0aGlzIGJhZCBib3kgaXMgZnVsbHkgc3VibWVyc2libGUuIFN0cm9rZSBvbiE8YnI+PGJyPgoKUFJPRFVDVCBGRUFUVVJFUwo8dWw+CjxsaT5FYXN5IGNvbnRyb2wgZm9yIHRyaXBsZSBtb3RvciBzeXN0ZW08L2xpPgo8bGk+NiBpbmNoZXMgbG9uZyBpbnNlcnRhYmxlIGxlbmd0aDwvbGk+CjxsaT5TdXBlciBzb2Z0IHNsZWV2ZSB3aXRoIHRleHR1cmVkIGNoYW5uZWw8L2xpPgo8bGk+U2VlIHRocm91Z2ggd2luZG93IHdoaWxlIHN0cm9raW5nPC9saT4KPGxpPkdsb3cgaW4gdGhlIGRhcmsgc2xlZXZlPC9saT4KPGxpPlJlY2hhcmdlYWJsZSAoVVNCIGNhYmxlIGluY2x1ZGVkKTwvbGk+CjxsaT5XYXRlcnByb29mPC9saT4KPGxpPlJ1bm5pbmcgdGltZTogIDEgaG91cjwvbGk+CjwvdWw+CgpEaW1lbnNpb25zOjxicj4KTGVuZ3RoOiAgOS4yNSBpbi48YnI+Ckluc2VydGFibGUgTGVuZ3RoOiAgNi4wIGluLg==</htmlitemdescriptioninbase64format>												
				<upc>789185756864</upc>			
				<dateUpdated>12/24/2020 12:01:18 PM</dateUpdated>	
				<itemweight><![CDATA[2.50]]></itemweight>		
				<dateCreated>07/08/2020 12:00:08 PM</dateCreated>			
				<deliveryallowed><![CDATA[0]]></deliveryallowed>	

					
						<categoriesV2>

											
							<categoritem>
								
									<mastercategories><![CDATA[Masturbators & Strokers]]></mastercategories>
								
									<subcategories><![CDATA[Glow In The Dark|Vibrating|Textured|Usb Rechargeable]]></subcategories>
														
							</categoritem>					
												
						</categoriesV2>
						
					<alternatetitle><![CDATA[VeDO Torpedo Rechargeable Vibrating Stroker - Just Black/Glow In The Dark]]></alternatetitle>
					<height><![CDATA[3.75]]></height>
					<width><![CDATA[4.75]]></width>
					<length><![CDATA[11]]></length>
					<marketplacerestrictions><![CDATA[1]]></marketplacerestrictions>
					<discontinued>No</discontinued>
					
						<regulations />
												
													
			</item>
				
			<item>
				<title><![CDATA[Wanda Wand Massager Pnk]]></title>
				<releaseDate>07/24/2020</releaseDate>				
				<itemSKU>SAVVI-W0109</itemSKU>
				<itemID>62801</itemID>		
				<standardPrice>39.0000</standardPrice>		
				<mapPrice>79.99</mapPrice>
				<msrpPrice>89.99</msrpPrice>			
				<stock>Available Now</stock>
				<multiplesOF>1</multiplesOF> 
									<imageLargeFront><![CDATA[https://s3.amazonaws.com/ecn-watermarks/effex/62801_1.jpg]]></imageLargeFront>
								
									<imageLargeBack><![CDATA[https://s3.amazonaws.com/ecn-watermarks/effex/62801_2.jpg]]></imageLargeBack>
								
									<imageMediumFront><![CDATA[https://s3.amazonaws.com/ecn-watermarks/effex/62801_5.jpg]]></imageMediumFront>
								
									<imageMediumBack><![CDATA[https://s3.amazonaws.com/ecn-watermarks/effex/62801_6.jpg]]></imageMediumBack>
								
									<imageThumbnailFront><![CDATA[https://s3.amazonaws.com/ecn-watermarks/effex/62801_9.jpg]]></imageThumbnailFront>
								
									<imageThumbnailBack><![CDATA[https://s3.amazonaws.com/ecn-watermarks/effex/62801_10.jpg]]></imageThumbnailBack>
									
				<manufacturer><![CDATA[Vedo Toys]]></manufacturer>
				<categories>SEX TOYS FOR WOMEN,MASSAGERS,</categories>
				<itemDescription>Wanda rechargeable wand may be the most powerful rechargeable wand on the market, boasting 10 mind blowing vibration modes. The thin handle fits perfectly in your hand which allows the flexible head to glide effortlessly over your body wherever your erogenous zones crave pleasure or you need tension relief. Made from silky smooth silicone, wanda is not only sleek and sexy, but whisper quiet. Your bath, shower or hot tub time will never be the same because your new partner is completely water submersible.

PRODUCT FEATURES

Extremely powerful motor
Rechargeable (USB cable included)
10 vibration modes
One button easy control
Extremely quiet
Velvety smooth silicone
Submersible
Running time: 1 hour


Dimensions:
Length:  9.44 in.
Max Diameter:  2.16 in.</itemDescription> <htmlitemdescriptioninbase64format>V2FuZGEgcmVjaGFyZ2VhYmxlIHdhbmQgbWF5IGJlIHRoZSBtb3N0IHBvd2VyZnVsIHJlY2hhcmdlYWJsZSB3YW5kIG9uIHRoZSBtYXJrZXQsIGJvYXN0aW5nIDEwIG1pbmQgYmxvd2luZyB2aWJyYXRpb24gbW9kZXMuIFRoZSB0aGluIGhhbmRsZSBmaXRzIHBlcmZlY3RseSBpbiB5b3VyIGhhbmQgd2hpY2ggYWxsb3dzIHRoZSBmbGV4aWJsZSBoZWFkIHRvIGdsaWRlIGVmZm9ydGxlc3NseSBvdmVyIHlvdXIgYm9keSB3aGVyZXZlciB5b3VyIGVyb2dlbm91cyB6b25lcyBjcmF2ZSBwbGVhc3VyZSBvciB5b3UgbmVlZCB0ZW5zaW9uIHJlbGllZi4gTWFkZSBmcm9tIHNpbGt5IHNtb290aCBzaWxpY29uZSwgd2FuZGEgaXMgbm90IG9ubHkgc2xlZWsgYW5kIHNleHksIGJ1dCB3aGlzcGVyIHF1aWV0LiBZb3VyIGJhdGgsIHNob3dlciBvciBob3QgdHViIHRpbWUgd2lsbCBuZXZlciBiZSB0aGUgc2FtZSBiZWNhdXNlIHlvdXIgbmV3IHBhcnRuZXIgaXMgY29tcGxldGVseSB3YXRlciBzdWJtZXJzaWJsZS48YnI+PGJyPgoKUFJPRFVDVCBGRUFUVVJFUwo8dWw+CjxsaT5FeHRyZW1lbHkgcG93ZXJmdWwgbW90b3I8L2xpPgo8bGk+UmVjaGFyZ2VhYmxlIChVU0IgY2FibGUgaW5jbHVkZWQpPC9saT4KPGxpPjEwIHZpYnJhdGlvbiBtb2RlczwvbGk+CjxsaT5PbmUgYnV0dG9uIGVhc3kgY29udHJvbD88L2xpPgo8bGk+RXh0cmVtZWx5IHF1aWV0PC9saT4KPGxpPlZlbHZldHkgc21vb3RoIHNpbGljb25lPC9saT4KPGxpPlN1Ym1lcnNpYmxlPC9saT4KPGxpPlJ1bm5pbmcgdGltZTogMSBob3VyPC9saT4KPC91bD4KCkRpbWVuc2lvbnM6PGJyPgpMZW5ndGg6ICA5LjQ0IGluLjxicj4KTWF4IERpYW1ldGVyOiAgMi4xNiBpbi4=</htmlitemdescriptioninbase64format>												
				<upc>789185756932</upc>			
				<dateUpdated>12/24/2020 12:01:18 PM</dateUpdated>	
				<itemweight><![CDATA[0.94]]></itemweight>		
				<dateCreated>07/08/2020 5:30:07 PM</dateCreated>			
				<deliveryallowed><![CDATA[0]]></deliveryallowed>	

					
						<categoriesV2>

											
							<categoritem>
								
									<mastercategories><![CDATA[Massagers]]></mastercategories>
								
									<subcategories></subcategories>
														
							</categoritem>					
												
						</categoriesV2>
						
					<alternatetitle><![CDATA[WANDA RECHARGEABLE Wand Vibe - FOXY PINK]]></alternatetitle>
					<height><![CDATA[2.5]]></height>
					<width><![CDATA[4]]></width>
					<length><![CDATA[11]]></length>
					<marketplacerestrictions><![CDATA[1]]></marketplacerestrictions>
					<discontinued>No</discontinued>
					
						<regulations />
												
													
			</item>
				
			<item>
				<title><![CDATA[Wanda Wand Massager Blk]]></title>
				<releaseDate>07/24/2020</releaseDate>				
				<itemSKU>SAVVI-W0108</itemSKU>
				<itemID>62802</itemID>		
				<standardPrice>39.0000</standardPrice>		
				<mapPrice>77.99</mapPrice>
				<msrpPrice>89.99</msrpPrice>			
				<stock>Available Now</stock>
				<multiplesOF>1</multiplesOF> 
									<imageLargeFront><![CDATA[https://s3.amazonaws.com/ecn-watermarks/effex/62802_1.jpg]]></imageLargeFront>
								
									<imageLargeBack><![CDATA[https://s3.amazonaws.com/ecn-watermarks/effex/62802_2.jpg]]></imageLargeBack>
								
									<imageMediumFront><![CDATA[https://s3.amazonaws.com/ecn-watermarks/effex/62802_5.jpg]]></imageMediumFront>
								
									<imageMediumBack><![CDATA[https://s3.amazonaws.com/ecn-watermarks/effex/62802_6.jpg]]></imageMediumBack>
								
									<imageThumbnailFront><![CDATA[https://s3.amazonaws.com/ecn-watermarks/effex/62802_9.jpg]]></imageThumbnailFront>
								
									<imageThumbnailBack><![CDATA[https://s3.amazonaws.com/ecn-watermarks/effex/62802_10.jpg]]></imageThumbnailBack>
									
				<manufacturer><![CDATA[Vedo Toys]]></manufacturer>
				<categories>SEX TOYS FOR WOMEN,MASSAGERS,</categories>
				<itemDescription>Wanda rechargeable wand may be the most powerful rechargeable wand on the market, boasting 10 mind blowing vibration modes. The thin handle fits perfectly in your hand which allows the flexible head to glide effortlessly over your body wherever your erogenous zones crave pleasure or you need tension relief. Made from silky smooth silicone, wanda is not only sleek and sexy, but whisper quiet. Your bath, shower or hot tub time will never be the same because your new partner is completely water submersible.

PRODUCT FEATURES

Extremely powerful motor
Rechargeable (USB cable included)
10 vibration modes
One button easy control
Extremely quiet
Velvety smooth silicone
Submersible
Running time: 1 hour


Dimensions:
Length:  9.44 in.
Max Diameter:  2.16 in.</itemDescription> <htmlitemdescriptioninbase64format>V2FuZGEgcmVjaGFyZ2VhYmxlIHdhbmQgbWF5IGJlIHRoZSBtb3N0IHBvd2VyZnVsIHJlY2hhcmdlYWJsZSB3YW5kIG9uIHRoZSBtYXJrZXQsIGJvYXN0aW5nIDEwIG1pbmQgYmxvd2luZyB2aWJyYXRpb24gbW9kZXMuIFRoZSB0aGluIGhhbmRsZSBmaXRzIHBlcmZlY3RseSBpbiB5b3VyIGhhbmQgd2hpY2ggYWxsb3dzIHRoZSBmbGV4aWJsZSBoZWFkIHRvIGdsaWRlIGVmZm9ydGxlc3NseSBvdmVyIHlvdXIgYm9keSB3aGVyZXZlciB5b3VyIGVyb2dlbm91cyB6b25lcyBjcmF2ZSBwbGVhc3VyZSBvciB5b3UgbmVlZCB0ZW5zaW9uIHJlbGllZi4gTWFkZSBmcm9tIHNpbGt5IHNtb290aCBzaWxpY29uZSwgd2FuZGEgaXMgbm90IG9ubHkgc2xlZWsgYW5kIHNleHksIGJ1dCB3aGlzcGVyIHF1aWV0LiBZb3VyIGJhdGgsIHNob3dlciBvciBob3QgdHViIHRpbWUgd2lsbCBuZXZlciBiZSB0aGUgc2FtZSBiZWNhdXNlIHlvdXIgbmV3IHBhcnRuZXIgaXMgY29tcGxldGVseSB3YXRlciBzdWJtZXJzaWJsZS48YnI+PGJyPgoKUFJPRFVDVCBGRUFUVVJFUwo8dWw+CjxsaT5FeHRyZW1lbHkgcG93ZXJmdWwgbW90b3I8L2xpPgo8bGk+UmVjaGFyZ2VhYmxlIChVU0IgY2FibGUgaW5jbHVkZWQpPC9saT4KPGxpPjEwIHZpYnJhdGlvbiBtb2RlczwvbGk+CjxsaT5PbmUgYnV0dG9uIGVhc3kgY29udHJvbD88L2xpPgo8bGk+RXh0cmVtZWx5IHF1aWV0PC9saT4KPGxpPlZlbHZldHkgc21vb3RoIHNpbGljb25lPC9saT4KPGxpPlN1Ym1lcnNpYmxlPC9saT4KPGxpPlJ1bm5pbmcgdGltZTogMSBob3VyPC9saT4KPC91bD4KCkRpbWVuc2lvbnM6PGJyPgpMZW5ndGg6ICA5LjQ0IGluLjxicj4KTWF4IERpYW1ldGVyOiAgMi4xNiBpbi4=</htmlitemdescriptioninbase64format>												
				<upc>789185756949</upc>			
				<dateUpdated>12/24/2020 12:01:18 PM</dateUpdated>	
				<itemweight><![CDATA[0.96]]></itemweight>		
				<dateCreated>07/08/2020 7:30:05 PM</dateCreated>			
				<deliveryallowed><![CDATA[0]]></deliveryallowed>	

					
						<categoriesV2>

											
							<categoritem>
								
									<mastercategories><![CDATA[Massagers]]></mastercategories>
								
									<subcategories></subcategories>
														
							</categoritem>					
												
						</categoriesV2>
						
					<alternatetitle><![CDATA[WANDA RECHARGEABLE Wand Vibe - JUST BLACK]]></alternatetitle>
					<height><![CDATA[2.5]]></height>
					<width><![CDATA[4]]></width>
					<length><![CDATA[11]]></length>
					<marketplacerestrictions><![CDATA[1]]></marketplacerestrictions>
					<discontinued>No</discontinued>
					
						<regulations />
												
													
			</item>
				
			<item>
				<title><![CDATA[Hummer Super Bj Mast Prl]]></title>
				<releaseDate>07/24/2020</releaseDate>				
				<itemSKU>SAVVI-Z0108</itemSKU>
				<itemID>62804</itemID>		
				<standardPrice>140.0000</standardPrice>		
				<mapPrice>249.99</mapPrice>
				<msrpPrice>279.99</msrpPrice>			
				<stock>Available Now</stock>
				<multiplesOF>1</multiplesOF> 
									<imageLargeFront><![CDATA[https://s3.amazonaws.com/ecn-watermarks/effex/62804_1.jpg]]></imageLargeFront>
								
									<imageLargeBack><![CDATA[https://s3.amazonaws.com/ecn-watermarks/effex/62804_2.jpg]]></imageLargeBack>
								
									<imageMediumFront><![CDATA[https://s3.amazonaws.com/ecn-watermarks/effex/62804_5.jpg]]></imageMediumFront>
								
									<imageMediumBack><![CDATA[https://s3.amazonaws.com/ecn-watermarks/effex/62804_6.jpg]]></imageMediumBack>
								
									<imageThumbnailFront><![CDATA[https://s3.amazonaws.com/ecn-watermarks/effex/62804_9.jpg]]></imageThumbnailFront>
								
									<imageThumbnailBack><![CDATA[https://s3.amazonaws.com/ecn-watermarks/effex/62804_10.jpg]]></imageThumbnailBack>
									
				<manufacturer><![CDATA[Vedo Toys]]></manufacturer>
				<categories>SEX TOYS FOR MEN,MASTURBATORS,</categories>
				<itemDescription>HUMMER transforms the everyday BJ. This fully automatic super powerful suction masturbator boasts up to 109 suction impulses per minute. Whether you like it slow and easy or fast and furious, you determine the hummer you want. With 5 intensity levels and 5 speeds that`s a mind-blowing 25 ways to have a perfect BJ. The soft, stretchy sleeve with bonus glow-in-the-dark feature and integrated pleasure ring gives all sleeves a run for their money. Our hands free technology allows you to sit back, pick your perfect suction impulse with a touch of a button on the sleek remote - and you`re in business my man! And don`t ever worry about your perfect BJ ever cutting out on you at the most inopportune time, it`s plug and play baby  never needs a charge.</itemDescription> <htmlitemdescriptioninbase64format>SFVNTUVSIHRyYW5zZm9ybXMgdGhlIGV2ZXJ5ZGF5IEJKLiBUaGlzIGZ1bGx5IGF1dG9tYXRpYyBzdXBlciBwb3dlcmZ1bCBzdWN0aW9uIG1hc3R1cmJhdG9yIGJvYXN0cyB1cCB0byAxMDkgc3VjdGlvbiBpbXB1bHNlcyBwZXIgbWludXRlLiBXaGV0aGVyIHlvdSBsaWtlIGl0IHNsb3cgYW5kIGVhc3kgb3IgZmFzdCBhbmQgZnVyaW91cywgeW91IGRldGVybWluZSB0aGUgaHVtbWVyIHlvdSB3YW50LiBXaXRoIDUgaW50ZW5zaXR5IGxldmVscyBhbmQgNSBzcGVlZHMgdGhhdD9zIGEgbWluZC1ibG93aW5nIDI1IHdheXMgdG8gaGF2ZSBhIHBlcmZlY3QgQkouIFRoZSBzb2Z0LCBzdHJldGNoeSBzbGVldmUgd2l0aCBib251cyBnbG93LWluLXRoZS1kYXJrIGZlYXR1cmUgYW5kIGludGVncmF0ZWQgcGxlYXN1cmUgcmluZyBnaXZlcyBhbGwgc2xlZXZlcyBhIHJ1biBmb3IgdGhlaXIgbW9uZXkuIE91ciBoYW5kcyBmcmVlIHRlY2hub2xvZ3kgYWxsb3dzIHlvdSB0byBzaXQgYmFjaywgcGljayB5b3VyIHBlcmZlY3Qgc3VjdGlvbiBpbXB1bHNlIHdpdGggYSB0b3VjaCBvZiBhIGJ1dHRvbiBvbiB0aGUgc2xlZWsgcmVtb3RlIC0gYW5kIHlvdT9yZSBpbiBidXNpbmVzcyBteSBtYW4hIEFuZCBkb24/dCBldmVyIHdvcnJ5IGFib3V0IHlvdXIgcGVyZmVjdCBCSiBldmVyIGN1dHRpbmcgb3V0IG9uIHlvdSBhdCB0aGUgbW9zdCBpbm9wcG9ydHVuZSB0aW1lLCBpdD9zIHBsdWcgYW5kIHBsYXkgYmFieSA/IG5ldmVyIG5lZWRzIGEgY2hhcmdlLg==</htmlitemdescriptioninbase64format>												
				<upc>789185756871</upc>			
				<dateUpdated>12/24/2020 12:01:18 PM</dateUpdated>	
				<itemweight><![CDATA[7.14]]></itemweight>		
				<dateCreated>07/09/2020 9:30:04 AM</dateCreated>			
				<deliveryallowed><![CDATA[0]]></deliveryallowed>	

					
						<categoriesV2>

											
							<categoritem>
								
									<mastercategories><![CDATA[Masturbators & Strokers]]></mastercategories>
								
									<subcategories></subcategories>
														
							</categoritem>					
												
						</categoriesV2>
						
					<alternatetitle><![CDATA[HUMMER Super BJ Machine - BLACK PEARL]]></alternatetitle>
					<height><![CDATA[4.25]]></height>
					<width><![CDATA[11.5]]></width>
					<length><![CDATA[14.25]]></length>
					<marketplacerestrictions><![CDATA[1]]></marketplacerestrictions>
					<discontinued>No</discontinued>
					
						<regulations />
												
													
			</item>
				
			<item>
				<title><![CDATA[Primo Tux Black]]></title>
				<releaseDate>08/17/2020</releaseDate>				
				<itemSKU>XSOPRMTUX-BL</itemSKU>
				<itemID>62836</itemID>		
				<standardPrice>10.4500</standardPrice>		
				<mapPrice>0</mapPrice>
				<msrpPrice>25.95</msrpPrice>			
				<stock>Available Now</stock>
				<multiplesOF>1</multiplesOF> 
									<imageLargeFront><![CDATA[https://s3.amazonaws.com/ecn-watermarks/effex/62836_1.jpg]]></imageLargeFront>
								
									<imageLargeBack><![CDATA[https://s3.amazonaws.com/ecn-watermarks/effex/62836_2.jpg]]></imageLargeBack>
								
									<imageMediumFront><![CDATA[https://s3.amazonaws.com/ecn-watermarks/effex/62836_5.jpg]]></imageMediumFront>
								
									<imageMediumBack><![CDATA[https://s3.amazonaws.com/ecn-watermarks/effex/62836_6.jpg]]></imageMediumBack>
								
									<imageThumbnailFront><![CDATA[https://s3.amazonaws.com/ecn-watermarks/effex/62836_9.jpg]]></imageThumbnailFront>
								
									<imageThumbnailBack><![CDATA[https://s3.amazonaws.com/ecn-watermarks/effex/62836_10.jpg]]></imageThumbnailBack>
									
				<manufacturer><![CDATA[Screaming O]]></manufacturer>
				<categories>SILICONE,SEX TOYS FOR MEN,COCKRINGS,WATERPROOF MULTISPEED VIB,</categories>
				<itemDescription>The PrimO Tux is a premium vibrating ring reimagined for discerning shoppers with a taste for luxury at an economical price. The Tux is made of 100% premium silicone that stretches for a tailor-made fit and features our most powerful 4-function vibrating motor yet. Suit up with the PrimO Tux and turn every bedroom encounter into a formal affair!

Dimensions:  2.40 x 4.88 x 1.18 in.</itemDescription> <htmlitemdescriptioninbase64format>VGhlIFByaW1PIFR1eCBpcyBhIHByZW1pdW0gdmlicmF0aW5nIHJpbmcgcmVpbWFnaW5lZCBmb3IgZGlzY2VybmluZyBzaG9wcGVycyB3aXRoIGEgdGFzdGUgZm9yIGx1eHVyeSBhdCBhbiBlY29ub21pY2FsIHByaWNlLiBUaGUgVHV4IGlzIG1hZGUgb2YgMTAwJSBwcmVtaXVtIHNpbGljb25lIHRoYXQgc3RyZXRjaGVzIGZvciBhIHRhaWxvci1tYWRlIGZpdCBhbmQgZmVhdHVyZXMgb3VyIG1vc3QgcG93ZXJmdWwgNC1mdW5jdGlvbiB2aWJyYXRpbmcgbW90b3IgeWV0LiBTdWl0IHVwIHdpdGggdGhlIFByaW1PIFR1eCBhbmQgdHVybiBldmVyeSBiZWRyb29tIGVuY291bnRlciBpbnRvIGEgZm9ybWFsIGFmZmFpciE8YnI+PGJyPgoKRGltZW5zaW9uczogIDIuNDAgeCA0Ljg4IHggMS4xOCBpbi4=</htmlitemdescriptioninbase64format>												
				<upc>817483010521</upc>			
				<dateUpdated>12/24/2020 12:01:18 PM</dateUpdated>	
				<itemweight><![CDATA[0.10]]></itemweight>		
				<dateCreated>07/15/2020 9:00:06 AM</dateCreated>			
				<deliveryallowed><![CDATA[0]]></deliveryallowed>	

					
						<categoriesV2>

											
							<categoritem>
								
									<mastercategories><![CDATA[Cockrings]]></mastercategories>
								
									<subcategories><![CDATA[Black|Multispeed|Silicone|Vibrating|Waterproof]]></subcategories>
														
							</categoritem>					
												
						</categoriesV2>
						
					<alternatetitle><![CDATA[Primo Tux Silicone Vibrating Ring - Black]]></alternatetitle>
					<height><![CDATA[1.25]]></height>
					<width><![CDATA[2.25]]></width>
					<length><![CDATA[5.25]]></length>
					<marketplacerestrictions><![CDATA[0]]></marketplacerestrictions>
					<discontinued>No</discontinued>
					
						<regulations />
												
													
			</item>
				
			<item>
				<title><![CDATA[Primo Tux Blue]]></title>
				<releaseDate>08/17/2020</releaseDate>				
				<itemSKU>XSOPRMTUX-BU</itemSKU>
				<itemID>62837</itemID>		
				<standardPrice>10.4500</standardPrice>		
				<mapPrice>0</mapPrice>
				<msrpPrice>25.95</msrpPrice>			
				<stock>Available Now</stock>
				<multiplesOF>1</multiplesOF> 
									<imageLargeFront><![CDATA[https://s3.amazonaws.com/ecn-watermarks/effex/62837_1.jpg]]></imageLargeFront>
								
									<imageLargeBack><![CDATA[https://s3.amazonaws.com/ecn-watermarks/effex/62837_2.jpg]]></imageLargeBack>
								
									<imageMediumFront><![CDATA[https://s3.amazonaws.com/ecn-watermarks/effex/62837_5.jpg]]></imageMediumFront>
								
									<imageMediumBack><![CDATA[https://s3.amazonaws.com/ecn-watermarks/effex/62837_6.jpg]]></imageMediumBack>
								
									<imageThumbnailFront><![CDATA[https://s3.amazonaws.com/ecn-watermarks/effex/62837_9.jpg]]></imageThumbnailFront>
								
									<imageThumbnailBack><![CDATA[https://s3.amazonaws.com/ecn-watermarks/effex/62837_10.jpg]]></imageThumbnailBack>
									
				<manufacturer><![CDATA[Screaming O]]></manufacturer>
				<categories>SILICONE,SEX TOYS FOR MEN,COCKRINGS,WATERPROOF MULTISPEED VIB,</categories>
				<itemDescription>The PrimO Tux is a premium vibrating ring reimagined for discerning shoppers with a taste for luxury at an economical price. The Tux is made of 100% premium silicone that stretches for a tailor-made fit and features our most powerful 4-function vibrating motor yet. Suit up with the PrimO Tux and turn every bedroom encounter into a formal affair!

Dimensions:  2.40 x 4.88 x 1.18 in.</itemDescription> <htmlitemdescriptioninbase64format>VGhlIFByaW1PIFR1eCBpcyBhIHByZW1pdW0gdmlicmF0aW5nIHJpbmcgcmVpbWFnaW5lZCBmb3IgZGlzY2VybmluZyBzaG9wcGVycyB3aXRoIGEgdGFzdGUgZm9yIGx1eHVyeSBhdCBhbiBlY29ub21pY2FsIHByaWNlLiBUaGUgVHV4IGlzIG1hZGUgb2YgMTAwJSBwcmVtaXVtIHNpbGljb25lIHRoYXQgc3RyZXRjaGVzIGZvciBhIHRhaWxvci1tYWRlIGZpdCBhbmQgZmVhdHVyZXMgb3VyIG1vc3QgcG93ZXJmdWwgNC1mdW5jdGlvbiB2aWJyYXRpbmcgbW90b3IgeWV0LiBTdWl0IHVwIHdpdGggdGhlIFByaW1PIFR1eCBhbmQgdHVybiBldmVyeSBiZWRyb29tIGVuY291bnRlciBpbnRvIGEgZm9ybWFsIGFmZmFpciE8YnI+PGJyPgoKRGltZW5zaW9uczogIDIuNDAgeCA0Ljg4IHggMS4xOCBpbi4=</htmlitemdescriptioninbase64format>												
				<upc>817483010545</upc>			
				<dateUpdated>12/24/2020 12:01:18 PM</dateUpdated>	
				<itemweight><![CDATA[0.10]]></itemweight>		
				<dateCreated>07/15/2020 9:30:09 AM</dateCreated>			
				<deliveryallowed><![CDATA[0]]></deliveryallowed>	

					
						<categoriesV2>

											
							<categoritem>
								
									<mastercategories><![CDATA[Cockrings]]></mastercategories>
								
									<subcategories><![CDATA[Blue|Multispeed|Silicone|Vibrating|Waterproof]]></subcategories>
														
							</categoritem>					
												
						</categoriesV2>
						
					<alternatetitle><![CDATA[Primo Tux Silicone Vibrating Ring - Blue]]></alternatetitle>
					<height><![CDATA[1.25]]></height>
					<width><![CDATA[2.25]]></width>
					<length><![CDATA[5.25]]></length>
					<marketplacerestrictions><![CDATA[0]]></marketplacerestrictions>
					<discontinued>No</discontinued>
					
						<regulations />
												
													
			</item>
				
			<item>
				<title><![CDATA[Primo Tux Purple]]></title>
				<releaseDate>08/17/2020</releaseDate>				
				<itemSKU>XSOPRMTUX-PU</itemSKU>
				<itemID>62838</itemID>		
				<standardPrice>10.4500</standardPrice>		
				<mapPrice>0</mapPrice>
				<msrpPrice>25.95</msrpPrice>			
				<stock>Short Wait</stock>
				<multiplesOF>1</multiplesOF> 
									<imageLargeFront><![CDATA[https://s3.amazonaws.com/ecn-watermarks/effex/62838_1.jpg]]></imageLargeFront>
								
									<imageLargeBack><![CDATA[https://s3.amazonaws.com/ecn-watermarks/effex/62838_2.jpg]]></imageLargeBack>
								
									<imageMediumFront><![CDATA[https://s3.amazonaws.com/ecn-watermarks/effex/62838_5.jpg]]></imageMediumFront>
								
									<imageMediumBack><![CDATA[https://s3.amazonaws.com/ecn-watermarks/effex/62838_6.jpg]]></imageMediumBack>
								
									<imageThumbnailFront><![CDATA[https://s3.amazonaws.com/ecn-watermarks/effex/62838_9.jpg]]></imageThumbnailFront>
								
									<imageThumbnailBack><![CDATA[https://s3.amazonaws.com/ecn-watermarks/effex/62838_10.jpg]]></imageThumbnailBack>
									
				<manufacturer><![CDATA[Screaming O]]></manufacturer>
				<categories>SILICONE,SEX TOYS FOR MEN,COCKRINGS,WATERPROOF MULTISPEED VIB,</categories>
				<itemDescription>The PrimO Tux is a premium vibrating ring reimagined for discerning shoppers with a taste for luxury at an economical price. The Tux is made of 100% premium silicone that stretches for a tailor-made fit and features our most powerful 4-function vibrating motor yet. Suit up with the PrimO Tux and turn every bedroom encounter into a formal affair!

Dimensions:  2.40 x 4.88 x 1.18 in.</itemDescription> <htmlitemdescriptioninbase64format>VGhlIFByaW1PIFR1eCBpcyBhIHByZW1pdW0gdmlicmF0aW5nIHJpbmcgcmVpbWFnaW5lZCBmb3IgZGlzY2VybmluZyBzaG9wcGVycyB3aXRoIGEgdGFzdGUgZm9yIGx1eHVyeSBhdCBhbiBlY29ub21pY2FsIHByaWNlLiBUaGUgVHV4IGlzIG1hZGUgb2YgMTAwJSBwcmVtaXVtIHNpbGljb25lIHRoYXQgc3RyZXRjaGVzIGZvciBhIHRhaWxvci1tYWRlIGZpdCBhbmQgZmVhdHVyZXMgb3VyIG1vc3QgcG93ZXJmdWwgNC1mdW5jdGlvbiB2aWJyYXRpbmcgbW90b3IgeWV0LiBTdWl0IHVwIHdpdGggdGhlIFByaW1PIFR1eCBhbmQgdHVybiBldmVyeSBiZWRyb29tIGVuY291bnRlciBpbnRvIGEgZm9ybWFsIGFmZmFpciE8YnI+PGJyPgoKRGltZW5zaW9uczogIDIuNDAgeCA0Ljg4IHggMS4xOCBpbi4=</htmlitemdescriptioninbase64format>												
				<upc>817483010552</upc>			
				<dateUpdated>12/24/2020 12:01:18 PM</dateUpdated>	
				<itemweight><![CDATA[0.10]]></itemweight>		
				<dateCreated>07/15/2020 9:30:09 AM</dateCreated>			
				<deliveryallowed><![CDATA[0]]></deliveryallowed>	

					
						<categoriesV2>

											
							<categoritem>
								
									<mastercategories><![CDATA[Cockrings]]></mastercategories>
								
									<subcategories><![CDATA[Multispeed|Purple|Silicone|Vibrating|Waterproof]]></subcategories>
														
							</categoritem>					
												
						</categoriesV2>
						
					<alternatetitle><![CDATA[Primo Tux Silicone Vibrating Ring - Purple]]></alternatetitle>
					<height><![CDATA[1.25]]></height>
					<width><![CDATA[2.25]]></width>
					<length><![CDATA[5.25]]></length>
					<marketplacerestrictions><![CDATA[0]]></marketplacerestrictions>
					<discontinued>No</discontinued>
					
						<regulations />
												
													
			</item>
				
			<item>
				<title><![CDATA[Colorpop Fing O Pink]]></title>
				<releaseDate>08/17/2020</releaseDate>				
				<itemSKU>XSOCPFNG-PK</itemSKU>
				<itemID>62846</itemID>		
				<standardPrice>8.7000</standardPrice>		
				<mapPrice>0</mapPrice>
				<msrpPrice>19.95</msrpPrice>			
				<stock>Available Now</stock>
				<multiplesOF>1</multiplesOF> 
									<imageLargeFront><![CDATA[https://s3.amazonaws.com/ecn-watermarks/effex/62846_1.jpg]]></imageLargeFront>
								
									<imageLargeBack><![CDATA[https://s3.amazonaws.com/ecn-watermarks/effex/62846_2.jpg]]></imageLargeBack>
								
									<imageMediumFront><![CDATA[https://s3.amazonaws.com/ecn-watermarks/effex/62846_5.jpg]]></imageMediumFront>
								
									<imageMediumBack><![CDATA[https://s3.amazonaws.com/ecn-watermarks/effex/62846_6.jpg]]></imageMediumBack>
								
									<imageThumbnailFront><![CDATA[https://s3.amazonaws.com/ecn-watermarks/effex/62846_9.jpg]]></imageThumbnailFront>
								
									<imageThumbnailBack><![CDATA[https://s3.amazonaws.com/ecn-watermarks/effex/62846_10.jpg]]></imageThumbnailBack>
									
				<manufacturer><![CDATA[Screaming O]]></manufacturer>
				<categories>SILICONE,FINGER MASSAGER,WATERPROOF MULTISPEED VIB,SEX TOYS FOR WOMEN,</categories>
				<itemDescription>The ColorPoP FingO puts the power of pleasure at your fingertips  literally!  with a compact 3-speed plus pulse bullet vibe that fits comfortably around any finger. Perfect for targeted massage or direct stimulation, the ColorPoP Fing O matches powerful stimulation with super-bright colors for the ultimate in vibrant vibration!


Finger-fitted 3-speed plus pulse bullet vibe
Comfortable ergonomic design
Removable bullet for multipurpose fun


Dimensions:
1.49 x 3.74 x 6.49 in.</itemDescription> <htmlitemdescriptioninbase64format>VGhlIENvbG9yUG9QIEZpbmdPIHB1dHMgdGhlIHBvd2VyIG9mIHBsZWFzdXJlIGF0IHlvdXIgZmluZ2VydGlwcyA/IGxpdGVyYWxseSEgPyB3aXRoIGEgY29tcGFjdCAzLXNwZWVkIHBsdXMgcHVsc2UgYnVsbGV0IHZpYmUgdGhhdCBmaXRzIGNvbWZvcnRhYmx5IGFyb3VuZCBhbnkgZmluZ2VyLiBQZXJmZWN0IGZvciB0YXJnZXRlZCBtYXNzYWdlIG9yIGRpcmVjdCBzdGltdWxhdGlvbiwgdGhlIENvbG9yUG9QIEZpbmcgTyBtYXRjaGVzIHBvd2VyZnVsIHN0aW11bGF0aW9uIHdpdGggc3VwZXItYnJpZ2h0IGNvbG9ycyBmb3IgdGhlIHVsdGltYXRlIGluIHZpYnJhbnQgdmlicmF0aW9uITxicj48YnI+Cgo8dWw+CjxsaT5GaW5nZXItZml0dGVkIDMtc3BlZWQgcGx1cyBwdWxzZSBidWxsZXQgdmliZTwvbGk+CjxsaT5Db21mb3J0YWJsZSBlcmdvbm9taWMgZGVzaWduPC9saT4KPGxpPlJlbW92YWJsZSBidWxsZXQgZm9yIG11bHRpcHVycG9zZSBmdW48L2xpPgo8L3VsPgoKRGltZW5zaW9uczo8YnI+CjEuNDkgeCAzLjc0IHggNi40OSBpbi4=</htmlitemdescriptioninbase64format>												
				<upc>817483010866</upc>			
				<dateUpdated>12/24/2020 12:01:18 PM</dateUpdated>	
				<itemweight><![CDATA[0.12]]></itemweight>		
				<dateCreated>07/17/2020 12:00:14 PM</dateCreated>			
				<deliveryallowed><![CDATA[0]]></deliveryallowed>	

					
						<categoriesV2>

											
							<categoritem>
								
									<mastercategories><![CDATA[Clitoral Stimulation|Massagers]]></mastercategories>
								
									<subcategories><![CDATA[Finger Massager|Multispeed|Pink|Silicone|Vibrating|Waterproof]]></subcategories>
														
							</categoritem>					
												
						</categoriesV2>
						
					<alternatetitle><![CDATA[ColorPop Fing O Finger Vibe - Pink]]></alternatetitle>
					<height><![CDATA[1.25]]></height>
					<width><![CDATA[3.5]]></width>
					<length><![CDATA[6.5]]></length>
					<marketplacerestrictions><![CDATA[0]]></marketplacerestrictions>
					<discontinued>No</discontinued>
					
						<regulations />
												
													
			</item>
				
			<item>
				<title><![CDATA[Colorpop O Wow Blue]]></title>
				<releaseDate>08/17/2020</releaseDate>				
				<itemSKU>XSOCPOW-BU</itemSKU>
				<itemID>62847</itemID>		
				<standardPrice>10.3200</standardPrice>		
				<mapPrice>0</mapPrice>
				<msrpPrice>21.95</msrpPrice>			
				<stock>Available Now</stock>
				<multiplesOF>1</multiplesOF> 
									<imageLargeFront><![CDATA[https://s3.amazonaws.com/ecn-watermarks/effex/62847_1.jpg]]></imageLargeFront>
								
									<imageLargeBack><![CDATA[https://s3.amazonaws.com/ecn-watermarks/effex/62847_2.jpg]]></imageLargeBack>
								
									<imageMediumFront><![CDATA[https://s3.amazonaws.com/ecn-watermarks/effex/62847_5.jpg]]></imageMediumFront>
								
									<imageMediumBack><![CDATA[https://s3.amazonaws.com/ecn-watermarks/effex/62847_6.jpg]]></imageMediumBack>
								
									<imageThumbnailFront><![CDATA[https://s3.amazonaws.com/ecn-watermarks/effex/62847_9.jpg]]></imageThumbnailFront>
								
									<imageThumbnailBack><![CDATA[https://s3.amazonaws.com/ecn-watermarks/effex/62847_10.jpg]]></imageThumbnailBack>
									
				<manufacturer><![CDATA[Screaming O]]></manufacturer>
				<categories>SILICONE,COCKRINGS W/CLIT STIMULATION,SEX TOYS FOR COUPLES,WATERPROOF MULTISPEED VIB,</categories>
				<itemDescription>The ColorPoP O Wow&amp;#xae; combines the 3-speed plus pulse power of the Screaming O&amp;#xae; 3+1 Bullet with a stretchy and snug ring and extended pleasure ticklers for her. Super-powered with super-bright colors, the ColorPOP O Wow brings couples the ultimate in vibrant vibration.


Vibrating ring with 3-speed plus pulse bullet
Stretchy, comfortable ring
Removable bullet for multipurpose fun


Dimensions:
1.5 x 3.74 x 6.5 in.</itemDescription> <htmlitemdescriptioninbase64format>VGhlIENvbG9yUG9QIE8gV293riBjb21iaW5lcyB0aGUgMy1zcGVlZCBwbHVzIHB1bHNlIHBvd2VyIG9mIHRoZSBTY3JlYW1pbmcgT64gMysxIEJ1bGxldCB3aXRoIGEgc3RyZXRjaHkgYW5kIHNudWcgcmluZyBhbmQgZXh0ZW5kZWQgcGxlYXN1cmUgdGlja2xlcnMgZm9yIGhlci4gU3VwZXItcG93ZXJlZCB3aXRoIHN1cGVyLWJyaWdodCBjb2xvcnMsIHRoZSBDb2xvclBPUCBPIFdvdyBicmluZ3MgY291cGxlcyB0aGUgdWx0aW1hdGUgaW4gdmlicmFudCB2aWJyYXRpb24uPGJyPjxicj4KCjx1bD4KPGxpPlZpYnJhdGluZyByaW5nIHdpdGggMy1zcGVlZCBwbHVzIHB1bHNlIGJ1bGxldDwvbGk+CjxsaT5TdHJldGNoeSwgY29tZm9ydGFibGUgcmluZzwvbGk+CjxsaT5SZW1vdmFibGUgYnVsbGV0IGZvciBtdWx0aXB1cnBvc2UgZnVuPC9saT4KPC91bD4KCkRpbWVuc2lvbnM6PGJyPgoxLjUgeCAzLjc0IHggNi41IGluLg==</htmlitemdescriptioninbase64format>												
				<upc>817483010859</upc>			
				<dateUpdated>12/24/2020 12:01:18 PM</dateUpdated>	
				<itemweight><![CDATA[0.12]]></itemweight>		
				<dateCreated>07/17/2020 12:00:14 PM</dateCreated>			
				<deliveryallowed><![CDATA[0]]></deliveryallowed>	

					
						<categoriesV2>

											
							<categoritem>
								
									<mastercategories><![CDATA[Clitoral Stimulation|Cockrings]]></mastercategories>
								
									<subcategories><![CDATA[Blue|Clit Stimulating Cock Rings|Multispeed|Silicone|Vibrating|Waterproof]]></subcategories>
														
							</categoritem>					
												
						</categoriesV2>
						
					<alternatetitle><![CDATA[ColorPop O Wow Vibrating Ring - Blue]]></alternatetitle>
					<height><![CDATA[1.25]]></height>
					<width><![CDATA[3.5]]></width>
					<length><![CDATA[6.5]]></length>
					<marketplacerestrictions><![CDATA[0]]></marketplacerestrictions>
					<discontinued>No</discontinued>
					
						<regulations />
												
													
			</item>
				
			<item>
				<title><![CDATA[Screaming O O Wow Purple]]></title>
				<releaseDate>08/17/2020</releaseDate>				
				<itemSKU>XSOW-PU</itemSKU>
				<itemID>62854</itemID>		
				<standardPrice>9.2200</standardPrice>		
				<mapPrice>0</mapPrice>
				<msrpPrice>0</msrpPrice>			
				<stock>Available Now</stock>
				<multiplesOF>1</multiplesOF> 
									<imageLargeFront><![CDATA[https://s3.amazonaws.com/ecn-watermarks/effex/62854_1.jpg]]></imageLargeFront>
								
									<imageLargeBack><![CDATA[https://s3.amazonaws.com/ecn-watermarks/effex/62854_2.jpg]]></imageLargeBack>
								
									<imageMediumFront><![CDATA[https://s3.amazonaws.com/ecn-watermarks/effex/62854_5.jpg]]></imageMediumFront>
								
									<imageMediumBack><![CDATA[https://s3.amazonaws.com/ecn-watermarks/effex/62854_6.jpg]]></imageMediumBack>
								
									<imageThumbnailFront><![CDATA[https://s3.amazonaws.com/ecn-watermarks/effex/62854_9.jpg]]></imageThumbnailFront>
								
									<imageThumbnailBack><![CDATA[https://s3.amazonaws.com/ecn-watermarks/effex/62854_10.jpg]]></imageThumbnailBack>
									
				<manufacturer><![CDATA[Screaming O]]></manufacturer>
				<categories>COCKRINGS W/CLIT STIMULATION,SEX TOYS FOR COUPLES,VIBRATING COCK RINGS,</categories>
				<itemDescription>The O Wow vibrating ring features a super-powered bullet to give couples the ultimate intimate experience for mutual satisfaction. With extended pleasure ticklers for enhanced sensations and a stretchy, comfortable constricting band, the O Wow is sure to Make Love More Fun.


Vibrating ring with super-powered bullet
Stretchy, comfortable vibrating ring
Removable bullet for multipurpose fun


Dimensions:
3.74 x 6.73 x 2.20 in.</itemDescription> <htmlitemdescriptioninbase64format>VGhlIE8gV293IHZpYnJhdGluZyByaW5nIGZlYXR1cmVzIGEgc3VwZXItcG93ZXJlZCBidWxsZXQgdG8gZ2l2ZSBjb3VwbGVzIHRoZSB1bHRpbWF0ZSBpbnRpbWF0ZSBleHBlcmllbmNlIGZvciBtdXR1YWwgc2F0aXNmYWN0aW9uLiBXaXRoIGV4dGVuZGVkIHBsZWFzdXJlIHRpY2tsZXJzIGZvciBlbmhhbmNlZCBzZW5zYXRpb25zIGFuZCBhIHN0cmV0Y2h5LCBjb21mb3J0YWJsZSBjb25zdHJpY3RpbmcgYmFuZCwgdGhlIE8gV293IGlzIHN1cmUgdG8gTWFrZSBMb3ZlIE1vcmUgRnVuPy48YnI+PGJyPgoKPHVsPgo8bGk+VmlicmF0aW5nIHJpbmcgd2l0aCBzdXBlci1wb3dlcmVkIGJ1bGxldDwvbGk+CjxsaT5TdHJldGNoeSwgY29tZm9ydGFibGUgdmlicmF0aW5nIHJpbmc8L2xpPgo8bGk+UmVtb3ZhYmxlIGJ1bGxldCBmb3IgbXVsdGlwdXJwb3NlIGZ1bjwvbGk+CjwvdWw+CgpEaW1lbnNpb25zOjxicj4KMy43NCB4IDYuNzMgeCAyLjIwIGluLg==</htmlitemdescriptioninbase64format>												
				<upc>854885001900</upc>			
				<dateUpdated>12/24/2020 12:01:18 PM</dateUpdated>	
				<itemweight><![CDATA[0.12]]></itemweight>		
				<dateCreated>07/17/2020 12:00:14 PM</dateCreated>			
				<deliveryallowed><![CDATA[0]]></deliveryallowed>	

					
						<categoriesV2>

											
							<categoritem>
								
									<mastercategories><![CDATA[Clitoral Stimulation|Cockrings|Eggs & Bullets]]></mastercategories>
								
									<subcategories><![CDATA[Clit Stimulating Cock Rings|Purple|Silicone|Vibrating|Waterproof|Wireless]]></subcategories>
														
							</categoritem>					
												
						</categoriesV2>
						
					<alternatetitle><![CDATA[O Wow Vibrating Ring - Purple]]></alternatetitle>
					<height><![CDATA[1]]></height>
					<width><![CDATA[3.5]]></width>
					<length><![CDATA[6.5]]></length>
					<marketplacerestrictions><![CDATA[0]]></marketplacerestrictions>
					<discontinued>No</discontinued>
					
						<regulations />
												
													
			</item>
				
			<item>
				<title><![CDATA[Link Up Ultra Soft Climax Set]]></title>
				<releaseDate>08/05/2020</releaseDate>				
				<itemSKU>SE-1349-35-3</itemSKU>
				<itemID>62866</itemID>		
				<standardPrice>9.9500</standardPrice>		
				<mapPrice>0</mapPrice>
				<msrpPrice>19.99</msrpPrice>			
				<stock>Available Now</stock>
				<multiplesOF>1</multiplesOF> 
									<imageLargeFront><![CDATA[https://s3.amazonaws.com/ecn-watermarks/effex/62866_1.jpg]]></imageLargeFront>
								
									<imageLargeBack><![CDATA[https://s3.amazonaws.com/ecn-watermarks/effex/62866_2.jpg]]></imageLargeBack>
								
									<imageMediumFront><![CDATA[https://s3.amazonaws.com/ecn-watermarks/effex/62866_5.jpg]]></imageMediumFront>
								
									<imageMediumBack><![CDATA[https://s3.amazonaws.com/ecn-watermarks/effex/62866_6.jpg]]></imageMediumBack>
								
									<imageThumbnailFront><![CDATA[https://s3.amazonaws.com/ecn-watermarks/effex/62866_9.jpg]]></imageThumbnailFront>
								
									<imageThumbnailBack><![CDATA[https://s3.amazonaws.com/ecn-watermarks/effex/62866_10.jpg]]></imageThumbnailBack>
									
				<manufacturer><![CDATA[California Exotic Novelties, Llc]]></manufacturer>
				<categories>SILICONE,SEX TOYS FOR COUPLES,COCKRINGS,</categories>
				<itemDescription>
Set of 3 premium Ultra-Soft Silicone support rings
Comfortable, durable and extremely stretchy
Smooth, textured and ridged designs for powerful pleasure


Dimensions:
Ring Diameter:  1.5 in.
Package:  7 x 5.25 x 2 in.</itemDescription> <htmlitemdescriptioninbase64format>PHVsPgo8bGk+U2V0IG9mIDMgcHJlbWl1bSBVbHRyYS1Tb2Z0PyBTaWxpY29uZSBzdXBwb3J0IHJpbmdzPC9saT4KPGxpPkNvbWZvcnRhYmxlLCBkdXJhYmxlIGFuZCBleHRyZW1lbHkgc3RyZXRjaHk8L2xpPgo8bGk+U21vb3RoLCB0ZXh0dXJlZCBhbmQgcmlkZ2VkIGRlc2lnbnMgZm9yIHBvd2VyZnVsIHBsZWFzdXJlPC9saT4KPC91bD4KCkRpbWVuc2lvbnM6PGJyPgpSaW5nIERpYW1ldGVyOiAgMS41IGluLjxicj4KUGFja2FnZTogIDcgeCA1LjI1IHggMiBpbi4=</htmlitemdescriptioninbase64format>												
				<upc>716770095596</upc>			
				<dateUpdated>12/24/2020 12:01:18 PM</dateUpdated>	
				<itemweight><![CDATA[0.24]]></itemweight>		
				<dateCreated>07/27/2020 2:30:26 PM</dateCreated>			
				<deliveryallowed><![CDATA[0]]></deliveryallowed>	

					
						<categoriesV2>

											
							<categoritem>
								
									<mastercategories><![CDATA[Cockrings|Kit]]></mastercategories>
								
									<subcategories></subcategories>
														
							</categoritem>					
												
						</categoriesV2>
						
					<alternatetitle><![CDATA[Link Up Ultra Soft Climax Cock Ring Set (3 Pieces) - Multiple]]></alternatetitle>
					<height><![CDATA[2]]></height>
					<width><![CDATA[5]]></width>
					<length><![CDATA[7]]></length>
					<marketplacerestrictions><![CDATA[0]]></marketplacerestrictions>
					<discontinued>No</discontinued>
					
						<regulations />
												
													
			</item>
				
			<item>
				<title><![CDATA[Booty Sparks Rainbow Prism Heart Plug Md]]></title>
				<releaseDate>11/30/2020</releaseDate>				
				<itemSKU>XR-AG374-MD</itemSKU>
				<itemID>62915</itemID>		
				<standardPrice>8.4800</standardPrice>		
				<mapPrice>0</mapPrice>
				<msrpPrice>16.96</msrpPrice>			
				<stock>Available Now</stock>
				<multiplesOF>1</multiplesOF> 
									<imageLargeFront><![CDATA[https://s3.amazonaws.com/ecn-watermarks/effex/62915_1.jpg]]></imageLargeFront>
								
									<imageLargeBack><![CDATA[https://s3.amazonaws.com/ecn-watermarks/effex/62915_2.jpg]]></imageLargeBack>
								
									<imageMediumFront><![CDATA[https://s3.amazonaws.com/ecn-watermarks/effex/62915_5.jpg]]></imageMediumFront>
								
									<imageMediumBack><![CDATA[https://s3.amazonaws.com/ecn-watermarks/effex/62915_6.jpg]]></imageMediumBack>
								
									<imageThumbnailFront><![CDATA[https://s3.amazonaws.com/ecn-watermarks/effex/62915_9.jpg]]></imageThumbnailFront>
								
									<imageThumbnailBack><![CDATA[https://s3.amazonaws.com/ecn-watermarks/effex/62915_10.jpg]]></imageThumbnailBack>
									
				<manufacturer><![CDATA[Xr Llc]]></manufacturer>
				<categories> </categories>
				<itemDescription>Adorn your derriere with this heart shaped Rainbow Prism butt plug! The heart-shaped rainbow gem adds dazzling lustful energy to your booty, while the medium size and satisfying weight qualify this brilliant butt plug as the main event or a warm up for those with more anal experience.

Made with nickel free aluminum alloy for a super smooth, non porous, body safe experience! Compatible with water and silicone based lubes so you can use any kind of lubricant for a comfortable anal session.

Excellent for temperature play  heat it up or chill it down for a variety of different backdoor sensations. Clean before and after use with warm water and mild antibacterial soap or toy cleaner.

Dimensions:
Total Length:  3.2 in.
Widest Insertable Width:  1.3 in.</itemDescription> <htmlitemdescriptioninbase64format>QWRvcm4geW91ciBkZXJyaWVyZSB3aXRoIHRoaXMgaGVhcnQgc2hhcGVkIFJhaW5ib3cgUHJpc20gYnV0dCBwbHVnISBUaGUgaGVhcnQtc2hhcGVkIHJhaW5ib3cgZ2VtIGFkZHMgZGF6emxpbmcgbHVzdGZ1bCBlbmVyZ3kgdG8geW91ciBib290eSwgd2hpbGUgdGhlIG1lZGl1bSBzaXplIGFuZCBzYXRpc2Z5aW5nIHdlaWdodCBxdWFsaWZ5IHRoaXMgYnJpbGxpYW50IGJ1dHQgcGx1ZyBhcyB0aGUgbWFpbiBldmVudCBvciBhIHdhcm0gdXAgZm9yIHRob3NlIHdpdGggbW9yZSBhbmFsIGV4cGVyaWVuY2UuPGJyPjxicj4KCk1hZGUgd2l0aCBuaWNrZWwgZnJlZSBhbHVtaW51bSBhbGxveSBmb3IgYSBzdXBlciBzbW9vdGgsIG5vbiBwb3JvdXMsIGJvZHkgc2FmZSBleHBlcmllbmNlISBDb21wYXRpYmxlIHdpdGggd2F0ZXIgYW5kIHNpbGljb25lIGJhc2VkIGx1YmVzIHNvIHlvdSBjYW4gdXNlIGFueSBraW5kIG9mIGx1YnJpY2FudCBmb3IgYSBjb21mb3J0YWJsZSBhbmFsIHNlc3Npb24uPGJyPjxicj4KCkV4Y2VsbGVudCBmb3IgdGVtcGVyYXR1cmUgcGxheSA/IGhlYXQgaXQgdXAgb3IgY2hpbGwgaXQgZG93biBmb3IgYSB2YXJpZXR5IG9mIGRpZmZlcmVudCBiYWNrZG9vciBzZW5zYXRpb25zLiBDbGVhbiBiZWZvcmUgYW5kIGFmdGVyIHVzZSB3aXRoIHdhcm0gd2F0ZXIgYW5kIG1pbGQgYW50aWJhY3RlcmlhbCBzb2FwIG9yIHRveSBjbGVhbmVyLjxicj48YnI+CgpEaW1lbnNpb25zOjxicj4KVG90YWwgTGVuZ3RoOiAgMy4yIGluLjxicj4KV2lkZXN0IEluc2VydGFibGUgV2lkdGg6ICAxLjMgaW4u</htmlitemdescriptioninbase64format>												
				<upc>848518036612</upc>			
				<dateUpdated>12/24/2020 12:01:18 PM</dateUpdated>	
				<itemweight><![CDATA[0.25]]></itemweight>		
				<dateCreated>08/14/2020 6:00:26 PM</dateCreated>			
				<deliveryallowed><![CDATA[0]]></deliveryallowed>	

					
						<categoriesV2>

											
							<categoritem>
								
									<mastercategories></mastercategories>
								
									<subcategories></subcategories>
														
							</categoritem>					
												
						</categoriesV2>
						
					<alternatetitle><![CDATA[Booty Sparks Rainbow Prism Heart Anal Plug - Medium]]></alternatetitle>
					<height><![CDATA[5.3228]]></height>
					<width><![CDATA[3.1024]]></width>
					<length><![CDATA[2.2717]]></length>
					<marketplacerestrictions><![CDATA[0]]></marketplacerestrictions>
					<discontinued>No</discontinued>
					
						<regulations />
												
													
			</item>
				
			<item>
				<title><![CDATA[Bs Rainbow Prism Gem Plug Lg]]></title>
				<releaseDate>10/15/2020</releaseDate>				
				<itemSKU>XR-AG375-LG</itemSKU>
				<itemID>62917</itemID>		
				<standardPrice>10.4800</standardPrice>		
				<mapPrice>0</mapPrice>
				<msrpPrice>20.96</msrpPrice>			
				<stock>Available Now</stock>
				<multiplesOF>1</multiplesOF> 
									<imageLargeFront><![CDATA[https://s3.amazonaws.com/ecn-watermarks/effex/62917_1.jpg]]></imageLargeFront>
								
									<imageLargeBack><![CDATA[https://s3.amazonaws.com/ecn-watermarks/effex/62917_2.jpg]]></imageLargeBack>
								
									<imageMediumFront><![CDATA[https://s3.amazonaws.com/ecn-watermarks/effex/62917_5.jpg]]></imageMediumFront>
								
									<imageMediumBack><![CDATA[https://s3.amazonaws.com/ecn-watermarks/effex/62917_6.jpg]]></imageMediumBack>
								
									<imageThumbnailFront><![CDATA[https://s3.amazonaws.com/ecn-watermarks/effex/62917_9.jpg]]></imageThumbnailFront>
								
									<imageThumbnailBack><![CDATA[https://s3.amazonaws.com/ecn-watermarks/effex/62917_10.jpg]]></imageThumbnailBack>
									
				<manufacturer><![CDATA[Xr Llc]]></manufacturer>
				<categories> </categories>
				<itemDescription>Adorn your derriere with this Rainbow Prism Gem butt plug! The rainbow gem adds dazzling lustful energy to your booty, while the large size and satisfying weight qualify this brilliant butt plug as the main event for the night.

Made with nickel free aluminum alloy for a super smooth, non porous, body safe experience! Compatible with water and silicone based lubes so you can use any kind of lubricant for a comfortable anal session.

Excellent for temperature play  heat it up or chill it down for a variety of different backdoor sensations! Clean before and after use with warm water and mild antibacterial soap or toy cleaner. 

Dimensions:
Total Length:  3.7 in.
Widest Insertable Width:  1.5 in.</itemDescription> <htmlitemdescriptioninbase64format>QWRvcm4geW91ciBkZXJyaWVyZSB3aXRoIHRoaXMgUmFpbmJvdyBQcmlzbSBHZW0gYnV0dCBwbHVnISBUaGUgcmFpbmJvdyBnZW0gYWRkcyBkYXp6bGluZyBsdXN0ZnVsIGVuZXJneSB0byB5b3VyIGJvb3R5LCB3aGlsZSB0aGUgbGFyZ2Ugc2l6ZSBhbmQgc2F0aXNmeWluZyB3ZWlnaHQgcXVhbGlmeSB0aGlzIGJyaWxsaWFudCBidXR0IHBsdWcgYXMgdGhlIG1haW4gZXZlbnQgZm9yIHRoZSBuaWdodC48YnI+PGJyPgoKTWFkZSB3aXRoIG5pY2tlbCBmcmVlIGFsdW1pbnVtIGFsbG95IGZvciBhIHN1cGVyIHNtb290aCwgbm9uIHBvcm91cywgYm9keSBzYWZlIGV4cGVyaWVuY2UhIENvbXBhdGlibGUgd2l0aCB3YXRlciBhbmQgc2lsaWNvbmUgYmFzZWQgbHViZXMgc28geW91IGNhbiB1c2UgYW55IGtpbmQgb2YgbHVicmljYW50IGZvciBhIGNvbWZvcnRhYmxlIGFuYWwgc2Vzc2lvbi48YnI+PGJyPgoKRXhjZWxsZW50IGZvciB0ZW1wZXJhdHVyZSBwbGF5ID8gaGVhdCBpdCB1cCBvciBjaGlsbCBpdCBkb3duIGZvciBhIHZhcmlldHkgb2YgZGlmZmVyZW50IGJhY2tkb29yIHNlbnNhdGlvbnMhIENsZWFuIGJlZm9yZSBhbmQgYWZ0ZXIgdXNlIHdpdGggd2FybSB3YXRlciBhbmQgbWlsZCBhbnRpYmFjdGVyaWFsIHNvYXAgb3IgdG95IGNsZWFuZXIuIDxicj48YnI+CgpEaW1lbnNpb25zOjxicj4KVG90YWwgTGVuZ3RoOiAgMy43IGluLjxicj4KV2lkZXN0IEluc2VydGFibGUgV2lkdGg6ICAxLjUgaW4u</htmlitemdescriptioninbase64format>												
				<upc>848518036650</upc>			
				<dateUpdated>12/24/2020 12:01:18 PM</dateUpdated>	
				<itemweight><![CDATA[0.39]]></itemweight>		
				<dateCreated>08/14/2020 6:00:26 PM</dateCreated>			
				<deliveryallowed><![CDATA[0]]></deliveryallowed>	

					
						<categoriesV2>

											
							<categoritem>
								
									<mastercategories></mastercategories>
								
									<subcategories></subcategories>
														
							</categoritem>					
												
						</categoriesV2>
						
					<alternatetitle><![CDATA[Booty Sparks Rainbow Prism Gem Anal Plug - Large]]></alternatetitle>
					<height><![CDATA[5.811]]></height>
					<width><![CDATA[3.1063]]></width>
					<length><![CDATA[2.5236]]></length>
					<marketplacerestrictions><![CDATA[0]]></marketplacerestrictions>
					<discontinued>No</discontinued>
					
						<regulations />
												
													
			</item>
				
			<item>
				<title><![CDATA[Bs Rainbow Prism Gem Plug Sm]]></title>
				<releaseDate>11/24/2020</releaseDate>				
				<itemSKU>XR-AG375-SM</itemSKU>
				<itemID>62919</itemID>		
				<standardPrice>6.9800</standardPrice>		
				<mapPrice>0</mapPrice>
				<msrpPrice>13.96</msrpPrice>			
				<stock>Available Now</stock>
				<multiplesOF>1</multiplesOF> 
									<imageLargeFront><![CDATA[https://s3.amazonaws.com/ecn-watermarks/effex/62919_1.jpg]]></imageLargeFront>
								
									<imageLargeBack><![CDATA[https://s3.amazonaws.com/ecn-watermarks/effex/62919_2.jpg]]></imageLargeBack>
								
									<imageMediumFront><![CDATA[https://s3.amazonaws.com/ecn-watermarks/effex/62919_5.jpg]]></imageMediumFront>
								
									<imageMediumBack><![CDATA[https://s3.amazonaws.com/ecn-watermarks/effex/62919_6.jpg]]></imageMediumBack>
								
									<imageThumbnailFront><![CDATA[https://s3.amazonaws.com/ecn-watermarks/effex/62919_9.jpg]]></imageThumbnailFront>
								
									<imageThumbnailBack><![CDATA[https://s3.amazonaws.com/ecn-watermarks/effex/62919_10.jpg]]></imageThumbnailBack>
									
				<manufacturer><![CDATA[Xr Llc]]></manufacturer>
				<categories> </categories>
				<itemDescription>Adorn your derriere with this Rainbow Prism Gem butt plug! The rainbow gem adds dazzling lustful energy to your booty, while the small size and satisfying weight qualify this brilliant butt plug as the main event for the night or as a mild warm up for those more experienced with anal play.

Made with nickel free aluminum alloy for a super smooth, non porous, body safe experience! Compatible with water and silicone based lubes so you can use any kind of lubricant for a comfortable anal session.

Excellent for temperature play  heat it up or chill it down for a variety of different backdoor sensations! Clean before and after use with warm water and mild antibacterial soap or toy cleaner. 

Dimensions:
Total Length:  2.8 in.
Widest Insertable Width:  1 in.</itemDescription> <htmlitemdescriptioninbase64format>QWRvcm4geW91ciBkZXJyaWVyZSB3aXRoIHRoaXMgUmFpbmJvdyBQcmlzbSBHZW0gYnV0dCBwbHVnISBUaGUgcmFpbmJvdyBnZW0gYWRkcyBkYXp6bGluZyBsdXN0ZnVsIGVuZXJneSB0byB5b3VyIGJvb3R5LCB3aGlsZSB0aGUgc21hbGwgc2l6ZSBhbmQgc2F0aXNmeWluZyB3ZWlnaHQgcXVhbGlmeSB0aGlzIGJyaWxsaWFudCBidXR0IHBsdWcgYXMgdGhlIG1haW4gZXZlbnQgZm9yIHRoZSBuaWdodCBvciBhcyBhIG1pbGQgd2FybSB1cCBmb3IgdGhvc2UgbW9yZSBleHBlcmllbmNlZCB3aXRoIGFuYWwgcGxheS48YnI+PGJyPgoKTWFkZSB3aXRoIG5pY2tlbCBmcmVlIGFsdW1pbnVtIGFsbG95IGZvciBhIHN1cGVyIHNtb290aCwgbm9uIHBvcm91cywgYm9keSBzYWZlIGV4cGVyaWVuY2UhIENvbXBhdGlibGUgd2l0aCB3YXRlciBhbmQgc2lsaWNvbmUgYmFzZWQgbHViZXMgc28geW91IGNhbiB1c2UgYW55IGtpbmQgb2YgbHVicmljYW50IGZvciBhIGNvbWZvcnRhYmxlIGFuYWwgc2Vzc2lvbi48YnI+PGJyPgoKRXhjZWxsZW50IGZvciB0ZW1wZXJhdHVyZSBwbGF5ID8gaGVhdCBpdCB1cCBvciBjaGlsbCBpdCBkb3duIGZvciBhIHZhcmlldHkgb2YgZGlmZmVyZW50IGJhY2tkb29yIHNlbnNhdGlvbnMhIENsZWFuIGJlZm9yZSBhbmQgYWZ0ZXIgdXNlIHdpdGggd2FybSB3YXRlciBhbmQgbWlsZCBhbnRpYmFjdGVyaWFsIHNvYXAgb3IgdG95IGNsZWFuZXIuIDxicj48YnI+CgpEaW1lbnNpb25zOjxicj4KVG90YWwgTGVuZ3RoOiAgMi44IGluLjxicj4KV2lkZXN0IEluc2VydGFibGUgV2lkdGg6ICAxIGluLg==</htmlitemdescriptioninbase64format>												
				<upc>848518036636</upc>			
				<dateUpdated>12/24/2020 12:01:18 PM</dateUpdated>	
				<itemweight><![CDATA[0.17]]></itemweight>		
				<dateCreated>08/14/2020 6:00:26 PM</dateCreated>			
				<deliveryallowed><![CDATA[0]]></deliveryallowed>	

					
						<categoriesV2>

											
							<categoritem>
								
									<mastercategories></mastercategories>
								
									<subcategories></subcategories>
														
							</categoritem>					
												
						</categoriesV2>
						
					<alternatetitle><![CDATA[Booty Sparks Rainbow Prism Gem Anal Plug - Small **Special Order**]]></alternatetitle>
					<height><![CDATA[5.3228]]></height>
					<width><![CDATA[3.1024]]></width>
					<length><![CDATA[2.2835]]></length>
					<marketplacerestrictions><![CDATA[0]]></marketplacerestrictions>
					<discontinued>No</discontinued>
					
						<regulations />
												
													
			</item>
				
			<item>
				<title><![CDATA[Booty Sparks Pink Gem Glass Anal Plug Md]]></title>
				<releaseDate>09/28/2020</releaseDate>				
				<itemSKU>XR-AG430-MD</itemSKU>
				<itemID>63184</itemID>		
				<standardPrice>9.0000</standardPrice>		
				<mapPrice>0</mapPrice>
				<msrpPrice>18</msrpPrice>			
				<stock>Available Now</stock>
				<multiplesOF>1</multiplesOF> 
									<imageLargeFront><![CDATA[https://s3.amazonaws.com/ecn-watermarks/effex/63184_1.jpg]]></imageLargeFront>
								
									<imageLargeBack><![CDATA[https://s3.amazonaws.com/ecn-watermarks/effex/63184_2.jpg]]></imageLargeBack>
								
									<imageMediumFront><![CDATA[https://s3.amazonaws.com/ecn-watermarks/effex/63184_5.jpg]]></imageMediumFront>
								
									<imageMediumBack><![CDATA[https://s3.amazonaws.com/ecn-watermarks/effex/63184_6.jpg]]></imageMediumBack>
								
									<imageThumbnailFront><![CDATA[https://s3.amazonaws.com/ecn-watermarks/effex/63184_9.jpg]]></imageThumbnailFront>
								
									<imageThumbnailBack><![CDATA[https://s3.amazonaws.com/ecn-watermarks/effex/63184_10.jpg]]></imageThumbnailBack>
									
				<manufacturer><![CDATA[Xr Llc]]></manufacturer>
				<categories> </categories>
				<itemDescription>Adorn your derriere with a dazzling gem! These glassy Booty Sparks anal plugs are crystal clear and super smooth to provide a solid texture just for your backdoor. Perfect for warming up your hole for further pleasure, or as a standalone anal toy - the rigid body and super smooth surface presses firmly against your walls for an incredible satisfying squeeze! Simply lube up and  to make that booty sparkle! Enhance your ass with a bright pink gem to entice your lover and prep your booty for some rougher play. The glass material is naturally hygienic and body safe so you can play worry free. Resistant to odors and easy to clean before and after use, these glass gems are a staple to any toy collection. Perfect for temperature play - heat or chill these glass plugs to provide an extra layer of pleasure! This medium plug is 1.3 inches at its widest diameter, with a 2.7 inch able length - great for experienced players! Smooth and tapered for easy and comfortable entry and compatible with all lubricants so you can play your way.</itemDescription> <htmlitemdescriptioninbase64format>QWRvcm4geW91ciBkZXJyaWVyZSB3aXRoIGEgZGF6emxpbmcgZ2VtISBUaGVzZSBnbGFzc3kgQm9vdHkgU3BhcmtzIGFuYWwgcGx1Z3MgYXJlIGNyeXN0YWwgY2xlYXIgYW5kIHN1cGVyIHNtb290aCB0byBwcm92aWRlIGEgc29saWQgdGV4dHVyZSBqdXN0IGZvciB5b3VyIGJhY2tkb29yLiBQZXJmZWN0IGZvciB3YXJtaW5nIHVwIHlvdXIgaG9sZSBmb3IgZnVydGhlciBwbGVhc3VyZSwgb3IgYXMgYSBzdGFuZGFsb25lIGFuYWwgdG95IC0gdGhlIHJpZ2lkIGJvZHkgYW5kIHN1cGVyIHNtb290aCBzdXJmYWNlIHByZXNzZXMgZmlybWx5IGFnYWluc3QgeW91ciB3YWxscyBmb3IgYW4gaW5jcmVkaWJsZSBzYXRpc2Z5aW5nIHNxdWVlemUhIFNpbXBseSBsdWJlIHVwIGFuZCBpbnNlcnQgdG8gbWFrZSB0aGF0IGJvb3R5IHNwYXJrbGUhIEVuaGFuY2UgeW91ciBhc3Mgd2l0aCBhIGJyaWdodCBwaW5rIGdlbSB0byBlbnRpY2UgeW91ciBsb3ZlciBhbmQgcHJlcCB5b3VyIGJvb3R5IGZvciBzb21lIHJvdWdoZXIgcGxheS4gVGhlIGdsYXNzIG1hdGVyaWFsIGlzIG5hdHVyYWxseSBoeWdpZW5pYyBhbmQgYm9keSBzYWZlIHNvIHlvdSBjYW4gcGxheSB3b3JyeSBmcmVlLiBSZXNpc3RhbnQgdG8gb2RvcnMgYW5kIGVhc3kgdG8gY2xlYW4gYmVmb3JlIGFuZCBhZnRlciB1c2UsIHRoZXNlIGdsYXNzIGdlbXMgYXJlIGEgc3RhcGxlIHRvIGFueSB0b3kgY29sbGVjdGlvbi4gUGVyZmVjdCBmb3IgdGVtcGVyYXR1cmUgcGxheSAtIGhlYXQgb3IgY2hpbGwgdGhlc2UgZ2xhc3MgcGx1Z3MgdG8gcHJvdmlkZSBhbiBleHRyYSBsYXllciBvZiBwbGVhc3VyZSEgVGhpcyBtZWRpdW0gcGx1ZyBpcyAxLjMgaW5jaGVzIGF0IGl0cyB3aWRlc3QgZGlhbWV0ZXIsIHdpdGggYSAyLjcgaW5jaCBpbnNlcnRhYmxlIGxlbmd0aCAtIGdyZWF0IGZvciBleHBlcmllbmNlZCBwbGF5ZXJzISBTbW9vdGggYW5kIHRhcGVyZWQgZm9yIGVhc3kgYW5kIGNvbWZvcnRhYmxlIGVudHJ5IGFuZCBjb21wYXRpYmxlIHdpdGggYWxsIGx1YnJpY2FudHMgc28geW91IGNhbiBwbGF5IHlvdXIgd2F5Lg==</htmlitemdescriptioninbase64format>												
				<upc>848518037350</upc>			
				<dateUpdated>12/24/2020 12:01:18 PM</dateUpdated>	
				<itemweight><![CDATA[0.25]]></itemweight>		
				<dateCreated>09/03/2020 2:30:16 PM</dateCreated>			
				<deliveryallowed><![CDATA[0]]></deliveryallowed>	

					
						<categoriesV2>

											
							<categoritem>
								
									<mastercategories></mastercategories>
								
									<subcategories></subcategories>
														
							</categoritem>					
												
						</categoriesV2>
						
					<alternatetitle><![CDATA[Booty Sparks Pink Gem Glass Anal Plug - Medium - Pink]]></alternatetitle>
					<height><![CDATA[5.2756]]></height>
					<width><![CDATA[3.1102]]></width>
					<length><![CDATA[2.2047]]></length>
					<marketplacerestrictions><![CDATA[0]]></marketplacerestrictions>
					<discontinued>No</discontinued>
					
						<regulations />
												
													
			</item>
				
			<item>
				<title><![CDATA[Booty Sparks Pink Gem Glass Anal Plug Sm]]></title>
				<releaseDate>09/28/2020</releaseDate>				
				<itemSKU>XR-AG430-SM</itemSKU>
				<itemID>63185</itemID>		
				<standardPrice>7.5000</standardPrice>		
				<mapPrice>0</mapPrice>
				<msrpPrice>15</msrpPrice>			
				<stock>Available Now</stock>
				<multiplesOF>1</multiplesOF> 
									<imageLargeFront><![CDATA[https://s3.amazonaws.com/ecn-watermarks/effex/63185_1.jpg]]></imageLargeFront>
								
									<imageLargeBack><![CDATA[https://s3.amazonaws.com/ecn-watermarks/effex/63185_2.jpg]]></imageLargeBack>
								
									<imageMediumFront><![CDATA[https://s3.amazonaws.com/ecn-watermarks/effex/63185_5.jpg]]></imageMediumFront>
								
									<imageMediumBack><![CDATA[https://s3.amazonaws.com/ecn-watermarks/effex/63185_6.jpg]]></imageMediumBack>
								
									<imageThumbnailFront><![CDATA[https://s3.amazonaws.com/ecn-watermarks/effex/63185_9.jpg]]></imageThumbnailFront>
								
									<imageThumbnailBack><![CDATA[https://s3.amazonaws.com/ecn-watermarks/effex/63185_10.jpg]]></imageThumbnailBack>
									
				<manufacturer><![CDATA[Xr Llc]]></manufacturer>
				<categories> </categories>
				<itemDescription>Adorn your derriere with a dazzling gem! These glassy Booty Sparks anal plugs are crystal clear and super smooth to provide a solid texture just for your backdoor. Perfect for warming up your hole for further pleasure, or as a standalone anal toy - the rigid body and super smooth surface presses firmly against your walls for an incredible satisfying squeeze! Simply lube up and  to make that booty sparkle! Enhance your ass with a bright pink gem to entice your lover and prep your booty for some rougher play. The glass material is naturally hygienic and body safe so you can play worry free. Resistant to odors and easy to clean before and after use, these glass gems are a staple to any toy collection. Perfect for temperature play - heat or chill these glass plugs to provide an extra layer of pleasure! This small plug is 1 inch at its widest diameter, with a 2.3 inch able length - great for beginners! Smooth and tapered for easy and comfortable entry and compatible with all lubricants so you can play your way.</itemDescription> <htmlitemdescriptioninbase64format>QWRvcm4geW91ciBkZXJyaWVyZSB3aXRoIGEgZGF6emxpbmcgZ2VtISBUaGVzZSBnbGFzc3kgQm9vdHkgU3BhcmtzIGFuYWwgcGx1Z3MgYXJlIGNyeXN0YWwgY2xlYXIgYW5kIHN1cGVyIHNtb290aCB0byBwcm92aWRlIGEgc29saWQgdGV4dHVyZSBqdXN0IGZvciB5b3VyIGJhY2tkb29yLiBQZXJmZWN0IGZvciB3YXJtaW5nIHVwIHlvdXIgaG9sZSBmb3IgZnVydGhlciBwbGVhc3VyZSwgb3IgYXMgYSBzdGFuZGFsb25lIGFuYWwgdG95IC0gdGhlIHJpZ2lkIGJvZHkgYW5kIHN1cGVyIHNtb290aCBzdXJmYWNlIHByZXNzZXMgZmlybWx5IGFnYWluc3QgeW91ciB3YWxscyBmb3IgYW4gaW5jcmVkaWJsZSBzYXRpc2Z5aW5nIHNxdWVlemUhIFNpbXBseSBsdWJlIHVwIGFuZCBpbnNlcnQgdG8gbWFrZSB0aGF0IGJvb3R5IHNwYXJrbGUhIEVuaGFuY2UgeW91ciBhc3Mgd2l0aCBhIGJyaWdodCBwaW5rIGdlbSB0byBlbnRpY2UgeW91ciBsb3ZlciBhbmQgcHJlcCB5b3VyIGJvb3R5IGZvciBzb21lIHJvdWdoZXIgcGxheS4gVGhlIGdsYXNzIG1hdGVyaWFsIGlzIG5hdHVyYWxseSBoeWdpZW5pYyBhbmQgYm9keSBzYWZlIHNvIHlvdSBjYW4gcGxheSB3b3JyeSBmcmVlLiBSZXNpc3RhbnQgdG8gb2RvcnMgYW5kIGVhc3kgdG8gY2xlYW4gYmVmb3JlIGFuZCBhZnRlciB1c2UsIHRoZXNlIGdsYXNzIGdlbXMgYXJlIGEgc3RhcGxlIHRvIGFueSB0b3kgY29sbGVjdGlvbi4gUGVyZmVjdCBmb3IgdGVtcGVyYXR1cmUgcGxheSAtIGhlYXQgb3IgY2hpbGwgdGhlc2UgZ2xhc3MgcGx1Z3MgdG8gcHJvdmlkZSBhbiBleHRyYSBsYXllciBvZiBwbGVhc3VyZSEgVGhpcyBzbWFsbCBwbHVnIGlzIDEgaW5jaCBhdCBpdHMgd2lkZXN0IGRpYW1ldGVyLCB3aXRoIGEgMi4zIGluY2ggaW5zZXJ0YWJsZSBsZW5ndGggLSBncmVhdCBmb3IgYmVnaW5uZXJzISBTbW9vdGggYW5kIHRhcGVyZWQgZm9yIGVhc3kgYW5kIGNvbWZvcnRhYmxlIGVudHJ5IGFuZCBjb21wYXRpYmxlIHdpdGggYWxsIGx1YnJpY2FudHMgc28geW91IGNhbiBwbGF5IHlvdXIgd2F5Lg==</htmlitemdescriptioninbase64format>												
				<upc>848518037343</upc>			
				<dateUpdated>12/24/2020 12:01:18 PM</dateUpdated>	
				<itemweight><![CDATA[0.19]]></itemweight>		
				<dateCreated>09/03/2020 2:30:16 PM</dateCreated>			
				<deliveryallowed><![CDATA[0]]></deliveryallowed>	

					
						<categoriesV2>

											
							<categoritem>
								
									<mastercategories></mastercategories>
								
									<subcategories></subcategories>
														
							</categoritem>					
												
						</categoriesV2>
						
					<alternatetitle><![CDATA[Booty Sparks Pink Gem Glass Anal Plug - Small - Pink]]></alternatetitle>
					<height><![CDATA[5.2756]]></height>
					<width><![CDATA[3.1102]]></width>
					<length><![CDATA[2.2441]]></length>
					<marketplacerestrictions><![CDATA[0]]></marketplacerestrictions>
					<discontinued>No</discontinued>
					
						<regulations />
												
													
			</item>
				
			<item>
				<title><![CDATA[Booty Sparks Pink Gem Glass Plug Set]]></title>
				<releaseDate>09/28/2020</releaseDate>				
				<itemSKU>XR-AG431</itemSKU>
				<itemID>63186</itemID>		
				<standardPrice>19.9200</standardPrice>		
				<mapPrice>0</mapPrice>
				<msrpPrice>39.84</msrpPrice>			
				<stock>Available Now</stock>
				<multiplesOF>1</multiplesOF> 
									<imageLargeFront><![CDATA[https://s3.amazonaws.com/ecn-watermarks/effex/63186_1.jpg]]></imageLargeFront>
								
									<imageLargeBack><![CDATA[https://s3.amazonaws.com/ecn-watermarks/effex/63186_2.jpg]]></imageLargeBack>
								
									<imageMediumFront><![CDATA[https://s3.amazonaws.com/ecn-watermarks/effex/63186_5.jpg]]></imageMediumFront>
								
									<imageMediumBack><![CDATA[https://s3.amazonaws.com/ecn-watermarks/effex/63186_6.jpg]]></imageMediumBack>
								
									<imageThumbnailFront><![CDATA[https://s3.amazonaws.com/ecn-watermarks/effex/63186_9.jpg]]></imageThumbnailFront>
								
									<imageThumbnailBack><![CDATA[https://s3.amazonaws.com/ecn-watermarks/effex/63186_10.jpg]]></imageThumbnailBack>
									
				<manufacturer><![CDATA[Xr Llc]]></manufacturer>
				<categories> </categories>
				<itemDescription>Adorn your derriere with this set of dazzling pink gems! These glassy Booty Sparks anal plugs are crystal clear and super smooth to provide a solid texture just for your backdoor. Perfect for warming up your hole for further pleasure, or as a standalone anal toy - the rigid body and super smooth surface presses firmly against your walls for an incredible satisfying squeeze! Simply lube up and  to make that booty sparkle! Enhance your ass with a bright pink gem to entice your lover and prep your booty for some rougher play. The glass material is naturally hygienic and body safe so you can play worry free. Resistant to odors and easy to clean before and after use, these glass gems are a staple to any toy collection. Perfect for temperature play - heat or chill these glass plugs to provide an extra layer of pleasure! Smooth and tapered for easy and comfortable entry and compatible with all lubricants so you can play your way. Upgrade from small to medium to large when you think your booty can handle it!</itemDescription> <htmlitemdescriptioninbase64format>QWRvcm4geW91ciBkZXJyaWVyZSB3aXRoIHRoaXMgc2V0IG9mIGRhenpsaW5nIHBpbmsgZ2VtcyEgVGhlc2UgZ2xhc3N5IEJvb3R5IFNwYXJrcyBhbmFsIHBsdWdzIGFyZSBjcnlzdGFsIGNsZWFyIGFuZCBzdXBlciBzbW9vdGggdG8gcHJvdmlkZSBhIHNvbGlkIHRleHR1cmUganVzdCBmb3IgeW91ciBiYWNrZG9vci4gUGVyZmVjdCBmb3Igd2FybWluZyB1cCB5b3VyIGhvbGUgZm9yIGZ1cnRoZXIgcGxlYXN1cmUsIG9yIGFzIGEgc3RhbmRhbG9uZSBhbmFsIHRveSAtIHRoZSByaWdpZCBib2R5IGFuZCBzdXBlciBzbW9vdGggc3VyZmFjZSBwcmVzc2VzIGZpcm1seSBhZ2FpbnN0IHlvdXIgd2FsbHMgZm9yIGFuIGluY3JlZGlibGUgc2F0aXNmeWluZyBzcXVlZXplISBTaW1wbHkgbHViZSB1cCBhbmQgaW5zZXJ0IHRvIG1ha2UgdGhhdCBib290eSBzcGFya2xlISBFbmhhbmNlIHlvdXIgYXNzIHdpdGggYSBicmlnaHQgcGluayBnZW0gdG8gZW50aWNlIHlvdXIgbG92ZXIgYW5kIHByZXAgeW91ciBib290eSBmb3Igc29tZSByb3VnaGVyIHBsYXkuIFRoZSBnbGFzcyBtYXRlcmlhbCBpcyBuYXR1cmFsbHkgaHlnaWVuaWMgYW5kIGJvZHkgc2FmZSBzbyB5b3UgY2FuIHBsYXkgd29ycnkgZnJlZS4gUmVzaXN0YW50IHRvIG9kb3JzIGFuZCBlYXN5IHRvIGNsZWFuIGJlZm9yZSBhbmQgYWZ0ZXIgdXNlLCB0aGVzZSBnbGFzcyBnZW1zIGFyZSBhIHN0YXBsZSB0byBhbnkgdG95IGNvbGxlY3Rpb24uIFBlcmZlY3QgZm9yIHRlbXBlcmF0dXJlIHBsYXkgLSBoZWF0IG9yIGNoaWxsIHRoZXNlIGdsYXNzIHBsdWdzIHRvIHByb3ZpZGUgYW4gZXh0cmEgbGF5ZXIgb2YgcGxlYXN1cmUhIFNtb290aCBhbmQgdGFwZXJlZCBmb3IgZWFzeSBhbmQgY29tZm9ydGFibGUgZW50cnkgYW5kIGNvbXBhdGlibGUgd2l0aCBhbGwgbHVicmljYW50cyBzbyB5b3UgY2FuIHBsYXkgeW91ciB3YXkuIFVwZ3JhZGUgZnJvbSBzbWFsbCB0byBtZWRpdW0gdG8gbGFyZ2Ugd2hlbiB5b3UgdGhpbmsgeW91ciBib290eSBjYW4gaGFuZGxlIGl0IQ==</htmlitemdescriptioninbase64format>												
				<upc>848518037374</upc>			
				<dateUpdated>12/24/2020 12:01:18 PM</dateUpdated>	
				<itemweight><![CDATA[0.79]]></itemweight>		
				<dateCreated>09/03/2020 2:30:16 PM</dateCreated>			
				<deliveryallowed><![CDATA[0]]></deliveryallowed>	

					
						<categoriesV2>

											
							<categoritem>
								
									<mastercategories></mastercategories>
								
									<subcategories></subcategories>
														
							</categoritem>					
												
						</categoriesV2>
						
					<alternatetitle><![CDATA[Booty Sparks Pink Gem Glass Anal Plug Set (3 Pieces) - Pink]]></alternatetitle>
					<height><![CDATA[5.8661]]></height>
					<width><![CDATA[5.6299]]></width>
					<length><![CDATA[2.5591]]></length>
					<marketplacerestrictions><![CDATA[0]]></marketplacerestrictions>
					<discontinued>No</discontinued>
					
						<regulations />
												
													
			</item>
				
			<item>
				<title><![CDATA[Wild Rechargeable Dual Vibe Pink]]></title>
				<releaseDate>10/08/2020</releaseDate>				
				<itemSKU>SAVVI-P1809</itemSKU>
				<itemID>63476</itemID>		
				<standardPrice>26.0000</standardPrice>		
				<mapPrice>51.99</mapPrice>
				<msrpPrice>59.99</msrpPrice>			
				<stock>Available Now</stock>
				<multiplesOF>1</multiplesOF> 
									<imageLargeFront><![CDATA[https://s3.amazonaws.com/ecn-watermarks/effex/63476_1.jpg]]></imageLargeFront>
								
									<imageLargeBack><![CDATA[https://s3.amazonaws.com/ecn-watermarks/effex/63476_2.jpg]]></imageLargeBack>
								
									<imageMediumFront><![CDATA[https://s3.amazonaws.com/ecn-watermarks/effex/63476_5.jpg]]></imageMediumFront>
								
									<imageMediumBack><![CDATA[https://s3.amazonaws.com/ecn-watermarks/effex/63476_6.jpg]]></imageMediumBack>
								
									<imageThumbnailFront><![CDATA[https://s3.amazonaws.com/ecn-watermarks/effex/63476_9.jpg]]></imageThumbnailFront>
								
									<imageThumbnailBack><![CDATA[https://s3.amazonaws.com/ecn-watermarks/effex/63476_10.jpg]]></imageThumbnailBack>
									
				<manufacturer><![CDATA[Vedo Toys]]></manufacturer>
				<categories> </categories>
				<itemDescription>Wild runs on two independent, extremely powerful motors with 3 speeds and 9 vibration modes. The flexible shaft will tickle and delight your G-spot, while the vibrating tickler teases and tantalizes your clitoris. Sleekly designed with an ergonomic handle for maximum control, this whisper quiet dual vibe delivers and will have you screaming in ecstasy. And don`t be afraid to get wet and wild  it`s completely submersible.</itemDescription> <htmlitemdescriptioninbase64format>V2lsZCBydW5zIG9uIHR3byBpbmRlcGVuZGVudCwgZXh0cmVtZWx5IHBvd2VyZnVsIG1vdG9ycyB3aXRoIDMgc3BlZWRzIGFuZCA5IHZpYnJhdGlvbiBtb2Rlcy4gVGhlIGZsZXhpYmxlIHNoYWZ0IHdpbGwgdGlja2xlIGFuZCBkZWxpZ2h0IHlvdXIgRy1zcG90LCB3aGlsZSB0aGUgdmlicmF0aW5nIHRpY2tsZXIgdGVhc2VzIGFuZCB0YW50YWxpemVzIHlvdXIgY2xpdG9yaXMuIFNsZWVrbHkgZGVzaWduZWQgd2l0aCBhbiBlcmdvbm9taWMgaGFuZGxlIGZvciBtYXhpbXVtIGNvbnRyb2wsIHRoaXMgd2hpc3BlciBxdWlldCBkdWFsIHZpYmUgZGVsaXZlcnMgYW5kIHdpbGwgaGF2ZSB5b3Ugc2NyZWFtaW5nIGluIGVjc3Rhc3kuIEFuZCBkb24/dCBiZSBhZnJhaWQgdG8gZ2V0IHdldCBhbmQgd2lsZCA/IGl0P3MgY29tcGxldGVseSBzdWJtZXJzaWJsZS4=</htmlitemdescriptioninbase64format>												
				<upc>716053727749</upc>			
				<dateUpdated>12/24/2020 12:01:18 PM</dateUpdated>	
				<itemweight><![CDATA[0.95]]></itemweight>		
				<dateCreated>09/14/2020 11:00:20 AM</dateCreated>			
				<deliveryallowed><![CDATA[0]]></deliveryallowed>	

					
						<categoriesV2>

											
							<categoritem>
								
									<mastercategories></mastercategories>
								
									<subcategories></subcategories>
														
							</categoritem>					
												
						</categoriesV2>
						
					<alternatetitle><![CDATA[Wild Rechargeable Silicone Dual Vibe - Pink]]></alternatetitle>
					<height><![CDATA[9.25]]></height>
					<width><![CDATA[1.875]]></width>
					<length><![CDATA[3.75]]></length>
					<marketplacerestrictions><![CDATA[1]]></marketplacerestrictions>
					<discontinued>No</discontinued>
					
						<regulations />
												
													
			</item>
				
			<item>
				<title><![CDATA[Wild Rechargeable Dual Vibe Purple]]></title>
				<releaseDate>10/08/2020</releaseDate>				
				<itemSKU>SAVVI-P1813</itemSKU>
				<itemID>63478</itemID>		
				<standardPrice>26.0000</standardPrice>		
				<mapPrice>51.99</mapPrice>
				<msrpPrice>59.99</msrpPrice>			
				<stock>Available Now</stock>
				<multiplesOF>1</multiplesOF> 
									<imageLargeFront><![CDATA[https://s3.amazonaws.com/ecn-watermarks/effex/63478_1.jpg]]></imageLargeFront>
								
									<imageLargeBack><![CDATA[https://s3.amazonaws.com/ecn-watermarks/effex/63478_2.jpg]]></imageLargeBack>
								
									<imageMediumFront><![CDATA[https://s3.amazonaws.com/ecn-watermarks/effex/63478_5.jpg]]></imageMediumFront>
								
									<imageMediumBack><![CDATA[https://s3.amazonaws.com/ecn-watermarks/effex/63478_6.jpg]]></imageMediumBack>
								
									<imageThumbnailFront><![CDATA[https://s3.amazonaws.com/ecn-watermarks/effex/63478_9.jpg]]></imageThumbnailFront>
								
									<imageThumbnailBack><![CDATA[https://s3.amazonaws.com/ecn-watermarks/effex/63478_10.jpg]]></imageThumbnailBack>
									
				<manufacturer><![CDATA[Vedo Toys]]></manufacturer>
				<categories> </categories>
				<itemDescription>Wild runs on two independent, extremely powerful motors with 3 speeds and 9 vibration modes. The flexible shaft will tickle and delight your G-spot, while the vibrating tickler teases and tantalizes your clitoris. Sleekly designed with an ergonomic handle for maximum control, this whisper quiet dual vibe delivers and will have you screaming in ecstasy. And don`t be afraid to get wet and wild  it`s completely submersible.</itemDescription> <htmlitemdescriptioninbase64format>V2lsZCBydW5zIG9uIHR3byBpbmRlcGVuZGVudCwgZXh0cmVtZWx5IHBvd2VyZnVsIG1vdG9ycyB3aXRoIDMgc3BlZWRzIGFuZCA5IHZpYnJhdGlvbiBtb2Rlcy4gVGhlIGZsZXhpYmxlIHNoYWZ0IHdpbGwgdGlja2xlIGFuZCBkZWxpZ2h0IHlvdXIgRy1zcG90LCB3aGlsZSB0aGUgdmlicmF0aW5nIHRpY2tsZXIgdGVhc2VzIGFuZCB0YW50YWxpemVzIHlvdXIgY2xpdG9yaXMuIFNsZWVrbHkgZGVzaWduZWQgd2l0aCBhbiBlcmdvbm9taWMgaGFuZGxlIGZvciBtYXhpbXVtIGNvbnRyb2wsIHRoaXMgd2hpc3BlciBxdWlldCBkdWFsIHZpYmUgZGVsaXZlcnMgYW5kIHdpbGwgaGF2ZSB5b3Ugc2NyZWFtaW5nIGluIGVjc3Rhc3kuIEFuZCBkb24/dCBiZSBhZnJhaWQgdG8gZ2V0IHdldCBhbmQgd2lsZCA/IGl0P3MgY29tcGxldGVseSBzdWJtZXJzaWJsZS4=</htmlitemdescriptioninbase64format>												
				<upc>716053727732</upc>			
				<dateUpdated>12/24/2020 12:01:18 PM</dateUpdated>	
				<itemweight><![CDATA[0.95]]></itemweight>		
				<dateCreated>09/14/2020 11:00:20 AM</dateCreated>			
				<deliveryallowed><![CDATA[0]]></deliveryallowed>	

					
						<categoriesV2>

											
							<categoritem>
								
									<mastercategories></mastercategories>
								
									<subcategories></subcategories>
														
							</categoritem>					
												
						</categoriesV2>
						
					<alternatetitle><![CDATA[Wild Rechargeable Silicone Dual Vibe - Purple]]></alternatetitle>
					<height><![CDATA[9.25]]></height>
					<width><![CDATA[1.875]]></width>
					<length><![CDATA[3.75]]></length>
					<marketplacerestrictions><![CDATA[1]]></marketplacerestrictions>
					<discontinued>No</discontinued>
					
						<regulations />
												
													
			</item>
				
			<item>
				<title><![CDATA[Doxy Die Cast 3r Matte Black]]></title>
				<releaseDate>12/01/2020</releaseDate>				
				<itemSKU>DOXY3RC-MB</itemSKU>
				<itemID>63514</itemID>		
				<standardPrice>105.0000</standardPrice>		
				<mapPrice>199</mapPrice>
				<msrpPrice>209.99</msrpPrice>			
				<stock>Available Now</stock>
				<multiplesOF>1</multiplesOF> 
									<imageLargeFront><![CDATA[https://s3.amazonaws.com/ecn-watermarks/effex/63514_1.jpg]]></imageLargeFront>
								
									<imageLargeBack><![CDATA[https://s3.amazonaws.com/ecn-watermarks/effex/63514_2.jpg]]></imageLargeBack>
								
									<imageMediumFront><![CDATA[https://s3.amazonaws.com/ecn-watermarks/effex/63514_5.jpg]]></imageMediumFront>
								
									<imageMediumBack><![CDATA[https://s3.amazonaws.com/ecn-watermarks/effex/63514_6.jpg]]></imageMediumBack>
								
									<imageThumbnailFront><![CDATA[https://s3.amazonaws.com/ecn-watermarks/effex/63514_9.jpg]]></imageThumbnailFront>
								
									<imageThumbnailBack><![CDATA[https://s3.amazonaws.com/ecn-watermarks/effex/63514_10.jpg]]></imageThumbnailBack>
									
				<manufacturer><![CDATA[Cmg Lesiure Ltd]]></manufacturer>
				<categories> </categories>
				<itemDescription>Doxy Die Cast 3R rechargable wand massager in matte black</itemDescription> <htmlitemdescriptioninbase64format>RG94eSBEaWUgQ2FzdCAzUiByZWNoYXJnYWJsZSB3YW5kIG1hc3NhZ2VyIGluIG1hdHRlIGJsYWNr</htmlitemdescriptioninbase64format>												
				<upc>712758998569</upc>			
				<dateUpdated>12/24/2020 12:01:18 PM</dateUpdated>	
				<itemweight><![CDATA[1.83]]></itemweight>		
				<dateCreated>09/15/2020 5:42:22 PM</dateCreated>			
				<deliveryallowed><![CDATA[0]]></deliveryallowed>	

					
						<categoriesV2>

											
							<categoritem>
								
									<mastercategories></mastercategories>
								
									<subcategories></subcategories>
														
							</categoritem>					
												
						</categoriesV2>
						
					<alternatetitle><![CDATA[DOXY Die Cast 3R Rechargeable Vibrating Body Wand Massager - Matte Black]]></alternatetitle>
					<height><![CDATA[2.16]]></height>
					<width><![CDATA[2.36]]></width>
					<length><![CDATA[13.77]]></length>
					<marketplacerestrictions><![CDATA[0]]></marketplacerestrictions>
					<discontinued>No</discontinued>
					
						<regulations />
												
													
			</item>
				
			<item>
				<title><![CDATA[Booty Spark Red Heart Gem Glass Plug Set]]></title>
				<releaseDate>11/10/2020</releaseDate>				
				<itemSKU>XR-AG433</itemSKU>
				<itemID>64202</itemID>		
				<standardPrice>19.9200</standardPrice>		
				<mapPrice>0</mapPrice>
				<msrpPrice>39.84</msrpPrice>			
				<stock>Available Now</stock>
				<multiplesOF>1</multiplesOF> 
									<imageLargeFront><![CDATA[https://s3.amazonaws.com/ecn-watermarks/effex/64202_1.jpg]]></imageLargeFront>
								
									<imageLargeBack><![CDATA[https://s3.amazonaws.com/ecn-watermarks/effex/64202_2.jpg]]></imageLargeBack>
								
									<imageMediumFront><![CDATA[https://s3.amazonaws.com/ecn-watermarks/effex/64202_5.jpg]]></imageMediumFront>
								
									<imageMediumBack><![CDATA[https://s3.amazonaws.com/ecn-watermarks/effex/64202_6.jpg]]></imageMediumBack>
								
									<imageThumbnailFront><![CDATA[https://s3.amazonaws.com/ecn-watermarks/effex/64202_9.jpg]]></imageThumbnailFront>
								
									<imageThumbnailBack><![CDATA[https://s3.amazonaws.com/ecn-watermarks/effex/64202_10.jpg]]></imageThumbnailBack>
									
				<manufacturer><![CDATA[Xr Llc]]></manufacturer>
				<categories> </categories>
				<itemDescription>Decorate your derriere with a sparkling red heart! Choose from 3 graduated sizes to display your love between your cheeks with these see-through glass butt plugs - the solid mass and smooth surface fills your backdoor with a satisfyingly hard sensation! Perfect for warming up or as a dedicated anal pleasure toy.This set of Glassy Red Hearts is smooth and tapered for easy entry without discomfort and compatible with most lubricants so you can play your way. Heat or chill this heart shaped anal dream for an extra layer of pleasure!This see through glass plug is naturally body safe and hypoallergenic for those with sensitive bodies. The smooth texture also makes these plugs easy to clean with warm water and mild soap - be sure to clean before and after use!Stretch and fill your backdoor with this large Red Heart and treat your partners eyes while they enjoy the rest of your body! Big and thick, this Large glass butt plug is best for experienced players who crave a satisfying fill and stretch. Insert this heart shaped Booty Spark and make that booty sparkle!</itemDescription> <htmlitemdescriptioninbase64format>RGVjb3JhdGUgeW91ciBkZXJyaWVyZSB3aXRoIGEgc3BhcmtsaW5nIHJlZCBoZWFydCEgQ2hvb3NlIGZyb20gMyBncmFkdWF0ZWQgc2l6ZXMgdG8gZGlzcGxheSB5b3VyIGxvdmUgYmV0d2VlbiB5b3VyIGNoZWVrcyB3aXRoIHRoZXNlIHNlZS10aHJvdWdoIGdsYXNzIGJ1dHQgcGx1Z3MgLSB0aGUgc29saWQgbWFzcyBhbmQgc21vb3RoIHN1cmZhY2UgZmlsbHMgeW91ciBiYWNrZG9vciB3aXRoIGEgc2F0aXNmeWluZ2x5IGhhcmQgc2Vuc2F0aW9uISBQZXJmZWN0IGZvciB3YXJtaW5nIHVwIG9yIGFzIGEgZGVkaWNhdGVkIGFuYWwgcGxlYXN1cmUgdG95LjxDUkxGPjxDUkxGPlRoaXMgc2V0IG9mIEdsYXNzeSBSZWQgSGVhcnRzIGlzIHNtb290aCBhbmQgdGFwZXJlZCBmb3IgZWFzeSBlbnRyeSB3aXRob3V0IGRpc2NvbWZvcnQgYW5kIGNvbXBhdGlibGUgd2l0aCBtb3N0IGx1YnJpY2FudHMgc28geW91IGNhbiBwbGF5IHlvdXIgd2F5LiBIZWF0IG9yIGNoaWxsIHRoaXMgaGVhcnQgc2hhcGVkIGFuYWwgZHJlYW0gZm9yIGFuIGV4dHJhIGxheWVyIG9mIHBsZWFzdXJlITxDUkxGPjxDUkxGPlRoaXMgc2VlIHRocm91Z2ggZ2xhc3MgcGx1ZyBpcyBuYXR1cmFsbHkgYm9keSBzYWZlIGFuZCBoeXBvYWxsZXJnZW5pYyBmb3IgdGhvc2Ugd2l0aCBzZW5zaXRpdmUgYm9kaWVzLiBUaGUgc21vb3RoIHRleHR1cmUgYWxzbyBtYWtlcyB0aGVzZSBwbHVncyBlYXN5IHRvIGNsZWFuIHdpdGggd2FybSB3YXRlciBhbmQgbWlsZCBzb2FwIC0gYmUgc3VyZSB0byBjbGVhbiBiZWZvcmUgYW5kIGFmdGVyIHVzZSE8Q1JMRj48Q1JMRj5TdHJldGNoIGFuZCBmaWxsIHlvdXIgYmFja2Rvb3Igd2l0aCB0aGlzIGxhcmdlIFJlZCBIZWFydCBhbmQgdHJlYXQgeW91ciBwYXJ0bmVycyBleWVzIHdoaWxlIHRoZXkgZW5qb3kgdGhlIHJlc3Qgb2YgeW91ciBib2R5ISBCaWcgYW5kIHRoaWNrLCB0aGlzIExhcmdlIGdsYXNzIGJ1dHQgcGx1ZyBpcyBiZXN0IGZvciBleHBlcmllbmNlZCBwbGF5ZXJzIHdobyBjcmF2ZSBhIHNhdGlzZnlpbmcgZmlsbCBhbmQgc3RyZXRjaC4gSW5zZXJ0IHRoaXMgaGVhcnQgc2hhcGVkIEJvb3R5IFNwYXJrIGFuZCBtYWtlIHRoYXQgYm9vdHkgc3BhcmtsZSE=</htmlitemdescriptioninbase64format>												
				<upc>848518037411</upc>			
				<dateUpdated>12/24/2020 12:01:18 PM</dateUpdated>	
				<itemweight><![CDATA[0.77]]></itemweight>		
				<dateCreated>10/27/2020 5:01:05 PM</dateCreated>			
				<deliveryallowed><![CDATA[0]]></deliveryallowed>	

					
						<categoriesV2>

											
							<categoritem>
								
									<mastercategories></mastercategories>
								
									<subcategories></subcategories>
														
							</categoritem>					
												
						</categoriesV2>
						
					<alternatetitle><![CDATA[Booty Sparks Red Heart Gem Glass Plug Set 3pc - S/M/L - Red/Clear]]></alternatetitle>
					<height><![CDATA[5.9055]]></height>
					<width><![CDATA[5.5118]]></width>
					<length><![CDATA[2.3622]]></length>
					<marketplacerestrictions><![CDATA[0]]></marketplacerestrictions>
					<discontinued>No</discontinued>
					
						<regulations />
												
													
			</item>
				
			<item>
				<title><![CDATA[Booty Sparks Glitter Gem Plug Set Pink]]></title>
				<releaseDate>11/10/2020</releaseDate>				
				<itemSKU>XR-AG587-PNK</itemSKU>
				<itemID>64206</itemID>		
				<standardPrice>14.9800</standardPrice>		
				<mapPrice>0</mapPrice>
				<msrpPrice>29.96</msrpPrice>			
				<stock>Available Now</stock>
				<multiplesOF>1</multiplesOF> 
									<imageLargeFront><![CDATA[https://s3.amazonaws.com/ecn-watermarks/effex/64206_1.jpg]]></imageLargeFront>
								
									<imageLargeBack><![CDATA[https://s3.amazonaws.com/ecn-watermarks/effex/64206_2.jpg]]></imageLargeBack>
								
									<imageMediumFront><![CDATA[https://s3.amazonaws.com/ecn-watermarks/effex/64206_5.jpg]]></imageMediumFront>
								
									<imageMediumBack><![CDATA[https://s3.amazonaws.com/ecn-watermarks/effex/64206_6.jpg]]></imageMediumBack>
								
									<imageThumbnailFront><![CDATA[https://s3.amazonaws.com/ecn-watermarks/effex/64206_9.jpg]]></imageThumbnailFront>
								
									<imageThumbnailBack><![CDATA[https://s3.amazonaws.com/ecn-watermarks/effex/64206_10.jpg]]></imageThumbnailBack>
									
				<manufacturer><![CDATA[Xr Llc]]></manufacturer>
				<categories> </categories>
				<itemDescription>This set of smooth, solid, butt plugs feature a shiny glittery pink pattern to decorate your booty while you play! These Glitter Gem plugs are tapered and slim, and graduate in size from small to large for easy training - perfect for beginners and experts alike!

Start off easy with the smallest size and get your backdoor familiar with this new sensation. The tapered tip and slender body make the smallest size the best way to introduce yourself to the world of anal play without any discomfort! Upgrade to medium and large when you think you can take it, at your own pace.

Expert anal players will appreciate the ease of which to warm up their ass for further fun with this Glittery set of plugs! Choose the size that matches your comfort level and surprise your lover when you pull your pants down with this dazzling anal gem!</itemDescription> <htmlitemdescriptioninbase64format>VGhpcyBzZXQgb2Ygc21vb3RoLCBzb2xpZCwgYnV0dCBwbHVncyBmZWF0dXJlIGEgc2hpbnkgZ2xpdHRlcnkgcGluayBwYXR0ZXJuIHRvIGRlY29yYXRlIHlvdXIgYm9vdHkgd2hpbGUgeW91IHBsYXkhIFRoZXNlIEdsaXR0ZXIgR2VtIHBsdWdzIGFyZSB0YXBlcmVkIGFuZCBzbGltLCBhbmQgZ3JhZHVhdGUgaW4gc2l6ZSBmcm9tIHNtYWxsIHRvIGxhcmdlIGZvciBlYXN5IHRyYWluaW5nIC0gcGVyZmVjdCBmb3IgYmVnaW5uZXJzIGFuZCBleHBlcnRzIGFsaWtlIQoKU3RhcnQgb2ZmIGVhc3kgd2l0aCB0aGUgc21hbGxlc3Qgc2l6ZSBhbmQgZ2V0IHlvdXIgYmFja2Rvb3IgZmFtaWxpYXIgd2l0aCB0aGlzIG5ldyBzZW5zYXRpb24uIFRoZSB0YXBlcmVkIHRpcCBhbmQgc2xlbmRlciBib2R5IG1ha2UgdGhlIHNtYWxsZXN0IHNpemUgdGhlIGJlc3Qgd2F5IHRvIGludHJvZHVjZSB5b3Vyc2VsZiB0byB0aGUgd29ybGQgb2YgYW5hbCBwbGF5IHdpdGhvdXQgYW55IGRpc2NvbWZvcnQhIFVwZ3JhZGUgdG8gbWVkaXVtIGFuZCBsYXJnZSB3aGVuIHlvdSB0aGluayB5b3UgY2FuIHRha2UgaXQsIGF0IHlvdXIgb3duIHBhY2UuCgpFeHBlcnQgYW5hbCBwbGF5ZXJzIHdpbGwgYXBwcmVjaWF0ZSB0aGUgZWFzZSBvZiB3aGljaCB0byB3YXJtIHVwIHRoZWlyIGFzcyBmb3IgZnVydGhlciBmdW4gd2l0aCB0aGlzIEdsaXR0ZXJ5IHNldCBvZiBwbHVncyEgQ2hvb3NlIHRoZSBzaXplIHRoYXQgbWF0Y2hlcyB5b3VyIGNvbWZvcnQgbGV2ZWwgYW5kIHN1cnByaXNlIHlvdXIgbG92ZXIgd2hlbiB5b3UgcHVsbCB5b3VyIHBhbnRzIGRvd24gd2l0aCB0aGlzIGRhenpsaW5nIGFuYWwgZ2VtIQ==</htmlitemdescriptioninbase64format>												
				<upc>848518040015</upc>			
				<dateUpdated>12/24/2020 12:01:18 PM</dateUpdated>	
				<itemweight><![CDATA[0.39]]></itemweight>		
				<dateCreated>10/27/2020 5:30:19 PM</dateCreated>			
				<deliveryallowed><![CDATA[0]]></deliveryallowed>	

					
						<categoriesV2>

											
							<categoritem>
								
									<mastercategories></mastercategories>
								
									<subcategories></subcategories>
														
							</categoritem>					
												
						</categoriesV2>
						
					<alternatetitle><![CDATA[Booty Sparks Glitter Gem Anal Plug Set 3pc - S/M/L - Pink]]></alternatetitle>
					<height><![CDATA[5.9055]]></height>
					<width><![CDATA[5.9055]]></width>
					<length><![CDATA[2.4803]]></length>
					<marketplacerestrictions><![CDATA[0]]></marketplacerestrictions>
					<discontinued>No</discontinued>
					
						<regulations />
												
													
			</item>
				
			<item>
				<title><![CDATA[Booty Sparks Glitter Gem Plug Set Purple]]></title>
				<releaseDate>11/10/2020</releaseDate>				
				<itemSKU>XR-AG587-PRP</itemSKU>
				<itemID>64207</itemID>		
				<standardPrice>14.9800</standardPrice>		
				<mapPrice>0</mapPrice>
				<msrpPrice>29.96</msrpPrice>			
				<stock>Available Now</stock>
				<multiplesOF>1</multiplesOF> 
									<imageLargeFront><![CDATA[https://s3.amazonaws.com/ecn-watermarks/effex/64207_1.jpg]]></imageLargeFront>
								
									<imageLargeBack><![CDATA[https://s3.amazonaws.com/ecn-watermarks/effex/64207_2.jpg]]></imageLargeBack>
								
									<imageMediumFront><![CDATA[https://s3.amazonaws.com/ecn-watermarks/effex/64207_5.jpg]]></imageMediumFront>
								
									<imageMediumBack><![CDATA[https://s3.amazonaws.com/ecn-watermarks/effex/64207_6.jpg]]></imageMediumBack>
								
									<imageThumbnailFront><![CDATA[https://s3.amazonaws.com/ecn-watermarks/effex/64207_9.jpg]]></imageThumbnailFront>
								
									<imageThumbnailBack><![CDATA[https://s3.amazonaws.com/ecn-watermarks/effex/64207_10.jpg]]></imageThumbnailBack>
									
				<manufacturer><![CDATA[Xr Llc]]></manufacturer>
				<categories> </categories>
				<itemDescription>This set of smooth, solid, butt plugs feature a shiny glittery purple pattern to decorate your booty while you play! These Glitter Gem plugs are tapered and slim, and graduate in size from small to large for easy training - perfect for beginners and experts alike!

Start off easy with the smallest size and get your backdoor familiar with this new sensation. The tapered tip and slender body make the smallest size the best way to introduce yourself to the world of anal play without any discomfort! Upgrade to medium and large when you think you can take it, at your own pace.

Expert anal players will appreciate the ease of which to warm up their ass for further fun with this Glittery set of plugs! Choose the size that matches your comfort level and surprise your lover when you pull your pants down with this dazzling anal gem!</itemDescription> <htmlitemdescriptioninbase64format>VGhpcyBzZXQgb2Ygc21vb3RoLCBzb2xpZCwgYnV0dCBwbHVncyBmZWF0dXJlIGEgc2hpbnkgZ2xpdHRlcnkgcHVycGxlIHBhdHRlcm4gdG8gZGVjb3JhdGUgeW91ciBib290eSB3aGlsZSB5b3UgcGxheSEgVGhlc2UgR2xpdHRlciBHZW0gcGx1Z3MgYXJlIHRhcGVyZWQgYW5kIHNsaW0sIGFuZCBncmFkdWF0ZSBpbiBzaXplIGZyb20gc21hbGwgdG8gbGFyZ2UgZm9yIGVhc3kgdHJhaW5pbmcgLSBwZXJmZWN0IGZvciBiZWdpbm5lcnMgYW5kIGV4cGVydHMgYWxpa2UhCgpTdGFydCBvZmYgZWFzeSB3aXRoIHRoZSBzbWFsbGVzdCBzaXplIGFuZCBnZXQgeW91ciBiYWNrZG9vciBmYW1pbGlhciB3aXRoIHRoaXMgbmV3IHNlbnNhdGlvbi4gVGhlIHRhcGVyZWQgdGlwIGFuZCBzbGVuZGVyIGJvZHkgbWFrZSB0aGUgc21hbGxlc3Qgc2l6ZSB0aGUgYmVzdCB3YXkgdG8gaW50cm9kdWNlIHlvdXJzZWxmIHRvIHRoZSB3b3JsZCBvZiBhbmFsIHBsYXkgd2l0aG91dCBhbnkgZGlzY29tZm9ydCEgVXBncmFkZSB0byBtZWRpdW0gYW5kIGxhcmdlIHdoZW4geW91IHRoaW5rIHlvdSBjYW4gdGFrZSBpdCwgYXQgeW91ciBvd24gcGFjZS4KCkV4cGVydCBhbmFsIHBsYXllcnMgd2lsbCBhcHByZWNpYXRlIHRoZSBlYXNlIG9mIHdoaWNoIHRvIHdhcm0gdXAgdGhlaXIgYXNzIGZvciBmdXJ0aGVyIGZ1biB3aXRoIHRoaXMgR2xpdHRlcnkgc2V0IG9mIHBsdWdzISBDaG9vc2UgdGhlIHNpemUgdGhhdCBtYXRjaGVzIHlvdXIgY29tZm9ydCBsZXZlbCBhbmQgc3VycHJpc2UgeW91ciBsb3ZlciB3aGVuIHlvdSBwdWxsIHlvdXIgcGFudHMgZG93biB3aXRoIHRoaXMgZGF6emxpbmcgYW5hbCBnZW0h</htmlitemdescriptioninbase64format>												
				<upc>848518040022</upc>			
				<dateUpdated>12/24/2020 12:01:18 PM</dateUpdated>	
				<itemweight><![CDATA[0.38]]></itemweight>		
				<dateCreated>10/27/2020 5:30:19 PM</dateCreated>			
				<deliveryallowed><![CDATA[0]]></deliveryallowed>	

					
						<categoriesV2>

											
							<categoritem>
								
									<mastercategories></mastercategories>
								
									<subcategories></subcategories>
														
							</categoritem>					
												
						</categoriesV2>
						
					<alternatetitle><![CDATA[Booty Sparks Glitter Gem Anal Plug Set 3pc - S/M/L - Purple]]></alternatetitle>
					<height><![CDATA[5.9055]]></height>
					<width><![CDATA[5.9055]]></width>
					<length><![CDATA[2.4803]]></length>
					<marketplacerestrictions><![CDATA[0]]></marketplacerestrictions>
					<discontinued>No</discontinued>
					
						<regulations />
												
													
			</item>
				
			<item>
				<title><![CDATA[Booty Sparks Glitter Gem Plug Set Silver]]></title>
				<releaseDate>11/10/2020</releaseDate>				
				<itemSKU>XR-AG587-SILV</itemSKU>
				<itemID>64208</itemID>		
				<standardPrice>14.9800</standardPrice>		
				<mapPrice>0</mapPrice>
				<msrpPrice>29.96</msrpPrice>			
				<stock>Available Now</stock>
				<multiplesOF>1</multiplesOF> 
									<imageLargeFront><![CDATA[https://s3.amazonaws.com/ecn-watermarks/effex/64208_1.jpg]]></imageLargeFront>
								
									<imageLargeBack><![CDATA[https://s3.amazonaws.com/ecn-watermarks/effex/64208_2.jpg]]></imageLargeBack>
								
									<imageMediumFront><![CDATA[https://s3.amazonaws.com/ecn-watermarks/effex/64208_5.jpg]]></imageMediumFront>
								
									<imageMediumBack><![CDATA[https://s3.amazonaws.com/ecn-watermarks/effex/64208_6.jpg]]></imageMediumBack>
								
									<imageThumbnailFront><![CDATA[https://s3.amazonaws.com/ecn-watermarks/effex/64208_9.jpg]]></imageThumbnailFront>
								
									<imageThumbnailBack><![CDATA[https://s3.amazonaws.com/ecn-watermarks/effex/64208_10.jpg]]></imageThumbnailBack>
									
				<manufacturer><![CDATA[Xr Llc]]></manufacturer>
				<categories> </categories>
				<itemDescription>This set of smooth, solid, butt plugs feature a shiny glittery silver pattern to decorate your booty while you play! These Glitter Gem plugs are tapered, slim, and graduate in size from small to large for easy training - perfect for beginners and experts alike!

Start off easy with the smallest size and get your backdoor familiar with this new sensation. The tapered tip and slender body make the smallest size the best way to introduce yourself to the world of anal play without any discomfort! Upgrade to medium and large when you think you can take it, at your own pace.

Expert anal players will appreciate the ease of which to warm up their ass for further fun with this Glittery set of plugs! Choose the size that matches your comfort level and surprise your lover when you pull your pants down with this dazzling anal gem!</itemDescription> <htmlitemdescriptioninbase64format>VGhpcyBzZXQgb2Ygc21vb3RoLCBzb2xpZCwgYnV0dCBwbHVncyBmZWF0dXJlIGEgc2hpbnkgZ2xpdHRlcnkgc2lsdmVyIHBhdHRlcm4gdG8gZGVjb3JhdGUgeW91ciBib290eSB3aGlsZSB5b3UgcGxheSEgVGhlc2UgR2xpdHRlciBHZW0gcGx1Z3MgYXJlIHRhcGVyZWQsIHNsaW0sIGFuZCBncmFkdWF0ZSBpbiBzaXplIGZyb20gc21hbGwgdG8gbGFyZ2UgZm9yIGVhc3kgdHJhaW5pbmcgLSBwZXJmZWN0IGZvciBiZWdpbm5lcnMgYW5kIGV4cGVydHMgYWxpa2UhCgpTdGFydCBvZmYgZWFzeSB3aXRoIHRoZSBzbWFsbGVzdCBzaXplIGFuZCBnZXQgeW91ciBiYWNrZG9vciBmYW1pbGlhciB3aXRoIHRoaXMgbmV3IHNlbnNhdGlvbi4gVGhlIHRhcGVyZWQgdGlwIGFuZCBzbGVuZGVyIGJvZHkgbWFrZSB0aGUgc21hbGxlc3Qgc2l6ZSB0aGUgYmVzdCB3YXkgdG8gaW50cm9kdWNlIHlvdXJzZWxmIHRvIHRoZSB3b3JsZCBvZiBhbmFsIHBsYXkgd2l0aG91dCBhbnkgZGlzY29tZm9ydCEgVXBncmFkZSB0byBtZWRpdW0gYW5kIGxhcmdlIHdoZW4geW91IHRoaW5rIHlvdSBjYW4gdGFrZSBpdCwgYXQgeW91ciBvd24gcGFjZS4KCkV4cGVydCBhbmFsIHBsYXllcnMgd2lsbCBhcHByZWNpYXRlIHRoZSBlYXNlIG9mIHdoaWNoIHRvIHdhcm0gdXAgdGhlaXIgYXNzIGZvciBmdXJ0aGVyIGZ1biB3aXRoIHRoaXMgR2xpdHRlcnkgc2V0IG9mIHBsdWdzISBDaG9vc2UgdGhlIHNpemUgdGhhdCBtYXRjaGVzIHlvdXIgY29tZm9ydCBsZXZlbCBhbmQgc3VycHJpc2UgeW91ciBsb3ZlciB3aGVuIHlvdSBwdWxsIHlvdXIgcGFudHMgZG93biB3aXRoIHRoaXMgZGF6emxpbmcgYW5hbCBnZW0h</htmlitemdescriptioninbase64format>												
				<upc>848518040039</upc>			
				<dateUpdated>12/24/2020 12:01:18 PM</dateUpdated>	
				<itemweight><![CDATA[0.38]]></itemweight>		
				<dateCreated>10/27/2020 5:30:19 PM</dateCreated>			
				<deliveryallowed><![CDATA[0]]></deliveryallowed>	

					
						<categoriesV2>

											
							<categoritem>
								
									<mastercategories></mastercategories>
								
									<subcategories></subcategories>
														
							</categoritem>					
												
						</categoriesV2>
						
					<alternatetitle><![CDATA[Booty Sparks Glitter Gem Anal Plug Set 3pc - S/M/L - Silver]]></alternatetitle>
					<height><![CDATA[5.9055]]></height>
					<width><![CDATA[5.9055]]></width>
					<length><![CDATA[2.4803]]></length>
					<marketplacerestrictions><![CDATA[0]]></marketplacerestrictions>
					<discontinued>No</discontinued>
					
						<regulations />
												
													
			</item>
				
			<item>
				<title><![CDATA[Inmi Pulsing and Vibrating Rabbit Black]]></title>
				<releaseDate>01/31/2021</releaseDate>				
				<itemSKU>XR-AG507-BLK</itemSKU>
				<itemID>64412</itemID>		
				<standardPrice>39.9833</standardPrice>		
				<mapPrice>0</mapPrice>
				<msrpPrice>79.967</msrpPrice>			
				<stock>Short Wait</stock>
				<multiplesOF>1</multiplesOF> 
									<imageLargeFront><![CDATA[https://s3.amazonaws.com/ecn-watermarks/effex/64412_1.jpg]]></imageLargeFront>
								
									<imageLargeBack><![CDATA[https://s3.amazonaws.com/ecn-watermarks/effex/64412_2.jpg]]></imageLargeBack>
								
									<imageMediumFront><![CDATA[https://s3.amazonaws.com/ecn-watermarks/effex/64412_5.jpg]]></imageMediumFront>
								
									<imageMediumBack><![CDATA[https://s3.amazonaws.com/ecn-watermarks/effex/64412_6.jpg]]></imageMediumBack>
								
									<imageThumbnailFront><![CDATA[https://s3.amazonaws.com/ecn-watermarks/effex/64412_9.jpg]]></imageThumbnailFront>
								
									<imageThumbnailBack><![CDATA[https://s3.amazonaws.com/ecn-watermarks/effex/64412_10.jpg]]></imageThumbnailBack>
									
				<manufacturer><![CDATA[Xr Llc]]></manufacturer>
				<categories> </categories>
				<itemDescription>Get ready for the 5 star treatment with this premium silicone rabbit vibe! Designed for intense pleasure on both your clit and your g-spot - subtly curved to hit your sensitive spots just right, and packed with power with its internal dual motors. Perfect for use solo or with a partner!

Choose from 3 clitoral pulsing patterns and 10 vibrating functions to stimulate your insides and your outsides! Control each function indepedently to mix and match sensations to match your unique preferences, or blindfold your partner and keep them guessing with different sensations as you go. Feel the velvety tip rub against your g-spot while the turbo thumping clitoris stimulator sends you over the edge to blended orgasm heaven!

The fun never ends with this powerful rabbit vibe - recharge this 5 Star Rabbit when the power runs low with the included USB charging cable! Made with premium, silky smooth phthalate free silicone for a premium body safe feel. Compatible with water based lubricants only.

Each 5 Star Rabbit is designed with IPX7 waterproofing for ease of cleaning and worry-free play in the shower!</itemDescription> <htmlitemdescriptioninbase64format>R2V0IHJlYWR5IGZvciB0aGUgNSBzdGFyIHRyZWF0bWVudCB3aXRoIHRoaXMgcHJlbWl1bSBzaWxpY29uZSByYWJiaXQgdmliZSEgRGVzaWduZWQgZm9yIGludGVuc2UgcGxlYXN1cmUgb24gYm90aCB5b3VyIGNsaXQgYW5kIHlvdXIgZy1zcG90IC0gc3VidGx5IGN1cnZlZCB0byBoaXQgeW91ciBzZW5zaXRpdmUgc3BvdHMganVzdCByaWdodCwgYW5kIHBhY2tlZCB3aXRoIHBvd2VyIHdpdGggaXRzIGludGVybmFsIGR1YWwgbW90b3JzLiBQZXJmZWN0IGZvciB1c2Ugc29sbyBvciB3aXRoIGEgcGFydG5lciEKCkNob29zZSBmcm9tIDMgY2xpdG9yYWwgcHVsc2luZyBwYXR0ZXJucyBhbmQgMTAgdmlicmF0aW5nIGZ1bmN0aW9ucyB0byBzdGltdWxhdGUgeW91ciBpbnNpZGVzIGFuZCB5b3VyIG91dHNpZGVzISBDb250cm9sIGVhY2ggZnVuY3Rpb24gaW5kZXBlZGVudGx5IHRvIG1peCBhbmQgbWF0Y2ggc2Vuc2F0aW9ucyB0byBtYXRjaCB5b3VyIHVuaXF1ZSBwcmVmZXJlbmNlcywgb3IgYmxpbmRmb2xkIHlvdXIgcGFydG5lciBhbmQga2VlcCB0aGVtIGd1ZXNzaW5nIHdpdGggZGlmZmVyZW50IHNlbnNhdGlvbnMgYXMgeW91IGdvLiBGZWVsIHRoZSB2ZWx2ZXR5IHRpcCBydWIgYWdhaW5zdCB5b3VyIGctc3BvdCB3aGlsZSB0aGUgdHVyYm8gdGh1bXBpbmcgY2xpdG9yaXMgc3RpbXVsYXRvciBzZW5kcyB5b3Ugb3ZlciB0aGUgZWRnZSB0byBibGVuZGVkIG9yZ2FzbSBoZWF2ZW4hCgpUaGUgZnVuIG5ldmVyIGVuZHMgd2l0aCB0aGlzIHBvd2VyZnVsIHJhYmJpdCB2aWJlIC0gcmVjaGFyZ2UgdGhpcyA1IFN0YXIgUmFiYml0IHdoZW4gdGhlIHBvd2VyIHJ1bnMgbG93IHdpdGggdGhlIGluY2x1ZGVkIFVTQiBjaGFyZ2luZyBjYWJsZSEgTWFkZSB3aXRoIHByZW1pdW0sIHNpbGt5IHNtb290aCBwaHRoYWxhdGUgZnJlZSBzaWxpY29uZSBmb3IgYSBwcmVtaXVtIGJvZHkgc2FmZSBmZWVsLiBDb21wYXRpYmxlIHdpdGggd2F0ZXIgYmFzZWQgbHVicmljYW50cyBvbmx5LgoKRWFjaCA1IFN0YXIgUmFiYml0IGlzIGRlc2lnbmVkIHdpdGggSVBYNyB3YXRlcnByb29maW5nIGZvciBlYXNlIG9mIGNsZWFuaW5nIGFuZCB3b3JyeS1mcmVlIHBsYXkgaW4gdGhlIHNob3dlciE=</htmlitemdescriptioninbase64format>												
				<upc>848518038937</upc>			
				<dateUpdated>12/24/2020 12:01:18 PM</dateUpdated>	
				<itemweight><![CDATA[0.68]]></itemweight>		
				<dateCreated>12/09/2020 11:30:18 AM</dateCreated>			
				<deliveryallowed><![CDATA[0]]></deliveryallowed>	

					
						<categoriesV2>

											
							<categoritem>
								
									<mastercategories></mastercategories>
								
									<subcategories></subcategories>
														
							</categoritem>					
												
						</categoriesV2>
						
					<alternatetitle><![CDATA[Inmi 13x Silicone Rechargeable Pulsing Rabbit Vibrator - Black]]></alternatetitle>
					<height><![CDATA[11.0236]]></height>
					<width><![CDATA[4.9213]]></width>
					<length><![CDATA[4.9213]]></length>
					<marketplacerestrictions><![CDATA[0]]></marketplacerestrictions>
					<discontinued>No</discontinued>
					
						<regulations>
                			<regulation>
                                <regulationname><![CDATA[Prop 65]]></regulationname>
                                <regulationdata>
                                                <regulationtype><![CDATA[1]]></regulationtype>
                                                <locallink><![CDATA[http://www.adultdropshipper.com/clients/index.cfm?act=Regulations]]></locallink>
                                                <externallink><![CDATA[https://www.p65warnings.ca.gov/]]></externallink>
                                </regulationdata>
                			</regulation>
						</regulations>
												
													
			</item>
				
			<item>
				<title><![CDATA[Inmi Pulsing and Vibrating Rabbit Pink]]></title>
				<releaseDate>01/31/2021</releaseDate>				
				<itemSKU>XR-AG507-PNK</itemSKU>
				<itemID>64413</itemID>		
				<standardPrice>39.9833</standardPrice>		
				<mapPrice>0</mapPrice>
				<msrpPrice>79.967</msrpPrice>			
				<stock>Short Wait</stock>
				<multiplesOF>1</multiplesOF> 
									<imageLargeFront><![CDATA[https://s3.amazonaws.com/ecn-watermarks/effex/64413_1.jpg]]></imageLargeFront>
								
									<imageLargeBack><![CDATA[https://s3.amazonaws.com/ecn-watermarks/effex/64413_2.jpg]]></imageLargeBack>
								
									<imageMediumFront><![CDATA[https://s3.amazonaws.com/ecn-watermarks/effex/64413_5.jpg]]></imageMediumFront>
								
									<imageMediumBack><![CDATA[https://s3.amazonaws.com/ecn-watermarks/effex/64413_6.jpg]]></imageMediumBack>
								
									<imageThumbnailFront><![CDATA[https://s3.amazonaws.com/ecn-watermarks/effex/64413_9.jpg]]></imageThumbnailFront>
								
									<imageThumbnailBack><![CDATA[https://s3.amazonaws.com/ecn-watermarks/effex/64413_10.jpg]]></imageThumbnailBack>
									
				<manufacturer><![CDATA[Xr Llc]]></manufacturer>
				<categories> </categories>
				<itemDescription>Get ready for the 5 star treatment with this premium silicone rabbit vibe! Designed for intense pleasure on both your clit and your g-spot - subtly curved to hit your sensitive spots just right, and packed with power with its internal dual motors. Perfect for use solo or with a partner!

Choose from 3 clitoral pulsing patterns and 10 vibrating functions to stimulate your insides and your outsides! Control each function indepedently to mix and match sensations to match your unique preferences, or blindfold your partner and keep them guessing with different sensations as you go. Feel the velvety tip rub against your g-spot while the turbo thumping clitoris stimulator sends you over the edge to blended orgasm heaven!

The fun never ends with this powerful rabbit vibe - recharge this 5 Star Rabbit when the power runs low with the included USB charging cable! Made with premium, silky smooth phthalate free silicone for a premium body safe feel. Compatible with water based lubricants only.

Each 5 Star Rabbit is designed with IPX7 waterproofing for ease of cleaning and worry-free play in the shower!</itemDescription> <htmlitemdescriptioninbase64format>R2V0IHJlYWR5IGZvciB0aGUgNSBzdGFyIHRyZWF0bWVudCB3aXRoIHRoaXMgcHJlbWl1bSBzaWxpY29uZSByYWJiaXQgdmliZSEgRGVzaWduZWQgZm9yIGludGVuc2UgcGxlYXN1cmUgb24gYm90aCB5b3VyIGNsaXQgYW5kIHlvdXIgZy1zcG90IC0gc3VidGx5IGN1cnZlZCB0byBoaXQgeW91ciBzZW5zaXRpdmUgc3BvdHMganVzdCByaWdodCwgYW5kIHBhY2tlZCB3aXRoIHBvd2VyIHdpdGggaXRzIGludGVybmFsIGR1YWwgbW90b3JzLiBQZXJmZWN0IGZvciB1c2Ugc29sbyBvciB3aXRoIGEgcGFydG5lciEKCkNob29zZSBmcm9tIDMgY2xpdG9yYWwgcHVsc2luZyBwYXR0ZXJucyBhbmQgMTAgdmlicmF0aW5nIGZ1bmN0aW9ucyB0byBzdGltdWxhdGUgeW91ciBpbnNpZGVzIGFuZCB5b3VyIG91dHNpZGVzISBDb250cm9sIGVhY2ggZnVuY3Rpb24gaW5kZXBlZGVudGx5IHRvIG1peCBhbmQgbWF0Y2ggc2Vuc2F0aW9ucyB0byBtYXRjaCB5b3VyIHVuaXF1ZSBwcmVmZXJlbmNlcywgb3IgYmxpbmRmb2xkIHlvdXIgcGFydG5lciBhbmQga2VlcCB0aGVtIGd1ZXNzaW5nIHdpdGggZGlmZmVyZW50IHNlbnNhdGlvbnMgYXMgeW91IGdvLiBGZWVsIHRoZSB2ZWx2ZXR5IHRpcCBydWIgYWdhaW5zdCB5b3VyIGctc3BvdCB3aGlsZSB0aGUgdHVyYm8gdGh1bXBpbmcgY2xpdG9yaXMgc3RpbXVsYXRvciBzZW5kcyB5b3Ugb3ZlciB0aGUgZWRnZSB0byBibGVuZGVkIG9yZ2FzbSBoZWF2ZW4hCgpUaGUgZnVuIG5ldmVyIGVuZHMgd2l0aCB0aGlzIHBvd2VyZnVsIHJhYmJpdCB2aWJlIC0gcmVjaGFyZ2UgdGhpcyA1IFN0YXIgUmFiYml0IHdoZW4gdGhlIHBvd2VyIHJ1bnMgbG93IHdpdGggdGhlIGluY2x1ZGVkIFVTQiBjaGFyZ2luZyBjYWJsZSEgTWFkZSB3aXRoIHByZW1pdW0sIHNpbGt5IHNtb290aCBwaHRoYWxhdGUgZnJlZSBzaWxpY29uZSBmb3IgYSBwcmVtaXVtIGJvZHkgc2FmZSBmZWVsLiBDb21wYXRpYmxlIHdpdGggd2F0ZXIgYmFzZWQgbHVicmljYW50cyBvbmx5LgoKRWFjaCA1IFN0YXIgUmFiYml0IGlzIGRlc2lnbmVkIHdpdGggSVBYNyB3YXRlcnByb29maW5nIGZvciBlYXNlIG9mIGNsZWFuaW5nIGFuZCB3b3JyeS1mcmVlIHBsYXkgaW4gdGhlIHNob3dlciE=</htmlitemdescriptioninbase64format>												
				<upc>848518038944</upc>			
				<dateUpdated>12/24/2020 12:01:18 PM</dateUpdated>	
				<itemweight><![CDATA[0.68]]></itemweight>		
				<dateCreated>12/09/2020 11:30:18 AM</dateCreated>			
				<deliveryallowed><![CDATA[0]]></deliveryallowed>	

					
						<categoriesV2>

											
							<categoritem>
								
									<mastercategories></mastercategories>
								
									<subcategories></subcategories>
														
							</categoritem>					
												
						</categoriesV2>
						
					<alternatetitle><![CDATA[Inmi 13x Silicone Rechargeable Pulsing Rabbit Vibrator - Pink]]></alternatetitle>
					<height><![CDATA[11.0236]]></height>
					<width><![CDATA[4.9213]]></width>
					<length><![CDATA[4.9213]]></length>
					<marketplacerestrictions><![CDATA[0]]></marketplacerestrictions>
					<discontinued>No</discontinued>
					
						<regulations>
                			<regulation>
                                <regulationname><![CDATA[Prop 65]]></regulationname>
                                <regulationdata>
                                                <regulationtype><![CDATA[1]]></regulationtype>
                                                <locallink><![CDATA[http://www.adultdropshipper.com/clients/index.cfm?act=Regulations]]></locallink>
                                                <externallink><![CDATA[https://www.p65warnings.ca.gov/]]></externallink>
                                </regulationdata>
                			</regulation>
						</regulations>
												
													
			</item>
				
			<item>
				<title><![CDATA[Inmi Pulsing and Vibrating Rabbit Teal]]></title>
				<releaseDate>01/31/2021</releaseDate>				
				<itemSKU>XR-AG507-TL</itemSKU>
				<itemID>64414</itemID>		
				<standardPrice>39.9833</standardPrice>		
				<mapPrice>0</mapPrice>
				<msrpPrice>79.967</msrpPrice>			
				<stock>Short Wait</stock>
				<multiplesOF>1</multiplesOF> 
									<imageLargeFront><![CDATA[https://s3.amazonaws.com/ecn-watermarks/effex/64414_1.jpg]]></imageLargeFront>
								
									<imageLargeBack><![CDATA[https://s3.amazonaws.com/ecn-watermarks/effex/64414_2.jpg]]></imageLargeBack>
								
									<imageMediumFront><![CDATA[https://s3.amazonaws.com/ecn-watermarks/effex/64414_5.jpg]]></imageMediumFront>
								
									<imageMediumBack><![CDATA[https://s3.amazonaws.com/ecn-watermarks/effex/64414_6.jpg]]></imageMediumBack>
								
									<imageThumbnailFront><![CDATA[https://s3.amazonaws.com/ecn-watermarks/effex/64414_9.jpg]]></imageThumbnailFront>
								
									<imageThumbnailBack><![CDATA[https://s3.amazonaws.com/ecn-watermarks/effex/64414_10.jpg]]></imageThumbnailBack>
									
				<manufacturer><![CDATA[Xr Llc]]></manufacturer>
				<categories> </categories>
				<itemDescription>Get ready for the 5 star treatment with this premium silicone rabbit vibe! Designed for intense pleasure on both your clit and your g-spot - subtly curved to hit your sensitive spots just right, and packed with power with its internal dual motors. Perfect for use solo or with a partner!

Choose from 3 clitoral pulsing patterns and 10 vibrating functions to stimulate your insides and your outsides! Control each function indepedently to mix and match sensations to match your unique preferences, or blindfold your partner and keep them guessing with different sensations as you go. Feel the velvety tip rub against your g-spot while the turbo thumping clitoris stimulator sends you over the edge to blended orgasm heaven!

The fun never ends with this powerful rabbit vibe - recharge this 5 Star Rabbit when the power runs low with the included USB charging cable! Made with premium, silky smooth phthalate free silicone for a premium body safe feel. Compatible with water based lubricants only.

Each 5 Star Rabbit is designed with IPX7 waterproofing for ease of cleaning and worry-free play in the shower!</itemDescription> <htmlitemdescriptioninbase64format>R2V0IHJlYWR5IGZvciB0aGUgNSBzdGFyIHRyZWF0bWVudCB3aXRoIHRoaXMgcHJlbWl1bSBzaWxpY29uZSByYWJiaXQgdmliZSEgRGVzaWduZWQgZm9yIGludGVuc2UgcGxlYXN1cmUgb24gYm90aCB5b3VyIGNsaXQgYW5kIHlvdXIgZy1zcG90IC0gc3VidGx5IGN1cnZlZCB0byBoaXQgeW91ciBzZW5zaXRpdmUgc3BvdHMganVzdCByaWdodCwgYW5kIHBhY2tlZCB3aXRoIHBvd2VyIHdpdGggaXRzIGludGVybmFsIGR1YWwgbW90b3JzLiBQZXJmZWN0IGZvciB1c2Ugc29sbyBvciB3aXRoIGEgcGFydG5lciEKCkNob29zZSBmcm9tIDMgY2xpdG9yYWwgcHVsc2luZyBwYXR0ZXJucyBhbmQgMTAgdmlicmF0aW5nIGZ1bmN0aW9ucyB0byBzdGltdWxhdGUgeW91ciBpbnNpZGVzIGFuZCB5b3VyIG91dHNpZGVzISBDb250cm9sIGVhY2ggZnVuY3Rpb24gaW5kZXBlZGVudGx5IHRvIG1peCBhbmQgbWF0Y2ggc2Vuc2F0aW9ucyB0byBtYXRjaCB5b3VyIHVuaXF1ZSBwcmVmZXJlbmNlcywgb3IgYmxpbmRmb2xkIHlvdXIgcGFydG5lciBhbmQga2VlcCB0aGVtIGd1ZXNzaW5nIHdpdGggZGlmZmVyZW50IHNlbnNhdGlvbnMgYXMgeW91IGdvLiBGZWVsIHRoZSB2ZWx2ZXR5IHRpcCBydWIgYWdhaW5zdCB5b3VyIGctc3BvdCB3aGlsZSB0aGUgdHVyYm8gdGh1bXBpbmcgY2xpdG9yaXMgc3RpbXVsYXRvciBzZW5kcyB5b3Ugb3ZlciB0aGUgZWRnZSB0byBibGVuZGVkIG9yZ2FzbSBoZWF2ZW4hCgpUaGUgZnVuIG5ldmVyIGVuZHMgd2l0aCB0aGlzIHBvd2VyZnVsIHJhYmJpdCB2aWJlIC0gcmVjaGFyZ2UgdGhpcyA1IFN0YXIgUmFiYml0IHdoZW4gdGhlIHBvd2VyIHJ1bnMgbG93IHdpdGggdGhlIGluY2x1ZGVkIFVTQiBjaGFyZ2luZyBjYWJsZSEgTWFkZSB3aXRoIHByZW1pdW0sIHNpbGt5IHNtb290aCBwaHRoYWxhdGUgZnJlZSBzaWxpY29uZSBmb3IgYSBwcmVtaXVtIGJvZHkgc2FmZSBmZWVsLiBDb21wYXRpYmxlIHdpdGggd2F0ZXIgYmFzZWQgbHVicmljYW50cyBvbmx5LgoKRWFjaCA1IFN0YXIgUmFiYml0IGlzIGRlc2lnbmVkIHdpdGggSVBYNyB3YXRlcnByb29maW5nIGZvciBlYXNlIG9mIGNsZWFuaW5nIGFuZCB3b3JyeS1mcmVlIHBsYXkgaW4gdGhlIHNob3dlciE=</htmlitemdescriptioninbase64format>												
				<upc>848518038951</upc>			
				<dateUpdated>12/24/2020 12:01:18 PM</dateUpdated>	
				<itemweight><![CDATA[0.68]]></itemweight>		
				<dateCreated>12/09/2020 11:30:18 AM</dateCreated>			
				<deliveryallowed><![CDATA[0]]></deliveryallowed>	

					
						<categoriesV2>

											
							<categoritem>
								
									<mastercategories></mastercategories>
								
									<subcategories></subcategories>
														
							</categoritem>					
												
						</categoriesV2>
						
					<alternatetitle><![CDATA[Inmi 13x Silicone Rechargeable Pulsing Rabbit Vibrator - Teal]]></alternatetitle>
					<height><![CDATA[11.0236]]></height>
					<width><![CDATA[4.9213]]></width>
					<length><![CDATA[4.9213]]></length>
					<marketplacerestrictions><![CDATA[0]]></marketplacerestrictions>
					<discontinued>No</discontinued>
					
						<regulations>
                			<regulation>
                                <regulationname><![CDATA[Prop 65]]></regulationname>
                                <regulationdata>
                                                <regulationtype><![CDATA[1]]></regulationtype>
                                                <locallink><![CDATA[http://www.adultdropshipper.com/clients/index.cfm?act=Regulations]]></locallink>
                                                <externallink><![CDATA[https://www.p65warnings.ca.gov/]]></externallink>
                                </regulationdata>
                			</regulation>
						</regulations>
												
													
			</item>
			
			</modify>
 			<delete>
		
			<item>
				<title></title>
				<releaseDate></releaseDate>				
				<itemSKU><![CDATA[XSOYEAH110]]></itemSKU>	
				<itemID><![CDATA[23239]]></itemID>
				<standardPrice></standardPrice>				
				<stock></stock>
				<multiplesOF></multiplesOF> 	
				<imageLargeFront></imageLargeFront>		
				<imageLargeBack></imageLargeBack>						
				<imageMediumFront></imageMediumFront>
				<imageMediumBack></imageMediumBack>
				<imageThumbnailFront></imageThumbnailFront>
				<imageThumbnailBack></imageThumbnailBack>			
				<manufacturer></manufacturer>
				<categories></categories>	
				<itemDescription></itemDescription> 
				<htmlitemdescriptioninbase64format></htmlitemdescriptioninbase64format>												
				<upc></upc>			
				<dateUpdated></dateUpdated>	
				<itemweight></itemweight>		
				<dateCreated></dateCreated>			
				<deliveryallowed></deliveryallowed>				
				<categoriesV2>										
					<categoritem>							
						<mastercategories></mastercategories>							
							<subcategories></subcategories>													
					</categoritem>																
				</categoriesV2>					
				<alternatetitle></alternatetitle>
				<height></height>
				<width></width>
				<length></length>
				<marketplacerestrictions></marketplacerestrictions>
				<discontinued></discontinued>
				<regulations />												
			</item>			
			
			<item>
				<title></title>
				<releaseDate></releaseDate>				
				<itemSKU><![CDATA[PD2937-00]]></itemSKU>	
				<itemID><![CDATA[33188]]></itemID>
				<standardPrice></standardPrice>				
				<stock></stock>
				<multiplesOF></multiplesOF> 	
				<imageLargeFront></imageLargeFront>		
				<imageLargeBack></imageLargeBack>						
				<imageMediumFront></imageMediumFront>
				<imageMediumBack></imageMediumBack>
				<imageThumbnailFront></imageThumbnailFront>
				<imageThumbnailBack></imageThumbnailBack>			
				<manufacturer></manufacturer>
				<categories></categories>	
				<itemDescription></itemDescription> 
				<htmlitemdescriptioninbase64format></htmlitemdescriptioninbase64format>												
				<upc></upc>			
				<dateUpdated></dateUpdated>	
				<itemweight></itemweight>		
				<dateCreated></dateCreated>			
				<deliveryallowed></deliveryallowed>				
				<categoriesV2>										
					<categoritem>							
						<mastercategories></mastercategories>							
							<subcategories></subcategories>													
					</categoritem>																
				</categoriesV2>					
				<alternatetitle></alternatetitle>
				<height></height>
				<width></width>
				<length></length>
				<marketplacerestrictions></marketplacerestrictions>
				<discontinued></discontinued>
				<regulations />												
			</item>			
								
			</delete>		
		</content>
	